#
# A fatal error has been detected by the Java Runtime Environment:
#
#  EXCEPTION_ACCESS_VIOLATION (0xc0000005) at pc=0x00007ffffc62cc7c, pid=7048, tid=19316
#
# JRE version: OpenJDK Runtime Environment (21.0.2+13) (build 21.0.2+13-58)
# Java VM: OpenJDK 64-Bit Server VM (21.0.2+13-58, mixed mode, sharing, tiered, compressed oops, compressed class ptrs, g1 gc, windows-amd64)
# Problematic frame:
# V  [jvm.dll+0x43cc7c]
#
# No core dump will be written. Minidumps are not enabled by default on client versions of Windows
#
# If you would like to submit a bug report, please visit:
#   https://bugreport.java.com/bugreport/crash.jsp
#

---------------  S U M M A R Y ------------

Command Line: -Djava.library.path=C:\Users\nik\source\repos\kgfx\kgfx\java -javaagent:C:\Program Files\JetBrains\IntelliJ IDEA 2023.3.3\lib\idea_rt.jar=64588:C:\Program Files\JetBrains\IntelliJ IDEA 2023.3.3\bin -Dfile.encoding=UTF-8 -Dsun.stdout.encoding=UTF-8 -Dsun.stderr.encoding=UTF-8 Main

Host: Intel(R) Core(TM) i5-10600K CPU @ 4.10GHz, 12 cores, 31G,  Windows 10 , 64 bit Build 19041 (10.0.19041.3636)
Time: Tue Mar  5 21:15:05 2024 Eastern Standard Time elapsed time: 0.269241 seconds (0d 0h 0m 0s)

---------------  T H R E A D  ---------------

Current thread (0x000001bb135c22e0):  JavaThread "main"             [_thread_in_vm, id=19316, stack(0x0000002259300000,0x0000002259400000) (1024K)]

Stack: [0x0000002259300000,0x0000002259400000],  sp=0x00000022593fe9d0,  free space=1018k
Native frames: (J=compiled Java code, j=interpreted, Vv=VM code, C=native code)
V  [jvm.dll+0x43cc7c]
C  [kgfx_java.dll+0x4932c]

Java frames: (J=compiled Java code, j=interpreted, Vv=VM code)
j  com.krisvers.kgfx.KGFXjni.createPipeline(J[JLcom/krisvers/kgfx/KGFXpipelinelayout;IIII)J+0
j  Main.main([Ljava/lang/String;)V+238
v  ~StubRoutines::call_stub 0x000001bb248f100d

siginfo: EXCEPTION_ACCESS_VIOLATION (0xc0000005), reading address 0x0000000000000014


Registers:
RAX=0x000000000000000c, RBX=0x000001bb135c22e0, RCX=0x0000000000000008, RDX=0x000000000000000c
RSP=0x00000022593fe9d0, RBP=0x00000022593fea20, RSI=0x000000000000007d, RDI=0x00000022593ff3d0
R8 =0x00000022593fd068, R9 =0x00000022593fea20, R10=0x0000000000000000, R11=0x0000000000000246
R12=0x0000000000000000, R13=0x000001bb7b4daf50, R14=0x00000022593ff048, R15=0x000001bb135c22e0
RIP=0x00007ffffc62cc7c, EFLAGS=0x0000000000010202


Register to memory mapping:

RAX=0x000000000000000c is an unknown value
RBX=0x000001bb135c22e0 is a thread
RCX=0x0000000000000008 is an unknown value
RDX=0x000000000000000c is an unknown value
RSP=0x00000022593fe9d0 is pointing into the stack for thread: 0x000001bb135c22e0
RBP=0x00000022593fea20 is pointing into the stack for thread: 0x000001bb135c22e0
RSI=0x000000000000007d is an unknown value
RDI=0x00000022593ff3d0 is pointing into the stack for thread: 0x000001bb135c22e0
R8 =0x00000022593fd068 is pointing into the stack for thread: 0x000001bb135c22e0
R9 =0x00000022593fea20 is pointing into the stack for thread: 0x000001bb135c22e0
R10=0x0 is null
R11=0x0000000000000246 is an unknown value
R12=0x0 is null
R13={method} {0x000001bb7b4daf58} 'createPipeline' '(J[JLcom/krisvers/kgfx/KGFXpipelinelayout;IIII)J' in 'com/krisvers/kgfx/KGFXjni'
R14=0x00000022593ff048 is pointing into the stack for thread: 0x000001bb135c22e0
R15=0x000001bb135c22e0 is a thread

Top of Stack: (sp=0x00000022593fe9d0)
0x00000022593fe9d0:   00007ffffaf59c88 00000022593fe9e8
0x00000022593fe9e0:   00007ffffaf59c88 00000022593fe9d0
0x00000022593fe9f0:   00000022593feda0 00007ffffe61932c
0x00000022593fea00:   000001bb7b4daf50 000000000000007d
0x00000022593fea10:   00007ffffcbdbe08 00000000000006e0
0x00000022593fea20:   cccccccccccccccc cccccccccccccccc
0x00000022593fea30:   0000000000000000 cccccccc00000000
0x00000022593fea40:   0000000000000000 cccccccc00000000
0x00000022593fea50:   0000000000000000 cccccccc00000000
0x00000022593fea60:   0000000000000000 0000000000000000
0x00000022593fea70:   cccccccccccccccc cccccccccccccccc
0x00000022593fea80:   cccccccccccccccc 000001bb135cbad0
0x00000022593fea90:   cccccccccccccccc cccccccccccccccc
0x00000022593feaa0:   cccccccccccccccc 0000000000000000
0x00000022593feab0:   cccccccccccccccc cccccccccccccccc
0x00000022593feac0:   cccccccccccccccc 000001bb135cbad8
0x00000022593fead0:   cccccccccccccccc cccccccccccccccc
0x00000022593feae0:   cccccccccccccccc cccccccccccccccc
0x00000022593feaf0:   cccccccccccccccc cccccccccccccccc
0x00000022593feb00:   cccccccccccccccc cccccccccccccccc
0x00000022593feb10:   cccccccccccccccc cccccccccccccccc
0x00000022593feb20:   cccccccccccccccc cccccccccccccccc
0x00000022593feb30:   cccccccccccccccc cccccccccccccccc
0x00000022593feb40:   cccccccccccccccc cccccccccccccccc
0x00000022593feb50:   cccccccccccccccc cccccccccccccccc
0x00000022593feb60:   cccccccccccccccc cccccccccccccccc
0x00000022593feb70:   cccccccccccccccc cccccccccccccccc
0x00000022593feb80:   cccccccccccccccc cccccccccccccccc
0x00000022593feb90:   cccccccccccccccc cccccccccccccccc
0x00000022593feba0:   cccccccccccccccc cccccccccccccccc
0x00000022593febb0:   cccccccccccccccc cccccccccccccccc
0x00000022593febc0:   cccccccccccccccc cccccccccccccccc 

Instructions: (pc=0x00007ffffc62cc7c)
0x00007ffffc62cb7c:   48 81 c1 48 fc ff ff 05 53 21 ff ff 49 8b d8 83
0x00007ffffc62cb8c:   f8 01 77 05 e8 cb f5 fa ff 48 85 db 74 0d 48 8b
0x00007ffffc62cb9c:   cb 48 83 c4 20 5b e9 79 1f c8 ff 48 83 c4 20 5b
0x00007ffffc62cbac:   c3 cc cc cc 48 89 5c 24 08 48 89 74 24 10 57 48
0x00007ffffc62cbbc:   83 ec 20 8b 81 b8 00 00 00 48 8d 99 48 fc ff ff
0x00007ffffc62cbcc:   05 53 21 ff ff 48 8b fa 83 f8 01 77 08 48 8b cb
0x00007ffffc62cbdc:   e8 7f f5 fa ff 80 3d a9 79 7e 00 00 c7 83 4c 04
0x00007ffffc62cbec:   00 00 06 00 00 00 75 06 e8 87 ee 27 00 90 48 8b
0x00007ffffc62cbfc:   83 50 04 00 00 a8 01 74 0d 45 33 c0 b2 01 48 8b
0x00007ffffc62cc0c:   cb e8 de ea 2e 00 8b 83 48 04 00 00 a8 0c 74 08
0x00007ffffc62cc1c:   48 8b cb e8 ec 0a fb ff 48 8b c7 c7 83 4c 04 00
0x00007ffffc62cc2c:   00 06 00 00 00 83 e0 03 48 83 f8 01 75 0f 48 8d
0x00007ffffc62cc3c:   4f ff ff 15 5c ed 77 00 48 8b c8 eb 18 48 83 f8
0x00007ffffc62cc4c:   02 75 0f 48 8d 4f fe ff 15 c7 63 77 00 48 8b c8
0x00007ffffc62cc5c:   eb 03 48 8b 0f 80 3d b6 08 78 00 00 b8 10 00 00
0x00007ffffc62cc6c:   00 48 8b bb 98 01 00 00 ba 0c 00 00 00 0f 45 c2
0x00007ffffc62cc7c:   8b 34 08 48 8b 47 10 48 83 38 00 74 08 48 8b cf
0x00007ffffc62cc8c:   e8 af 21 f6 ff 48 8b 57 08 48 8b 4f 10 48 89 4a
0x00007ffffc62cc9c:   10 48 8b 57 08 48 8b 4f 18 48 89 4a 18 48 8b 4f
0x00007ffffc62ccac:   20 48 8b 57 08 48 89 4a 20 48 8d 8b 98 03 00 00
0x00007ffffc62ccbc:   e8 0f a4 ed ff 90 8b c6 48 8b 74 24 38 c7 83 4c
0x00007ffffc62cccc:   04 00 00 04 00 00 00 48 8b 5c 24 30 48 83 c4 20
0x00007ffffc62ccdc:   5f c3 cc cc 40 53 56 57 48 83 ec 40 8b 81 b8 00
0x00007ffffc62ccec:   00 00 48 8d 99 48 fc ff ff 48 89 6c 24 60 05 53
0x00007ffffc62ccfc:   21 ff ff 4c 89 74 24 70 49 8b e9 44 8b f2 49 8b
0x00007ffffc62cd0c:   f0 83 f8 01 77 08 48 8b cb e8 46 f4 fa ff 80 3d
0x00007ffffc62cd1c:   70 78 7e 00 00 c7 83 4c 04 00 00 06 00 00 00 75
0x00007ffffc62cd2c:   06 e8 4e ed 27 00 90 48 8b 83 50 04 00 00 a8 01
0x00007ffffc62cd3c:   74 0d 45 33 c0 b2 01 48 8b cb e8 a5 e9 2e 00 8b
0x00007ffffc62cd4c:   83 48 04 00 00 a8 0c 74 08 48 8b cb e8 b3 09 fb
0x00007ffffc62cd5c:   ff 33 ff c7 83 4c 04 00 00 06 00 00 00 48 89 5c
0x00007ffffc62cd6c:   24 20 48 89 7c 24 28 48 39 7b 08 74 0a 48 8d 4c 


Stack slot to memory mapping:

stack at sp + 0 slots: 0x00007ffffaf59c88 ucrtbased.dll
stack at sp + 1 slots: 0x00000022593fe9e8 is pointing into the stack for thread: 0x000001bb135c22e0
stack at sp + 2 slots: 0x00007ffffaf59c88 ucrtbased.dll
stack at sp + 3 slots: 0x00000022593fe9d0 is pointing into the stack for thread: 0x000001bb135c22e0
stack at sp + 4 slots: 0x00000022593feda0 is pointing into the stack for thread: 0x000001bb135c22e0
stack at sp + 5 slots: 0x00007ffffe61932c kgfx_java.dll
stack at sp + 6 slots: {method} {0x000001bb7b4daf58} 'createPipeline' '(J[JLcom/krisvers/kgfx/KGFXpipelinelayout;IIII)J' in 'com/krisvers/kgfx/KGFXjni'
stack at sp + 7 slots: 0x000000000000007d is an unknown value


---------------  P R O C E S S  ---------------

Threads class SMR info:
_java_thread_list=0x000001bb7f1694a0, length=12, elements={
0x000001bb135c22e0, 0x000001bb39898390, 0x000001bb39899460, 0x000001bb7f000080,
0x000001bb7f002c30, 0x000001bb7f005ff0, 0x000001bb7f005960, 0x000001bb7f009a10,
0x000001bb7f012b70, 0x000001bb7f003f20, 0x000001bb7f003890, 0x000001bb7f006680
}

Java Threads: ( => current thread )
=>0x000001bb135c22e0 JavaThread "main"                              [_thread_in_vm, id=19316, stack(0x0000002259300000,0x0000002259400000) (1024K)]
  0x000001bb39898390 JavaThread "Reference Handler"          daemon [_thread_blocked, id=20316, stack(0x0000002259b00000,0x0000002259c00000) (1024K)]
  0x000001bb39899460 JavaThread "Finalizer"                  daemon [_thread_blocked, id=18216, stack(0x0000002259c00000,0x0000002259d00000) (1024K)]
  0x000001bb7f000080 JavaThread "Signal Dispatcher"          daemon [_thread_blocked, id=23164, stack(0x0000002259d00000,0x0000002259e00000) (1024K)]
  0x000001bb7f002c30 JavaThread "Attach Listener"            daemon [_thread_blocked, id=31412, stack(0x0000002259e00000,0x0000002259f00000) (1024K)]
  0x000001bb7f005ff0 JavaThread "Service Thread"             daemon [_thread_blocked, id=31584, stack(0x0000002259f00000,0x000000225a000000) (1024K)]
  0x000001bb7f005960 JavaThread "Monitor Deflation Thread"   daemon [_thread_blocked, id=20400, stack(0x000000225a000000,0x000000225a100000) (1024K)]
  0x000001bb7f009a10 JavaThread "C2 CompilerThread0"         daemon [_thread_blocked, id=23532, stack(0x000000225a100000,0x000000225a200000) (1024K)]
  0x000001bb7f012b70 JavaThread "C1 CompilerThread0"         daemon [_thread_blocked, id=24212, stack(0x000000225a200000,0x000000225a300000) (1024K)]
  0x000001bb7f003f20 JavaThread "Common-Cleaner"             daemon [_thread_blocked, id=31604, stack(0x000000225a300000,0x000000225a400000) (1024K)]
  0x000001bb7f003890 JavaThread "Monitor Ctrl-Break"         daemon [_thread_in_native, id=25420, stack(0x000000225a400000,0x000000225a500000) (1024K)]
  0x000001bb7f006680 JavaThread "Notification Thread"        daemon [_thread_blocked, id=17296, stack(0x000000225a500000,0x000000225a600000) (1024K)]
Total: 12

Other Threads:
  0x000001bb398750c0 VMThread "VM Thread"                           [id=25184, stack(0x0000002259a00000,0x0000002259b00000) (1024K)]
  0x000001bb3985cfc0 WatcherThread "VM Periodic Task Thread"        [id=33796, stack(0x0000002259900000,0x0000002259a00000) (1024K)]
  0x000001bb138430b0 WorkerThread "GC Thread#0"                     [id=25520, stack(0x0000002259400000,0x0000002259500000) (1024K)]
  0x000001bb13857050 ConcurrentGCThread "G1 Main Marker"            [id=19076, stack(0x0000002259500000,0x0000002259600000) (1024K)]
  0x000001bb13857a60 WorkerThread "G1 Conc#0"                       [id=36360, stack(0x0000002259600000,0x0000002259700000) (1024K)]
  0x000001bb39721a20 ConcurrentGCThread "G1 Refine#0"               [id=7744, stack(0x0000002259700000,0x0000002259800000) (1024K)]
  0x000001bb397224a0 ConcurrentGCThread "G1 Service"                [id=25796, stack(0x0000002259800000,0x0000002259900000) (1024K)]
Total: 7

Threads with active compile tasks:
Total: 0

VM state: not at safepoint (normal execution)

VM Mutex/Monitor currently owned by a thread: None

Heap address: 0x0000000602400000, size: 8156 MB, Compressed Oops mode: Zero based, Oop shift amount: 3

CDS archive(s) mapped at: [0x000001bb3a000000-0x000001bb3ac90000-0x000001bb3ac90000), size 13172736, SharedBaseAddress: 0x000001bb3a000000, ArchiveRelocationMode: 1.
Compressed class space mapped at: 0x000001bb3b000000-0x000001bb7b000000, reserved size: 1073741824
Narrow klass base: 0x000001bb3a000000, Narrow klass shift: 0, Narrow klass range: 0x100000000

GC Precious Log:
 CardTable entry size: 512
 Card Set container configuration: InlinePtr #cards 4 size 8 Array Of Cards #cards 32 size 80 Howl #buckets 8 coarsen threshold 7372 Howl Bitmap #cards 1024 size 144 coarsen threshold 921 Card regions per heap region 1 cards per card region 8192
 CPUs: 12 total, 12 available
 Memory: 32616M
 Large Page Support: Disabled
 NUMA Support: Disabled
 Compressed Oops: Enabled (Zero based)
 Heap Region Size: 4M
 Heap Min Capacity: 8M
 Heap Initial Capacity: 512M
 Heap Max Capacity: 8156M
 Pre-touch: Disabled
 Parallel Workers: 10
 Concurrent Workers: 3
 Concurrent Refinement Workers: 10
 Periodic GC: Disabled

Heap:
 garbage-first heap   total 524288K, used 4096K [0x0000000602400000, 0x0000000800000000)
  region size 4096K, 2 young (8192K), 0 survivors (0K)
 Metaspace       used 2463K, committed 2624K, reserved 1114112K
  class space    used 176K, committed 256K, reserved 1048576K

Heap Regions: E=young(eden), S=young(survivor), O=old, HS=humongous(starts), HC=humongous(continues), CS=collection set, F=free, TAMS=top-at-mark-start, PB=parsable bottom
|   0|0x0000000602400000, 0x0000000602400000, 0x0000000602800000|  0%| F|  |TAMS 0x0000000602400000| PB 0x0000000602400000| Untracked 
|   1|0x0000000602800000, 0x0000000602800000, 0x0000000602c00000|  0%| F|  |TAMS 0x0000000602800000| PB 0x0000000602800000| Untracked 
|   2|0x0000000602c00000, 0x0000000602c00000, 0x0000000603000000|  0%| F|  |TAMS 0x0000000602c00000| PB 0x0000000602c00000| Untracked 
|   3|0x0000000603000000, 0x0000000603000000, 0x0000000603400000|  0%| F|  |TAMS 0x0000000603000000| PB 0x0000000603000000| Untracked 
|   4|0x0000000603400000, 0x0000000603400000, 0x0000000603800000|  0%| F|  |TAMS 0x0000000603400000| PB 0x0000000603400000| Untracked 
|   5|0x0000000603800000, 0x0000000603800000, 0x0000000603c00000|  0%| F|  |TAMS 0x0000000603800000| PB 0x0000000603800000| Untracked 
|   6|0x0000000603c00000, 0x0000000603c00000, 0x0000000604000000|  0%| F|  |TAMS 0x0000000603c00000| PB 0x0000000603c00000| Untracked 
|   7|0x0000000604000000, 0x0000000604000000, 0x0000000604400000|  0%| F|  |TAMS 0x0000000604000000| PB 0x0000000604000000| Untracked 
|   8|0x0000000604400000, 0x0000000604400000, 0x0000000604800000|  0%| F|  |TAMS 0x0000000604400000| PB 0x0000000604400000| Untracked 
|   9|0x0000000604800000, 0x0000000604800000, 0x0000000604c00000|  0%| F|  |TAMS 0x0000000604800000| PB 0x0000000604800000| Untracked 
|  10|0x0000000604c00000, 0x0000000604c00000, 0x0000000605000000|  0%| F|  |TAMS 0x0000000604c00000| PB 0x0000000604c00000| Untracked 
|  11|0x0000000605000000, 0x0000000605000000, 0x0000000605400000|  0%| F|  |TAMS 0x0000000605000000| PB 0x0000000605000000| Untracked 
|  12|0x0000000605400000, 0x0000000605400000, 0x0000000605800000|  0%| F|  |TAMS 0x0000000605400000| PB 0x0000000605400000| Untracked 
|  13|0x0000000605800000, 0x0000000605800000, 0x0000000605c00000|  0%| F|  |TAMS 0x0000000605800000| PB 0x0000000605800000| Untracked 
|  14|0x0000000605c00000, 0x0000000605c00000, 0x0000000606000000|  0%| F|  |TAMS 0x0000000605c00000| PB 0x0000000605c00000| Untracked 
|  15|0x0000000606000000, 0x0000000606000000, 0x0000000606400000|  0%| F|  |TAMS 0x0000000606000000| PB 0x0000000606000000| Untracked 
|  16|0x0000000606400000, 0x0000000606400000, 0x0000000606800000|  0%| F|  |TAMS 0x0000000606400000| PB 0x0000000606400000| Untracked 
|  17|0x0000000606800000, 0x0000000606800000, 0x0000000606c00000|  0%| F|  |TAMS 0x0000000606800000| PB 0x0000000606800000| Untracked 
|  18|0x0000000606c00000, 0x0000000606c00000, 0x0000000607000000|  0%| F|  |TAMS 0x0000000606c00000| PB 0x0000000606c00000| Untracked 
|  19|0x0000000607000000, 0x0000000607000000, 0x0000000607400000|  0%| F|  |TAMS 0x0000000607000000| PB 0x0000000607000000| Untracked 
|  20|0x0000000607400000, 0x0000000607400000, 0x0000000607800000|  0%| F|  |TAMS 0x0000000607400000| PB 0x0000000607400000| Untracked 
|  21|0x0000000607800000, 0x0000000607800000, 0x0000000607c00000|  0%| F|  |TAMS 0x0000000607800000| PB 0x0000000607800000| Untracked 
|  22|0x0000000607c00000, 0x0000000607c00000, 0x0000000608000000|  0%| F|  |TAMS 0x0000000607c00000| PB 0x0000000607c00000| Untracked 
|  23|0x0000000608000000, 0x0000000608000000, 0x0000000608400000|  0%| F|  |TAMS 0x0000000608000000| PB 0x0000000608000000| Untracked 
|  24|0x0000000608400000, 0x0000000608400000, 0x0000000608800000|  0%| F|  |TAMS 0x0000000608400000| PB 0x0000000608400000| Untracked 
|  25|0x0000000608800000, 0x0000000608800000, 0x0000000608c00000|  0%| F|  |TAMS 0x0000000608800000| PB 0x0000000608800000| Untracked 
|  26|0x0000000608c00000, 0x0000000608c00000, 0x0000000609000000|  0%| F|  |TAMS 0x0000000608c00000| PB 0x0000000608c00000| Untracked 
|  27|0x0000000609000000, 0x0000000609000000, 0x0000000609400000|  0%| F|  |TAMS 0x0000000609000000| PB 0x0000000609000000| Untracked 
|  28|0x0000000609400000, 0x0000000609400000, 0x0000000609800000|  0%| F|  |TAMS 0x0000000609400000| PB 0x0000000609400000| Untracked 
|  29|0x0000000609800000, 0x0000000609800000, 0x0000000609c00000|  0%| F|  |TAMS 0x0000000609800000| PB 0x0000000609800000| Untracked 
|  30|0x0000000609c00000, 0x0000000609c00000, 0x000000060a000000|  0%| F|  |TAMS 0x0000000609c00000| PB 0x0000000609c00000| Untracked 
|  31|0x000000060a000000, 0x000000060a000000, 0x000000060a400000|  0%| F|  |TAMS 0x000000060a000000| PB 0x000000060a000000| Untracked 
|  32|0x000000060a400000, 0x000000060a400000, 0x000000060a800000|  0%| F|  |TAMS 0x000000060a400000| PB 0x000000060a400000| Untracked 
|  33|0x000000060a800000, 0x000000060a800000, 0x000000060ac00000|  0%| F|  |TAMS 0x000000060a800000| PB 0x000000060a800000| Untracked 
|  34|0x000000060ac00000, 0x000000060ac00000, 0x000000060b000000|  0%| F|  |TAMS 0x000000060ac00000| PB 0x000000060ac00000| Untracked 
|  35|0x000000060b000000, 0x000000060b000000, 0x000000060b400000|  0%| F|  |TAMS 0x000000060b000000| PB 0x000000060b000000| Untracked 
|  36|0x000000060b400000, 0x000000060b400000, 0x000000060b800000|  0%| F|  |TAMS 0x000000060b400000| PB 0x000000060b400000| Untracked 
|  37|0x000000060b800000, 0x000000060b800000, 0x000000060bc00000|  0%| F|  |TAMS 0x000000060b800000| PB 0x000000060b800000| Untracked 
|  38|0x000000060bc00000, 0x000000060bc00000, 0x000000060c000000|  0%| F|  |TAMS 0x000000060bc00000| PB 0x000000060bc00000| Untracked 
|  39|0x000000060c000000, 0x000000060c000000, 0x000000060c400000|  0%| F|  |TAMS 0x000000060c000000| PB 0x000000060c000000| Untracked 
|  40|0x000000060c400000, 0x000000060c400000, 0x000000060c800000|  0%| F|  |TAMS 0x000000060c400000| PB 0x000000060c400000| Untracked 
|  41|0x000000060c800000, 0x000000060c800000, 0x000000060cc00000|  0%| F|  |TAMS 0x000000060c800000| PB 0x000000060c800000| Untracked 
|  42|0x000000060cc00000, 0x000000060cc00000, 0x000000060d000000|  0%| F|  |TAMS 0x000000060cc00000| PB 0x000000060cc00000| Untracked 
|  43|0x000000060d000000, 0x000000060d000000, 0x000000060d400000|  0%| F|  |TAMS 0x000000060d000000| PB 0x000000060d000000| Untracked 
|  44|0x000000060d400000, 0x000000060d400000, 0x000000060d800000|  0%| F|  |TAMS 0x000000060d400000| PB 0x000000060d400000| Untracked 
|  45|0x000000060d800000, 0x000000060d800000, 0x000000060dc00000|  0%| F|  |TAMS 0x000000060d800000| PB 0x000000060d800000| Untracked 
|  46|0x000000060dc00000, 0x000000060dc00000, 0x000000060e000000|  0%| F|  |TAMS 0x000000060dc00000| PB 0x000000060dc00000| Untracked 
|  47|0x000000060e000000, 0x000000060e000000, 0x000000060e400000|  0%| F|  |TAMS 0x000000060e000000| PB 0x000000060e000000| Untracked 
|  48|0x000000060e400000, 0x000000060e400000, 0x000000060e800000|  0%| F|  |TAMS 0x000000060e400000| PB 0x000000060e400000| Untracked 
|  49|0x000000060e800000, 0x000000060e800000, 0x000000060ec00000|  0%| F|  |TAMS 0x000000060e800000| PB 0x000000060e800000| Untracked 
|  50|0x000000060ec00000, 0x000000060ec00000, 0x000000060f000000|  0%| F|  |TAMS 0x000000060ec00000| PB 0x000000060ec00000| Untracked 
|  51|0x000000060f000000, 0x000000060f000000, 0x000000060f400000|  0%| F|  |TAMS 0x000000060f000000| PB 0x000000060f000000| Untracked 
|  52|0x000000060f400000, 0x000000060f400000, 0x000000060f800000|  0%| F|  |TAMS 0x000000060f400000| PB 0x000000060f400000| Untracked 
|  53|0x000000060f800000, 0x000000060f800000, 0x000000060fc00000|  0%| F|  |TAMS 0x000000060f800000| PB 0x000000060f800000| Untracked 
|  54|0x000000060fc00000, 0x000000060fc00000, 0x0000000610000000|  0%| F|  |TAMS 0x000000060fc00000| PB 0x000000060fc00000| Untracked 
|  55|0x0000000610000000, 0x0000000610000000, 0x0000000610400000|  0%| F|  |TAMS 0x0000000610000000| PB 0x0000000610000000| Untracked 
|  56|0x0000000610400000, 0x0000000610400000, 0x0000000610800000|  0%| F|  |TAMS 0x0000000610400000| PB 0x0000000610400000| Untracked 
|  57|0x0000000610800000, 0x0000000610800000, 0x0000000610c00000|  0%| F|  |TAMS 0x0000000610800000| PB 0x0000000610800000| Untracked 
|  58|0x0000000610c00000, 0x0000000610c00000, 0x0000000611000000|  0%| F|  |TAMS 0x0000000610c00000| PB 0x0000000610c00000| Untracked 
|  59|0x0000000611000000, 0x0000000611000000, 0x0000000611400000|  0%| F|  |TAMS 0x0000000611000000| PB 0x0000000611000000| Untracked 
|  60|0x0000000611400000, 0x0000000611400000, 0x0000000611800000|  0%| F|  |TAMS 0x0000000611400000| PB 0x0000000611400000| Untracked 
|  61|0x0000000611800000, 0x0000000611800000, 0x0000000611c00000|  0%| F|  |TAMS 0x0000000611800000| PB 0x0000000611800000| Untracked 
|  62|0x0000000611c00000, 0x0000000611c00000, 0x0000000612000000|  0%| F|  |TAMS 0x0000000611c00000| PB 0x0000000611c00000| Untracked 
|  63|0x0000000612000000, 0x0000000612000000, 0x0000000612400000|  0%| F|  |TAMS 0x0000000612000000| PB 0x0000000612000000| Untracked 
|  64|0x0000000612400000, 0x0000000612400000, 0x0000000612800000|  0%| F|  |TAMS 0x0000000612400000| PB 0x0000000612400000| Untracked 
|  65|0x0000000612800000, 0x0000000612800000, 0x0000000612c00000|  0%| F|  |TAMS 0x0000000612800000| PB 0x0000000612800000| Untracked 
|  66|0x0000000612c00000, 0x0000000612c00000, 0x0000000613000000|  0%| F|  |TAMS 0x0000000612c00000| PB 0x0000000612c00000| Untracked 
|  67|0x0000000613000000, 0x0000000613000000, 0x0000000613400000|  0%| F|  |TAMS 0x0000000613000000| PB 0x0000000613000000| Untracked 
|  68|0x0000000613400000, 0x0000000613400000, 0x0000000613800000|  0%| F|  |TAMS 0x0000000613400000| PB 0x0000000613400000| Untracked 
|  69|0x0000000613800000, 0x0000000613800000, 0x0000000613c00000|  0%| F|  |TAMS 0x0000000613800000| PB 0x0000000613800000| Untracked 
|  70|0x0000000613c00000, 0x0000000613c00000, 0x0000000614000000|  0%| F|  |TAMS 0x0000000613c00000| PB 0x0000000613c00000| Untracked 
|  71|0x0000000614000000, 0x0000000614000000, 0x0000000614400000|  0%| F|  |TAMS 0x0000000614000000| PB 0x0000000614000000| Untracked 
|  72|0x0000000614400000, 0x0000000614400000, 0x0000000614800000|  0%| F|  |TAMS 0x0000000614400000| PB 0x0000000614400000| Untracked 
|  73|0x0000000614800000, 0x0000000614800000, 0x0000000614c00000|  0%| F|  |TAMS 0x0000000614800000| PB 0x0000000614800000| Untracked 
|  74|0x0000000614c00000, 0x0000000614c00000, 0x0000000615000000|  0%| F|  |TAMS 0x0000000614c00000| PB 0x0000000614c00000| Untracked 
|  75|0x0000000615000000, 0x0000000615000000, 0x0000000615400000|  0%| F|  |TAMS 0x0000000615000000| PB 0x0000000615000000| Untracked 
|  76|0x0000000615400000, 0x0000000615400000, 0x0000000615800000|  0%| F|  |TAMS 0x0000000615400000| PB 0x0000000615400000| Untracked 
|  77|0x0000000615800000, 0x0000000615800000, 0x0000000615c00000|  0%| F|  |TAMS 0x0000000615800000| PB 0x0000000615800000| Untracked 
|  78|0x0000000615c00000, 0x0000000615c00000, 0x0000000616000000|  0%| F|  |TAMS 0x0000000615c00000| PB 0x0000000615c00000| Untracked 
|  79|0x0000000616000000, 0x0000000616000000, 0x0000000616400000|  0%| F|  |TAMS 0x0000000616000000| PB 0x0000000616000000| Untracked 
|  80|0x0000000616400000, 0x0000000616400000, 0x0000000616800000|  0%| F|  |TAMS 0x0000000616400000| PB 0x0000000616400000| Untracked 
|  81|0x0000000616800000, 0x0000000616800000, 0x0000000616c00000|  0%| F|  |TAMS 0x0000000616800000| PB 0x0000000616800000| Untracked 
|  82|0x0000000616c00000, 0x0000000616c00000, 0x0000000617000000|  0%| F|  |TAMS 0x0000000616c00000| PB 0x0000000616c00000| Untracked 
|  83|0x0000000617000000, 0x0000000617000000, 0x0000000617400000|  0%| F|  |TAMS 0x0000000617000000| PB 0x0000000617000000| Untracked 
|  84|0x0000000617400000, 0x0000000617400000, 0x0000000617800000|  0%| F|  |TAMS 0x0000000617400000| PB 0x0000000617400000| Untracked 
|  85|0x0000000617800000, 0x0000000617800000, 0x0000000617c00000|  0%| F|  |TAMS 0x0000000617800000| PB 0x0000000617800000| Untracked 
|  86|0x0000000617c00000, 0x0000000617c00000, 0x0000000618000000|  0%| F|  |TAMS 0x0000000617c00000| PB 0x0000000617c00000| Untracked 
|  87|0x0000000618000000, 0x0000000618000000, 0x0000000618400000|  0%| F|  |TAMS 0x0000000618000000| PB 0x0000000618000000| Untracked 
|  88|0x0000000618400000, 0x0000000618400000, 0x0000000618800000|  0%| F|  |TAMS 0x0000000618400000| PB 0x0000000618400000| Untracked 
|  89|0x0000000618800000, 0x0000000618800000, 0x0000000618c00000|  0%| F|  |TAMS 0x0000000618800000| PB 0x0000000618800000| Untracked 
|  90|0x0000000618c00000, 0x0000000618c00000, 0x0000000619000000|  0%| F|  |TAMS 0x0000000618c00000| PB 0x0000000618c00000| Untracked 
|  91|0x0000000619000000, 0x0000000619000000, 0x0000000619400000|  0%| F|  |TAMS 0x0000000619000000| PB 0x0000000619000000| Untracked 
|  92|0x0000000619400000, 0x0000000619400000, 0x0000000619800000|  0%| F|  |TAMS 0x0000000619400000| PB 0x0000000619400000| Untracked 
|  93|0x0000000619800000, 0x0000000619800000, 0x0000000619c00000|  0%| F|  |TAMS 0x0000000619800000| PB 0x0000000619800000| Untracked 
|  94|0x0000000619c00000, 0x0000000619c00000, 0x000000061a000000|  0%| F|  |TAMS 0x0000000619c00000| PB 0x0000000619c00000| Untracked 
|  95|0x000000061a000000, 0x000000061a000000, 0x000000061a400000|  0%| F|  |TAMS 0x000000061a000000| PB 0x000000061a000000| Untracked 
|  96|0x000000061a400000, 0x000000061a400000, 0x000000061a800000|  0%| F|  |TAMS 0x000000061a400000| PB 0x000000061a400000| Untracked 
|  97|0x000000061a800000, 0x000000061a800000, 0x000000061ac00000|  0%| F|  |TAMS 0x000000061a800000| PB 0x000000061a800000| Untracked 
|  98|0x000000061ac00000, 0x000000061ac00000, 0x000000061b000000|  0%| F|  |TAMS 0x000000061ac00000| PB 0x000000061ac00000| Untracked 
|  99|0x000000061b000000, 0x000000061b000000, 0x000000061b400000|  0%| F|  |TAMS 0x000000061b000000| PB 0x000000061b000000| Untracked 
| 100|0x000000061b400000, 0x000000061b400000, 0x000000061b800000|  0%| F|  |TAMS 0x000000061b400000| PB 0x000000061b400000| Untracked 
| 101|0x000000061b800000, 0x000000061b800000, 0x000000061bc00000|  0%| F|  |TAMS 0x000000061b800000| PB 0x000000061b800000| Untracked 
| 102|0x000000061bc00000, 0x000000061bc00000, 0x000000061c000000|  0%| F|  |TAMS 0x000000061bc00000| PB 0x000000061bc00000| Untracked 
| 103|0x000000061c000000, 0x000000061c000000, 0x000000061c400000|  0%| F|  |TAMS 0x000000061c000000| PB 0x000000061c000000| Untracked 
| 104|0x000000061c400000, 0x000000061c400000, 0x000000061c800000|  0%| F|  |TAMS 0x000000061c400000| PB 0x000000061c400000| Untracked 
| 105|0x000000061c800000, 0x000000061c800000, 0x000000061cc00000|  0%| F|  |TAMS 0x000000061c800000| PB 0x000000061c800000| Untracked 
| 106|0x000000061cc00000, 0x000000061cc00000, 0x000000061d000000|  0%| F|  |TAMS 0x000000061cc00000| PB 0x000000061cc00000| Untracked 
| 107|0x000000061d000000, 0x000000061d000000, 0x000000061d400000|  0%| F|  |TAMS 0x000000061d000000| PB 0x000000061d000000| Untracked 
| 108|0x000000061d400000, 0x000000061d400000, 0x000000061d800000|  0%| F|  |TAMS 0x000000061d400000| PB 0x000000061d400000| Untracked 
| 109|0x000000061d800000, 0x000000061d800000, 0x000000061dc00000|  0%| F|  |TAMS 0x000000061d800000| PB 0x000000061d800000| Untracked 
| 110|0x000000061dc00000, 0x000000061dc00000, 0x000000061e000000|  0%| F|  |TAMS 0x000000061dc00000| PB 0x000000061dc00000| Untracked 
| 111|0x000000061e000000, 0x000000061e000000, 0x000000061e400000|  0%| F|  |TAMS 0x000000061e000000| PB 0x000000061e000000| Untracked 
| 112|0x000000061e400000, 0x000000061e400000, 0x000000061e800000|  0%| F|  |TAMS 0x000000061e400000| PB 0x000000061e400000| Untracked 
| 113|0x000000061e800000, 0x000000061e800000, 0x000000061ec00000|  0%| F|  |TAMS 0x000000061e800000| PB 0x000000061e800000| Untracked 
| 114|0x000000061ec00000, 0x000000061ec00000, 0x000000061f000000|  0%| F|  |TAMS 0x000000061ec00000| PB 0x000000061ec00000| Untracked 
| 115|0x000000061f000000, 0x000000061f000000, 0x000000061f400000|  0%| F|  |TAMS 0x000000061f000000| PB 0x000000061f000000| Untracked 
| 116|0x000000061f400000, 0x000000061f400000, 0x000000061f800000|  0%| F|  |TAMS 0x000000061f400000| PB 0x000000061f400000| Untracked 
| 117|0x000000061f800000, 0x000000061f800000, 0x000000061fc00000|  0%| F|  |TAMS 0x000000061f800000| PB 0x000000061f800000| Untracked 
| 118|0x000000061fc00000, 0x000000061fc00000, 0x0000000620000000|  0%| F|  |TAMS 0x000000061fc00000| PB 0x000000061fc00000| Untracked 
| 119|0x0000000620000000, 0x0000000620000000, 0x0000000620400000|  0%| F|  |TAMS 0x0000000620000000| PB 0x0000000620000000| Untracked 
| 120|0x0000000620400000, 0x0000000620400000, 0x0000000620800000|  0%| F|  |TAMS 0x0000000620400000| PB 0x0000000620400000| Untracked 
| 121|0x0000000620800000, 0x0000000620800000, 0x0000000620c00000|  0%| F|  |TAMS 0x0000000620800000| PB 0x0000000620800000| Untracked 
| 122|0x0000000620c00000, 0x0000000620c00000, 0x0000000621000000|  0%| F|  |TAMS 0x0000000620c00000| PB 0x0000000620c00000| Untracked 
| 123|0x0000000621000000, 0x0000000621000000, 0x0000000621400000|  0%| F|  |TAMS 0x0000000621000000| PB 0x0000000621000000| Untracked 
| 124|0x0000000621400000, 0x0000000621400000, 0x0000000621800000|  0%| F|  |TAMS 0x0000000621400000| PB 0x0000000621400000| Untracked 
| 125|0x0000000621800000, 0x0000000621800000, 0x0000000621c00000|  0%| F|  |TAMS 0x0000000621800000| PB 0x0000000621800000| Untracked 
| 126|0x0000000621c00000, 0x0000000621ef9f40, 0x0000000622000000| 74%| E|  |TAMS 0x0000000621c00000| PB 0x0000000621c00000| Complete 
| 127|0x0000000622000000, 0x0000000622400000, 0x0000000622400000|100%| E|CS|TAMS 0x0000000622000000| PB 0x0000000622000000| Complete 

Card table byte_map: [0x000001bb2e030000,0x000001bb2f020000] _byte_map_base: 0x000001bb2b01e000

Marking Bits: (CMBitMap*) 0x000001bb138446d0
 Bits: [0x000001bb2f020000, 0x000001bb36f90000)

Polling page: 0x000001bb13560000

Metaspace:

Usage:
  Non-class:      2.23 MB used.
      Class:    176.75 KB used.
       Both:      2.41 MB used.

Virtual space:
  Non-class space:       64.00 MB reserved,       2.31 MB (  4%) committed,  1 nodes.
      Class space:        1.00 GB reserved,     256.00 KB ( <1%) committed,  1 nodes.
             Both:        1.06 GB reserved,       2.56 MB ( <1%) committed. 

Chunk freelists:
   Non-Class:  11.12 MB
       Class:  15.67 MB
        Both:  26.79 MB

MaxMetaspaceSize: unlimited
CompressedClassSpaceSize: 1.00 GB
Initial GC threshold: 21.00 MB
Current GC threshold: 21.00 MB
CDS: on
 - commit_granule_bytes: 65536.
 - commit_granule_words: 8192.
 - virtual_space_node_default_size: 8388608.
 - enlarge_chunks_in_place: 1.
 - use_allocation_guard: 0.


Internal statistics:

num_allocs_failed_limit: 0.
num_arena_births: 74.
num_arena_deaths: 0.
num_vsnodes_births: 2.
num_vsnodes_deaths: 0.
num_space_committed: 41.
num_space_uncommitted: 0.
num_chunks_returned_to_freelist: 0.
num_chunks_taken_from_freelist: 124.
num_chunk_merges: 0.
num_chunk_splits: 81.
num_chunks_enlarged: 51.
num_inconsistent_stats: 0.

CodeHeap 'non-profiled nmethods': size=120000Kb used=152Kb max_used=152Kb free=119847Kb
 bounds [0x000001bb24e90000, 0x000001bb25100000, 0x000001bb2c3c0000]
CodeHeap 'profiled nmethods': size=120000Kb used=673Kb max_used=673Kb free=119327Kb
 bounds [0x000001bb1d3c0000, 0x000001bb1d630000, 0x000001bb248f0000]
CodeHeap 'non-nmethods': size=5760Kb used=2028Kb max_used=2028Kb free=3731Kb
 bounds [0x000001bb248f0000, 0x000001bb24b60000, 0x000001bb24e90000]
 total_blobs=1502 nmethods=493 adapters=914
 compilation: enabled
              stopped_count=0, restarted_count=0
 full_count=0

Compilation events (20 events):
Event: 0.140 Thread 0x000001bb7f012b70  485       3       java.lang.ThreadLocal::get (35 bytes)
Event: 0.140 Thread 0x000001bb7f012b70 nmethod 485 0x000001bb1d464d90 code [0x000001bb1d464f60, 0x000001bb1d465280]
Event: 0.140 Thread 0x000001bb7f012b70  475       3       java.util.jar.Attributes::putValue (13 bytes)
Event: 0.140 Thread 0x000001bb7f012b70 nmethod 475 0x000001bb1d465410 code [0x000001bb1d465640, 0x000001bb1d465e88]
Event: 0.140 Thread 0x000001bb7f012b70  486       1       java.net.URL::getPort (5 bytes)
Event: 0.140 Thread 0x000001bb7f012b70 nmethod 486 0x000001bb24eb5490 code [0x000001bb24eb5620, 0x000001bb24eb56e8]
Event: 0.165 Thread 0x000001bb7f012b70  487       1       java.net.URL::getAuthority (5 bytes)
Event: 0.165 Thread 0x000001bb7f012b70 nmethod 487 0x000001bb24eb5790 code [0x000001bb24eb5920, 0x000001bb24eb59f0]
Event: 0.165 Thread 0x000001bb7f012b70  488       1       java.net.URL::getPath (5 bytes)
Event: 0.165 Thread 0x000001bb7f012b70 nmethod 488 0x000001bb24eb5a90 code [0x000001bb24eb5c20, 0x000001bb24eb5cf0]
Event: 0.165 Thread 0x000001bb7f012b70  489       1       java.net.URL::getQuery (5 bytes)
Event: 0.165 Thread 0x000001bb7f012b70 nmethod 489 0x000001bb24eb5d90 code [0x000001bb24eb5f20, 0x000001bb24eb5ff0]
Event: 0.165 Thread 0x000001bb7f012b70  490       3       java.lang.StringUTF16::compress (50 bytes)
Event: 0.165 Thread 0x000001bb7f012b70 nmethod 490 0x000001bb1d466110 code [0x000001bb1d4662c0, 0x000001bb1d466500]
Event: 0.165 Thread 0x000001bb7f012b70  491   !   3       java.lang.ref.ReferenceQueue::poll (40 bytes)
Event: 0.166 Thread 0x000001bb7f012b70 nmethod 491 0x000001bb1d466690 code [0x000001bb1d466900, 0x000001bb1d467390]
Event: 0.166 Thread 0x000001bb7f012b70  492       1       java.security.CodeSource::getLocationNoFragString (5 bytes)
Event: 0.166 Thread 0x000001bb7f012b70 nmethod 492 0x000001bb24eb6090 code [0x000001bb24eb6220, 0x000001bb24eb62f0]
Event: 0.266 Thread 0x000001bb7f012b70  493       3       java.lang.String::regionMatches (150 bytes)
Event: 0.266 Thread 0x000001bb7f012b70 nmethod 493 0x000001bb1d467710 code [0x000001bb1d467960, 0x000001bb1d468160]

GC Heap History (0 events):
No events

Dll operation events (13 events):
Event: 0.004 Loaded shared library C:\Users\nik\.jdks\openjdk-21.0.2\bin\java.dll
Event: 0.027 Loaded shared library C:\Users\nik\.jdks\openjdk-21.0.2\bin\jsvml.dll
Event: 0.059 Loaded shared library C:\Users\nik\.jdks\openjdk-21.0.2\bin\zip.dll
Event: 0.061 Loaded shared library C:\Users\nik\.jdks\openjdk-21.0.2\bin\instrument.dll
Event: 0.065 Loaded shared library C:\Users\nik\.jdks\openjdk-21.0.2\bin\net.dll
Event: 0.066 Loaded shared library C:\Users\nik\.jdks\openjdk-21.0.2\bin\nio.dll
Event: 0.068 Loaded shared library C:\Users\nik\.jdks\openjdk-21.0.2\bin\zip.dll
Event: 0.085 Loaded shared library C:\Program Files\JetBrains\IntelliJ IDEA 2023.3.3\bin\breakgen64.dll
Event: 0.090 Loaded shared library C:\Users\nik\.jdks\openjdk-21.0.2\bin\extnet.dll
Event: 0.105 Loaded shared library C:\Users\nik\.jdks\openjdk-21.0.2\bin\jimage.dll
Event: 0.118 Loaded shared library C:\Users\nik\AppData\Local\Temp\lwjgl_nik\3.3.3+5\x64\lwjgl.dll
Event: 0.169 Loaded shared library C:\Users\nik\source\repos\kgfx\kgfx\java\kgfx.dll
Event: 0.188 Loaded shared library C:\Users\nik\source\repos\kgfx\kgfx\java\kgfx_java.dll

Deoptimization events (12 events):
Event: 0.085 Thread 0x000001bb135c22e0 Uncommon trap: trap_request=0xffffff45 fr.pc=0x000001bb24ea238c relative=0x000000000000006c
Event: 0.085 Thread 0x000001bb135c22e0 Uncommon trap: reason=unstable_if action=reinterpret pc=0x000001bb24ea238c method=java.lang.String.isLatin1()Z @ 10 c2
Event: 0.085 Thread 0x000001bb135c22e0 DEOPT PACKING pc=0x000001bb24ea238c sp=0x00000022593fdf00
Event: 0.085 Thread 0x000001bb135c22e0 DEOPT UNPACKING pc=0x000001bb249446a2 sp=0x00000022593fde90 mode 2
Event: 0.085 Thread 0x000001bb135c22e0 Uncommon trap: trap_request=0xffffff45 fr.pc=0x000001bb24e9fe6c relative=0x00000000000000cc
Event: 0.085 Thread 0x000001bb135c22e0 Uncommon trap: reason=unstable_if action=reinterpret pc=0x000001bb24e9fe6c method=java.lang.String.isLatin1()Z @ 10 c2
Event: 0.085 Thread 0x000001bb135c22e0 DEOPT PACKING pc=0x000001bb24e9fe6c sp=0x00000022593fea20
Event: 0.085 Thread 0x000001bb135c22e0 DEOPT UNPACKING pc=0x000001bb249446a2 sp=0x00000022593fe960 mode 2
Event: 0.125 Thread 0x000001bb135c22e0 DEOPT PACKING pc=0x000001bb1d3ebaf8 sp=0x00000022593fdba0
Event: 0.125 Thread 0x000001bb135c22e0 DEOPT UNPACKING pc=0x000001bb24944e42 sp=0x00000022593fcfc0 mode 0
Event: 0.136 Thread 0x000001bb135c22e0 DEOPT PACKING pc=0x000001bb1d3c98d8 sp=0x00000022593fc4f0
Event: 0.136 Thread 0x000001bb135c22e0 DEOPT UNPACKING pc=0x000001bb24944e42 sp=0x00000022593fb958 mode 0

Classes loaded (20 events):
Event: 0.129 Loading class java/nio/DirectCharBufferU
Event: 0.129 Loading class java/nio/DirectCharBufferU done
Event: 0.129 Loading class java/nio/DirectFloatBufferU
Event: 0.129 Loading class java/nio/DirectFloatBufferU done
Event: 0.129 Loading class java/nio/DirectDoubleBufferU
Event: 0.129 Loading class java/nio/DirectDoubleBufferU done
Event: 0.129 Loading class sun/misc/Unsafe
Event: 0.129 Loading class sun/misc/Unsafe done
Event: 0.129 Loading class java/lang/invoke/DirectMethodHandle$StaticAccessor
Event: 0.129 Loading class java/lang/invoke/DirectMethodHandle$StaticAccessor done
Event: 0.130 Loading class java/util/function/LongPredicate
Event: 0.130 Loading class java/util/function/LongPredicate done
Event: 0.131 Loading class java/lang/foreign/MemorySegment
Event: 0.132 Loading class java/lang/foreign/MemorySegment done
Event: 0.134 Loading class java/nio/InvalidMarkException
Event: 0.134 Loading class java/nio/InvalidMarkException done
Event: 0.134 Loading class java/nio/BufferUnderflowException
Event: 0.134 Loading class java/nio/BufferUnderflowException done
Event: 0.135 Loading class java/lang/IndexOutOfBoundsException
Event: 0.135 Loading class java/lang/IndexOutOfBoundsException done

Classes unloaded (0 events):
No events

Classes redefined (0 events):
No events

Internal exceptions (20 events):
Event: 0.079 Thread 0x000001bb135c22e0 Exception <a 'java/lang/NoSuchMethodError'{0x000000062239f6b0}: 'void java.lang.invoke.DirectMethodHandle$Holder.invokeStatic(java.lang.Object, java.lang.Object, java.lang.Object)'> (0x000000062239f6b0) 
thrown [s\open\src\hotspot\share\interpreter\linkResolver.cpp, line 773]
Event: 0.082 Thread 0x000001bb135c22e0 Exception <a 'java/lang/NoSuchMethodError'{0x00000006223b6bb8}: 'java.lang.Object java.lang.invoke.Invokers$Holder.invokeExact_MT(java.lang.Object, java.lang.Object, java.lang.Object, java.lang.Object, java.lang.Object)'> (0x00000006223b6bb8) 
thrown [s\open\src\hotspot\share\interpreter\linkResolver.cpp, line 773]
Event: 0.090 Thread 0x000001bb7f003890 Exception <a 'java/lang/NoSuchMethodError'{0x00000006223eebc8}: 'void java.lang.invoke.DirectMethodHandle$Holder.invokeStatic(java.lang.Object, java.lang.Object)'> (0x00000006223eebc8) 
thrown [s\open\src\hotspot\share\interpreter\linkResolver.cpp, line 773]
Event: 0.099 Thread 0x000001bb135c22e0 Exception <a 'java/lang/NoSuchMethodError'{0x0000000621c8d2d0}: 'void java.lang.System.load(java.lang.String, java.lang.Class)'> (0x0000000621c8d2d0) 
thrown [s\open\src\hotspot\share\interpreter\linkResolver.cpp, line 773]
Event: 0.099 Thread 0x000001bb135c22e0 Exception <a 'java/lang/NoSuchMethodError'{0x0000000621c8dca0}: 'void java.lang.invoke.DirectMethodHandle$Holder.invokeSpecial(java.lang.Object, java.lang.Object, java.lang.Object)'> (0x0000000621c8dca0) 
thrown [s\open\src\hotspot\share\interpreter\linkResolver.cpp, line 773]
Event: 0.100 Thread 0x000001bb135c22e0 Exception <a 'java/lang/NoSuchMethodError'{0x0000000621d164c8}: 'java.lang.Object java.lang.invoke.DirectMethodHandle$Holder.invokeStatic(java.lang.Object, java.lang.Object, int)'> (0x0000000621d164c8) 
thrown [s\open\src\hotspot\share\interpreter\linkResolver.cpp, line 773]
Event: 0.101 Thread 0x000001bb135c22e0 Exception <a 'java/lang/NoSuchMethodError'{0x0000000621d21a30}: 'void java.lang.invoke.DelegatingMethodHandle$Holder.delegate(java.lang.Object, java.lang.Object, int, java.lang.Object)'> (0x0000000621d21a30) 
thrown [s\open\src\hotspot\share\interpreter\linkResolver.cpp, line 773]
Event: 0.101 Thread 0x000001bb135c22e0 Exception <a 'java/lang/NoSuchMethodError'{0x0000000621d25710}: 'int java.lang.invoke.DirectMethodHandle$Holder.invokeSpecial(java.lang.Object, java.lang.Object, java.lang.Object)'> (0x0000000621d25710) 
thrown [s\open\src\hotspot\share\interpreter\linkResolver.cpp, line 773]
Event: 0.103 Thread 0x000001bb135c22e0 Exception <a 'java/lang/NoSuchMethodError'{0x0000000621d3ea28}: 'void java.lang.System.loadLibrary(java.lang.String, java.lang.Class)'> (0x0000000621d3ea28) 
thrown [s\open\src\hotspot\share\interpreter\linkResolver.cpp, line 773]
Event: 0.117 Thread 0x000001bb135c22e0 Exception <a 'sun/nio/fs/WindowsException'{0x0000000621d6f090}> (0x0000000621d6f090) 
thrown [s\open\src\hotspot\share\prims\jni.cpp, line 520]
Event: 0.117 Thread 0x000001bb135c22e0 Exception <a 'sun/nio/fs/WindowsException'{0x0000000621d6f5a0}> (0x0000000621d6f5a0) 
thrown [s\open\src\hotspot\share\prims\jni.cpp, line 520]
Event: 0.125 Thread 0x000001bb135c22e0 Exception <a 'sun/nio/fs/WindowsException'{0x0000000621d9ff28}> (0x0000000621d9ff28) 
thrown [s\open\src\hotspot\share\prims\jni.cpp, line 520]
Event: 0.125 Thread 0x000001bb135c22e0 Exception <a 'sun/nio/fs/WindowsException'{0x0000000621da0278}> (0x0000000621da0278) 
thrown [s\open\src\hotspot\share\prims\jni.cpp, line 520]
Event: 0.131 Thread 0x000001bb135c22e0 Exception <a 'java/lang/NoSuchMethodError'{0x0000000621def388}: 'int java.lang.invoke.DirectMethodHandle$Holder.invokeStaticInit(java.lang.Object, java.lang.Object, int, long)'> (0x0000000621def388) 
thrown [s\open\src\hotspot\share\interpreter\linkResolver.cpp, line 773]
Event: 0.131 Thread 0x000001bb135c22e0 Exception <a 'java/lang/NoSuchMethodError'{0x0000000621df43b0}: 'java.lang.Object java.lang.invoke.DirectMethodHandle$Holder.newInvokeSpecial(java.lang.Object, java.lang.Object, int)'> (0x0000000621df43b0) 
thrown [s\open\src\hotspot\share\interpreter\linkResolver.cpp, line 773]
Event: 0.132 Thread 0x000001bb135c22e0 Exception <a 'java/lang/NoSuchMethodError'{0x0000000621e034d0}: 'int java.lang.invoke.DirectMethodHandle$Holder.invokeStaticInit(java.lang.Object, java.lang.Object, long, long)'> (0x0000000621e034d0) 
thrown [s\open\src\hotspot\share\interpreter\linkResolver.cpp, line 773]
Event: 0.133 Thread 0x000001bb135c22e0 Exception <a 'java/lang/NoSuchMethodError'{0x0000000621e091b8}: 'java.lang.Object java.lang.invoke.DirectMethodHandle$Holder.newInvokeSpecial(java.lang.Object, java.lang.Object, long)'> (0x0000000621e091b8) 
thrown [s\open\src\hotspot\share\interpreter\linkResolver.cpp, line 773]
Event: 0.133 Thread 0x000001bb135c22e0 Exception <a 'java/lang/NoSuchMethodError'{0x0000000621e0cf70}: 'java.lang.Object java.lang.invoke.Invokers$Holder.linkToTargetMethod(java.lang.Object, long, java.lang.Object)'> (0x0000000621e0cf70) 
thrown [s\open\src\hotspot\share\interpreter\linkResolver.cpp, line 773]
Event: 0.133 Thread 0x000001bb135c22e0 Exception <a 'java/lang/NoSuchMethodError'{0x0000000621e13ff8}: 'int java.lang.invoke.DirectMethodHandle$Holder.invokeStaticInit(java.lang.Object, java.lang.Object, java.lang.Object, long)'> (0x0000000621e13ff8) 
thrown [s\open\src\hotspot\share\interpreter\linkResolver.cpp, line 773]
Event: 0.266 Thread 0x000001bb135c22e0 Exception <a 'java/lang/NoSuchFieldError'{0x0000000621e8a6c8}: com.krisvers.kgfx.KGFXpipelinelayout.bindings [Lcom/krisvers/kgfx/KGFXpipelinebinding> (0x0000000621e8a6c8) 
thrown [s\open\src\hotspot\share\prims\jni.cpp, line 1760]

ZGC Phase Switch (0 events):
No events

VM Operations (4 events):
Event: 0.051 Executing VM operation: HandshakeAllThreads (Deoptimize)
Event: 0.051 Executing VM operation: HandshakeAllThreads (Deoptimize) done
Event: 0.113 Executing VM operation: HandshakeAllThreads (Deoptimize)
Event: 0.113 Executing VM operation: HandshakeAllThreads (Deoptimize) done

Events (12 events):
Event: 0.016 Thread 0x000001bb135c22e0 Thread added: 0x000001bb135c22e0
Event: 0.026 Thread 0x000001bb39898390 Thread added: 0x000001bb39898390
Event: 0.026 Thread 0x000001bb39899460 Thread added: 0x000001bb39899460
Event: 0.026 Thread 0x000001bb7f000080 Thread added: 0x000001bb7f000080
Event: 0.026 Thread 0x000001bb7f002c30 Thread added: 0x000001bb7f002c30
Event: 0.026 Thread 0x000001bb7f005ff0 Thread added: 0x000001bb7f005ff0
Event: 0.026 Thread 0x000001bb7f005960 Thread added: 0x000001bb7f005960
Event: 0.026 Thread 0x000001bb7f009a10 Thread added: 0x000001bb7f009a10
Event: 0.026 Thread 0x000001bb7f012b70 Thread added: 0x000001bb7f012b70
Event: 0.047 Thread 0x000001bb7f003f20 Thread added: 0x000001bb7f003f20
Event: 0.085 Thread 0x000001bb7f003890 Thread added: 0x000001bb7f003890
Event: 0.085 Thread 0x000001bb7f006680 Thread added: 0x000001bb7f006680


Dynamic libraries:
0x00007ff635870000 - 0x00007ff63587e000 	C:\Users\nik\.jdks\openjdk-21.0.2\bin\java.exe
0x00007ff830b50000 - 0x00007ff830d48000 	C:\Windows\SYSTEM32\ntdll.dll
0x00007ff82f810000 - 0x00007ff82f8cd000 	C:\Windows\System32\KERNEL32.DLL
0x00007ff82e210000 - 0x00007ff82e506000 	C:\Windows\System32\KERNELBASE.dll
0x00007ff82e850000 - 0x00007ff82e950000 	C:\Windows\System32\ucrtbase.dll
0x00007ff8262b0000 - 0x00007ff8262c8000 	C:\Users\nik\.jdks\openjdk-21.0.2\bin\jli.dll
0x00007ff828f10000 - 0x00007ff828f2b000 	C:\Users\nik\.jdks\openjdk-21.0.2\bin\VCRUNTIME140.dll
0x00007ff82f570000 - 0x00007ff82f70e000 	C:\Windows\System32\USER32.dll
0x00007ff82e820000 - 0x00007ff82e842000 	C:\Windows\System32\win32u.dll
0x00007ff82d670000 - 0x00007ff82d90a000 	C:\Windows\WinSxS\amd64_microsoft.windows.common-controls_6595b64144ccf1df_6.0.19041.3636_none_60b6a03d71f818d5\COMCTL32.dll
0x00007ff830670000 - 0x00007ff83069b000 	C:\Windows\System32\GDI32.dll
0x00007ff82fd50000 - 0x00007ff82fdee000 	C:\Windows\System32\msvcrt.dll
0x00007ff82e510000 - 0x00007ff82e627000 	C:\Windows\System32\gdi32full.dll
0x00007ff82ea80000 - 0x00007ff82eb1d000 	C:\Windows\System32\msvcp_win.dll
0x00007ff830a70000 - 0x00007ff830aa2000 	C:\Windows\System32\IMM32.DLL
0x00007ff828fe0000 - 0x00007ff828fec000 	C:\Users\nik\.jdks\openjdk-21.0.2\bin\vcruntime140_1.dll
0x00007ff80eed0000 - 0x00007ff80ef5e000 	C:\Users\nik\.jdks\openjdk-21.0.2\bin\msvcp140.dll
0x00007ffffc1f0000 - 0x00007ffffcf07000 	C:\Users\nik\.jdks\openjdk-21.0.2\bin\server\jvm.dll
0x00007ff82ec40000 - 0x00007ff82ecf3000 	C:\Windows\System32\ADVAPI32.dll
0x00007ff82f060000 - 0x00007ff82f0ff000 	C:\Windows\System32\sechost.dll
0x00007ff82f9c0000 - 0x00007ff82fae6000 	C:\Windows\System32\RPCRT4.dll
0x00007ff82ea50000 - 0x00007ff82ea77000 	C:\Windows\System32\bcrypt.dll
0x00007ff830600000 - 0x00007ff83066b000 	C:\Windows\System32\WS2_32.dll
0x00007ff82e070000 - 0x00007ff82e0bb000 	C:\Windows\SYSTEM32\POWRPROF.dll
0x00007ff827540000 - 0x00007ff82754a000 	C:\Windows\SYSTEM32\VERSION.dll
0x00007ff822e70000 - 0x00007ff822e97000 	C:\Windows\SYSTEM32\WINMM.dll
0x00007ff82e050000 - 0x00007ff82e062000 	C:\Windows\SYSTEM32\UMPDC.dll
0x00007ff82b2e0000 - 0x00007ff82b2f2000 	C:\Windows\SYSTEM32\kernel.appcore.dll
0x00007ff826350000 - 0x00007ff82635a000 	C:\Users\nik\.jdks\openjdk-21.0.2\bin\jimage.dll
0x00007ff82db20000 - 0x00007ff82dd04000 	C:\Windows\SYSTEM32\DBGHELP.DLL
0x00007ff82dae0000 - 0x00007ff82db14000 	C:\Windows\SYSTEM32\dbgcore.DLL
0x00007ff82e630000 - 0x00007ff82e6b2000 	C:\Windows\System32\bcryptPrimitives.dll
0x00007ff81c5e0000 - 0x00007ff81c5ef000 	C:\Users\nik\.jdks\openjdk-21.0.2\bin\instrument.dll
0x00007ff81c5f0000 - 0x00007ff81c60f000 	C:\Users\nik\.jdks\openjdk-21.0.2\bin\java.dll
0x00007ff82feb0000 - 0x00007ff8305f5000 	C:\Windows\System32\SHELL32.dll
0x00007ff82bc70000 - 0x00007ff82c40c000 	C:\Windows\SYSTEM32\windows.storage.dll
0x00007ff82ed00000 - 0x00007ff82f054000 	C:\Windows\System32\combase.dll
0x00007ff82d3a0000 - 0x00007ff82d3ce000 	C:\Windows\SYSTEM32\Wldp.dll
0x00007ff82f740000 - 0x00007ff82f80d000 	C:\Windows\System32\OLEAUT32.dll
0x00007ff82fe00000 - 0x00007ff82fead000 	C:\Windows\System32\SHCORE.dll
0x00007ff830ab0000 - 0x00007ff830b05000 	C:\Windows\System32\shlwapi.dll
0x00007ff82e140000 - 0x00007ff82e165000 	C:\Windows\SYSTEM32\profapi.dll
0x00007ff801080000 - 0x00007ff801157000 	C:\Users\nik\.jdks\openjdk-21.0.2\bin\jsvml.dll
0x00007ff81a510000 - 0x00007ff81a528000 	C:\Users\nik\.jdks\openjdk-21.0.2\bin\zip.dll
0x00007ff81c4b0000 - 0x00007ff81c4c0000 	C:\Users\nik\.jdks\openjdk-21.0.2\bin\net.dll
0x00007ff8277d0000 - 0x00007ff8278da000 	C:\Windows\SYSTEM32\WINHTTP.dll
0x00007ff82d210000 - 0x00007ff82d27a000 	C:\Windows\system32\mswsock.dll
0x00007ff81c460000 - 0x00007ff81c476000 	C:\Users\nik\.jdks\openjdk-21.0.2\bin\nio.dll
0x00007ff81a470000 - 0x00007ff81a48a000 	C:\Program Files\JetBrains\IntelliJ IDEA 2023.3.3\bin\breakgen64.dll
0x00007ff81c4a0000 - 0x00007ff81c4a9000 	C:\Users\nik\.jdks\openjdk-21.0.2\bin\extnet.dll
0x00007ffffe7b0000 - 0x00007ffffe82b000 	C:\Users\nik\AppData\Local\Temp\lwjgl_nik\3.3.3+5\x64\lwjgl.dll
0x00007ffffe720000 - 0x00007ffffe7a2000 	C:\Users\nik\AppData\Local\Temp\lwjgl_nik\3.3.3+5\x64\glfw.dll
0x00007ffffe6d0000 - 0x00007ffffe715000 	C:\Windows\SYSTEM32\dinput8.dll
0x00007ff818a20000 - 0x00007ff818a31000 	C:\Windows\SYSTEM32\xinput1_4.dll
0x00007ff82e950000 - 0x00007ff82e99e000 	C:\Windows\System32\cfgmgr32.dll
0x00007ff82ded0000 - 0x00007ff82df03000 	C:\Windows\SYSTEM32\DEVOBJ.dll
0x00007ff82b0d0000 - 0x00007ff82b0ff000 	C:\Windows\SYSTEM32\dwmapi.dll
0x00007ff8268b0000 - 0x00007ff826a02000 	C:\Windows\SYSTEM32\inputhost.dll
0x00007ff82a540000 - 0x00007ff82a695000 	C:\Windows\SYSTEM32\wintypes.dll
0x00007ff82ab40000 - 0x00007ff82ac32000 	C:\Windows\SYSTEM32\CoreMessaging.dll
0x00007ff829080000 - 0x00007ff829176000 	C:\Windows\SYSTEM32\PROPSYS.dll
0x00007ff82a7a0000 - 0x00007ff82aafb000 	C:\Windows\SYSTEM32\CoreUIComponents.dll
0x00007ff82de70000 - 0x00007ff82dea3000 	C:\Windows\SYSTEM32\ntmarta.dll
0x00007ff82aef0000 - 0x00007ff82af8e000 	C:\Windows\system32\uxtheme.dll
0x00007ff82fc30000 - 0x00007ff82fd44000 	C:\Windows\System32\MSCTF.dll
0x00007ff826ac0000 - 0x00007ff826bb9000 	C:\Windows\SYSTEM32\textinputframework.dll
0x00007ffffe650000 - 0x00007ffffe6c4000 	C:\Users\nik\source\repos\kgfx\kgfx\java\kgfx.dll
0x00007ff830700000 - 0x00007ff83082b000 	C:\Windows\System32\ole32.dll
0x00007fffffd90000 - 0x00007fffffdb5000 	C:\Windows\SYSTEM32\d3d12.dll
0x00007ff8291e0000 - 0x00007ff82963d000 	C:\Windows\SYSTEM32\D3DCOMPILER_47.dll
0x00007ff82c450000 - 0x00007ff82c543000 	C:\Windows\SYSTEM32\dxgi.dll
0x00007ff817310000 - 0x00007ff81733e000 	C:\Windows\SYSTEM32\VCRUNTIME140D.dll
0x00007ffffe1c0000 - 0x00007ffffe2a1000 	C:\Windows\SYSTEM32\MSVCP140D.dll
0x00007ff81c450000 - 0x00007ff81c45f000 	C:\Windows\SYSTEM32\VCRUNTIME140_1D.dll
0x00007ffffad50000 - 0x00007ffffaf71000 	C:\Windows\SYSTEM32\ucrtbased.dll
0x00007ff82deb0000 - 0x00007ff82dec8000 	C:\Windows\SYSTEM32\CRYPTSP.dll
0x00007ffffe5d0000 - 0x00007ffffe646000 	C:\Users\nik\source\repos\kgfx\kgfx\java\kgfx_java.dll
0x00007fffae710000 - 0x00007fffae8dd000 	C:\Windows\SYSTEM32\D3D12Core.dll
0x00007ffffe570000 - 0x00007ffffe5c7000 	C:\Windows\SYSTEM32\DXGIDebug.dll
0x00007ffffa8a0000 - 0x00007ffffad48000 	C:\Windows\SYSTEM32\D3D12SDKLayers.dll
0x00007ff822e30000 - 0x00007ff822e6b000 	C:\Windows\SYSTEM32\dxcore.dll
0x00007fff03280000 - 0x00007fff08298000 	C:\Windows\System32\DriverStore\FileRepository\u0398226.inf_amd64_c5d9587384e4b5ff\B398182\amdxc64.dll
0x00007ff81e920000 - 0x00007ff81e955000 	C:\Windows\SYSTEM32\amdihk64.dll
0x0000000068710000 - 0x0000000068847000 	C:\Windows\System32\DriverStore\FileRepository\u0398226.inf_amd64_c5d9587384e4b5ff\B398182\amdenc64.dll
0x00007fffefb80000 - 0x00007fffefbaa000 	C:\Windows\SYSTEM32\D3DSCache.dll
0x00007ff82e100000 - 0x00007ff82e12e000 	C:\Windows\SYSTEM32\USERENV.dll
0x00007ff826600000 - 0x00007ff826803000 	C:\Windows\SYSTEM32\twinapi.appcore.dll
0x00007ff829fd0000 - 0x00007ff82a1b3000 	C:\Windows\SYSTEM32\dcomp.dll
0x00007ff82cbd0000 - 0x00007ff82cc04000 	C:\Windows\system32\rsaenh.dll
0x00007ff82d460000 - 0x00007ff82d46c000 	C:\Windows\SYSTEM32\CRYPTBASE.dll

dbghelp: loaded successfully - version: 4.0.5 - missing functions: none
symbol engine: initialized successfully - sym options: 0x614 - pdb path: .;C:\Users\nik\.jdks\openjdk-21.0.2\bin;C:\Windows\SYSTEM32;C:\Windows\WinSxS\amd64_microsoft.windows.common-controls_6595b64144ccf1df_6.0.19041.3636_none_60b6a03d71f818d5;C:\Users\nik\.jdks\openjdk-21.0.2\bin\server;C:\Program Files\JetBrains\IntelliJ IDEA 2023.3.3\bin;C:\Users\nik\AppData\Local\Temp\lwjgl_nik\3.3.3+5\x64;C:\Users\nik\source\repos\kgfx\kgfx\java;C:\Windows\System32\DriverStore\FileRepository\u0398226.inf_amd64_c5d9587384e4b5ff\B398182

VM Arguments:
jvm_args: -Djava.library.path=C:\Users\nik\source\repos\kgfx\kgfx\java -javaagent:C:\Program Files\JetBrains\IntelliJ IDEA 2023.3.3\lib\idea_rt.jar=64588:C:\Program Files\JetBrains\IntelliJ IDEA 2023.3.3\bin -Dfile.encoding=UTF-8 -Dsun.stdout.encoding=UTF-8 -Dsun.stderr.encoding=UTF-8 
java_command: Main
java_class_path (initial): C:\Users\nik\source\repos\kgfx\kgfx\java\project\out\production\project;C:\Users\nik\source\repos\kgfx\kgfx\java\project\lib\glfw\lwjgl-glfw.jar;C:\Users\nik\source\repos\kgfx\kgfx\java\project\lib\glfw\lwjgl-glfw-javadoc.jar;C:\Users\nik\source\repos\kgfx\kgfx\java\project\lib\glfw\lwjgl-glfw-sources.jar;C:\Users\nik\source\repos\kgfx\kgfx\java\project\lib\glfw\lwjgl-glfw-natives-linux.jar;C:\Users\nik\source\repos\kgfx\kgfx\java\project\lib\glfw\lwjgl-glfw-natives-macos.jar;C:\Users\nik\source\repos\kgfx\kgfx\java\project\lib\glfw\lwjgl-glfw-natives-windows.jar;C:\Users\nik\source\repos\kgfx\kgfx\java\project\lib\glfw\lwjgl-glfw-natives-linux-arm32.jar;C:\Users\nik\source\repos\kgfx\kgfx\java\project\lib\glfw\lwjgl-glfw-natives-linux-arm64.jar;C:\Users\nik\source\repos\kgfx\kgfx\java\project\lib\glfw\lwjgl-glfw-natives-macos-arm64.jar;C:\Users\nik\source\repos\kgfx\kgfx\java\project\lib\glfw\lwjgl-glfw-natives-windows-x86.jar;C:\Users\nik\source\repos\kgfx\kgfx\java\project\lib\glfw\lwjgl-glfw-natives-windows-arm64.jar;C:\Users\nik\source\repos\kgfx\kgfx\java\project\lib\lwjgl\lwjgl.jar;C:\Users\nik\source\repos\kgfx\kgfx\java\project\lib\lwjgl\lwjgl-javadoc.jar;C:\Users\nik\source\repos\kgfx\kgfx\java\project\lib\lwjgl\lwjgl-sources.jar;C:\Users\nik\source\repos\kgfx\kgfx\java\project\lib\lwjgl\lwjgl-natives-linux.jar;C:\Users\nik\source\repos\kgfx\kgfx\java\project\lib\lwjgl\lwjgl-natives-macos.jar;C:\Users\nik\source\repos\kgfx\kgfx\java\project\lib\lwjgl\lwjgl-natives-windows.jar;C:\Users\nik\source\repos\kgfx\kgfx\java\project\lib\lwjgl\lwjgl-natives-linux-arm32.jar;C:\Users\nik\source\repos\kgfx\kgfx\java\project\lib\lwjgl\lwjgl-natives-linux-arm64.jar;C:\Users\nik\source\repos\kgfx\kgfx\java\project\lib\lwjgl\lwjgl-natives-macos-arm64.jar;C:\Users\nik\source\repos\kgfx\kgfx\java\project\lib\lwjgl\lwjgl-natives-windows-x86.jar;C:\Users\nik\source\repos\kgfx\kgfx\java\project\lib\lwjgl\lwjgl-natives-windows-arm64.jar
Launcher Type: SUN_STANDARD

[Global flags]
     intx CICompilerCount                          = 4                                         {product} {ergonomic}
     uint ConcGCThreads                            = 3                                         {product} {ergonomic}
     uint G1ConcRefinementThreads                  = 10                                        {product} {ergonomic}
   size_t G1HeapRegionSize                         = 4194304                                   {product} {ergonomic}
    uintx GCDrainStackTargetSize                   = 64                                        {product} {ergonomic}
   size_t InitialHeapSize                          = 536870912                                 {product} {ergonomic}
   size_t MarkStackSize                            = 4194304                                   {product} {ergonomic}
   size_t MaxHeapSize                              = 8552185856                                {product} {ergonomic}
   size_t MaxNewSize                               = 5129633792                                {product} {ergonomic}
   size_t MinHeapDeltaBytes                        = 4194304                                   {product} {ergonomic}
   size_t MinHeapSize                              = 8388608                                   {product} {ergonomic}
    uintx NonNMethodCodeHeapSize                   = 5839372                                {pd product} {ergonomic}
    uintx NonProfiledCodeHeapSize                  = 122909434                              {pd product} {ergonomic}
    uintx ProfiledCodeHeapSize                     = 122909434                              {pd product} {ergonomic}
    uintx ReservedCodeCacheSize                    = 251658240                              {pd product} {ergonomic}
     bool SegmentedCodeCache                       = true                                      {product} {ergonomic}
   size_t SoftMaxHeapSize                          = 8552185856                             {manageable} {ergonomic}
     bool UseCompressedOops                        = true                           {product lp64_product} {ergonomic}
     bool UseG1GC                                  = true                                      {product} {ergonomic}
     bool UseLargePagesIndividualAllocation        = false                                  {pd product} {ergonomic}

Logging:
Log output configuration:
 #0: stdout all=warning uptime,level,tags foldmultilines=false
 #1: stderr all=off uptime,level,tags foldmultilines=false

Environment Variables:
PATH=C:\VulkanSDK\1.3.275.0\Bin;C:\Program Files\Common Files\Oracle\Java\javapath;C:\VulkanSDK\1.3.268.0\Bin;C:\Windows\system32;C:\Windows;C:\Windows\System32\Wbem;C:\Windows\System32\WindowsPowerShell\v1.0\;C:\Windows\System32\OpenSSH\;C:\Program Files\dotnet\;C:\Program Files (x86)\Windows Kits\10\Windows Performance Toolkit\;C:\Program Files\Git\cmd;C:\Program Files\Git\mingw64\bin;C:\Program Files\Git\usr\bin;C:\Users\nik\AppData\Local\Microsoft\WindowsApps;C:\Users\nik\.dotnet\tools;C:\Program Files\JetBrains\IntelliJ IDEA 2023.3.3\bin;
USERNAME=nik
OS=Windows_NT
PROCESSOR_IDENTIFIER=Intel64 Family 6 Model 165 Stepping 5, GenuineIntel
TMP=C:\Users\nik\AppData\Local\Temp
TEMP=C:\Users\nik\AppData\Local\Temp




Periodic native trim disabled

---------------  S Y S T E M  ---------------

OS:
 Windows 10 , 64 bit Build 19041 (10.0.19041.3636)
OS uptime: 8 days 11:29 hours

CPU: total 12 (initial active 12) (6 cores per cpu, 2 threads per core) family 6 model 165 stepping 5 microcode 0xe2, cx8, cmov, fxsr, ht, mmx, 3dnowpref, sse, sse2, sse3, ssse3, sse4.1, sse4.2, popcnt, lzcnt, tsc, tscinvbit, avx, avx2, aes, erms, clmul, bmi1, bmi2, adx, fma, vzeroupper, clflush, clflushopt, rdtscp, f16c, pku
Processor Information for all 12 processors :
  Max Mhz: 4104, Current Mhz: 4104, Mhz Limit: 4104

Memory: 4k page, system-wide physical 32616M (19195M free)
TotalPageFile size 47976M (AvailPageFile size 21111M)
current process WorkingSet (physical memory assigned to process): 109M, peak: 113M
current process commit charge ("private bytes"): 665M, peak: 669M

vm_info: OpenJDK 64-Bit Server VM (21.0.2+13-58) for windows-amd64 JRE (21.0.2+13-58), built on 2024-01-05T18:32:24Z by "mach5one" with MS VC++ 17.1 (VS2022)

END.
