#
# A fatal error has been detected by the Java Runtime Environment:
#
#  EXCEPTION_ACCESS_VIOLATION (0xc0000005) at pc=0x00007ffffed19abd, pid=1972, tid=3784
#
# JRE version: OpenJDK Runtime Environment (21.0.2+13) (build 21.0.2+13-58)
# Java VM: OpenJDK 64-Bit Server VM (21.0.2+13-58, mixed mode, sharing, tiered, compressed oops, compressed class ptrs, g1 gc, windows-amd64)
# Problematic frame:
# C  [kgfx_java.dll+0x39abd]
#
# No core dump will be written. Minidumps are not enabled by default on client versions of Windows
#
# If you would like to submit a bug report, please visit:
#   https://bugreport.java.com/bugreport/crash.jsp
# The crash happened outside the Java Virtual Machine in native code.
# See problematic frame for where to report the bug.
#

---------------  S U M M A R Y ------------

Command Line: -Djava.library.path=C:\Users\nik\source\repos\kgfx\kgfx\java -javaagent:C:\Program Files\JetBrains\IntelliJ IDEA 2023.3.3\lib\idea_rt.jar=64725:C:\Program Files\JetBrains\IntelliJ IDEA 2023.3.3\bin -Dfile.encoding=UTF-8 -Dsun.stdout.encoding=UTF-8 -Dsun.stderr.encoding=UTF-8 Main

Host: Intel(R) Core(TM) i5-10600K CPU @ 4.10GHz, 12 cores, 31G,  Windows 10 , 64 bit Build 19041 (10.0.19041.3636)
Time: Tue Mar  5 21:35:49 2024 Eastern Standard Time elapsed time: 0.265925 seconds (0d 0h 0m 0s)

---------------  T H R E A D  ---------------

Current thread (0x0000025917af2f50):  JavaThread "main"             [_thread_in_native, id=3784, stack(0x000000aba6600000,0x000000aba6700000) (1024K)]

Stack: [0x000000aba6600000,0x000000aba6700000],  sp=0x000000aba66fd960,  free space=1014k
Native frames: (J=compiled Java code, j=interpreted, Vv=VM code, C=native code)
C  [kgfx_java.dll+0x39abd]

Java frames: (J=compiled Java code, j=interpreted, Vv=VM code)
j  com.krisvers.kgfx.KGFXjni.createPipeline(J[JLcom/krisvers/kgfx/KGFXpipelinelayout;IIII)J+0
j  Main.main([Ljava/lang/String;)V+238
v  ~StubRoutines::call_stub 0x000002592970100d

siginfo: EXCEPTION_ACCESS_VIOLATION (0xc0000005), reading address 0xffffffffffffffff


Registers:
RAX=0xcdcdcdcdcdcdcdcd, RBX=0x00000259804daf30, RCX=0x0000025984644ba0, RDX=0x0000000000000000
RSP=0x000000aba66fd960, RBP=0x000000aba66fd9a0, RSI=0x000000aba66ff3b0, RDI=0x000000aba66fdd08
R8 =0x000000aba66fda28, R9 =0x0000000000000000, R10=0x0000000000000000, R11=0x00000259847fc290
R12=0x0000000000000000, R13=0x00000259804daf30, R14=0x000000aba66ff508, R15=0x0000025917af2f50
RIP=0x00007ffffed19abd, EFLAGS=0x0000000000010293


Register to memory mapping:

RAX=0xcdcdcdcdcdcdcdcd is an unknown value
RBX={method} {0x00000259804daf38} 'createPipeline' '(J[JLcom/krisvers/kgfx/KGFXpipelinelayout;IIII)J' in 'com/krisvers/kgfx/KGFXjni'
RCX=0x0000025984644ba0 points into unknown readable memory: 0xcdcdcdcdcdcdcdcd | cd cd cd cd cd cd cd cd
RDX=0x0 is null
RSP=0x000000aba66fd960 is pointing into the stack for thread: 0x0000025917af2f50
RBP=0x000000aba66fd9a0 is pointing into the stack for thread: 0x0000025917af2f50
RSI=0x000000aba66ff3b0 is pointing into the stack for thread: 0x0000025917af2f50
RDI=0x000000aba66fdd08 is pointing into the stack for thread: 0x0000025917af2f50
R8 =0x000000aba66fda28 is pointing into the stack for thread: 0x0000025917af2f50
R9 =0x0 is null
R10=0x0 is null
R11=0x00000259847fc290 points into unknown readable memory: 0x0000000000000000 | 00 00 00 00 00 00 00 00
R12=0x0 is null
R13={method} {0x00000259804daf38} 'createPipeline' '(J[JLcom/krisvers/kgfx/KGFXpipelinelayout;IIII)J' in 'com/krisvers/kgfx/KGFXjni'
R14=0x000000aba66ff508 is pointing into the stack for thread: 0x0000025917af2f50
R15=0x0000025917af2f50 is a thread

Top of Stack: (sp=0x000000aba66fd960)
0x000000aba66fd960:   000000aba66fda28 0000000000000000
0x000000aba66fd970:   000000aba66fe884 0000000000000000
0x000000aba66fd980:   0000000000000000 0000000000000000
0x000000aba66fd990:   0000000000000000 0000000000000000
0x000000aba66fd9a0:   00000001cccccccc cccccccccccccccc
0x000000aba66fd9b0:   cccccccccccccccc cccccccccccccccc
0x000000aba66fd9c0:   0000000ccccccccc cccccccccccccccc
0x000000aba66fd9d0:   cccccccccccccccc cccccccccccccccc
0x000000aba66fd9e0:   00000001cccccccc cccccccccccccccc
0x000000aba66fd9f0:   cccccccccccccccc cccccccccccccccc
0x000000aba66fda00:   00000001cccccccc cccccccccccccccc
0x000000aba66fda10:   cccccccccccccccc cccccccccccccccc
0x000000aba66fda20:   cccccccccccccccc 0000025984644880
0x000000aba66fda30:   00000259847fc290 00000259847fc2b0
0x000000aba66fda40:   00000259847fc2b0 cccccccccccccccc
0x000000aba66fda50:   cccccccccccccccc cccccccccccccccc
0x000000aba66fda60:   00000001cccccccc cccccccccccccccc
0x000000aba66fda70:   cccccccccccccccc cccccccccccccccc
0x000000aba66fda80:   00000001cccccccc cccccccccccccccc
0x000000aba66fda90:   cccccccccccccccc cccccccccccccccc
0x000000aba66fdaa0:   00000001cccccccc cccccccccccccccc
0x000000aba66fdab0:   cccccccccccccccc cccccccccccccccc
0x000000aba66fdac0:   cccccccccccccccc 0000000100000003
0x000000aba66fdad0:   0000000000000001 0000000000000000
0x000000aba66fdae0:   0000000000000001 0000000000000000
0x000000aba66fdaf0:   cccccccc00000000 cccccccccccccccc
0x000000aba66fdb00:   cccccccccccccccc cccccccccccccccc
0x000000aba66fdb10:   cccccccccccccccc cccccccccccccccc
0x000000aba66fdb20:   0000000000000000 0000000000000000
0x000000aba66fdb30:   0000000100000002 0000000200000001
0x000000aba66fdb40:   0000000100000001 0000000f00000004
0x000000aba66fdb50:   0000000000000000 0000000000000000 

Instructions: (pc=0x00007ffffed19abd)
0x00007ffffed199bd:   00 00 00 b8 28 00 00 00 48 6b c0 00 c7 84 05 98
0x00007ffffed199cd:   01 00 00 01 00 00 00 b8 28 00 00 00 48 6b c0 00
0x00007ffffed199dd:   c7 84 05 9c 01 00 00 02 00 00 00 b8 28 00 00 00
0x00007ffffed199ed:   48 6b c0 00 c7 84 05 a0 01 00 00 01 00 00 00 b8
0x00007ffffed199fd:   28 00 00 00 48 6b c0 00 c7 84 05 a4 01 00 00 01
0x00007ffffed19a0d:   00 00 00 b8 28 00 00 00 48 6b c0 00 c7 84 05 a8
0x00007ffffed19a1d:   01 00 00 04 00 00 00 b8 28 00 00 00 48 6b c0 00
0x00007ffffed19a2d:   c6 84 05 ac 01 00 00 0f 48 8d 85 e8 02 00 00 48
0x00007ffffed19a3d:   8b f8 33 c0 b9 34 00 00 00 f3 aa c7 85 e8 02 00
0x00007ffffed19a4d:   00 00 00 00 00 c7 85 f4 02 00 00 00 00 00 00 48
0x00007ffffed19a5d:   8d 85 38 03 00 00 48 8b f8 33 c0 b9 30 00 00 00
0x00007ffffed19a6d:   f3 aa c7 85 84 03 00 00 00 00 00 00 eb 0e 8b 85
0x00007ffffed19a7d:   84 03 00 00 ff c0 89 85 84 03 00 00 48 8b 85 08
0x00007ffffed19a8d:   12 00 00 8b 40 08 39 85 84 03 00 00 0f 83 ee 01
0x00007ffffed19a9d:   00 00 c7 85 a4 03 00 00 00 00 00 00 8b 85 84 03
0x00007ffffed19aad:   00 00 48 8b 8d 08 12 00 00 48 8b 09 48 8b 04 c1
0x00007ffffed19abd:   83 78 08 00 75 0c c7 85 a4 03 00 00 00 00 00 00
0x00007ffffed19acd:   eb 7b 8b 85 84 03 00 00 48 8b 8d 08 12 00 00 48
0x00007ffffed19add:   8b 09 48 8b 04 c1 83 78 08 01 75 0c c7 85 a4 03
0x00007ffffed19aed:   00 00 01 00 00 00 eb 55 8b 85 84 03 00 00 48 8b
0x00007ffffed19afd:   8d 08 12 00 00 48 8b 09 48 8b 04 c1 83 78 08 02
0x00007ffffed19b0d:   75 0c c7 85 a4 03 00 00 02 00 00 00 eb 2f 48 8d
0x00007ffffed19b1d:   0d ce f2 01 00 e8 d9 36 00 00 48 c7 85 08 0f 00
0x00007ffffed19b2d:   00 00 00 00 00 48 8d 8d 88 00 00 00 e8 56 01 fe
0x00007ffffed19b3d:   ff 48 8b 85 08 0f 00 00 e9 36 12 00 00 8b 85 a4
0x00007ffffed19b4d:   03 00 00 48 6b c0 10 48 83 bc 05 38 03 00 00 00
0x00007ffffed19b5d:   75 19 8b 85 84 03 00 00 48 6b c0 10 48 83 bc 05
0x00007ffffed19b6d:   40 03 00 00 00 0f 84 84 00 00 00 83 bd a4 03 00
0x00007ffffed19b7d:   00 00 75 10 48 8d 05 7c f3 01 00 48 89 85 a8 11
0x00007ffffed19b8d:   00 00 eb 35 83 bd a4 03 00 00 01 75 10 48 8d 05
0x00007ffffed19b9d:   6f f3 01 00 48 89 85 b0 11 00 00 eb 0e 48 8d 05
0x00007ffffed19bad:   6f f3 01 00 48 89 85 b0 11 00 00 48 8b 85 b0 11 


Stack slot to memory mapping:

stack at sp + 0 slots: 0x000000aba66fda28 is pointing into the stack for thread: 0x0000025917af2f50
stack at sp + 1 slots: 0x0 is null
stack at sp + 2 slots: 0x000000aba66fe884 is pointing into the stack for thread: 0x0000025917af2f50
stack at sp + 3 slots: 0x0 is null
stack at sp + 4 slots: 0x0 is null
stack at sp + 5 slots: 0x0 is null
stack at sp + 6 slots: 0x0 is null
stack at sp + 7 slots: 0x0 is null


---------------  P R O C E S S  ---------------

Threads class SMR info:
_java_thread_list=0x000002593e622bb0, length=12, elements={
0x0000025917af2f50, 0x000002593ddb4840, 0x000002593ddb5910, 0x000002593ddb9ed0,
0x000002593ddbc650, 0x000002593ddbd410, 0x000002593ddbe610, 0x000002593e413f60,
0x000002593e41def0, 0x000002593dd7fb30, 0x000002593e7d03a0, 0x000002593e7cb910
}

Java Threads: ( => current thread )
=>0x0000025917af2f50 JavaThread "main"                              [_thread_in_native, id=3784, stack(0x000000aba6600000,0x000000aba6700000) (1024K)]
  0x000002593ddb4840 JavaThread "Reference Handler"          daemon [_thread_blocked, id=34836, stack(0x000000aba6e00000,0x000000aba6f00000) (1024K)]
  0x000002593ddb5910 JavaThread "Finalizer"                  daemon [_thread_blocked, id=21680, stack(0x000000aba6f00000,0x000000aba7000000) (1024K)]
  0x000002593ddb9ed0 JavaThread "Signal Dispatcher"          daemon [_thread_blocked, id=19760, stack(0x000000aba7000000,0x000000aba7100000) (1024K)]
  0x000002593ddbc650 JavaThread "Attach Listener"            daemon [_thread_blocked, id=21880, stack(0x000000aba7100000,0x000000aba7200000) (1024K)]
  0x000002593ddbd410 JavaThread "Service Thread"             daemon [_thread_blocked, id=24556, stack(0x000000aba7200000,0x000000aba7300000) (1024K)]
  0x000002593ddbe610 JavaThread "Monitor Deflation Thread"   daemon [_thread_blocked, id=4056, stack(0x000000aba7300000,0x000000aba7400000) (1024K)]
  0x000002593e413f60 JavaThread "C2 CompilerThread0"         daemon [_thread_blocked, id=19364, stack(0x000000aba7400000,0x000000aba7500000) (1024K)]
  0x000002593e41def0 JavaThread "C1 CompilerThread0"         daemon [_thread_blocked, id=24316, stack(0x000000aba7500000,0x000000aba7600000) (1024K)]
  0x000002593dd7fb30 JavaThread "Common-Cleaner"             daemon [_thread_blocked, id=30168, stack(0x000000aba7600000,0x000000aba7700000) (1024K)]
  0x000002593e7d03a0 JavaThread "Monitor Ctrl-Break"         daemon [_thread_in_native, id=29728, stack(0x000000aba7700000,0x000000aba7800000) (1024K)]
  0x000002593e7cb910 JavaThread "Notification Thread"        daemon [_thread_blocked, id=1136, stack(0x000000aba7800000,0x000000aba7900000) (1024K)]
Total: 12

Other Threads:
  0x000002593dd97330 VMThread "VM Thread"                           [id=33832, stack(0x000000aba6d00000,0x000000aba6e00000) (1024K)]
  0x000002593dd7ef50 WatcherThread "VM Periodic Task Thread"        [id=22348, stack(0x000000aba6c00000,0x000000aba6d00000) (1024K)]
  0x0000025919e12fa0 WorkerThread "GC Thread#0"                     [id=6236, stack(0x000000aba6700000,0x000000aba6800000) (1024K)]
  0x0000025919e25010 ConcurrentGCThread "G1 Main Marker"            [id=27632, stack(0x000000aba6800000,0x000000aba6900000) (1024K)]
  0x0000025919e282c0 WorkerThread "G1 Conc#0"                       [id=34944, stack(0x000000aba6900000,0x000000aba6a00000) (1024K)]
  0x000002593dc43be0 ConcurrentGCThread "G1 Refine#0"               [id=35896, stack(0x000000aba6a00000,0x000000aba6b00000) (1024K)]
  0x000002593dc44560 ConcurrentGCThread "G1 Service"                [id=27972, stack(0x000000aba6b00000,0x000000aba6c00000) (1024K)]
Total: 7

Threads with active compile tasks:
Total: 0

VM state: not at safepoint (normal execution)

VM Mutex/Monitor currently owned by a thread: None

Heap address: 0x0000000602400000, size: 8156 MB, Compressed Oops mode: Zero based, Oop shift amount: 3

CDS archive(s) mapped at: [0x000002593f000000-0x000002593fc90000-0x000002593fc90000), size 13172736, SharedBaseAddress: 0x000002593f000000, ArchiveRelocationMode: 1.
Compressed class space mapped at: 0x0000025940000000-0x0000025980000000, reserved size: 1073741824
Narrow klass base: 0x000002593f000000, Narrow klass shift: 0, Narrow klass range: 0x100000000

GC Precious Log:
 CardTable entry size: 512
 Card Set container configuration: InlinePtr #cards 4 size 8 Array Of Cards #cards 32 size 80 Howl #buckets 8 coarsen threshold 7372 Howl Bitmap #cards 1024 size 144 coarsen threshold 921 Card regions per heap region 1 cards per card region 8192
 CPUs: 12 total, 12 available
 Memory: 32616M
 Large Page Support: Disabled
 NUMA Support: Disabled
 Compressed Oops: Enabled (Zero based)
 Heap Region Size: 4M
 Heap Min Capacity: 8M
 Heap Initial Capacity: 512M
 Heap Max Capacity: 8156M
 Pre-touch: Disabled
 Parallel Workers: 10
 Concurrent Workers: 3
 Concurrent Refinement Workers: 10
 Periodic GC: Disabled

Heap:
 garbage-first heap   total 524288K, used 4096K [0x0000000602400000, 0x0000000800000000)
  region size 4096K, 2 young (8192K), 0 survivors (0K)
 Metaspace       used 2470K, committed 2624K, reserved 1114112K
  class space    used 176K, committed 256K, reserved 1048576K

Heap Regions: E=young(eden), S=young(survivor), O=old, HS=humongous(starts), HC=humongous(continues), CS=collection set, F=free, TAMS=top-at-mark-start, PB=parsable bottom
|   0|0x0000000602400000, 0x0000000602400000, 0x0000000602800000|  0%| F|  |TAMS 0x0000000602400000| PB 0x0000000602400000| Untracked 
|   1|0x0000000602800000, 0x0000000602800000, 0x0000000602c00000|  0%| F|  |TAMS 0x0000000602800000| PB 0x0000000602800000| Untracked 
|   2|0x0000000602c00000, 0x0000000602c00000, 0x0000000603000000|  0%| F|  |TAMS 0x0000000602c00000| PB 0x0000000602c00000| Untracked 
|   3|0x0000000603000000, 0x0000000603000000, 0x0000000603400000|  0%| F|  |TAMS 0x0000000603000000| PB 0x0000000603000000| Untracked 
|   4|0x0000000603400000, 0x0000000603400000, 0x0000000603800000|  0%| F|  |TAMS 0x0000000603400000| PB 0x0000000603400000| Untracked 
|   5|0x0000000603800000, 0x0000000603800000, 0x0000000603c00000|  0%| F|  |TAMS 0x0000000603800000| PB 0x0000000603800000| Untracked 
|   6|0x0000000603c00000, 0x0000000603c00000, 0x0000000604000000|  0%| F|  |TAMS 0x0000000603c00000| PB 0x0000000603c00000| Untracked 
|   7|0x0000000604000000, 0x0000000604000000, 0x0000000604400000|  0%| F|  |TAMS 0x0000000604000000| PB 0x0000000604000000| Untracked 
|   8|0x0000000604400000, 0x0000000604400000, 0x0000000604800000|  0%| F|  |TAMS 0x0000000604400000| PB 0x0000000604400000| Untracked 
|   9|0x0000000604800000, 0x0000000604800000, 0x0000000604c00000|  0%| F|  |TAMS 0x0000000604800000| PB 0x0000000604800000| Untracked 
|  10|0x0000000604c00000, 0x0000000604c00000, 0x0000000605000000|  0%| F|  |TAMS 0x0000000604c00000| PB 0x0000000604c00000| Untracked 
|  11|0x0000000605000000, 0x0000000605000000, 0x0000000605400000|  0%| F|  |TAMS 0x0000000605000000| PB 0x0000000605000000| Untracked 
|  12|0x0000000605400000, 0x0000000605400000, 0x0000000605800000|  0%| F|  |TAMS 0x0000000605400000| PB 0x0000000605400000| Untracked 
|  13|0x0000000605800000, 0x0000000605800000, 0x0000000605c00000|  0%| F|  |TAMS 0x0000000605800000| PB 0x0000000605800000| Untracked 
|  14|0x0000000605c00000, 0x0000000605c00000, 0x0000000606000000|  0%| F|  |TAMS 0x0000000605c00000| PB 0x0000000605c00000| Untracked 
|  15|0x0000000606000000, 0x0000000606000000, 0x0000000606400000|  0%| F|  |TAMS 0x0000000606000000| PB 0x0000000606000000| Untracked 
|  16|0x0000000606400000, 0x0000000606400000, 0x0000000606800000|  0%| F|  |TAMS 0x0000000606400000| PB 0x0000000606400000| Untracked 
|  17|0x0000000606800000, 0x0000000606800000, 0x0000000606c00000|  0%| F|  |TAMS 0x0000000606800000| PB 0x0000000606800000| Untracked 
|  18|0x0000000606c00000, 0x0000000606c00000, 0x0000000607000000|  0%| F|  |TAMS 0x0000000606c00000| PB 0x0000000606c00000| Untracked 
|  19|0x0000000607000000, 0x0000000607000000, 0x0000000607400000|  0%| F|  |TAMS 0x0000000607000000| PB 0x0000000607000000| Untracked 
|  20|0x0000000607400000, 0x0000000607400000, 0x0000000607800000|  0%| F|  |TAMS 0x0000000607400000| PB 0x0000000607400000| Untracked 
|  21|0x0000000607800000, 0x0000000607800000, 0x0000000607c00000|  0%| F|  |TAMS 0x0000000607800000| PB 0x0000000607800000| Untracked 
|  22|0x0000000607c00000, 0x0000000607c00000, 0x0000000608000000|  0%| F|  |TAMS 0x0000000607c00000| PB 0x0000000607c00000| Untracked 
|  23|0x0000000608000000, 0x0000000608000000, 0x0000000608400000|  0%| F|  |TAMS 0x0000000608000000| PB 0x0000000608000000| Untracked 
|  24|0x0000000608400000, 0x0000000608400000, 0x0000000608800000|  0%| F|  |TAMS 0x0000000608400000| PB 0x0000000608400000| Untracked 
|  25|0x0000000608800000, 0x0000000608800000, 0x0000000608c00000|  0%| F|  |TAMS 0x0000000608800000| PB 0x0000000608800000| Untracked 
|  26|0x0000000608c00000, 0x0000000608c00000, 0x0000000609000000|  0%| F|  |TAMS 0x0000000608c00000| PB 0x0000000608c00000| Untracked 
|  27|0x0000000609000000, 0x0000000609000000, 0x0000000609400000|  0%| F|  |TAMS 0x0000000609000000| PB 0x0000000609000000| Untracked 
|  28|0x0000000609400000, 0x0000000609400000, 0x0000000609800000|  0%| F|  |TAMS 0x0000000609400000| PB 0x0000000609400000| Untracked 
|  29|0x0000000609800000, 0x0000000609800000, 0x0000000609c00000|  0%| F|  |TAMS 0x0000000609800000| PB 0x0000000609800000| Untracked 
|  30|0x0000000609c00000, 0x0000000609c00000, 0x000000060a000000|  0%| F|  |TAMS 0x0000000609c00000| PB 0x0000000609c00000| Untracked 
|  31|0x000000060a000000, 0x000000060a000000, 0x000000060a400000|  0%| F|  |TAMS 0x000000060a000000| PB 0x000000060a000000| Untracked 
|  32|0x000000060a400000, 0x000000060a400000, 0x000000060a800000|  0%| F|  |TAMS 0x000000060a400000| PB 0x000000060a400000| Untracked 
|  33|0x000000060a800000, 0x000000060a800000, 0x000000060ac00000|  0%| F|  |TAMS 0x000000060a800000| PB 0x000000060a800000| Untracked 
|  34|0x000000060ac00000, 0x000000060ac00000, 0x000000060b000000|  0%| F|  |TAMS 0x000000060ac00000| PB 0x000000060ac00000| Untracked 
|  35|0x000000060b000000, 0x000000060b000000, 0x000000060b400000|  0%| F|  |TAMS 0x000000060b000000| PB 0x000000060b000000| Untracked 
|  36|0x000000060b400000, 0x000000060b400000, 0x000000060b800000|  0%| F|  |TAMS 0x000000060b400000| PB 0x000000060b400000| Untracked 
|  37|0x000000060b800000, 0x000000060b800000, 0x000000060bc00000|  0%| F|  |TAMS 0x000000060b800000| PB 0x000000060b800000| Untracked 
|  38|0x000000060bc00000, 0x000000060bc00000, 0x000000060c000000|  0%| F|  |TAMS 0x000000060bc00000| PB 0x000000060bc00000| Untracked 
|  39|0x000000060c000000, 0x000000060c000000, 0x000000060c400000|  0%| F|  |TAMS 0x000000060c000000| PB 0x000000060c000000| Untracked 
|  40|0x000000060c400000, 0x000000060c400000, 0x000000060c800000|  0%| F|  |TAMS 0x000000060c400000| PB 0x000000060c400000| Untracked 
|  41|0x000000060c800000, 0x000000060c800000, 0x000000060cc00000|  0%| F|  |TAMS 0x000000060c800000| PB 0x000000060c800000| Untracked 
|  42|0x000000060cc00000, 0x000000060cc00000, 0x000000060d000000|  0%| F|  |TAMS 0x000000060cc00000| PB 0x000000060cc00000| Untracked 
|  43|0x000000060d000000, 0x000000060d000000, 0x000000060d400000|  0%| F|  |TAMS 0x000000060d000000| PB 0x000000060d000000| Untracked 
|  44|0x000000060d400000, 0x000000060d400000, 0x000000060d800000|  0%| F|  |TAMS 0x000000060d400000| PB 0x000000060d400000| Untracked 
|  45|0x000000060d800000, 0x000000060d800000, 0x000000060dc00000|  0%| F|  |TAMS 0x000000060d800000| PB 0x000000060d800000| Untracked 
|  46|0x000000060dc00000, 0x000000060dc00000, 0x000000060e000000|  0%| F|  |TAMS 0x000000060dc00000| PB 0x000000060dc00000| Untracked 
|  47|0x000000060e000000, 0x000000060e000000, 0x000000060e400000|  0%| F|  |TAMS 0x000000060e000000| PB 0x000000060e000000| Untracked 
|  48|0x000000060e400000, 0x000000060e400000, 0x000000060e800000|  0%| F|  |TAMS 0x000000060e400000| PB 0x000000060e400000| Untracked 
|  49|0x000000060e800000, 0x000000060e800000, 0x000000060ec00000|  0%| F|  |TAMS 0x000000060e800000| PB 0x000000060e800000| Untracked 
|  50|0x000000060ec00000, 0x000000060ec00000, 0x000000060f000000|  0%| F|  |TAMS 0x000000060ec00000| PB 0x000000060ec00000| Untracked 
|  51|0x000000060f000000, 0x000000060f000000, 0x000000060f400000|  0%| F|  |TAMS 0x000000060f000000| PB 0x000000060f000000| Untracked 
|  52|0x000000060f400000, 0x000000060f400000, 0x000000060f800000|  0%| F|  |TAMS 0x000000060f400000| PB 0x000000060f400000| Untracked 
|  53|0x000000060f800000, 0x000000060f800000, 0x000000060fc00000|  0%| F|  |TAMS 0x000000060f800000| PB 0x000000060f800000| Untracked 
|  54|0x000000060fc00000, 0x000000060fc00000, 0x0000000610000000|  0%| F|  |TAMS 0x000000060fc00000| PB 0x000000060fc00000| Untracked 
|  55|0x0000000610000000, 0x0000000610000000, 0x0000000610400000|  0%| F|  |TAMS 0x0000000610000000| PB 0x0000000610000000| Untracked 
|  56|0x0000000610400000, 0x0000000610400000, 0x0000000610800000|  0%| F|  |TAMS 0x0000000610400000| PB 0x0000000610400000| Untracked 
|  57|0x0000000610800000, 0x0000000610800000, 0x0000000610c00000|  0%| F|  |TAMS 0x0000000610800000| PB 0x0000000610800000| Untracked 
|  58|0x0000000610c00000, 0x0000000610c00000, 0x0000000611000000|  0%| F|  |TAMS 0x0000000610c00000| PB 0x0000000610c00000| Untracked 
|  59|0x0000000611000000, 0x0000000611000000, 0x0000000611400000|  0%| F|  |TAMS 0x0000000611000000| PB 0x0000000611000000| Untracked 
|  60|0x0000000611400000, 0x0000000611400000, 0x0000000611800000|  0%| F|  |TAMS 0x0000000611400000| PB 0x0000000611400000| Untracked 
|  61|0x0000000611800000, 0x0000000611800000, 0x0000000611c00000|  0%| F|  |TAMS 0x0000000611800000| PB 0x0000000611800000| Untracked 
|  62|0x0000000611c00000, 0x0000000611c00000, 0x0000000612000000|  0%| F|  |TAMS 0x0000000611c00000| PB 0x0000000611c00000| Untracked 
|  63|0x0000000612000000, 0x0000000612000000, 0x0000000612400000|  0%| F|  |TAMS 0x0000000612000000| PB 0x0000000612000000| Untracked 
|  64|0x0000000612400000, 0x0000000612400000, 0x0000000612800000|  0%| F|  |TAMS 0x0000000612400000| PB 0x0000000612400000| Untracked 
|  65|0x0000000612800000, 0x0000000612800000, 0x0000000612c00000|  0%| F|  |TAMS 0x0000000612800000| PB 0x0000000612800000| Untracked 
|  66|0x0000000612c00000, 0x0000000612c00000, 0x0000000613000000|  0%| F|  |TAMS 0x0000000612c00000| PB 0x0000000612c00000| Untracked 
|  67|0x0000000613000000, 0x0000000613000000, 0x0000000613400000|  0%| F|  |TAMS 0x0000000613000000| PB 0x0000000613000000| Untracked 
|  68|0x0000000613400000, 0x0000000613400000, 0x0000000613800000|  0%| F|  |TAMS 0x0000000613400000| PB 0x0000000613400000| Untracked 
|  69|0x0000000613800000, 0x0000000613800000, 0x0000000613c00000|  0%| F|  |TAMS 0x0000000613800000| PB 0x0000000613800000| Untracked 
|  70|0x0000000613c00000, 0x0000000613c00000, 0x0000000614000000|  0%| F|  |TAMS 0x0000000613c00000| PB 0x0000000613c00000| Untracked 
|  71|0x0000000614000000, 0x0000000614000000, 0x0000000614400000|  0%| F|  |TAMS 0x0000000614000000| PB 0x0000000614000000| Untracked 
|  72|0x0000000614400000, 0x0000000614400000, 0x0000000614800000|  0%| F|  |TAMS 0x0000000614400000| PB 0x0000000614400000| Untracked 
|  73|0x0000000614800000, 0x0000000614800000, 0x0000000614c00000|  0%| F|  |TAMS 0x0000000614800000| PB 0x0000000614800000| Untracked 
|  74|0x0000000614c00000, 0x0000000614c00000, 0x0000000615000000|  0%| F|  |TAMS 0x0000000614c00000| PB 0x0000000614c00000| Untracked 
|  75|0x0000000615000000, 0x0000000615000000, 0x0000000615400000|  0%| F|  |TAMS 0x0000000615000000| PB 0x0000000615000000| Untracked 
|  76|0x0000000615400000, 0x0000000615400000, 0x0000000615800000|  0%| F|  |TAMS 0x0000000615400000| PB 0x0000000615400000| Untracked 
|  77|0x0000000615800000, 0x0000000615800000, 0x0000000615c00000|  0%| F|  |TAMS 0x0000000615800000| PB 0x0000000615800000| Untracked 
|  78|0x0000000615c00000, 0x0000000615c00000, 0x0000000616000000|  0%| F|  |TAMS 0x0000000615c00000| PB 0x0000000615c00000| Untracked 
|  79|0x0000000616000000, 0x0000000616000000, 0x0000000616400000|  0%| F|  |TAMS 0x0000000616000000| PB 0x0000000616000000| Untracked 
|  80|0x0000000616400000, 0x0000000616400000, 0x0000000616800000|  0%| F|  |TAMS 0x0000000616400000| PB 0x0000000616400000| Untracked 
|  81|0x0000000616800000, 0x0000000616800000, 0x0000000616c00000|  0%| F|  |TAMS 0x0000000616800000| PB 0x0000000616800000| Untracked 
|  82|0x0000000616c00000, 0x0000000616c00000, 0x0000000617000000|  0%| F|  |TAMS 0x0000000616c00000| PB 0x0000000616c00000| Untracked 
|  83|0x0000000617000000, 0x0000000617000000, 0x0000000617400000|  0%| F|  |TAMS 0x0000000617000000| PB 0x0000000617000000| Untracked 
|  84|0x0000000617400000, 0x0000000617400000, 0x0000000617800000|  0%| F|  |TAMS 0x0000000617400000| PB 0x0000000617400000| Untracked 
|  85|0x0000000617800000, 0x0000000617800000, 0x0000000617c00000|  0%| F|  |TAMS 0x0000000617800000| PB 0x0000000617800000| Untracked 
|  86|0x0000000617c00000, 0x0000000617c00000, 0x0000000618000000|  0%| F|  |TAMS 0x0000000617c00000| PB 0x0000000617c00000| Untracked 
|  87|0x0000000618000000, 0x0000000618000000, 0x0000000618400000|  0%| F|  |TAMS 0x0000000618000000| PB 0x0000000618000000| Untracked 
|  88|0x0000000618400000, 0x0000000618400000, 0x0000000618800000|  0%| F|  |TAMS 0x0000000618400000| PB 0x0000000618400000| Untracked 
|  89|0x0000000618800000, 0x0000000618800000, 0x0000000618c00000|  0%| F|  |TAMS 0x0000000618800000| PB 0x0000000618800000| Untracked 
|  90|0x0000000618c00000, 0x0000000618c00000, 0x0000000619000000|  0%| F|  |TAMS 0x0000000618c00000| PB 0x0000000618c00000| Untracked 
|  91|0x0000000619000000, 0x0000000619000000, 0x0000000619400000|  0%| F|  |TAMS 0x0000000619000000| PB 0x0000000619000000| Untracked 
|  92|0x0000000619400000, 0x0000000619400000, 0x0000000619800000|  0%| F|  |TAMS 0x0000000619400000| PB 0x0000000619400000| Untracked 
|  93|0x0000000619800000, 0x0000000619800000, 0x0000000619c00000|  0%| F|  |TAMS 0x0000000619800000| PB 0x0000000619800000| Untracked 
|  94|0x0000000619c00000, 0x0000000619c00000, 0x000000061a000000|  0%| F|  |TAMS 0x0000000619c00000| PB 0x0000000619c00000| Untracked 
|  95|0x000000061a000000, 0x000000061a000000, 0x000000061a400000|  0%| F|  |TAMS 0x000000061a000000| PB 0x000000061a000000| Untracked 
|  96|0x000000061a400000, 0x000000061a400000, 0x000000061a800000|  0%| F|  |TAMS 0x000000061a400000| PB 0x000000061a400000| Untracked 
|  97|0x000000061a800000, 0x000000061a800000, 0x000000061ac00000|  0%| F|  |TAMS 0x000000061a800000| PB 0x000000061a800000| Untracked 
|  98|0x000000061ac00000, 0x000000061ac00000, 0x000000061b000000|  0%| F|  |TAMS 0x000000061ac00000| PB 0x000000061ac00000| Untracked 
|  99|0x000000061b000000, 0x000000061b000000, 0x000000061b400000|  0%| F|  |TAMS 0x000000061b000000| PB 0x000000061b000000| Untracked 
| 100|0x000000061b400000, 0x000000061b400000, 0x000000061b800000|  0%| F|  |TAMS 0x000000061b400000| PB 0x000000061b400000| Untracked 
| 101|0x000000061b800000, 0x000000061b800000, 0x000000061bc00000|  0%| F|  |TAMS 0x000000061b800000| PB 0x000000061b800000| Untracked 
| 102|0x000000061bc00000, 0x000000061bc00000, 0x000000061c000000|  0%| F|  |TAMS 0x000000061bc00000| PB 0x000000061bc00000| Untracked 
| 103|0x000000061c000000, 0x000000061c000000, 0x000000061c400000|  0%| F|  |TAMS 0x000000061c000000| PB 0x000000061c000000| Untracked 
| 104|0x000000061c400000, 0x000000061c400000, 0x000000061c800000|  0%| F|  |TAMS 0x000000061c400000| PB 0x000000061c400000| Untracked 
| 105|0x000000061c800000, 0x000000061c800000, 0x000000061cc00000|  0%| F|  |TAMS 0x000000061c800000| PB 0x000000061c800000| Untracked 
| 106|0x000000061cc00000, 0x000000061cc00000, 0x000000061d000000|  0%| F|  |TAMS 0x000000061cc00000| PB 0x000000061cc00000| Untracked 
| 107|0x000000061d000000, 0x000000061d000000, 0x000000061d400000|  0%| F|  |TAMS 0x000000061d000000| PB 0x000000061d000000| Untracked 
| 108|0x000000061d400000, 0x000000061d400000, 0x000000061d800000|  0%| F|  |TAMS 0x000000061d400000| PB 0x000000061d400000| Untracked 
| 109|0x000000061d800000, 0x000000061d800000, 0x000000061dc00000|  0%| F|  |TAMS 0x000000061d800000| PB 0x000000061d800000| Untracked 
| 110|0x000000061dc00000, 0x000000061dc00000, 0x000000061e000000|  0%| F|  |TAMS 0x000000061dc00000| PB 0x000000061dc00000| Untracked 
| 111|0x000000061e000000, 0x000000061e000000, 0x000000061e400000|  0%| F|  |TAMS 0x000000061e000000| PB 0x000000061e000000| Untracked 
| 112|0x000000061e400000, 0x000000061e400000, 0x000000061e800000|  0%| F|  |TAMS 0x000000061e400000| PB 0x000000061e400000| Untracked 
| 113|0x000000061e800000, 0x000000061e800000, 0x000000061ec00000|  0%| F|  |TAMS 0x000000061e800000| PB 0x000000061e800000| Untracked 
| 114|0x000000061ec00000, 0x000000061ec00000, 0x000000061f000000|  0%| F|  |TAMS 0x000000061ec00000| PB 0x000000061ec00000| Untracked 
| 115|0x000000061f000000, 0x000000061f000000, 0x000000061f400000|  0%| F|  |TAMS 0x000000061f000000| PB 0x000000061f000000| Untracked 
| 116|0x000000061f400000, 0x000000061f400000, 0x000000061f800000|  0%| F|  |TAMS 0x000000061f400000| PB 0x000000061f400000| Untracked 
| 117|0x000000061f800000, 0x000000061f800000, 0x000000061fc00000|  0%| F|  |TAMS 0x000000061f800000| PB 0x000000061f800000| Untracked 
| 118|0x000000061fc00000, 0x000000061fc00000, 0x0000000620000000|  0%| F|  |TAMS 0x000000061fc00000| PB 0x000000061fc00000| Untracked 
| 119|0x0000000620000000, 0x0000000620000000, 0x0000000620400000|  0%| F|  |TAMS 0x0000000620000000| PB 0x0000000620000000| Untracked 
| 120|0x0000000620400000, 0x0000000620400000, 0x0000000620800000|  0%| F|  |TAMS 0x0000000620400000| PB 0x0000000620400000| Untracked 
| 121|0x0000000620800000, 0x0000000620800000, 0x0000000620c00000|  0%| F|  |TAMS 0x0000000620800000| PB 0x0000000620800000| Untracked 
| 122|0x0000000620c00000, 0x0000000620c00000, 0x0000000621000000|  0%| F|  |TAMS 0x0000000620c00000| PB 0x0000000620c00000| Untracked 
| 123|0x0000000621000000, 0x0000000621000000, 0x0000000621400000|  0%| F|  |TAMS 0x0000000621000000| PB 0x0000000621000000| Untracked 
| 124|0x0000000621400000, 0x0000000621400000, 0x0000000621800000|  0%| F|  |TAMS 0x0000000621400000| PB 0x0000000621400000| Untracked 
| 125|0x0000000621800000, 0x0000000621800000, 0x0000000621c00000|  0%| F|  |TAMS 0x0000000621800000| PB 0x0000000621800000| Untracked 
| 126|0x0000000621c00000, 0x0000000621efa300, 0x0000000622000000| 74%| E|  |TAMS 0x0000000621c00000| PB 0x0000000621c00000| Complete 
| 127|0x0000000622000000, 0x0000000622400000, 0x0000000622400000|100%| E|CS|TAMS 0x0000000622000000| PB 0x0000000622000000| Complete 

Card table byte_map: [0x0000025932710000,0x0000025933700000] _byte_map_base: 0x000002592f6fe000

Marking Bits: (CMBitMap*) 0x0000025919e136a0
 Bits: [0x0000025933700000, 0x000002593b670000)

Polling page: 0x0000025917a90000

Metaspace:

Usage:
  Non-class:      2.24 MB used.
      Class:    176.75 KB used.
       Both:      2.41 MB used.

Virtual space:
  Non-class space:       64.00 MB reserved,       2.31 MB (  4%) committed,  1 nodes.
      Class space:        1.00 GB reserved,     256.00 KB ( <1%) committed,  1 nodes.
             Both:        1.06 GB reserved,       2.56 MB ( <1%) committed. 

Chunk freelists:
   Non-Class:  11.12 MB
       Class:  15.67 MB
        Both:  26.79 MB

MaxMetaspaceSize: unlimited
CompressedClassSpaceSize: 1.00 GB
Initial GC threshold: 21.00 MB
Current GC threshold: 21.00 MB
CDS: on
 - commit_granule_bytes: 65536.
 - commit_granule_words: 8192.
 - virtual_space_node_default_size: 8388608.
 - enlarge_chunks_in_place: 1.
 - use_allocation_guard: 0.


Internal statistics:

num_allocs_failed_limit: 0.
num_arena_births: 74.
num_arena_deaths: 0.
num_vsnodes_births: 2.
num_vsnodes_deaths: 0.
num_space_committed: 41.
num_space_uncommitted: 0.
num_chunks_returned_to_freelist: 0.
num_chunks_taken_from_freelist: 124.
num_chunk_merges: 0.
num_chunk_splits: 80.
num_chunks_enlarged: 51.
num_inconsistent_stats: 0.

CodeHeap 'non-profiled nmethods': size=120000Kb used=152Kb max_used=152Kb free=119848Kb
 bounds [0x0000025929ca0000, 0x0000025929f10000, 0x00000259311d0000]
CodeHeap 'profiled nmethods': size=120000Kb used=693Kb max_used=693Kb free=119306Kb
 bounds [0x00000259221d0000, 0x0000025922440000, 0x0000025929700000]
CodeHeap 'non-nmethods': size=5760Kb used=2026Kb max_used=2026Kb free=3733Kb
 bounds [0x0000025929700000, 0x0000025929970000, 0x0000025929ca0000]
 total_blobs=1512 nmethods=503 adapters=914
 compilation: enabled
              stopped_count=0, restarted_count=0
 full_count=0

Compilation events (20 events):
Event: 0.138 Thread 0x000002593e41def0  495       3       java.lang.ThreadLocal::get (35 bytes)
Event: 0.138 Thread 0x000002593e41def0 nmethod 495 0x000002592227a090 code [0x000002592227a260, 0x000002592227a580]
Event: 0.138 Thread 0x000002593e41def0  485       3       java.util.jar.Attributes::putValue (13 bytes)
Event: 0.139 Thread 0x000002593e41def0 nmethod 485 0x000002592227a710 code [0x000002592227a940, 0x000002592227b188]
Event: 0.139 Thread 0x000002593e41def0  496       1       java.net.URL::getPort (5 bytes)
Event: 0.139 Thread 0x000002593e41def0 nmethod 496 0x0000025929cc5110 code [0x0000025929cc52a0, 0x0000025929cc5368]
Event: 0.164 Thread 0x000002593e41def0  497       1       java.net.URL::getAuthority (5 bytes)
Event: 0.164 Thread 0x000002593e41def0 nmethod 497 0x0000025929cc5410 code [0x0000025929cc55a0, 0x0000025929cc5670]
Event: 0.164 Thread 0x000002593e41def0  498       1       java.net.URL::getPath (5 bytes)
Event: 0.165 Thread 0x000002593e41def0 nmethod 498 0x0000025929cc5710 code [0x0000025929cc58a0, 0x0000025929cc5970]
Event: 0.165 Thread 0x000002593e41def0  499       1       java.net.URL::getQuery (5 bytes)
Event: 0.165 Thread 0x000002593e41def0 nmethod 499 0x0000025929cc5a10 code [0x0000025929cc5ba0, 0x0000025929cc5c70]
Event: 0.165 Thread 0x000002593e41def0  500       3       java.lang.StringUTF16::compress (50 bytes)
Event: 0.165 Thread 0x000002593e41def0 nmethod 500 0x000002592227b410 code [0x000002592227b5c0, 0x000002592227b800]
Event: 0.165 Thread 0x000002593e41def0  501   !   3       java.lang.ref.ReferenceQueue::poll (40 bytes)
Event: 0.165 Thread 0x000002593e41def0 nmethod 501 0x000002592227b990 code [0x000002592227bc00, 0x000002592227c690]
Event: 0.165 Thread 0x000002593e41def0  502       1       java.security.CodeSource::getLocationNoFragString (5 bytes)
Event: 0.165 Thread 0x000002593e41def0 nmethod 502 0x0000025929cc5d10 code [0x0000025929cc5ea0, 0x0000025929cc5f70]
Event: 0.262 Thread 0x000002593e41def0  503       3       java.lang.String::regionMatches (150 bytes)
Event: 0.263 Thread 0x000002593e41def0 nmethod 503 0x000002592227ca10 code [0x000002592227cc60, 0x000002592227d460]

GC Heap History (0 events):
No events

Dll operation events (13 events):
Event: 0.004 Loaded shared library C:\Users\nik\.jdks\openjdk-21.0.2\bin\java.dll
Event: 0.026 Loaded shared library C:\Users\nik\.jdks\openjdk-21.0.2\bin\jsvml.dll
Event: 0.058 Loaded shared library C:\Users\nik\.jdks\openjdk-21.0.2\bin\zip.dll
Event: 0.060 Loaded shared library C:\Users\nik\.jdks\openjdk-21.0.2\bin\instrument.dll
Event: 0.062 Loaded shared library C:\Users\nik\.jdks\openjdk-21.0.2\bin\net.dll
Event: 0.063 Loaded shared library C:\Users\nik\.jdks\openjdk-21.0.2\bin\nio.dll
Event: 0.065 Loaded shared library C:\Users\nik\.jdks\openjdk-21.0.2\bin\zip.dll
Event: 0.081 Loaded shared library C:\Program Files\JetBrains\IntelliJ IDEA 2023.3.3\bin\breakgen64.dll
Event: 0.087 Loaded shared library C:\Users\nik\.jdks\openjdk-21.0.2\bin\extnet.dll
Event: 0.102 Loaded shared library C:\Users\nik\.jdks\openjdk-21.0.2\bin\jimage.dll
Event: 0.116 Loaded shared library C:\Users\nik\AppData\Local\Temp\lwjgl_nik\3.3.3+5\x64\lwjgl.dll
Event: 0.168 Loaded shared library C:\Users\nik\source\repos\kgfx\kgfx\java\kgfx.dll
Event: 0.188 Loaded shared library C:\Users\nik\source\repos\kgfx\kgfx\java\kgfx_java.dll

Deoptimization events (12 events):
Event: 0.081 Thread 0x0000025917af2f50 Uncommon trap: trap_request=0xffffff45 fr.pc=0x0000025929cb190c relative=0x000000000000006c
Event: 0.081 Thread 0x0000025917af2f50 Uncommon trap: reason=unstable_if action=reinterpret pc=0x0000025929cb190c method=java.lang.String.isLatin1()Z @ 10 c2
Event: 0.081 Thread 0x0000025917af2f50 DEOPT PACKING pc=0x0000025929cb190c sp=0x000000aba66fe3c0
Event: 0.081 Thread 0x0000025917af2f50 DEOPT UNPACKING pc=0x00000259297546a2 sp=0x000000aba66fe350 mode 2
Event: 0.081 Thread 0x0000025917af2f50 Uncommon trap: trap_request=0xffffff45 fr.pc=0x0000025929cafdec relative=0x00000000000000cc
Event: 0.081 Thread 0x0000025917af2f50 Uncommon trap: reason=unstable_if action=reinterpret pc=0x0000025929cafdec method=java.lang.String.isLatin1()Z @ 10 c2
Event: 0.081 Thread 0x0000025917af2f50 DEOPT PACKING pc=0x0000025929cafdec sp=0x000000aba66feee0
Event: 0.081 Thread 0x0000025917af2f50 DEOPT UNPACKING pc=0x00000259297546a2 sp=0x000000aba66fee20 mode 2
Event: 0.123 Thread 0x0000025917af2f50 DEOPT PACKING pc=0x00000259221e4578 sp=0x000000aba66fe060
Event: 0.123 Thread 0x0000025917af2f50 DEOPT UNPACKING pc=0x0000025929754e42 sp=0x000000aba66fd480 mode 0
Event: 0.134 Thread 0x0000025917af2f50 DEOPT PACKING pc=0x00000259221d9bd8 sp=0x000000aba66fca00
Event: 0.134 Thread 0x0000025917af2f50 DEOPT UNPACKING pc=0x0000025929754e42 sp=0x000000aba66fbe68 mode 0

Classes loaded (20 events):
Event: 0.127 Loading class java/nio/DirectCharBufferU
Event: 0.127 Loading class java/nio/DirectCharBufferU done
Event: 0.127 Loading class java/nio/DirectFloatBufferU
Event: 0.127 Loading class java/nio/DirectFloatBufferU done
Event: 0.127 Loading class java/nio/DirectDoubleBufferU
Event: 0.127 Loading class java/nio/DirectDoubleBufferU done
Event: 0.127 Loading class sun/misc/Unsafe
Event: 0.127 Loading class sun/misc/Unsafe done
Event: 0.128 Loading class java/lang/invoke/DirectMethodHandle$StaticAccessor
Event: 0.128 Loading class java/lang/invoke/DirectMethodHandle$StaticAccessor done
Event: 0.129 Loading class java/util/function/LongPredicate
Event: 0.129 Loading class java/util/function/LongPredicate done
Event: 0.130 Loading class java/lang/foreign/MemorySegment
Event: 0.130 Loading class java/lang/foreign/MemorySegment done
Event: 0.132 Loading class java/nio/InvalidMarkException
Event: 0.132 Loading class java/nio/InvalidMarkException done
Event: 0.132 Loading class java/nio/BufferUnderflowException
Event: 0.132 Loading class java/nio/BufferUnderflowException done
Event: 0.133 Loading class java/lang/IndexOutOfBoundsException
Event: 0.133 Loading class java/lang/IndexOutOfBoundsException done

Classes unloaded (0 events):
No events

Classes redefined (0 events):
No events

Internal exceptions (19 events):
Event: 0.076 Thread 0x0000025917af2f50 Exception <a 'java/lang/NoSuchMethodError'{0x000000062239f5b0}: 'void java.lang.invoke.DirectMethodHandle$Holder.invokeStatic(java.lang.Object, java.lang.Object, java.lang.Object)'> (0x000000062239f5b0) 
thrown [s\open\src\hotspot\share\interpreter\linkResolver.cpp, line 773]
Event: 0.078 Thread 0x0000025917af2f50 Exception <a 'java/lang/NoSuchMethodError'{0x00000006223b6ab8}: 'java.lang.Object java.lang.invoke.Invokers$Holder.invokeExact_MT(java.lang.Object, java.lang.Object, java.lang.Object, java.lang.Object, java.lang.Object)'> (0x00000006223b6ab8) 
thrown [s\open\src\hotspot\share\interpreter\linkResolver.cpp, line 773]
Event: 0.088 Thread 0x000002593e7d03a0 Exception <a 'java/lang/NoSuchMethodError'{0x00000006223ee9d8}: 'void java.lang.invoke.DirectMethodHandle$Holder.invokeStatic(java.lang.Object, java.lang.Object)'> (0x00000006223ee9d8) 
thrown [s\open\src\hotspot\share\interpreter\linkResolver.cpp, line 773]
Event: 0.096 Thread 0x0000025917af2f50 Exception <a 'java/lang/NoSuchMethodError'{0x0000000621c8d018}: 'void java.lang.System.load(java.lang.String, java.lang.Class)'> (0x0000000621c8d018) 
thrown [s\open\src\hotspot\share\interpreter\linkResolver.cpp, line 773]
Event: 0.096 Thread 0x0000025917af2f50 Exception <a 'java/lang/NoSuchMethodError'{0x0000000621c8d9e8}: 'void java.lang.invoke.DirectMethodHandle$Holder.invokeSpecial(java.lang.Object, java.lang.Object, java.lang.Object)'> (0x0000000621c8d9e8) 
thrown [s\open\src\hotspot\share\interpreter\linkResolver.cpp, line 773]
Event: 0.097 Thread 0x0000025917af2f50 Exception <a 'java/lang/NoSuchMethodError'{0x0000000621d16478}: 'java.lang.Object java.lang.invoke.DirectMethodHandle$Holder.invokeStatic(java.lang.Object, java.lang.Object, int)'> (0x0000000621d16478) 
thrown [s\open\src\hotspot\share\interpreter\linkResolver.cpp, line 773]
Event: 0.098 Thread 0x0000025917af2f50 Exception <a 'java/lang/NoSuchMethodError'{0x0000000621d21978}: 'void java.lang.invoke.DelegatingMethodHandle$Holder.delegate(java.lang.Object, java.lang.Object, int, java.lang.Object)'> (0x0000000621d21978) 
thrown [s\open\src\hotspot\share\interpreter\linkResolver.cpp, line 773]
Event: 0.098 Thread 0x0000025917af2f50 Exception <a 'java/lang/NoSuchMethodError'{0x0000000621d25658}: 'int java.lang.invoke.DirectMethodHandle$Holder.invokeSpecial(java.lang.Object, java.lang.Object, java.lang.Object)'> (0x0000000621d25658) 
thrown [s\open\src\hotspot\share\interpreter\linkResolver.cpp, line 773]
Event: 0.101 Thread 0x0000025917af2f50 Exception <a 'java/lang/NoSuchMethodError'{0x0000000621d3e970}: 'void java.lang.System.loadLibrary(java.lang.String, java.lang.Class)'> (0x0000000621d3e970) 
thrown [s\open\src\hotspot\share\interpreter\linkResolver.cpp, line 773]
Event: 0.115 Thread 0x0000025917af2f50 Exception <a 'sun/nio/fs/WindowsException'{0x0000000621d6efd8}> (0x0000000621d6efd8) 
thrown [s\open\src\hotspot\share\prims\jni.cpp, line 520]
Event: 0.115 Thread 0x0000025917af2f50 Exception <a 'sun/nio/fs/WindowsException'{0x0000000621d6f4e8}> (0x0000000621d6f4e8) 
thrown [s\open\src\hotspot\share\prims\jni.cpp, line 520]
Event: 0.123 Thread 0x0000025917af2f50 Exception <a 'sun/nio/fs/WindowsException'{0x0000000621d9ff28}> (0x0000000621d9ff28) 
thrown [s\open\src\hotspot\share\prims\jni.cpp, line 520]
Event: 0.123 Thread 0x0000025917af2f50 Exception <a 'sun/nio/fs/WindowsException'{0x0000000621da0278}> (0x0000000621da0278) 
thrown [s\open\src\hotspot\share\prims\jni.cpp, line 520]
Event: 0.129 Thread 0x0000025917af2f50 Exception <a 'java/lang/NoSuchMethodError'{0x0000000621def388}: 'int java.lang.invoke.DirectMethodHandle$Holder.invokeStaticInit(java.lang.Object, java.lang.Object, int, long)'> (0x0000000621def388) 
thrown [s\open\src\hotspot\share\interpreter\linkResolver.cpp, line 773]
Event: 0.129 Thread 0x0000025917af2f50 Exception <a 'java/lang/NoSuchMethodError'{0x0000000621df43b0}: 'java.lang.Object java.lang.invoke.DirectMethodHandle$Holder.newInvokeSpecial(java.lang.Object, java.lang.Object, int)'> (0x0000000621df43b0) 
thrown [s\open\src\hotspot\share\interpreter\linkResolver.cpp, line 773]
Event: 0.131 Thread 0x0000025917af2f50 Exception <a 'java/lang/NoSuchMethodError'{0x0000000621e03538}: 'int java.lang.invoke.DirectMethodHandle$Holder.invokeStaticInit(java.lang.Object, java.lang.Object, long, long)'> (0x0000000621e03538) 
thrown [s\open\src\hotspot\share\interpreter\linkResolver.cpp, line 773]
Event: 0.131 Thread 0x0000025917af2f50 Exception <a 'java/lang/NoSuchMethodError'{0x0000000621e08fe0}: 'java.lang.Object java.lang.invoke.DirectMethodHandle$Holder.newInvokeSpecial(java.lang.Object, java.lang.Object, long)'> (0x0000000621e08fe0) 
thrown [s\open\src\hotspot\share\interpreter\linkResolver.cpp, line 773]
Event: 0.131 Thread 0x0000025917af2f50 Exception <a 'java/lang/NoSuchMethodError'{0x0000000621e0cd98}: 'java.lang.Object java.lang.invoke.Invokers$Holder.linkToTargetMethod(java.lang.Object, long, java.lang.Object)'> (0x0000000621e0cd98) 
thrown [s\open\src\hotspot\share\interpreter\linkResolver.cpp, line 773]
Event: 0.132 Thread 0x0000025917af2f50 Exception <a 'java/lang/NoSuchMethodError'{0x0000000621e13e20}: 'int java.lang.invoke.DirectMethodHandle$Holder.invokeStaticInit(java.lang.Object, java.lang.Object, java.lang.Object, long)'> (0x0000000621e13e20) 
thrown [s\open\src\hotspot\share\interpreter\linkResolver.cpp, line 773]

ZGC Phase Switch (0 events):
No events

VM Operations (4 events):
Event: 0.050 Executing VM operation: HandshakeAllThreads (Deoptimize)
Event: 0.050 Executing VM operation: HandshakeAllThreads (Deoptimize) done
Event: 0.111 Executing VM operation: HandshakeAllThreads (Deoptimize)
Event: 0.111 Executing VM operation: HandshakeAllThreads (Deoptimize) done

Events (12 events):
Event: 0.015 Thread 0x0000025917af2f50 Thread added: 0x0000025917af2f50
Event: 0.024 Thread 0x000002593ddb4840 Thread added: 0x000002593ddb4840
Event: 0.024 Thread 0x000002593ddb5910 Thread added: 0x000002593ddb5910
Event: 0.025 Thread 0x000002593ddb9ed0 Thread added: 0x000002593ddb9ed0
Event: 0.025 Thread 0x000002593ddbc650 Thread added: 0x000002593ddbc650
Event: 0.025 Thread 0x000002593ddbd410 Thread added: 0x000002593ddbd410
Event: 0.025 Thread 0x000002593ddbe610 Thread added: 0x000002593ddbe610
Event: 0.025 Thread 0x000002593e413f60 Thread added: 0x000002593e413f60
Event: 0.025 Thread 0x000002593e41def0 Thread added: 0x000002593e41def0
Event: 0.046 Thread 0x000002593dd7fb30 Thread added: 0x000002593dd7fb30
Event: 0.081 Thread 0x000002593e7d03a0 Thread added: 0x000002593e7d03a0
Event: 0.081 Thread 0x000002593e7cb910 Thread added: 0x000002593e7cb910


Dynamic libraries:
0x00007ff635870000 - 0x00007ff63587e000 	C:\Users\nik\.jdks\openjdk-21.0.2\bin\java.exe
0x00007ff830b50000 - 0x00007ff830d48000 	C:\Windows\SYSTEM32\ntdll.dll
0x00007ff82f810000 - 0x00007ff82f8cd000 	C:\Windows\System32\KERNEL32.DLL
0x00007ff82e210000 - 0x00007ff82e506000 	C:\Windows\System32\KERNELBASE.dll
0x00007ff82e850000 - 0x00007ff82e950000 	C:\Windows\System32\ucrtbase.dll
0x00007ff8262b0000 - 0x00007ff8262cb000 	C:\Users\nik\.jdks\openjdk-21.0.2\bin\VCRUNTIME140.dll
0x00007ff828f10000 - 0x00007ff828f28000 	C:\Users\nik\.jdks\openjdk-21.0.2\bin\jli.dll
0x00007ff82f570000 - 0x00007ff82f70e000 	C:\Windows\System32\USER32.dll
0x00007ff82e820000 - 0x00007ff82e842000 	C:\Windows\System32\win32u.dll
0x00007ff82d670000 - 0x00007ff82d90a000 	C:\Windows\WinSxS\amd64_microsoft.windows.common-controls_6595b64144ccf1df_6.0.19041.3636_none_60b6a03d71f818d5\COMCTL32.dll
0x00007ff830670000 - 0x00007ff83069b000 	C:\Windows\System32\GDI32.dll
0x00007ff82fd50000 - 0x00007ff82fdee000 	C:\Windows\System32\msvcrt.dll
0x00007ff82e510000 - 0x00007ff82e627000 	C:\Windows\System32\gdi32full.dll
0x00007ff82ea80000 - 0x00007ff82eb1d000 	C:\Windows\System32\msvcp_win.dll
0x00007ff830a70000 - 0x00007ff830aa2000 	C:\Windows\System32\IMM32.DLL
0x00007ff828fe0000 - 0x00007ff828fec000 	C:\Users\nik\.jdks\openjdk-21.0.2\bin\vcruntime140_1.dll
0x00007ff80f500000 - 0x00007ff80f58e000 	C:\Users\nik\.jdks\openjdk-21.0.2\bin\msvcp140.dll
0x00007ffffc1f0000 - 0x00007ffffcf07000 	C:\Users\nik\.jdks\openjdk-21.0.2\bin\server\jvm.dll
0x00007ff82ec40000 - 0x00007ff82ecf3000 	C:\Windows\System32\ADVAPI32.dll
0x00007ff82f060000 - 0x00007ff82f0ff000 	C:\Windows\System32\sechost.dll
0x00007ff82f9c0000 - 0x00007ff82fae6000 	C:\Windows\System32\RPCRT4.dll
0x00007ff82ea50000 - 0x00007ff82ea77000 	C:\Windows\System32\bcrypt.dll
0x00007ff830600000 - 0x00007ff83066b000 	C:\Windows\System32\WS2_32.dll
0x00007ff82e070000 - 0x00007ff82e0bb000 	C:\Windows\SYSTEM32\POWRPROF.dll
0x00007ff827540000 - 0x00007ff82754a000 	C:\Windows\SYSTEM32\VERSION.dll
0x00007ff822e70000 - 0x00007ff822e97000 	C:\Windows\SYSTEM32\WINMM.dll
0x00007ff82e050000 - 0x00007ff82e062000 	C:\Windows\SYSTEM32\UMPDC.dll
0x00007ff82b2e0000 - 0x00007ff82b2f2000 	C:\Windows\SYSTEM32\kernel.appcore.dll
0x00007ff826350000 - 0x00007ff82635a000 	C:\Users\nik\.jdks\openjdk-21.0.2\bin\jimage.dll
0x00007ff82db20000 - 0x00007ff82dd04000 	C:\Windows\SYSTEM32\DBGHELP.DLL
0x00007ff82dae0000 - 0x00007ff82db14000 	C:\Windows\SYSTEM32\dbgcore.DLL
0x00007ff82e630000 - 0x00007ff82e6b2000 	C:\Windows\System32\bcryptPrimitives.dll
0x00007ff81cab0000 - 0x00007ff81cabf000 	C:\Users\nik\.jdks\openjdk-21.0.2\bin\instrument.dll
0x00007ff81c5f0000 - 0x00007ff81c60f000 	C:\Users\nik\.jdks\openjdk-21.0.2\bin\java.dll
0x00007ff82feb0000 - 0x00007ff8305f5000 	C:\Windows\System32\SHELL32.dll
0x00007ff82bc70000 - 0x00007ff82c40c000 	C:\Windows\SYSTEM32\windows.storage.dll
0x00007ff82ed00000 - 0x00007ff82f054000 	C:\Windows\System32\combase.dll
0x00007ff82d3a0000 - 0x00007ff82d3ce000 	C:\Windows\SYSTEM32\Wldp.dll
0x00007ff82f740000 - 0x00007ff82f80d000 	C:\Windows\System32\OLEAUT32.dll
0x00007ff82fe00000 - 0x00007ff82fead000 	C:\Windows\System32\SHCORE.dll
0x00007ff830ab0000 - 0x00007ff830b05000 	C:\Windows\System32\shlwapi.dll
0x00007ff82e140000 - 0x00007ff82e165000 	C:\Windows\SYSTEM32\profapi.dll
0x00007ff801080000 - 0x00007ff801157000 	C:\Users\nik\.jdks\openjdk-21.0.2\bin\jsvml.dll
0x00007ff81c460000 - 0x00007ff81c478000 	C:\Users\nik\.jdks\openjdk-21.0.2\bin\zip.dll
0x00007ff81c5e0000 - 0x00007ff81c5f0000 	C:\Users\nik\.jdks\openjdk-21.0.2\bin\net.dll
0x00007ff8277d0000 - 0x00007ff8278da000 	C:\Windows\SYSTEM32\WINHTTP.dll
0x00007ff82d210000 - 0x00007ff82d27a000 	C:\Windows\system32\mswsock.dll
0x00007ff81c4a0000 - 0x00007ff81c4b6000 	C:\Users\nik\.jdks\openjdk-21.0.2\bin\nio.dll
0x00007ff81c410000 - 0x00007ff81c42a000 	C:\Program Files\JetBrains\IntelliJ IDEA 2023.3.3\bin\breakgen64.dll
0x00007ff81c450000 - 0x00007ff81c459000 	C:\Users\nik\.jdks\openjdk-21.0.2\bin\extnet.dll
0x00007ff80eee0000 - 0x00007ff80ef5b000 	C:\Users\nik\AppData\Local\Temp\lwjgl_nik\3.3.3+5\x64\lwjgl.dll
0x00007ffffef80000 - 0x00007fffff002000 	C:\Users\nik\AppData\Local\Temp\lwjgl_nik\3.3.3+5\x64\glfw.dll
0x00007ffffef30000 - 0x00007ffffef75000 	C:\Windows\SYSTEM32\dinput8.dll
0x00007ff81a530000 - 0x00007ff81a541000 	C:\Windows\SYSTEM32\xinput1_4.dll
0x00007ff82e950000 - 0x00007ff82e99e000 	C:\Windows\System32\cfgmgr32.dll
0x00007ff82ded0000 - 0x00007ff82df03000 	C:\Windows\SYSTEM32\DEVOBJ.dll
0x00007ff82b0d0000 - 0x00007ff82b0ff000 	C:\Windows\SYSTEM32\dwmapi.dll
0x00007ff8268b0000 - 0x00007ff826a02000 	C:\Windows\SYSTEM32\inputhost.dll
0x00007ff82a540000 - 0x00007ff82a695000 	C:\Windows\SYSTEM32\wintypes.dll
0x00007ff82ab40000 - 0x00007ff82ac32000 	C:\Windows\SYSTEM32\CoreMessaging.dll
0x00007ff82a7a0000 - 0x00007ff82aafb000 	C:\Windows\SYSTEM32\CoreUIComponents.dll
0x00007ff829080000 - 0x00007ff829176000 	C:\Windows\SYSTEM32\PROPSYS.dll
0x00007ff82de70000 - 0x00007ff82dea3000 	C:\Windows\SYSTEM32\ntmarta.dll
0x00007ff82aef0000 - 0x00007ff82af8e000 	C:\Windows\system32\uxtheme.dll
0x00007ff82fc30000 - 0x00007ff82fd44000 	C:\Windows\System32\MSCTF.dll
0x00007ff826ac0000 - 0x00007ff826bb9000 	C:\Windows\SYSTEM32\textinputframework.dll
0x00007ffffeeb0000 - 0x00007ffffef24000 	C:\Users\nik\source\repos\kgfx\kgfx\java\kgfx.dll
0x00007ff830700000 - 0x00007ff83082b000 	C:\Windows\System32\ole32.dll
0x00007ff8291e0000 - 0x00007ff82963d000 	C:\Windows\SYSTEM32\D3DCOMPILER_47.dll
0x00007fffffd90000 - 0x00007fffffdb5000 	C:\Windows\SYSTEM32\d3d12.dll
0x00007ff82c450000 - 0x00007ff82c543000 	C:\Windows\SYSTEM32\dxgi.dll
0x00007ffffe9e0000 - 0x00007ffffeac1000 	C:\Windows\SYSTEM32\MSVCP140D.dll
0x00007ff81a480000 - 0x00007ff81a48f000 	C:\Windows\SYSTEM32\VCRUNTIME140_1D.dll
0x00007ffffee80000 - 0x00007ffffeeae000 	C:\Windows\SYSTEM32\VCRUNTIME140D.dll
0x00007ffffe7b0000 - 0x00007ffffe9d1000 	C:\Windows\SYSTEM32\ucrtbased.dll
0x00007ff82deb0000 - 0x00007ff82dec8000 	C:\Windows\SYSTEM32\CRYPTSP.dll
0x00007ffffece0000 - 0x00007ffffed56000 	C:\Users\nik\source\repos\kgfx\kgfx\java\kgfx_java.dll
0x00007fffae710000 - 0x00007fffae8dd000 	C:\Windows\SYSTEM32\D3D12Core.dll
0x00007ffffe750000 - 0x00007ffffe7a7000 	C:\Windows\SYSTEM32\DXGIDebug.dll
0x00007ffffaad0000 - 0x00007ffffaf78000 	C:\Windows\SYSTEM32\D3D12SDKLayers.dll
0x00007ff822e30000 - 0x00007ff822e6b000 	C:\Windows\SYSTEM32\dxcore.dll
0x00007fff03280000 - 0x00007fff08298000 	C:\Windows\System32\DriverStore\FileRepository\u0398226.inf_amd64_c5d9587384e4b5ff\B398182\amdxc64.dll
0x00007ff81e920000 - 0x00007ff81e955000 	C:\Windows\SYSTEM32\amdihk64.dll
0x0000000068710000 - 0x0000000068847000 	C:\Windows\System32\DriverStore\FileRepository\u0398226.inf_amd64_c5d9587384e4b5ff\B398182\amdenc64.dll
0x00007fffefb80000 - 0x00007fffefbaa000 	C:\Windows\SYSTEM32\D3DSCache.dll
0x00007ff82e100000 - 0x00007ff82e12e000 	C:\Windows\SYSTEM32\USERENV.dll
0x00007ff826600000 - 0x00007ff826803000 	C:\Windows\SYSTEM32\twinapi.appcore.dll
0x00007ff829fd0000 - 0x00007ff82a1b3000 	C:\Windows\SYSTEM32\dcomp.dll
0x00007ff82cbd0000 - 0x00007ff82cc04000 	C:\Windows\system32\rsaenh.dll
0x00007ff82d460000 - 0x00007ff82d46c000 	C:\Windows\SYSTEM32\CRYPTBASE.dll

dbghelp: loaded successfully - version: 4.0.5 - missing functions: none
symbol engine: initialized successfully - sym options: 0x614 - pdb path: .;C:\Users\nik\.jdks\openjdk-21.0.2\bin;C:\Windows\SYSTEM32;C:\Windows\WinSxS\amd64_microsoft.windows.common-controls_6595b64144ccf1df_6.0.19041.3636_none_60b6a03d71f818d5;C:\Users\nik\.jdks\openjdk-21.0.2\bin\server;C:\Program Files\JetBrains\IntelliJ IDEA 2023.3.3\bin;C:\Users\nik\AppData\Local\Temp\lwjgl_nik\3.3.3+5\x64;C:\Users\nik\source\repos\kgfx\kgfx\java;C:\Windows\System32\DriverStore\FileRepository\u0398226.inf_amd64_c5d9587384e4b5ff\B398182

VM Arguments:
jvm_args: -Djava.library.path=C:\Users\nik\source\repos\kgfx\kgfx\java -javaagent:C:\Program Files\JetBrains\IntelliJ IDEA 2023.3.3\lib\idea_rt.jar=64725:C:\Program Files\JetBrains\IntelliJ IDEA 2023.3.3\bin -Dfile.encoding=UTF-8 -Dsun.stdout.encoding=UTF-8 -Dsun.stderr.encoding=UTF-8 
java_command: Main
java_class_path (initial): C:\Users\nik\source\repos\kgfx\kgfx\java\project\out\production\project;C:\Users\nik\source\repos\kgfx\kgfx\java\project\lib\glfw\lwjgl-glfw.jar;C:\Users\nik\source\repos\kgfx\kgfx\java\project\lib\glfw\lwjgl-glfw-javadoc.jar;C:\Users\nik\source\repos\kgfx\kgfx\java\project\lib\glfw\lwjgl-glfw-sources.jar;C:\Users\nik\source\repos\kgfx\kgfx\java\project\lib\glfw\lwjgl-glfw-natives-linux.jar;C:\Users\nik\source\repos\kgfx\kgfx\java\project\lib\glfw\lwjgl-glfw-natives-macos.jar;C:\Users\nik\source\repos\kgfx\kgfx\java\project\lib\glfw\lwjgl-glfw-natives-windows.jar;C:\Users\nik\source\repos\kgfx\kgfx\java\project\lib\glfw\lwjgl-glfw-natives-linux-arm32.jar;C:\Users\nik\source\repos\kgfx\kgfx\java\project\lib\glfw\lwjgl-glfw-natives-linux-arm64.jar;C:\Users\nik\source\repos\kgfx\kgfx\java\project\lib\glfw\lwjgl-glfw-natives-macos-arm64.jar;C:\Users\nik\source\repos\kgfx\kgfx\java\project\lib\glfw\lwjgl-glfw-natives-windows-x86.jar;C:\Users\nik\source\repos\kgfx\kgfx\java\project\lib\glfw\lwjgl-glfw-natives-windows-arm64.jar;C:\Users\nik\source\repos\kgfx\kgfx\java\project\lib\lwjgl\lwjgl.jar;C:\Users\nik\source\repos\kgfx\kgfx\java\project\lib\lwjgl\lwjgl-javadoc.jar;C:\Users\nik\source\repos\kgfx\kgfx\java\project\lib\lwjgl\lwjgl-sources.jar;C:\Users\nik\source\repos\kgfx\kgfx\java\project\lib\lwjgl\lwjgl-natives-linux.jar;C:\Users\nik\source\repos\kgfx\kgfx\java\project\lib\lwjgl\lwjgl-natives-macos.jar;C:\Users\nik\source\repos\kgfx\kgfx\java\project\lib\lwjgl\lwjgl-natives-windows.jar;C:\Users\nik\source\repos\kgfx\kgfx\java\project\lib\lwjgl\lwjgl-natives-linux-arm32.jar;C:\Users\nik\source\repos\kgfx\kgfx\java\project\lib\lwjgl\lwjgl-natives-linux-arm64.jar;C:\Users\nik\source\repos\kgfx\kgfx\java\project\lib\lwjgl\lwjgl-natives-macos-arm64.jar;C:\Users\nik\source\repos\kgfx\kgfx\java\project\lib\lwjgl\lwjgl-natives-windows-x86.jar;C:\Users\nik\source\repos\kgfx\kgfx\java\project\lib\lwjgl\lwjgl-natives-windows-arm64.jar
Launcher Type: SUN_STANDARD

[Global flags]
     intx CICompilerCount                          = 4                                         {product} {ergonomic}
     uint ConcGCThreads                            = 3                                         {product} {ergonomic}
     uint G1ConcRefinementThreads                  = 10                                        {product} {ergonomic}
   size_t G1HeapRegionSize                         = 4194304                                   {product} {ergonomic}
    uintx GCDrainStackTargetSize                   = 64                                        {product} {ergonomic}
   size_t InitialHeapSize                          = 536870912                                 {product} {ergonomic}
   size_t MarkStackSize                            = 4194304                                   {product} {ergonomic}
   size_t MaxHeapSize                              = 8552185856                                {product} {ergonomic}
   size_t MaxNewSize                               = 5129633792                                {product} {ergonomic}
   size_t MinHeapDeltaBytes                        = 4194304                                   {product} {ergonomic}
   size_t MinHeapSize                              = 8388608                                   {product} {ergonomic}
    uintx NonNMethodCodeHeapSize                   = 5839372                                {pd product} {ergonomic}
    uintx NonProfiledCodeHeapSize                  = 122909434                              {pd product} {ergonomic}
    uintx ProfiledCodeHeapSize                     = 122909434                              {pd product} {ergonomic}
    uintx ReservedCodeCacheSize                    = 251658240                              {pd product} {ergonomic}
     bool SegmentedCodeCache                       = true                                      {product} {ergonomic}
   size_t SoftMaxHeapSize                          = 8552185856                             {manageable} {ergonomic}
     bool UseCompressedOops                        = true                           {product lp64_product} {ergonomic}
     bool UseG1GC                                  = true                                      {product} {ergonomic}
     bool UseLargePagesIndividualAllocation        = false                                  {pd product} {ergonomic}

Logging:
Log output configuration:
 #0: stdout all=warning uptime,level,tags foldmultilines=false
 #1: stderr all=off uptime,level,tags foldmultilines=false

Environment Variables:
PATH=C:\VulkanSDK\1.3.275.0\Bin;C:\Program Files\Common Files\Oracle\Java\javapath;C:\VulkanSDK\1.3.268.0\Bin;C:\Windows\system32;C:\Windows;C:\Windows\System32\Wbem;C:\Windows\System32\WindowsPowerShell\v1.0\;C:\Windows\System32\OpenSSH\;C:\Program Files\dotnet\;C:\Program Files (x86)\Windows Kits\10\Windows Performance Toolkit\;C:\Program Files\Git\cmd;C:\Program Files\Git\mingw64\bin;C:\Program Files\Git\usr\bin;C:\Users\nik\AppData\Local\Microsoft\WindowsApps;C:\Users\nik\.dotnet\tools;C:\Program Files\JetBrains\IntelliJ IDEA 2023.3.3\bin;
USERNAME=nik
OS=Windows_NT
PROCESSOR_IDENTIFIER=Intel64 Family 6 Model 165 Stepping 5, GenuineIntel
TMP=C:\Users\nik\AppData\Local\Temp
TEMP=C:\Users\nik\AppData\Local\Temp




Periodic native trim disabled

---------------  S Y S T E M  ---------------

OS:
 Windows 10 , 64 bit Build 19041 (10.0.19041.3636)
OS uptime: 8 days 11:50 hours

CPU: total 12 (initial active 12) (6 cores per cpu, 2 threads per core) family 6 model 165 stepping 5 microcode 0xe2, cx8, cmov, fxsr, ht, mmx, 3dnowpref, sse, sse2, sse3, ssse3, sse4.1, sse4.2, popcnt, lzcnt, tsc, tscinvbit, avx, avx2, aes, erms, clmul, bmi1, bmi2, adx, fma, vzeroupper, clflush, clflushopt, rdtscp, f16c, pku
Processor Information for all 12 processors :
  Max Mhz: 4104, Current Mhz: 4104, Mhz Limit: 4104

Memory: 4k page, system-wide physical 32616M (19104M free)
TotalPageFile size 47976M (AvailPageFile size 21177M)
current process WorkingSet (physical memory assigned to process): 109M, peak: 113M
current process commit charge ("private bytes"): 665M, peak: 669M

vm_info: OpenJDK 64-Bit Server VM (21.0.2+13-58) for windows-amd64 JRE (21.0.2+13-58), built on 2024-01-05T18:32:24Z by "mach5one" with MS VC++ 17.1 (VS2022)

END.
