#
# A fatal error has been detected by the Java Runtime Environment:
#
#  SIGSEGV (0xb) at pc=0x0000000000000000, pid=25761, tid=259
#
# JRE version: OpenJDK Runtime Environment Corretto-18.0.2.9.1 (18.0.2+9) (build 18.0.2+9-FR)
# Java VM: OpenJDK 64-Bit Server VM Corretto-18.0.2.9.1 (18.0.2+9-FR, mixed mode, sharing, tiered, compressed oops, compressed class ptrs, g1 gc, bsd-amd64)
# Problematic frame:
# C  0x0000000000000000
#
# No core dump will be written. Core dumps have been disabled. To enable core dumping, try "ulimit -c unlimited" before starting Java again
#
# If you would like to submit a bug report, please visit:
#   https://github.com/corretto/corretto-18/issues/
# The crash happened outside the Java Virtual Machine in native code.
# See problematic frame for where to report the bug.
#

---------------  S U M M A R Y ------------

Command Line: -Djava.library.path=/Users/KellyNicholasI/Documents/kgfx/java -javaagent:/Users/KellyNicholasI/Library/Python/3.9/bin/IntelliJ IDEA.app/Contents/lib/idea_rt.jar=49595:/Users/KellyNicholasI/Library/Python/3.9/bin/IntelliJ IDEA.app/Contents/bin -Dfile.encoding=UTF-8 -Dsun.stdout.encoding=UTF-8 -Dsun.stderr.encoding=UTF-8 Main

Host: "MacBookAir7,2" x86_64 1800 MHz, 4 cores, 8G, Darwin 21.6.0, macOS 12.7.1 (21G920)
Time: Fri Mar  8 11:28:51 2024 EST elapsed time: 1.580892 seconds (0d 0h 0m 1s)

---------------  T H R E A D  ---------------

Current thread (0x00007ff0f900c600):  JavaThread "main" [_thread_in_native, id=259, stack(0x00007ff7b24d5000,0x00007ff7b2cd5000)]

Stack: [0x00007ff7b24d5000,0x00007ff7b2cd5000],  sp=0x00007ff7b2cd1638,  free space=8177k
Java frames: (J=compiled Java code, j=interpreted, Vv=VM code)
j  com.krisvers.kgfx.KGFXjni.destroyShader(JJ)V+0
j  com.krisvers.kgfx.KGFXshader.destroy()V+8
j  Main.main([Ljava/lang/String;)V+237
v  ~StubRoutines::call_stub

siginfo: si_signo: 11 (SIGSEGV), si_code: 1 (SEGV_MAPERR), si_addr: 0x0000000000000000

Register to memory mapping:

RAX=0x0 is NULL
RBX={method} {0x000000012cc0a480} 'destroyShader' '(JJ)V' in 'com/krisvers/kgfx/KGFXjni'
RCX=0x0000600003be1b00 points into unknown readable memory: 0x0000000000000000 | 00 00 00 00 00 00 00 00
RDX=0x000000010e2cb020: _ZL5dummy+0 in /Users/KellyNicholasI/Documents/kgfx/java/libkgfx.dylib at 0x000000010e2bf000
RSP=0x00007ff7b2cd1638 is pointing into the stack for thread: 0x00007ff0f900c600
RBP=0x00007ff7b2cd1650 is pointing into the stack for thread: 0x00007ff0f900c600
RSI=0x0000600003be1b00 points into unknown readable memory: 0x0000000000000000 | 00 00 00 00 00 00 00 00
RDI=0x0 is NULL
R8 ={method} {0x000000012cc0a480} 'destroyShader' '(JJ)V' in 'com/krisvers/kgfx/KGFXjni'
R9 =0x00000000ffffffe8 is an unknown value
R10=0x000000011b5d850b is at code_begin+843 in an Interpreter codelet
method entry point (kind = native)  [0x000000011b5d81c0, 0x000000011b5d8a20]  2144 bytes
R11=0x0000000787d10b18 is an oop: java.lang.Class 
{0x0000000787d10b18} - klass: 'java/lang/Class'
 - ---- fields (total size 52 words):
 - private volatile transient 'classRedefinedCount' 'I' @12  0
 - abstract internal 'klass' 'J' @16  34372334064 (c031f0 8)
 - abstract internal 'array_klass' 'J' @24  0 (0 0)
 - abstract internal 'oop_size' 'I' @32  52 (34)
 - abstract internal 'static_oop_field_count' 'I' @36  0
 - private volatile transient 'cachedConstructor' 'Ljava/lang/reflect/Constructor;' @40  NULL (0)
 - private transient 'name' 'Ljava/lang/String;' @44  "com.krisvers.kgfx.KGFXjni"{0x0000000787d10cc8} (f0fa2199)
 - private transient 'module' 'Ljava/lang/Module;' @48  a 'java/lang/Module'{0x0000000787f19f58} (f0fe33eb)
 - private final 'classLoader' 'Ljava/lang/ClassLoader;' @52  a 'jdk/internal/loader/ClassLoaders$AppClassLoader'{0x0000000787f19dc8} (f0fe33b9)
 - private transient 'classData' 'Ljava/lang/Object;' @56  NULL (0)
 - private transient 'packageName' 'Ljava/lang/String;' @60  "com.krisvers.kgfx"{0x0000000787d0bc88} (f0fa1791)
 - private final 'componentType' 'Ljava/lang/Class;' @64  NULL (0)
 - private volatile transient 'reflectionData' 'Ljava/lang/ref/SoftReference;' @68  NULL (0)
 - private volatile transient 'genericInfo' 'Lsun/reflect/generics/repository/ClassRepository;' @72  NULL (0)
 - private volatile transient 'enumConstants' '[Ljava/lang/Object;' @76  NULL (0)
 - private volatile transient 'enumConstantDirectory' 'Ljava/util/Map;' @80  NULL (0)
 - private volatile transient 'annotationData' 'Ljava/lang/Class$AnnotationData;' @84  NULL (0)
 - private volatile transient 'annotationType' 'Lsun/reflect/annotation/AnnotationType;' @88  NULL (0)
 - transient 'classValueMap' 'Ljava/lang/ClassValue$ClassValueMap;' @92  NULL (0)
 - abstract internal 'protection_domain' 'Ljava/lang/Object;' @96  a 'java/security/ProtectionDomain'{0x0000000787d0b0f8} (f0fa161f)
 - abstract internal 'signers_name' 'Ljava/lang/Object;' @100  NULL (0)
 - abstract internal 'source_file' 'Ljava/lang/Object;' @104  NULL (0)
 - signature: Lcom/krisvers/kgfx/KGFXjni;
 - ---- static fields (0):
 - public static final 'KGFX_JAVA_VERSION_MAJOR' 'I' @408  0
 - public static final 'KGFX_JAVA_VERSION_MINOR' 'I' @116  1
 - public static final 'KGFX_JAVA_VERSION_PATCH' 'I' @120  0
 - public static final 'KGFX_BACKEND_UNKNOWN' 'I' @124  0
 - public static final 'KGFX_BACKEND_GENERIC' 'I' @128  0
 - public static final 'KGFX_BACKEND_VULKAN' 'I' @132  1
 - public static final 'KGFX_BACKEND_D3D12' 'I' @136  2
 - public static final 'KGFX_BACKEND_METAL' 'I' @140  3
 - public static final 'KGFX_BACKEND_OPENGL' 'I' @144  4
 - public static final 'KGFX_BACKEND_DUMMY' 'I' @148  255 (ff)
 - public static final 'KGFX_SHADERTYPE_VERTEX' 'I' @152  0
 - public static final 'KGFX_SHADERTYPE_FRAGMENT' 'I' @156  1
 - public static final 'KGFX_SHADERTYPE_GEOMETRY' 'I' @160  2
 - public static final 'KGFX_SHADERTYPE_COMPUTE' 'I' @164  3
 - public static final 'KGFX_MEDIUM_SPIRV' 'I' @168  0
 - public static final 'KGFX_MEDIUM_GLSL' 'I' @172  1
 - public static final 'KGFX_MEDIUM_HLSL' 'I' @176  2
 - public static final 'KGFX_MEDIUM_MSL' 'I' @180  3
 - public static final 'KGFX_DATATYPE_FLOAT' 'I' @184  1
 - public static final 'KGFX_DATATYPE_FLOAT2' 'I' @188  2
 - public static final 'KGFX_DATATYPE_FLOAT3' 'I' @192  3
 - public static final 'KGFX_DATATYPE_FLOAT4' 'I' @196  4
 - public static final 'KGFX_DATATYPE_INT' 'I' @200  5
 - public static final 'KGFX_DATATYPE_INT2' 'I' @204  6
 - public static final 'KGFX_DATATYPE_INT3' 'I' @208  7
 - public static final 'KGFX_DATATYPE_INT4' 'I' @212  8
 - public static final 'KGFX_DATATYPE_UINT' 'I' @216  9
 - public static final 'KGFX_DATATYPE_UINT2' 'I' @220  10 (a)
 - public static final 'KGFX_DATATYPE_UINT3' 'I' @224  11 (b)
 - public static final 'KGFX_DATATYPE_UINT4' 'I' @228  12 (c)
 - public static final 'KGFX_DATATYPE_MAT2' 'I' @232  13 (d)
 - public static final 'KGFX_DATATYPE_MAT3' 'I' @236  14 (e)
 - public static final 'KGFX_DATATYPE_MAT4' 'I' @240  15 (f)
 - public static final 'KGFX_DATATYPE_TEXTURE_SAMPLER' 'I' @244  16 (10)
 - public static final 'KGFX_VERTEX_INPUT_RATE_VERTEX' 'I' @248  0
 - public static final 'KGFX_VERTEX_INPUT_RATE_INSTANCE' 'I' @252  1
 - public static final 'KGFX_BINDPOINT_VERTEX' 'I' @256  1
 - public static final 'KGFX_BINDPOINT_FRAGMENT' 'I' @260  2
 - public static final 'KGFX_BINDPOINT_GEOMETRY' 'I' @264  4
 - public static final 'KGFX_BINDPOINT_COMPUTE' 'I' @268  8
 - public static final 'KGFX_DESCRIPTOR_USAGE_INVALID' 'I' @272  0
 - public static final 'KGFX_DESCRIPTOR_USAGE_UNIFORM_BUFFER' 'I' @276  1
 - public static final 'KGFX_DESCRIPTOR_USAGE_STORAGE_BUFFER' 'I' @280  2
 - public static final 'KGFX_DESCRIPTOR_USAGE_TEXTURE' 'I' @284  3
 - public static final 'KGFX_DESCRIPTOR_USAGE_STORAGE_TEXTURE' 'I' @288  4
 - public static final 'KGFX_CULLMODE_NONE' 'I' @292  0
 - public static final 'KGFX_CULLMODE_FRONT' 'I' @296  1
 - public static final 'KGFX_CULLMODE_BACK' 'I' @300  2
 - public static final 'KGFX_FRONTFACE_CCW' 'I' @304  0
 - public static final 'KGFX_FRONTFACE_CW' 'I' @308  1
 - public static final 'KGFX_FILLMODE_SOLID' 'I' @312  0
 - public static final 'KGFX_FILLMODE_LINES' 'I' @316  1
 - public static final 'KGFX_TOPOLOGY_POINTS' 'I' @320  0
 - public static final 'KGFX_TOPOLOGY_LINES' 'I' @324  1
 - public static final 'KGFX_TOPOLOGY_TRIANGLES' 'I' @328  2
 - public static final 'KGFX_BUFFER_LOCATION_CPU' 'I' @332  0
 - public static final 'KGFX_BUFFER_LOCATION_GPU' 'I' @336  1
 - public static final 'KGFX_BUFFER_USAGE_VERTEX_BUFFER' 'I' @340  1
 - public static final 'KGFX_BUFFER_USAGE_INDEX_BUFFER' 'I' @344  2
 - public static final 'KGFX_BUFFER_USAGE_UNIFORM_BUFFER' 'I' @348  4
 - public static final 'KGFX_BUFFER_USAGE_STORAGE_BUFFER' 'I' @352  8
 - public static final 'KGFX_BUFFER_USAGE_TEXTURE_SRC' 'I' @356  16 (10)
 - public static final 'KGFX_TEXTURE_FORMAT_R8G8B8A8_UNORM' 'I' @360  0
 - public static final 'KGFX_TEXTURE_FORMAT_R8G8B8A8_SRGB' 'I' @364  1
 - public static final 'KGFX_TEXTURE_FORMAT_R32G32B32A32_SFLOAT' 'I' @368  2
 - public static final 'KGFX_TEXTURE_FORMAT_R32G32B32_SFLOAT' 'I' @372  3
 - public static final 'KGFX_TEXTURE_FORMAT_R32G32_SFLOAT' 'I' @376  4
 - public static final 'KGFX_TEXTURE_FORMAT_R32_SFLOAT' 'I' @380  5
 - public static final 'KGFX_TEXTURE_FORMAT_DEPTH' 'I' @384  6
 - public static final 'KGFX_SAMPLER_FILTER_NEAREST' 'I' @388  0
 - public static final 'KGFX_SAMPLER_FILTER_LINEAR' 'I' @392  1
 - public static final 'KGFX_SAMPLER_ADDRESS_MODE_REPEAT' 'I' @396  0
 - public static final 'KGFX_SAMPLER_ADDRESS_MODE_MIRRORED_REPEAT' 'I' @400  1
 - public static final 'KGFX_SAMPLER_ADDRESS_MODE_CLAMP' 'I' @404  2
 - public static final 'KGFX_SAMPLER_ADDRESS_MODE_MIRRORED_CLAMP' 'I' @112  3
R12=0x0 is NULL
R13={method} {0x000000012cc0a480} 'destroyShader' '(JJ)V' in 'com/krisvers/kgfx/KGFXjni'
R14=0x00007ff7b2cd1730 is pointing into the stack for thread: 0x00007ff0f900c600
R15=0x00007ff0f900c600 is a thread


Registers:
RAX=0x0000000000000000, RBX=0x000000012cc0a480, RCX=0x0000600003be1b00, RDX=0x000000010e2cb020
RSP=0x00007ff7b2cd1638, RBP=0x00007ff7b2cd1650, RSI=0x0000600003be1b00, RDI=0x0000000000000000
R8 =0x000000012cc0a480, R9 =0x00000000ffffffe8, R10=0x000000011b5d850b, R11=0x0000000787d10b18
R12=0x0000000000000000, R13=0x000000012cc0a480, R14=0x00007ff7b2cd1730, R15=0x00007ff0f900c600
RIP=0x0000000000000000, EFLAGS=0x0000000000010206, ERR=0x0000000000000014
  TRAPNO=0x000000000000000e

Top of Stack: (sp=0x00007ff7b2cd1638)
0x00007ff7b2cd1638:   000000010e2c0578 0000600003be1b00
0x00007ff7b2cd1648:   000000010e2cb020 00007ff7b2cd1680
0x00007ff7b2cd1658:   000000010e2dcb15 0000600003be1b00
0x00007ff7b2cd1668:   000000010e2cb020 00007ff7b2cd1708
0x00007ff7b2cd1678:   00007ff0f900c890 00007ff7b2cd16f8
0x00007ff7b2cd1688:   000000011b5d853a 00007ff7b2cd16f8
0x00007ff7b2cd1698:   000000011b5d82b0 000000012cc0a480
0x00007ff7b2cd16a8:   000000011b5d8276 00007ff7b2cd16b0
0x00007ff7b2cd16b8:   000000012cc0a480 00007ff7b2cd1730
0x00007ff7b2cd16c8:   000000012cc0baa0 0000000000000000
0x00007ff7b2cd16d8:   0000000787d10b18 000000012cc0a480
0x00007ff7b2cd16e8:   0000000000000000 00007ff7b2cd1718
0x00007ff7b2cd16f8:   00007ff7b2cd1780 000000011b5d442b
0x00007ff7b2cd1708:   0000000787d10b18 000000011b5d5f78
0x00007ff7b2cd1718:   0000600003be1b00 0000000000000000
0x00007ff7b2cd1728:   000000010e2cb020 0000000000000000
0x00007ff7b2cd1738:   00007ff7b2cd1738 000000012ccffd30
0x00007ff7b2cd1748:   00007ff7b2cd1790 000000012ccb7a18
0x00007ff7b2cd1758:   0000000000000000 0000000787a5e958
0x00007ff7b2cd1768:   000000012ccffd48 00007ff7b2cd1718
0x00007ff7b2cd1778:   00007ff7b2cd1790 00007ff7b2cd17e0
0x00007ff7b2cd1788:   000000011b5d442b 0000000787a5ea80
0x00007ff7b2cd1798:   00007ff7b2cd1798 000000012cc07c85
0x00007ff7b2cd17a8:   00007ff7b2cd1868 000000012cc08c50
0x00007ff7b2cd17b8:   0000000000000000 0000000787d0b290
0x00007ff7b2cd17c8:   000000012cc08b88 00007ff7b2cd1790
0x00007ff7b2cd17d8:   00007ff7b2cd1868 00007ff7b2cd18d0
0x00007ff7b2cd17e8:   000000011b5cbcc9 0000000000000000
0x00007ff7b2cd17f8:   0000000000000000 0000000000000000
0x00007ff7b2cd1808:   0000000000000000 0000000000000000
0x00007ff7b2cd1818:   0000000787a69188 0000000787a5f9e8
0x00007ff7b2cd1828:   0000000787a5ebb0 0000000787a5ea80 

Instructions: (pc=0x0000000000000000)
0xffffffffffffff00:   


Stack slot to memory mapping:
stack at sp + 0 slots: 0x000000010e2c0578: kgfxDestroyShader+0x68 in /Users/KellyNicholasI/Documents/kgfx/java/libkgfx.dylib at 0x000000010e2bf000
stack at sp + 1 slots: 0x0000600003be1b00 points into unknown readable memory: 0x0000000000000000 | 00 00 00 00 00 00 00 00
stack at sp + 2 slots: 0x000000010e2cb020: _ZL5dummy+0 in /Users/KellyNicholasI/Documents/kgfx/java/libkgfx.dylib at 0x000000010e2bf000
stack at sp + 3 slots: 0x00007ff7b2cd1680 is pointing into the stack for thread: 0x00007ff0f900c600
stack at sp + 4 slots: 0x000000010e2dcb15: Java_com_krisvers_kgfx_KGFXjni_destroyShader+0x25 in /Users/KellyNicholasI/Documents/kgfx/java/libkgfx_java.dylib at 0x000000010e2db000
stack at sp + 5 slots: 0x0000600003be1b00 points into unknown readable memory: 0x0000000000000000 | 00 00 00 00 00 00 00 00
stack at sp + 6 slots: 0x000000010e2cb020: _ZL5dummy+0 in /Users/KellyNicholasI/Documents/kgfx/java/libkgfx.dylib at 0x000000010e2bf000
stack at sp + 7 slots: 0x00007ff7b2cd1708 is pointing into the stack for thread: 0x00007ff0f900c600


---------------  P R O C E S S  ---------------

Threads class SMR info:
_java_thread_list=0x00006000039fb720, length=12, elements={
0x00007ff0f900c600, 0x00007ff0fa02a000, 0x00007ff0fa02a600, 0x00007ff0f8014c00,
0x00007ff0f980a800, 0x00007ff0f904ea00, 0x00007ff0f9050e00, 0x00007ff0f9817000,
0x00007ff0f8012c00, 0x00007ff0f9051400, 0x00007ff0f904ba00, 0x00007ff0fa052800
}

Java Threads: ( => current thread )
=>0x00007ff0f900c600 JavaThread "main" [_thread_in_native, id=259, stack(0x00007ff7b24d5000,0x00007ff7b2cd5000)]
  0x00007ff0fa02a000 JavaThread "Reference Handler" daemon [_thread_blocked, id=15363, stack(0x0000700008c04000,0x0000700008d04000)]
  0x00007ff0fa02a600 JavaThread "Finalizer" daemon [_thread_blocked, id=15875, stack(0x0000700008d07000,0x0000700008e07000)]
  0x00007ff0f8014c00 JavaThread "Signal Dispatcher" daemon [_thread_blocked, id=42755, stack(0x0000700008f10000,0x0000700009010000)]
  0x00007ff0f980a800 JavaThread "Service Thread" daemon [_thread_blocked, id=23811, stack(0x0000700009013000,0x0000700009113000)]
  0x00007ff0f904ea00 JavaThread "Monitor Deflation Thread" daemon [_thread_blocked, id=24323, stack(0x0000700009116000,0x0000700009216000)]
  0x00007ff0f9050e00 JavaThread "C2 CompilerThread0" daemon [_thread_blocked, id=24579, stack(0x0000700009219000,0x0000700009319000)]
  0x00007ff0f9817000 JavaThread "C1 CompilerThread0" daemon [_thread_blocked, id=24835, stack(0x000070000931c000,0x000070000941c000)]
  0x00007ff0f8012c00 JavaThread "Sweeper thread" daemon [_thread_blocked, id=25347, stack(0x000070000941f000,0x000070000951f000)]
  0x00007ff0f9051400 JavaThread "Common-Cleaner" daemon [_thread_blocked, id=41731, stack(0x0000700009522000,0x0000700009622000)]
  0x00007ff0f904ba00 JavaThread "Monitor Ctrl-Break" daemon [_thread_in_native, id=41475, stack(0x0000700009625000,0x0000700009725000)]
  0x00007ff0fa052800 JavaThread "Notification Thread" daemon [_thread_blocked, id=25859, stack(0x0000700009728000,0x0000700009828000)]

Other Threads:
  0x00007ff0f88164e0 VMThread "VM Thread" [stack: 0x0000700008b01000,0x0000700008c01000] [id=16899]
  0x00007ff0f7f08750 WatcherThread "VM Periodic Task Thread" [stack: 0x000070000982b000,0x000070000992b000] [id=40963]
  0x00007ff0f88072d0 WorkerThread "GC Thread#0" [stack: 0x00007000085f2000,0x00007000086f2000] [id=12291]
  0x00007ff0f8f042b0 ConcurrentGCThread "G1 Main Marker" [stack: 0x00007000086f5000,0x00007000087f5000] [id=12547]
  0x00007ff0f8f04b10 WorkerThread "G1 Conc#0" [stack: 0x00007000087f8000,0x00007000088f8000] [id=18435]
  0x00007ff0f8813730 ConcurrentGCThread "G1 Refine#0" [stack: 0x00007000088fb000,0x00007000089fb000] [id=12803]
  0x00007ff0f8813fb0 ConcurrentGCThread "G1 Service" [stack: 0x00007000089fe000,0x0000700008afe000] [id=13315]

Threads with active compile tasks:

VM state: not at safepoint (normal execution)

VM Mutex/Monitor currently owned by a thread: None

Heap address: 0x0000000780000000, size: 2048 MB, Compressed Oops mode: Zero based, Oop shift amount: 3

CDS archive(s) mapped at: [0x0000000800000000-0x0000000800ba4000-0x0000000800ba4000), size 12206080, SharedBaseAddress: 0x0000000800000000, ArchiveRelocationMode: 0.
Compressed class space mapped at: 0x0000000800c00000-0x0000000840c00000, reserved size: 1073741824
Narrow klass base: 0x0000000800000000, Narrow klass shift: 0, Narrow klass range: 0x100000000

GC Precious Log:
 CardTable entry size: 512
 Card Set container configuration: InlinePtr #cards 5 size 8 Array Of Cards #cards 12 size 40 Howl #buckets 4 coarsen threshold 1843 Howl Bitmap #cards 512 size 80 coarsen threshold 460 Card regions per heap region 1 cards per card region 2048
 CPUs: 4 total, 4 available
 Memory: 8192M
 Large Page Support: Disabled
 NUMA Support: Disabled
 Compressed Oops: Enabled (Zero based)
 Heap Region Size: 1M
 Heap Min Capacity: 8M
 Heap Initial Capacity: 128M
 Heap Max Capacity: 2G
 Pre-touch: Disabled
 Parallel Workers: 4
 Concurrent Workers: 1
 Concurrent Refinement Workers: 4
 Periodic GC: Disabled

Heap:
 garbage-first heap   total 133120K, used 6040K [0x0000000780000000, 0x0000000800000000)
  region size 1024K, 6 young (6144K), 0 survivors (0K)
 Metaspace       used 2508K, committed 2688K, reserved 1114112K
  class space    used 182K, committed 256K, reserved 1048576K

Heap Regions: E=young(eden), S=young(survivor), O=old, HS=humongous(starts), HC=humongous(continues), CS=collection set, F=free, OA=open archive, CA=closed archive, TAMS=top-at-mark-start (previous, next)
|   0|0x0000000780000000, 0x0000000780000000, 0x0000000780100000|  0%| F|  |TAMS 0x0000000780000000, 0x0000000780000000| Untracked 
|   1|0x0000000780100000, 0x0000000780100000, 0x0000000780200000|  0%| F|  |TAMS 0x0000000780100000, 0x0000000780100000| Untracked 
|   2|0x0000000780200000, 0x0000000780200000, 0x0000000780300000|  0%| F|  |TAMS 0x0000000780200000, 0x0000000780200000| Untracked 
|   3|0x0000000780300000, 0x0000000780300000, 0x0000000780400000|  0%| F|  |TAMS 0x0000000780300000, 0x0000000780300000| Untracked 
|   4|0x0000000780400000, 0x0000000780400000, 0x0000000780500000|  0%| F|  |TAMS 0x0000000780400000, 0x0000000780400000| Untracked 
|   5|0x0000000780500000, 0x0000000780500000, 0x0000000780600000|  0%| F|  |TAMS 0x0000000780500000, 0x0000000780500000| Untracked 
|   6|0x0000000780600000, 0x0000000780600000, 0x0000000780700000|  0%| F|  |TAMS 0x0000000780600000, 0x0000000780600000| Untracked 
|   7|0x0000000780700000, 0x0000000780700000, 0x0000000780800000|  0%| F|  |TAMS 0x0000000780700000, 0x0000000780700000| Untracked 
|   8|0x0000000780800000, 0x0000000780800000, 0x0000000780900000|  0%| F|  |TAMS 0x0000000780800000, 0x0000000780800000| Untracked 
|   9|0x0000000780900000, 0x0000000780900000, 0x0000000780a00000|  0%| F|  |TAMS 0x0000000780900000, 0x0000000780900000| Untracked 
|  10|0x0000000780a00000, 0x0000000780a00000, 0x0000000780b00000|  0%| F|  |TAMS 0x0000000780a00000, 0x0000000780a00000| Untracked 
|  11|0x0000000780b00000, 0x0000000780b00000, 0x0000000780c00000|  0%| F|  |TAMS 0x0000000780b00000, 0x0000000780b00000| Untracked 
|  12|0x0000000780c00000, 0x0000000780c00000, 0x0000000780d00000|  0%| F|  |TAMS 0x0000000780c00000, 0x0000000780c00000| Untracked 
|  13|0x0000000780d00000, 0x0000000780d00000, 0x0000000780e00000|  0%| F|  |TAMS 0x0000000780d00000, 0x0000000780d00000| Untracked 
|  14|0x0000000780e00000, 0x0000000780e00000, 0x0000000780f00000|  0%| F|  |TAMS 0x0000000780e00000, 0x0000000780e00000| Untracked 
|  15|0x0000000780f00000, 0x0000000780f00000, 0x0000000781000000|  0%| F|  |TAMS 0x0000000780f00000, 0x0000000780f00000| Untracked 
|  16|0x0000000781000000, 0x0000000781000000, 0x0000000781100000|  0%| F|  |TAMS 0x0000000781000000, 0x0000000781000000| Untracked 
|  17|0x0000000781100000, 0x0000000781100000, 0x0000000781200000|  0%| F|  |TAMS 0x0000000781100000, 0x0000000781100000| Untracked 
|  18|0x0000000781200000, 0x0000000781200000, 0x0000000781300000|  0%| F|  |TAMS 0x0000000781200000, 0x0000000781200000| Untracked 
|  19|0x0000000781300000, 0x0000000781300000, 0x0000000781400000|  0%| F|  |TAMS 0x0000000781300000, 0x0000000781300000| Untracked 
|  20|0x0000000781400000, 0x0000000781400000, 0x0000000781500000|  0%| F|  |TAMS 0x0000000781400000, 0x0000000781400000| Untracked 
|  21|0x0000000781500000, 0x0000000781500000, 0x0000000781600000|  0%| F|  |TAMS 0x0000000781500000, 0x0000000781500000| Untracked 
|  22|0x0000000781600000, 0x0000000781600000, 0x0000000781700000|  0%| F|  |TAMS 0x0000000781600000, 0x0000000781600000| Untracked 
|  23|0x0000000781700000, 0x0000000781700000, 0x0000000781800000|  0%| F|  |TAMS 0x0000000781700000, 0x0000000781700000| Untracked 
|  24|0x0000000781800000, 0x0000000781800000, 0x0000000781900000|  0%| F|  |TAMS 0x0000000781800000, 0x0000000781800000| Untracked 
|  25|0x0000000781900000, 0x0000000781900000, 0x0000000781a00000|  0%| F|  |TAMS 0x0000000781900000, 0x0000000781900000| Untracked 
|  26|0x0000000781a00000, 0x0000000781a00000, 0x0000000781b00000|  0%| F|  |TAMS 0x0000000781a00000, 0x0000000781a00000| Untracked 
|  27|0x0000000781b00000, 0x0000000781b00000, 0x0000000781c00000|  0%| F|  |TAMS 0x0000000781b00000, 0x0000000781b00000| Untracked 
|  28|0x0000000781c00000, 0x0000000781c00000, 0x0000000781d00000|  0%| F|  |TAMS 0x0000000781c00000, 0x0000000781c00000| Untracked 
|  29|0x0000000781d00000, 0x0000000781d00000, 0x0000000781e00000|  0%| F|  |TAMS 0x0000000781d00000, 0x0000000781d00000| Untracked 
|  30|0x0000000781e00000, 0x0000000781e00000, 0x0000000781f00000|  0%| F|  |TAMS 0x0000000781e00000, 0x0000000781e00000| Untracked 
|  31|0x0000000781f00000, 0x0000000781f00000, 0x0000000782000000|  0%| F|  |TAMS 0x0000000781f00000, 0x0000000781f00000| Untracked 
|  32|0x0000000782000000, 0x0000000782000000, 0x0000000782100000|  0%| F|  |TAMS 0x0000000782000000, 0x0000000782000000| Untracked 
|  33|0x0000000782100000, 0x0000000782100000, 0x0000000782200000|  0%| F|  |TAMS 0x0000000782100000, 0x0000000782100000| Untracked 
|  34|0x0000000782200000, 0x0000000782200000, 0x0000000782300000|  0%| F|  |TAMS 0x0000000782200000, 0x0000000782200000| Untracked 
|  35|0x0000000782300000, 0x0000000782300000, 0x0000000782400000|  0%| F|  |TAMS 0x0000000782300000, 0x0000000782300000| Untracked 
|  36|0x0000000782400000, 0x0000000782400000, 0x0000000782500000|  0%| F|  |TAMS 0x0000000782400000, 0x0000000782400000| Untracked 
|  37|0x0000000782500000, 0x0000000782500000, 0x0000000782600000|  0%| F|  |TAMS 0x0000000782500000, 0x0000000782500000| Untracked 
|  38|0x0000000782600000, 0x0000000782600000, 0x0000000782700000|  0%| F|  |TAMS 0x0000000782600000, 0x0000000782600000| Untracked 
|  39|0x0000000782700000, 0x0000000782700000, 0x0000000782800000|  0%| F|  |TAMS 0x0000000782700000, 0x0000000782700000| Untracked 
|  40|0x0000000782800000, 0x0000000782800000, 0x0000000782900000|  0%| F|  |TAMS 0x0000000782800000, 0x0000000782800000| Untracked 
|  41|0x0000000782900000, 0x0000000782900000, 0x0000000782a00000|  0%| F|  |TAMS 0x0000000782900000, 0x0000000782900000| Untracked 
|  42|0x0000000782a00000, 0x0000000782a00000, 0x0000000782b00000|  0%| F|  |TAMS 0x0000000782a00000, 0x0000000782a00000| Untracked 
|  43|0x0000000782b00000, 0x0000000782b00000, 0x0000000782c00000|  0%| F|  |TAMS 0x0000000782b00000, 0x0000000782b00000| Untracked 
|  44|0x0000000782c00000, 0x0000000782c00000, 0x0000000782d00000|  0%| F|  |TAMS 0x0000000782c00000, 0x0000000782c00000| Untracked 
|  45|0x0000000782d00000, 0x0000000782d00000, 0x0000000782e00000|  0%| F|  |TAMS 0x0000000782d00000, 0x0000000782d00000| Untracked 
|  46|0x0000000782e00000, 0x0000000782e00000, 0x0000000782f00000|  0%| F|  |TAMS 0x0000000782e00000, 0x0000000782e00000| Untracked 
|  47|0x0000000782f00000, 0x0000000782f00000, 0x0000000783000000|  0%| F|  |TAMS 0x0000000782f00000, 0x0000000782f00000| Untracked 
|  48|0x0000000783000000, 0x0000000783000000, 0x0000000783100000|  0%| F|  |TAMS 0x0000000783000000, 0x0000000783000000| Untracked 
|  49|0x0000000783100000, 0x0000000783100000, 0x0000000783200000|  0%| F|  |TAMS 0x0000000783100000, 0x0000000783100000| Untracked 
|  50|0x0000000783200000, 0x0000000783200000, 0x0000000783300000|  0%| F|  |TAMS 0x0000000783200000, 0x0000000783200000| Untracked 
|  51|0x0000000783300000, 0x0000000783300000, 0x0000000783400000|  0%| F|  |TAMS 0x0000000783300000, 0x0000000783300000| Untracked 
|  52|0x0000000783400000, 0x0000000783400000, 0x0000000783500000|  0%| F|  |TAMS 0x0000000783400000, 0x0000000783400000| Untracked 
|  53|0x0000000783500000, 0x0000000783500000, 0x0000000783600000|  0%| F|  |TAMS 0x0000000783500000, 0x0000000783500000| Untracked 
|  54|0x0000000783600000, 0x0000000783600000, 0x0000000783700000|  0%| F|  |TAMS 0x0000000783600000, 0x0000000783600000| Untracked 
|  55|0x0000000783700000, 0x0000000783700000, 0x0000000783800000|  0%| F|  |TAMS 0x0000000783700000, 0x0000000783700000| Untracked 
|  56|0x0000000783800000, 0x0000000783800000, 0x0000000783900000|  0%| F|  |TAMS 0x0000000783800000, 0x0000000783800000| Untracked 
|  57|0x0000000783900000, 0x0000000783900000, 0x0000000783a00000|  0%| F|  |TAMS 0x0000000783900000, 0x0000000783900000| Untracked 
|  58|0x0000000783a00000, 0x0000000783a00000, 0x0000000783b00000|  0%| F|  |TAMS 0x0000000783a00000, 0x0000000783a00000| Untracked 
|  59|0x0000000783b00000, 0x0000000783b00000, 0x0000000783c00000|  0%| F|  |TAMS 0x0000000783b00000, 0x0000000783b00000| Untracked 
|  60|0x0000000783c00000, 0x0000000783c00000, 0x0000000783d00000|  0%| F|  |TAMS 0x0000000783c00000, 0x0000000783c00000| Untracked 
|  61|0x0000000783d00000, 0x0000000783d00000, 0x0000000783e00000|  0%| F|  |TAMS 0x0000000783d00000, 0x0000000783d00000| Untracked 
|  62|0x0000000783e00000, 0x0000000783e00000, 0x0000000783f00000|  0%| F|  |TAMS 0x0000000783e00000, 0x0000000783e00000| Untracked 
|  63|0x0000000783f00000, 0x0000000783f00000, 0x0000000784000000|  0%| F|  |TAMS 0x0000000783f00000, 0x0000000783f00000| Untracked 
|  64|0x0000000784000000, 0x0000000784000000, 0x0000000784100000|  0%| F|  |TAMS 0x0000000784000000, 0x0000000784000000| Untracked 
|  65|0x0000000784100000, 0x0000000784100000, 0x0000000784200000|  0%| F|  |TAMS 0x0000000784100000, 0x0000000784100000| Untracked 
|  66|0x0000000784200000, 0x0000000784200000, 0x0000000784300000|  0%| F|  |TAMS 0x0000000784200000, 0x0000000784200000| Untracked 
|  67|0x0000000784300000, 0x0000000784300000, 0x0000000784400000|  0%| F|  |TAMS 0x0000000784300000, 0x0000000784300000| Untracked 
|  68|0x0000000784400000, 0x0000000784400000, 0x0000000784500000|  0%| F|  |TAMS 0x0000000784400000, 0x0000000784400000| Untracked 
|  69|0x0000000784500000, 0x0000000784500000, 0x0000000784600000|  0%| F|  |TAMS 0x0000000784500000, 0x0000000784500000| Untracked 
|  70|0x0000000784600000, 0x0000000784600000, 0x0000000784700000|  0%| F|  |TAMS 0x0000000784600000, 0x0000000784600000| Untracked 
|  71|0x0000000784700000, 0x0000000784700000, 0x0000000784800000|  0%| F|  |TAMS 0x0000000784700000, 0x0000000784700000| Untracked 
|  72|0x0000000784800000, 0x0000000784800000, 0x0000000784900000|  0%| F|  |TAMS 0x0000000784800000, 0x0000000784800000| Untracked 
|  73|0x0000000784900000, 0x0000000784900000, 0x0000000784a00000|  0%| F|  |TAMS 0x0000000784900000, 0x0000000784900000| Untracked 
|  74|0x0000000784a00000, 0x0000000784a00000, 0x0000000784b00000|  0%| F|  |TAMS 0x0000000784a00000, 0x0000000784a00000| Untracked 
|  75|0x0000000784b00000, 0x0000000784b00000, 0x0000000784c00000|  0%| F|  |TAMS 0x0000000784b00000, 0x0000000784b00000| Untracked 
|  76|0x0000000784c00000, 0x0000000784c00000, 0x0000000784d00000|  0%| F|  |TAMS 0x0000000784c00000, 0x0000000784c00000| Untracked 
|  77|0x0000000784d00000, 0x0000000784d00000, 0x0000000784e00000|  0%| F|  |TAMS 0x0000000784d00000, 0x0000000784d00000| Untracked 
|  78|0x0000000784e00000, 0x0000000784e00000, 0x0000000784f00000|  0%| F|  |TAMS 0x0000000784e00000, 0x0000000784e00000| Untracked 
|  79|0x0000000784f00000, 0x0000000784f00000, 0x0000000785000000|  0%| F|  |TAMS 0x0000000784f00000, 0x0000000784f00000| Untracked 
|  80|0x0000000785000000, 0x0000000785000000, 0x0000000785100000|  0%| F|  |TAMS 0x0000000785000000, 0x0000000785000000| Untracked 
|  81|0x0000000785100000, 0x0000000785100000, 0x0000000785200000|  0%| F|  |TAMS 0x0000000785100000, 0x0000000785100000| Untracked 
|  82|0x0000000785200000, 0x0000000785200000, 0x0000000785300000|  0%| F|  |TAMS 0x0000000785200000, 0x0000000785200000| Untracked 
|  83|0x0000000785300000, 0x0000000785300000, 0x0000000785400000|  0%| F|  |TAMS 0x0000000785300000, 0x0000000785300000| Untracked 
|  84|0x0000000785400000, 0x0000000785400000, 0x0000000785500000|  0%| F|  |TAMS 0x0000000785400000, 0x0000000785400000| Untracked 
|  85|0x0000000785500000, 0x0000000785500000, 0x0000000785600000|  0%| F|  |TAMS 0x0000000785500000, 0x0000000785500000| Untracked 
|  86|0x0000000785600000, 0x0000000785600000, 0x0000000785700000|  0%| F|  |TAMS 0x0000000785600000, 0x0000000785600000| Untracked 
|  87|0x0000000785700000, 0x0000000785700000, 0x0000000785800000|  0%| F|  |TAMS 0x0000000785700000, 0x0000000785700000| Untracked 
|  88|0x0000000785800000, 0x0000000785800000, 0x0000000785900000|  0%| F|  |TAMS 0x0000000785800000, 0x0000000785800000| Untracked 
|  89|0x0000000785900000, 0x0000000785900000, 0x0000000785a00000|  0%| F|  |TAMS 0x0000000785900000, 0x0000000785900000| Untracked 
|  90|0x0000000785a00000, 0x0000000785a00000, 0x0000000785b00000|  0%| F|  |TAMS 0x0000000785a00000, 0x0000000785a00000| Untracked 
|  91|0x0000000785b00000, 0x0000000785b00000, 0x0000000785c00000|  0%| F|  |TAMS 0x0000000785b00000, 0x0000000785b00000| Untracked 
|  92|0x0000000785c00000, 0x0000000785c00000, 0x0000000785d00000|  0%| F|  |TAMS 0x0000000785c00000, 0x0000000785c00000| Untracked 
|  93|0x0000000785d00000, 0x0000000785d00000, 0x0000000785e00000|  0%| F|  |TAMS 0x0000000785d00000, 0x0000000785d00000| Untracked 
|  94|0x0000000785e00000, 0x0000000785e00000, 0x0000000785f00000|  0%| F|  |TAMS 0x0000000785e00000, 0x0000000785e00000| Untracked 
|  95|0x0000000785f00000, 0x0000000785f00000, 0x0000000786000000|  0%| F|  |TAMS 0x0000000785f00000, 0x0000000785f00000| Untracked 
|  96|0x0000000786000000, 0x0000000786000000, 0x0000000786100000|  0%| F|  |TAMS 0x0000000786000000, 0x0000000786000000| Untracked 
|  97|0x0000000786100000, 0x0000000786100000, 0x0000000786200000|  0%| F|  |TAMS 0x0000000786100000, 0x0000000786100000| Untracked 
|  98|0x0000000786200000, 0x0000000786200000, 0x0000000786300000|  0%| F|  |TAMS 0x0000000786200000, 0x0000000786200000| Untracked 
|  99|0x0000000786300000, 0x0000000786300000, 0x0000000786400000|  0%| F|  |TAMS 0x0000000786300000, 0x0000000786300000| Untracked 
| 100|0x0000000786400000, 0x0000000786400000, 0x0000000786500000|  0%| F|  |TAMS 0x0000000786400000, 0x0000000786400000| Untracked 
| 101|0x0000000786500000, 0x0000000786500000, 0x0000000786600000|  0%| F|  |TAMS 0x0000000786500000, 0x0000000786500000| Untracked 
| 102|0x0000000786600000, 0x0000000786600000, 0x0000000786700000|  0%| F|  |TAMS 0x0000000786600000, 0x0000000786600000| Untracked 
| 103|0x0000000786700000, 0x0000000786700000, 0x0000000786800000|  0%| F|  |TAMS 0x0000000786700000, 0x0000000786700000| Untracked 
| 104|0x0000000786800000, 0x0000000786800000, 0x0000000786900000|  0%| F|  |TAMS 0x0000000786800000, 0x0000000786800000| Untracked 
| 105|0x0000000786900000, 0x0000000786900000, 0x0000000786a00000|  0%| F|  |TAMS 0x0000000786900000, 0x0000000786900000| Untracked 
| 106|0x0000000786a00000, 0x0000000786a00000, 0x0000000786b00000|  0%| F|  |TAMS 0x0000000786a00000, 0x0000000786a00000| Untracked 
| 107|0x0000000786b00000, 0x0000000786b00000, 0x0000000786c00000|  0%| F|  |TAMS 0x0000000786b00000, 0x0000000786b00000| Untracked 
| 108|0x0000000786c00000, 0x0000000786c00000, 0x0000000786d00000|  0%| F|  |TAMS 0x0000000786c00000, 0x0000000786c00000| Untracked 
| 109|0x0000000786d00000, 0x0000000786d00000, 0x0000000786e00000|  0%| F|  |TAMS 0x0000000786d00000, 0x0000000786d00000| Untracked 
| 110|0x0000000786e00000, 0x0000000786e00000, 0x0000000786f00000|  0%| F|  |TAMS 0x0000000786e00000, 0x0000000786e00000| Untracked 
| 111|0x0000000786f00000, 0x0000000786f00000, 0x0000000787000000|  0%| F|  |TAMS 0x0000000786f00000, 0x0000000786f00000| Untracked 
| 112|0x0000000787000000, 0x0000000787000000, 0x0000000787100000|  0%| F|  |TAMS 0x0000000787000000, 0x0000000787000000| Untracked 
| 113|0x0000000787100000, 0x0000000787100000, 0x0000000787200000|  0%| F|  |TAMS 0x0000000787100000, 0x0000000787100000| Untracked 
| 114|0x0000000787200000, 0x0000000787200000, 0x0000000787300000|  0%| F|  |TAMS 0x0000000787200000, 0x0000000787200000| Untracked 
| 115|0x0000000787300000, 0x0000000787300000, 0x0000000787400000|  0%| F|  |TAMS 0x0000000787300000, 0x0000000787300000| Untracked 
| 116|0x0000000787400000, 0x0000000787400000, 0x0000000787500000|  0%| F|  |TAMS 0x0000000787400000, 0x0000000787400000| Untracked 
| 117|0x0000000787500000, 0x0000000787500000, 0x0000000787600000|  0%| F|  |TAMS 0x0000000787500000, 0x0000000787500000| Untracked 
| 118|0x0000000787600000, 0x0000000787600000, 0x0000000787700000|  0%| F|  |TAMS 0x0000000787600000, 0x0000000787600000| Untracked 
| 119|0x0000000787700000, 0x0000000787700000, 0x0000000787800000|  0%| F|  |TAMS 0x0000000787700000, 0x0000000787700000| Untracked 
| 120|0x0000000787800000, 0x0000000787800000, 0x0000000787900000|  0%| F|  |TAMS 0x0000000787800000, 0x0000000787800000| Untracked 
| 121|0x0000000787900000, 0x0000000787900000, 0x0000000787a00000|  0%| F|  |TAMS 0x0000000787900000, 0x0000000787900000| Untracked 
| 122|0x0000000787a00000, 0x0000000787a9c040, 0x0000000787b00000| 60%| E|  |TAMS 0x0000000787a00000, 0x0000000787a00000| Complete 
| 123|0x0000000787b00000, 0x0000000787c00000, 0x0000000787c00000|100%| E|CS|TAMS 0x0000000787b00000, 0x0000000787b00000| Complete 
| 124|0x0000000787c00000, 0x0000000787d00000, 0x0000000787d00000|100%| E|CS|TAMS 0x0000000787c00000, 0x0000000787c00000| Complete 
| 125|0x0000000787d00000, 0x0000000787e00000, 0x0000000787e00000|100%| E|CS|TAMS 0x0000000787d00000, 0x0000000787d00000| Complete 
| 126|0x0000000787e00000, 0x0000000787f00000, 0x0000000787f00000|100%| E|CS|TAMS 0x0000000787e00000, 0x0000000787e00000| Complete 
| 127|0x0000000787f00000, 0x0000000788000000, 0x0000000788000000|100%| E|CS|TAMS 0x0000000787f00000, 0x0000000787f00000| Complete 
|2046|0x00000007ffe00000, 0x00000007ffe74000, 0x00000007fff00000| 45%|OA|  |TAMS 0x00000007ffe00000, 0x00000007ffe00000| Untracked 
|2047|0x00000007fff00000, 0x00000007fff72000, 0x0000000800000000| 44%|CA|  |TAMS 0x00000007fff00000, 0x00000007fff00000| Untracked 

Card table byte_map: [0x000000010da2e000,0x000000010de2e000] _byte_map_base: 0x0000000109e2e000

Marking Bits (Prev, Next): (CMBitMap*) 0x00007ff0fa013010, (CMBitMap*) 0x00007ff0fa013050
 Prev Bits: [0x00000001170f2000, 0x00000001190f2000)
 Next Bits: [0x00000001190f2000, 0x000000011b0f2000)

Polling page: 0x000000010d352000

Metaspace:

Usage:
  Non-class:      2.27 MB used.
      Class:    182.09 KB used.
       Both:      2.45 MB used.

Virtual space:
  Non-class space:       64.00 MB reserved,       2.38 MB (  4%) committed,  1 nodes.
      Class space:        1.00 GB reserved,     256.00 KB ( <1%) committed,  1 nodes.
             Both:        1.06 GB reserved,       2.62 MB ( <1%) committed. 

Chunk freelists:
   Non-Class:  2.97 MB
       Class:  3.64 MB
        Both:  6.61 MB

MaxMetaspaceSize: unlimited
CompressedClassSpaceSize: 1.00 GB
Initial GC threshold: 21.00 MB
Current GC threshold: 21.00 MB
CDS: on
MetaspaceReclaimPolicy: balanced
 - commit_granule_bytes: 65536.
 - commit_granule_words: 8192.
 - virtual_space_node_default_size: 8388608.
 - enlarge_chunks_in_place: 1.
 - new_chunks_are_fully_committed: 0.
 - uncommit_free_chunks: 1.
 - use_allocation_guard: 0.


Internal statistics:

num_allocs_failed_limit: 0.
num_arena_births: 120.
num_arena_deaths: 0.
num_vsnodes_births: 2.
num_vsnodes_deaths: 0.
num_space_committed: 42.
num_space_uncommitted: 0.
num_chunks_returned_to_freelist: 0.
num_chunks_taken_from_freelist: 184.
num_chunk_merges: 0.
num_chunk_splits: 119.
num_chunks_enlarged: 71.
num_inconsistent_stats: 0.

CodeHeap 'non-profiled nmethods': size=120032Kb used=171Kb max_used=171Kb free=119860Kb
 bounds [0x0000000123093000, 0x0000000123303000, 0x000000012a5cb000]
CodeHeap 'profiled nmethods': size=120028Kb used=844Kb max_used=844Kb free=119183Kb
 bounds [0x000000011bb5c000, 0x000000011bdcc000, 0x0000000123093000]
CodeHeap 'non-nmethods': size=5700Kb used=1587Kb max_used=1587Kb free=4112Kb
 bounds [0x000000011b5cb000, 0x000000011b83b000, 0x000000011bb5c000]
 total_blobs=1589 nmethods=581 adapters=922
 compilation: enabled
              stopped_count=0, restarted_count=0
 full_count=0

Compilation events (20 events):
Event: 1.192 Thread 0x00007ff0f9817000  570       3       java.nio.Buffer::remaining (20 bytes)
Event: 1.193 Thread 0x00007ff0f9817000 nmethod 570 0x000000011bc29510 code [0x000000011bc296c0, 0x000000011bc29850]
Event: 1.193 Thread 0x00007ff0f9817000  572       3       java.nio.ByteOrder::nativeOrder (4 bytes)
Event: 1.193 Thread 0x00007ff0f9817000 nmethod 572 0x000000011bc29910 code [0x000000011bc29aa0, 0x000000011bc29b90]
Event: 1.213 Thread 0x00007ff0f9817000  573       3       jdk.internal.loader.NativeLibraries$NativeLibraryImpl::find (6 bytes)
Event: 1.213 Thread 0x00007ff0f9817000 nmethod 573 0x000000011bc29c10 code [0x000000011bc29dc0, 0x000000011bc29ee0]
Event: 1.553 Thread 0x00007ff0f9817000  575       3       java.util.zip.ZipUtils::CENLEN (9 bytes)
Event: 1.553 Thread 0x00007ff0f9817000 nmethod 575 0x000000011bc29f90 code [0x000000011bc2a140, 0x000000011bc2a410]
Event: 1.553 Thread 0x00007ff0f9817000  576       3       java.lang.StringConcatHelper::newString (67 bytes)
Event: 1.555 Thread 0x00007ff0f9817000 nmethod 576 0x000000011bc2a590 code [0x000000011bc2a820, 0x000000011bc2b280]
Event: 1.555 Thread 0x00007ff0f9817000  578       3       java.lang.StringConcatHelper::initialCoder (14 bytes)
Event: 1.555 Thread 0x00007ff0f9817000 nmethod 578 0x000000011bc2b610 code [0x000000011bc2b7a0, 0x000000011bc2b8b0]
Event: 1.555 Thread 0x00007ff0f9817000  577       1       jdk.internal.loader.URLClassPath$Loader::getBaseURL (5 bytes)
Event: 1.555 Thread 0x00007ff0f9817000 nmethod 577 0x00000001230bd810 code [0x00000001230bd9a0, 0x00000001230bda70]
Event: 1.559 Thread 0x00007ff0f9817000  579       3       java.lang.String::concat (15 bytes)
Event: 1.562 Thread 0x00007ff0f9817000 nmethod 579 0x000000011bc2b910 code [0x000000011bc2bc40, 0x000000011bc2ced0]
Event: 1.562 Thread 0x00007ff0f9817000  580       3       java.lang.StringConcatHelper::simpleConcat (94 bytes)
Event: 1.565 Thread 0x00007ff0f9817000 nmethod 580 0x000000011bc2d590 code [0x000000011bc2d8c0, 0x000000011bc2eb10]
Event: 1.573 Thread 0x00007ff0f9817000  581       1       java.security.CodeSource::getLocation (5 bytes)
Event: 1.574 Thread 0x00007ff0f9817000 nmethod 581 0x00000001230bdb10 code [0x00000001230bdca0, 0x00000001230bdd70]

GC Heap History (0 events):
No events

Deoptimization events (8 events):
Event: 0.427 Thread 0x00007ff0f900c600 Uncommon trap: trap_request=0xfffffff4 fr.pc=0x000000012309f1c8 relative=0x00000000000001a8
Event: 0.427 Thread 0x00007ff0f900c600 Uncommon trap: reason=null_check action=make_not_entrant pc=0x000000012309f1c8 method=java.lang.String.equals(Ljava/lang/Object;)Z @ 8 c2
Event: 0.427 Thread 0x00007ff0f900c600 DEOPT PACKING pc=0x000000012309f1c8 sp=0x00007ff7b2cd1050
Event: 0.427 Thread 0x00007ff0f900c600 DEOPT UNPACKING pc=0x000000011b61d099 sp=0x00007ff7b2cd1018 mode 2
Event: 1.101 Thread 0x00007ff0f900c600 DEOPT PACKING pc=0x000000011bb88dda sp=0x00007ff7b2cce880
Event: 1.101 Thread 0x00007ff0f900c600 DEOPT UNPACKING pc=0x000000011b61d82f sp=0x00007ff7b2ccdcc0 mode 0
Event: 1.168 Thread 0x00007ff0f900c600 DEOPT PACKING pc=0x000000011bb63f4e sp=0x00007ff7b2cd0130
Event: 1.168 Thread 0x00007ff0f900c600 DEOPT UNPACKING pc=0x000000011b61d82f sp=0x00007ff7b2ccf5c8 mode 0

Classes loaded (20 events):
Event: 1.085 Loading class java/nio/DirectFloatBufferU
Event: 1.086 Loading class java/nio/DirectFloatBufferU done
Event: 1.086 Loading class java/nio/DirectDoubleBufferU
Event: 1.086 Loading class java/nio/DirectDoubleBufferU done
Event: 1.086 Loading class sun/misc/Unsafe
Event: 1.087 Loading class sun/misc/Unsafe done
Event: 1.088 Loading class java/lang/invoke/DirectMethodHandle$StaticAccessor
Event: 1.088 Loading class java/lang/invoke/DirectMethodHandle$StaticAccessor done
Event: 1.095 Loading class java/util/function/LongPredicate
Event: 1.095 Loading class java/util/function/LongPredicate done
Event: 1.102 Loading class jdk/internal/access/foreign/MemorySegmentProxy
Event: 1.102 Loading class jdk/internal/access/foreign/MemorySegmentProxy done
Event: 1.115 Loading class java/nio/InvalidMarkException
Event: 1.115 Loading class java/nio/InvalidMarkException done
Event: 1.115 Loading class java/nio/BufferUnderflowException
Event: 1.115 Loading class java/nio/BufferUnderflowException done
Event: 1.119 Loading class java/lang/IndexOutOfBoundsException
Event: 1.119 Loading class java/lang/IndexOutOfBoundsException done
Event: 1.168 Loading class java/util/Formatter$FixedString
Event: 1.168 Loading class java/util/Formatter$FixedString done

Classes unloaded (0 events):
No events

Classes redefined (0 events):
No events

Internal exceptions (20 events):
Event: 0.427 Thread 0x00007ff0f900c600 Implicit null exception at 0x000000012309f055 to 0x000000012309f1b8
Event: 0.428 Thread 0x00007ff0f900c600 Exception <a 'java/lang/NoSuchMethodError'{0x0000000787edfb78}: 'void java.lang.invoke.DirectMethodHandle$Holder.invokeStatic(java.lang.Object, java.lang.Object, java.lang.Object)'> (0x0000000787edfb78) 
thrown [src/hotspot/share/interpreter/linkResolver.cpp, line 759]
Event: 0.439 Thread 0x00007ff0f900c600 Exception <a 'java/lang/NoSuchMethodError'{0x0000000787ef8720}: 'java.lang.Object java.lang.invoke.Invokers$Holder.invokeExact_MT(java.lang.Object, java.lang.Object, java.lang.Object, java.lang.Object, java.lang.Object)'> (0x0000000787ef8720) 
thrown [src/hotspot/share/interpreter/linkResolver.cpp, line 759]
Event: 0.849 Thread 0x00007ff0f904ba00 Exception <a 'java/lang/NoSuchMethodError'{0x0000000787d4cbc8}: 'void java.lang.invoke.DirectMethodHandle$Holder.invokeStatic(java.lang.Object, java.lang.Object)'> (0x0000000787d4cbc8) 
thrown [src/hotspot/share/interpreter/linkResolver.cpp, line 759]
Event: 0.954 Thread 0x00007ff0f900c600 Exception <a 'java/lang/NoSuchMethodError'{0x0000000787c82660}: 'void java.lang.System.load(java.lang.String, java.lang.Class)'> (0x0000000787c82660) 
thrown [src/hotspot/share/interpreter/linkResolver.cpp, line 759]
Event: 0.954 Thread 0x00007ff0f900c600 Exception <a 'java/lang/NoSuchMethodError'{0x0000000787c83058}: 'void java.lang.invoke.DirectMethodHandle$Holder.invokeSpecial(java.lang.Object, java.lang.Object, java.lang.Object)'> (0x0000000787c83058) 
thrown [src/hotspot/share/interpreter/linkResolver.cpp, line 759]
Event: 0.958 Thread 0x00007ff0f900c600 Exception <a 'java/lang/NoSuchMethodError'{0x0000000787c90be8}: 'java.lang.Object java.lang.invoke.DirectMethodHandle$Holder.invokeStatic(java.lang.Object, java.lang.Object, int)'> (0x0000000787c90be8) 
thrown [src/hotspot/share/interpreter/linkResolver.cpp, line 759]
Event: 0.961 Thread 0x00007ff0f900c600 Exception <a 'java/lang/NoSuchMethodError'{0x0000000787c9cb18}: 'void java.lang.invoke.DelegatingMethodHandle$Holder.delegate(java.lang.Object, java.lang.Object, int, java.lang.Object)'> (0x0000000787c9cb18) 
thrown [src/hotspot/share/interpreter/linkResolver.cpp, line 759]
Event: 0.962 Thread 0x00007ff0f900c600 Exception <a 'java/lang/NoSuchMethodError'{0x0000000787ca0b28}: 'int java.lang.invoke.DirectMethodHandle$Holder.invokeSpecial(java.lang.Object, java.lang.Object, java.lang.Object)'> (0x0000000787ca0b28) 
thrown [src/hotspot/share/interpreter/linkResolver.cpp, line 759]
Event: 0.969 Thread 0x00007ff0f900c600 Exception <a 'java/lang/NoSuchMethodError'{0x0000000787cbb688}: 'void java.lang.System.loadLibrary(java.lang.String, java.lang.Class)'> (0x0000000787cbb688) 
thrown [src/hotspot/share/interpreter/linkResolver.cpp, line 759]
Event: 1.021 Thread 0x00007ff0f900c600 Exception <a 'sun/nio/fs/UnixException'{0x0000000787cebba8}> (0x0000000787cebba8) 
thrown [src/hotspot/share/prims/jni.cpp, line 516]
Event: 1.062 Thread 0x00007ff0f900c600 Exception <a 'sun/nio/fs/UnixException'{0x0000000787b1c3e0}> (0x0000000787b1c3e0) 
thrown [src/hotspot/share/prims/jni.cpp, line 516]
Event: 1.079 Thread 0x00007ff0f900c600 Exception <a 'java/lang/NoSuchMethodError'{0x0000000787b41600}: 'java.lang.Object java.lang.invoke.DirectMethodHandle$Holder.invokeStaticInit(java.lang.Object)'> (0x0000000787b41600) 
thrown [src/hotspot/share/interpreter/linkResolver.cpp, line 759]
Event: 1.096 Thread 0x00007ff0f900c600 Exception <a 'java/lang/NoSuchMethodError'{0x0000000787b76a60}: 'int java.lang.invoke.DirectMethodHandle$Holder.invokeStaticInit(java.lang.Object, java.lang.Object, int, long)'> (0x0000000787b76a60) 
thrown [src/hotspot/share/interpreter/linkResolver.cpp, line 759]
Event: 1.100 Thread 0x00007ff0f900c600 Exception <a 'java/lang/NoSuchMethodError'{0x0000000787b7c328}: 'java.lang.Object java.lang.invoke.DirectMethodHandle$Holder.newInvokeSpecial(java.lang.Object, java.lang.Object, int)'> (0x0000000787b7c328) 
thrown [src/hotspot/share/interpreter/linkResolver.cpp, line 759]
Event: 1.108 Thread 0x00007ff0f900c600 Exception <a 'java/lang/NoSuchMethodError'{0x0000000787b8b888}: 'int java.lang.invoke.DirectMethodHandle$Holder.invokeStaticInit(java.lang.Object, java.lang.Object, long, long)'> (0x0000000787b8b888) 
thrown [src/hotspot/share/interpreter/linkResolver.cpp, line 759]
Event: 1.110 Thread 0x00007ff0f900c600 Exception <a 'java/lang/NoSuchMethodError'{0x0000000787b91610}: 'java.lang.Object java.lang.invoke.DirectMethodHandle$Holder.newInvokeSpecial(java.lang.Object, java.lang.Object, long)'> (0x0000000787b91610) 
thrown [src/hotspot/share/interpreter/linkResolver.cpp, line 759]
Event: 1.111 Thread 0x00007ff0f900c600 Exception <a 'java/lang/NoSuchMethodError'{0x0000000787b94ee0}: 'java.lang.Object java.lang.invoke.Invokers$Holder.linkToTargetMethod(java.lang.Object, long, java.lang.Object)'> (0x0000000787b94ee0) 
thrown [src/hotspot/share/interpreter/linkResolver.cpp, line 759]
Event: 1.113 Thread 0x00007ff0f900c600 Exception <a 'java/lang/NoSuchMethodError'{0x0000000787b9c940}: 'int java.lang.invoke.DirectMethodHandle$Holder.invokeStaticInit(java.lang.Object, java.lang.Object, java.lang.Object, long)'> (0x0000000787b9c940) 
thrown [src/hotspot/share/interpreter/linkResolver.cpp, line 759]
Event: 1.159 Thread 0x00007ff0f900c600 Exception <a 'sun/nio/fs/UnixException'{0x0000000787bfaf58}> (0x0000000787bfaf58) 
thrown [src/hotspot/share/prims/jni.cpp, line 516]

VM Operations (8 events):
Event: 0.243 Executing VM operation: HandshakeAllThreads
Event: 0.243 Executing VM operation: HandshakeAllThreads done
Event: 0.450 Executing VM operation: HandshakeAllThreads
Event: 0.450 Executing VM operation: HandshakeAllThreads done
Event: 0.864 Executing VM operation: HandshakeAllThreads
Event: 0.864 Executing VM operation: HandshakeAllThreads done
Event: 1.004 Executing VM operation: HandshakeAllThreads
Event: 1.004 Executing VM operation: HandshakeAllThreads done

Events (20 events):
Event: 0.314 Loaded shared library /Users/KellyNicholasI/Library/Python/3.9/bin/amazon-corretto-18.jdk/Contents/Home/lib/libinstrument.dylib
Event: 0.330 Loaded shared library /Users/KellyNicholasI/Library/Python/3.9/bin/amazon-corretto-18.jdk/Contents/Home/lib/libnio.dylib
Event: 0.343 Loaded shared library /Users/KellyNicholasI/Library/Python/3.9/bin/amazon-corretto-18.jdk/Contents/Home/lib/libzip.dylib
Event: 0.444 Thread 0x00007ff0f904ba00 Thread added: 0x00007ff0f904ba00
Event: 0.444 Protecting memory [0x0000700009625000,0x0000700009629000] with protection modes 0
Event: 0.445 Thread 0x00007ff0fa052800 Thread added: 0x00007ff0fa052800
Event: 0.446 Protecting memory [0x0000700009728000,0x000070000972c000] with protection modes 0
Event: 0.449 Loaded shared library /Users/KellyNicholasI/Library/Python/3.9/bin/amazon-corretto-18.jdk/Contents/Home/lib/libnet.dylib
Event: 0.456 Loading shared library /Users/KellyNicholasI/Library/Python/3.9/bin/amazon-corretto-18.jdk/Contents/Home/lib/libkgfx.dylib failed, dlopen(/Users/KellyNicholasI/Library/Python/3.9/bin/amazon-corretto-18.jdk/Contents/Home/lib/libkgfx.dylib, 0x0001): tried: 
Event: 0.457 Loading shared library /Users/KellyNicholasI/Library/Python/3.9/bin/amazon-corretto-18.jdk/Contents/Home/lib/libkgfx.jnilib failed, dlopen(/Users/KellyNicholasI/Library/Python/3.9/bin/amazon-corretto-18.jdk/Contents/Home/lib/libkgfx.jnilib, 0x0001): tried
Event: 0.835 Loaded shared library /Users/KellyNicholasI/Documents/kgfx/java/libkgfx.dylib
Event: 0.837 Loaded shared library /Users/KellyNicholasI/Library/Python/3.9/bin/amazon-corretto-18.jdk/Contents/Home/lib/libextnet.dylib
Event: 0.838 Loading shared library /Users/KellyNicholasI/Library/Python/3.9/bin/amazon-corretto-18.jdk/Contents/Home/lib/libkgfx_java.dylib failed, dlopen(/Users/KellyNicholasI/Library/Python/3.9/bin/amazon-corretto-18.jdk/Contents/Home/lib/libkgfx_java.dylib, 0x0001
Event: 0.838 Loading shared library /Users/KellyNicholasI/Library/Python/3.9/bin/amazon-corretto-18.jdk/Contents/Home/lib/libkgfx_java.jnilib failed, dlopen(/Users/KellyNicholasI/Library/Python/3.9/bin/amazon-corretto-18.jdk/Contents/Home/lib/libkgfx_java.jnilib, 0x00
Event: 0.844 Loaded shared library /Users/KellyNicholasI/Documents/kgfx/java/libkgfx_java.dylib
Event: 0.974 Loaded shared library /Users/KellyNicholasI/Library/Python/3.9/bin/amazon-corretto-18.jdk/Contents/Home/lib/libjimage.dylib
Event: 1.028 Loaded shared library /private/var/folders/4s/l_4cxmwn1cbgqfdt1h5lbfvh0000gp/T/lwjgl_KellyNicholasI/3.3.3+5/x64/liblwjgl.dylib
Event: 1.547 Loading shared library /Users/KellyNicholasI/Library/Python/3.9/bin/amazon-corretto-18.jdk/Contents/Home/lib/libkgfx_gh_java.dylib failed, dlopen(/Users/KellyNicholasI/Library/Python/3.9/bin/amazon-corretto-18.jdk/Contents/Home/lib/libkgfx_gh_java.dylib, 
Event: 1.548 Loading shared library /Users/KellyNicholasI/Library/Python/3.9/bin/amazon-corretto-18.jdk/Contents/Home/lib/libkgfx_gh_java.jnilib failed, dlopen(/Users/KellyNicholasI/Library/Python/3.9/bin/amazon-corretto-18.jdk/Contents/Home/lib/libkgfx_gh_java.jnilib
Event: 1.552 Loaded shared library /Users/KellyNicholasI/Documents/kgfx/java/libkgfx_gh_java.dylib


Dynamic libraries:
0x000000010d354000 	/Users/KellyNicholasI/Library/Python/3.9/bin/amazon-corretto-18.jdk/Contents/Home/lib/libjli.dylib
0x00007ff80d952000 	/usr/lib/libz.1.dylib
0x00007ff80da32000 	/usr/lib/libSystem.B.dylib
0x00007ff80da2d000 	/usr/lib/system/libcache.dylib
0x00007ff80d9e9000 	/usr/lib/system/libcommonCrypto.dylib
0x00007ff80da12000 	/usr/lib/system/libcompiler_rt.dylib
0x00007ff80da08000 	/usr/lib/system/libcopyfile.dylib
0x00007ff8029c1000 	/usr/lib/system/libcorecrypto.dylib
0x00007ff802a7f000 	/usr/lib/system/libdispatch.dylib
0x00007ff802c40000 	/usr/lib/system/libdyld.dylib
0x00007ff80da24000 	/usr/lib/system/libkeymgr.dylib
0x00007ff80d9c7000 	/usr/lib/system/libmacho.dylib
0x00007ff80d048000 	/usr/lib/system/libquarantine.dylib
0x00007ff80da22000 	/usr/lib/system/libremovefile.dylib
0x00007ff807bd4000 	/usr/lib/system/libsystem_asl.dylib
0x00007ff80296a000 	/usr/lib/system/libsystem_blocks.dylib
0x00007ff802b04000 	/usr/lib/system/libsystem_c.dylib
0x00007ff80da1a000 	/usr/lib/system/libsystem_collections.dylib
0x00007ff80c2fc000 	/usr/lib/system/libsystem_configuration.dylib
0x00007ff80b5a6000 	/usr/lib/system/libsystem_containermanager.dylib
0x00007ff80d6ff000 	/usr/lib/system/libsystem_coreservices.dylib
0x00007ff805277000 	/usr/lib/system/libsystem_darwin.dylib
0x00007ff80da25000 	/usr/lib/system/libsystem_dnssd.dylib
0x00007ff802b01000 	/usr/lib/system/libsystem_featureflags.dylib
0x00007ff802c56000 	/usr/lib/system/libsystem_info.dylib
0x00007ff80d965000 	/usr/lib/system/libsystem_m.dylib
0x00007ff802a53000 	/usr/lib/system/libsystem_malloc.dylib
0x00007ff807b6f000 	/usr/lib/system/libsystem_networkextension.dylib
0x00007ff80569d000 	/usr/lib/system/libsystem_notify.dylib
0x00007ff813ca5000 	/usr/lib/system/libsystem_product_info_filter.dylib
0x00007ff80c300000 	/usr/lib/system/libsystem_sandbox.dylib
0x00007ff80da1f000 	/usr/lib/system/libsystem_secinit.dylib
0x00007ff802bfc000 	/usr/lib/system/libsystem_kernel.dylib
0x00007ff802c4c000 	/usr/lib/system/libsystem_platform.dylib
0x00007ff802c34000 	/usr/lib/system/libsystem_pthread.dylib
0x00007ff809422000 	/usr/lib/system/libsystem_symptoms.dylib
0x00007ff8029a8000 	/usr/lib/system/libsystem_trace.dylib
0x00007ff80d9f5000 	/usr/lib/system/libunwind.dylib
0x00007ff80296c000 	/usr/lib/system/libxpc.dylib
0x00007ff802be6000 	/usr/lib/libc++abi.dylib
0x00007ff802ac6000 	/usr/lib/libobjc.A.dylib
0x00007ff80da00000 	/usr/lib/liboah.dylib
0x00007ff802b8d000 	/usr/lib/libc++.1.dylib
0x00007ff819ab2000 	/System/Library/Frameworks/Cocoa.framework/Versions/A/Cocoa
0x00007ff8056fb000 	/System/Library/Frameworks/AppKit.framework/Versions/C/AppKit
0x00007ff808c10000 	/System/Library/Frameworks/CoreData.framework/Versions/A/CoreData
0x00007ff803afe000 	/System/Library/Frameworks/Foundation.framework/Versions/C/Foundation
0x00007ff80658b000 	/System/Library/PrivateFrameworks/UIFoundation.framework/Versions/A/UIFoundation
0x00007ff8139a8000 	/System/Library/PrivateFrameworks/RemoteViewServices.framework/Versions/A/RemoteViewServices
0x00007ff80bc86000 	/System/Library/PrivateFrameworks/XCTTargetBootstrap.framework/Versions/A/XCTTargetBootstrap
0x00007ff80f83e000 	/System/Library/PrivateFrameworks/InternationalSupport.framework/Versions/A/InternationalSupport
0x00007ff80f8c8000 	/System/Library/PrivateFrameworks/UserActivity.framework/Versions/A/UserActivity
0x00007ff80ec1a000 	/usr/lib/libspindump.dylib
0x00007ff80681a000 	/System/Library/Frameworks/UniformTypeIdentifiers.framework/Versions/A/UniformTypeIdentifiers
0x00007ff80a3ab000 	/usr/lib/libapp_launch_measurement.dylib
0x00007ff8095e2000 	/System/Library/PrivateFrameworks/CoreAnalytics.framework/Versions/A/CoreAnalytics
0x00007ff80a3ae000 	/System/Library/PrivateFrameworks/CoreAutoLayout.framework/Versions/A/CoreAutoLayout
0x00007ff80b5de000 	/System/Library/Frameworks/Metal.framework/Versions/A/Metal
0x00007ff80c30c000 	/usr/lib/liblangid.dylib
0x00007ff80bc8b000 	/System/Library/PrivateFrameworks/CoreSVG.framework/Versions/A/CoreSVG
0x00007ff807c04000 	/System/Library/PrivateFrameworks/SkyLight.framework/Versions/A/SkyLight
0x00007ff807fa3000 	/System/Library/Frameworks/CoreGraphics.framework/Versions/A/CoreGraphics
0x00007ff814068000 	/System/Library/Frameworks/Accelerate.framework/Versions/A/Accelerate
0x00007ff80e699000 	/System/Library/PrivateFrameworks/IconServices.framework/Versions/A/IconServices
0x00007ff80b5c3000 	/System/Library/Frameworks/IOSurface.framework/Versions/A/IOSurface
0x00007ff809610000 	/usr/lib/libDiagnosticMessagesClient.dylib
0x00007ff817756000 	/System/Library/Frameworks/ApplicationServices.framework/Versions/A/ApplicationServices
0x00007ff80bc72000 	/System/Library/PrivateFrameworks/DFRFoundation.framework/Versions/A/DFRFoundation
0x00007ff804fe3000 	/usr/lib/libicucore.A.dylib
0x00007ff810634000 	/System/Library/Frameworks/AudioToolbox.framework/Versions/A/AudioToolbox
0x00007ff80f84a000 	/System/Library/PrivateFrameworks/DataDetectorsCore.framework/Versions/A/DataDetectorsCore
0x00007ff90bd4f000 	/System/Library/PrivateFrameworks/TextInput.framework/Versions/A/TextInput
0x00007ff807b87000 	/usr/lib/libMobileGestalt.dylib
0x00007ff80b97e000 	/System/Library/Frameworks/Carbon.framework/Versions/A/Frameworks/HIToolbox.framework/Versions/A/HIToolbox
0x00007ff809dad000 	/System/Library/Frameworks/QuartzCore.framework/Versions/A/QuartzCore
0x00007ff804c88000 	/System/Library/Frameworks/Security.framework/Versions/A/Security
0x00007ff8139e0000 	/System/Library/Frameworks/Carbon.framework/Versions/A/Frameworks/SpeechRecognition.framework/Versions/A/SpeechRecognition
0x00007ff80a10b000 	/System/Library/PrivateFrameworks/CoreUI.framework/Versions/A/CoreUI
0x00007ff804552000 	/System/Library/Frameworks/CoreAudio.framework/Versions/A/CoreAudio
0x00007ff8096ff000 	/System/Library/Frameworks/DiskArbitration.framework/Versions/A/DiskArbitration
0x00007ff80f00a000 	/System/Library/PrivateFrameworks/MultitouchSupport.framework/Versions/A/MultitouchSupport
0x00007ff807b86000 	/usr/lib/libenergytrace.dylib
0x00007ff8055e7000 	/System/Library/Frameworks/IOKit.framework/Versions/A/IOKit
0x00007ff813dd0000 	/System/Library/Frameworks/CoreServices.framework/Versions/A/CoreServices
0x00007ff80a345000 	/System/Library/PrivateFrameworks/PerformanceAnalysis.framework/Versions/A/PerformanceAnalysis
0x00007ffa1ba24000 	/System/Library/Frameworks/OpenGL.framework/Versions/A/OpenGL
0x00007ff80cf6e000 	/System/Library/PrivateFrameworks/MobileKeyBag.framework/Versions/A/MobileKeyBag
0x00007ff80866f000 	/System/Library/Frameworks/ColorSync.framework/Versions/A/ColorSync
0x00007ff802c81000 	/System/Library/Frameworks/CoreFoundation.framework/Versions/A/CoreFoundation
0x00007ff80bf02000 	/System/Library/Frameworks/CoreImage.framework/Versions/A/CoreImage
0x00007ff804366000 	/System/Library/Frameworks/CoreText.framework/Versions/A/CoreText
0x00007ff80bcbb000 	/System/Library/Frameworks/ImageIO.framework/Versions/A/ImageIO
0x00007ff80da38000 	/System/Library/PrivateFrameworks/SoftLinking.framework/Versions/A/SoftLinking
0x00007ff80a3f6000 	/usr/lib/libxml2.2.dylib
0x00007ff80dcbc000 	/usr/lib/libcompression.dylib
0x00007ff80f771000 	/System/Library/PrivateFrameworks/TextureIO.framework/Versions/A/TextureIO
0x00007ff80e3aa000 	/usr/lib/libate.dylib
0x00007ff80e186000 	/usr/lib/liblzma.5.dylib
0x00007ff803810000 	/System/Library/Frameworks/SystemConfiguration.framework/Versions/A/SystemConfiguration
0x00007ff80da34000 	/usr/lib/libfakelink.dylib
0x00007ff8076e1000 	/System/Library/Frameworks/CFNetwork.framework/Versions/A/CFNetwork
0x00007ff80db75000 	/usr/lib/libarchive.2.dylib
0x00007ff80c308000 	/System/Library/PrivateFrameworks/AppleSystemInfo.framework/Versions/A/AppleSystemInfo
0x00007ff80d06f000 	/usr/lib/libbsm.0.dylib
0x00007ff806cf0000 	/usr/lib/libnetwork.dylib
0x00007ff80d9cd000 	/usr/lib/system/libkxld.dylib
0x00007ff80cca2000 	/System/Library/PrivateFrameworks/IOMobileFramebuffer.framework/Versions/A/IOMobileFramebuffer
0x00007ffb1b405000 	/usr/lib/libCoreEntitlements.dylib
0x00007ff80d6e1000 	/System/Library/PrivateFrameworks/AppleFSCompression.framework/Versions/A/AppleFSCompression
0x00007ff80d057000 	/usr/lib/libcoretls.dylib
0x00007ff80e1a0000 	/usr/lib/libcoretls_cfhelpers.dylib
0x00007ff80dcb6000 	/usr/lib/libpam.2.dylib
0x00007ff809041000 	/usr/lib/libsqlite3.dylib
0x00007ff80e20f000 	/usr/lib/libxar.1.dylib
0x00007ff80d6f1000 	/usr/lib/libbz2.1.0.dylib
0x00007ff80da39000 	/usr/lib/libpcap.A.dylib
0x00007ff80941a000 	/usr/lib/libdns_services.dylib
0x00007ff80dc86000 	/usr/lib/libapple_nghttp2.dylib
0x00007ff80da73000 	/usr/lib/libiconv.2.dylib
0x00007ff80d9c6000 	/usr/lib/libcharset.1.dylib
0x00007ff80a379000 	/System/Library/Frameworks/CoreServices.framework/Versions/A/Frameworks/FSEvents.framework/Versions/A/FSEvents
0x00007ff805281000 	/System/Library/Frameworks/CoreServices.framework/Versions/A/Frameworks/CarbonCore.framework/Versions/A/CarbonCore
0x00007ff809663000 	/System/Library/Frameworks/CoreServices.framework/Versions/A/Frameworks/Metadata.framework/Versions/A/Metadata
0x00007ff80d704000 	/System/Library/Frameworks/CoreServices.framework/Versions/A/Frameworks/OSServices.framework/Versions/A/OSServices
0x00007ff80dbfb000 	/System/Library/Frameworks/CoreServices.framework/Versions/A/Frameworks/SearchKit.framework/Versions/A/SearchKit
0x00007ff8093ac000 	/System/Library/Frameworks/CoreServices.framework/Versions/A/Frameworks/AE.framework/Versions/A/AE
0x00007ff803184000 	/System/Library/Frameworks/CoreServices.framework/Versions/A/Frameworks/LaunchServices.framework/Versions/A/LaunchServices
0x00007ff80e137000 	/System/Library/Frameworks/CoreServices.framework/Versions/A/Frameworks/DictionaryServices.framework/Versions/A/DictionaryServices
0x00007ff80a386000 	/System/Library/Frameworks/CoreServices.framework/Versions/A/Frameworks/SharedFileList.framework/Versions/A/SharedFileList
0x00007ff80d04b000 	/usr/lib/libCheckFix.dylib
0x00007ff807beb000 	/System/Library/PrivateFrameworks/TCC.framework/Versions/A/TCC
0x00007ff80c30e000 	/System/Library/PrivateFrameworks/CoreNLP.framework/Versions/A/CoreNLP
0x00007ff809613000 	/System/Library/PrivateFrameworks/MetadataUtilities.framework/Versions/A/MetadataUtilities
0x00007ff8038c1000 	/usr/lib/libmecabra.dylib
0x00007ff80d07f000 	/usr/lib/libmecab.dylib
0x00007ff80388c000 	/usr/lib/libCRFSuite.dylib
0x00007ff80d0d9000 	/usr/lib/libgermantok.dylib
0x00007ff80dc61000 	/usr/lib/libThaiTokenizer.dylib
0x00007ff809706000 	/System/Library/Frameworks/Accelerate.framework/Versions/A/Frameworks/vImage.framework/Versions/A/vImage
0x00007ff813da7000 	/System/Library/Frameworks/Accelerate.framework/Versions/A/Frameworks/vecLib.framework/Versions/A/vecLib
0x00007ff80e250000 	/System/Library/Frameworks/Accelerate.framework/Versions/A/Frameworks/vecLib.framework/Versions/A/libvMisc.dylib
0x00007ff80cacd000 	/System/Library/Frameworks/Accelerate.framework/Versions/A/Frameworks/vecLib.framework/Versions/A/libvDSP.dylib
0x00007ff803500000 	/System/Library/Frameworks/Accelerate.framework/Versions/A/Frameworks/vecLib.framework/Versions/A/libBLAS.dylib
0x00007ff80dd99000 	/System/Library/Frameworks/Accelerate.framework/Versions/A/Frameworks/vecLib.framework/Versions/A/libLAPACK.dylib
0x00007ff80d0dc000 	/System/Library/Frameworks/Accelerate.framework/Versions/A/Frameworks/vecLib.framework/Versions/A/libLinearAlgebra.dylib
0x00007ff80dc9e000 	/System/Library/Frameworks/Accelerate.framework/Versions/A/Frameworks/vecLib.framework/Versions/A/libSparseBLAS.dylib
0x00007ff80dd93000 	/System/Library/Frameworks/Accelerate.framework/Versions/A/Frameworks/vecLib.framework/Versions/A/libQuadrature.dylib
0x00007ff80c3f9000 	/System/Library/Frameworks/Accelerate.framework/Versions/A/Frameworks/vecLib.framework/Versions/A/libBNNS.dylib
0x00007ff80379a000 	/System/Library/Frameworks/Accelerate.framework/Versions/A/Frameworks/vecLib.framework/Versions/A/libSparse.dylib
0x00007ff80c3f2000 	/System/Library/PrivateFrameworks/LinguisticData.framework/Versions/A/LinguisticData
0x00007ff803750000 	/System/Library/PrivateFrameworks/Lexicon.framework/Versions/A/Lexicon
0x00007ff80e249000 	/usr/lib/libChineseTokenizer.dylib
0x00007ff803ebb000 	/System/Library/PrivateFrameworks/LanguageModeling.framework/Versions/A/LanguageModeling
0x00007ff80dc63000 	/System/Library/PrivateFrameworks/AppleSauce.framework/Versions/A/AppleSauce
0x00007ff80cc90000 	/System/Library/PrivateFrameworks/CoreEmoji.framework/Versions/A/CoreEmoji
0x00007ff80db64000 	/usr/lib/libcmph.dylib
0x00007ff80a35d000 	/System/Library/Frameworks/OpenDirectory.framework/Versions/A/Frameworks/CFOpenDirectory.framework/Versions/A/CFOpenDirectory
0x00007ff80a351000 	/System/Library/Frameworks/OpenDirectory.framework/Versions/A/OpenDirectory
0x00007ff80e1a2000 	/System/Library/PrivateFrameworks/APFS.framework/Versions/A/APFS
0x00007ff80cfa6000 	/System/Library/Frameworks/SecurityFoundation.framework/Versions/A/SecurityFoundation
0x00007ff80e21d000 	/usr/lib/libutil.dylib
0x00007ff8055ab000 	/System/Library/PrivateFrameworks/CoreServicesStore.framework/Versions/A/CoreServicesStore
0x00007ff80e221000 	/usr/lib/libxslt.1.dylib
0x00007ff80d033000 	/System/Library/PrivateFrameworks/BackgroundTaskManagement.framework/Versions/A/BackgroundTaskManagement
0x00007ff80f691000 	/System/Library/Frameworks/ImageIO.framework/Versions/A/Resources/libRadiance.dylib
0x00007ff80f69a000 	/System/Library/Frameworks/ImageIO.framework/Versions/A/Resources/libJPEG.dylib
0x00007ff80f5e9000 	/System/Library/Frameworks/ImageIO.framework/Versions/A/Resources/libPng.dylib
0x00007ff80f60a000 	/System/Library/Frameworks/ImageIO.framework/Versions/A/Resources/libTIFF.dylib
0x00007ff80f6fa000 	/System/Library/Frameworks/ImageIO.framework/Versions/A/Resources/libGIF.dylib
0x00007ff80ef24000 	/System/Library/Frameworks/ImageIO.framework/Versions/A/Resources/libJP2.dylib
0x00007ff80e65f000 	/usr/lib/libexpat.1.dylib
0x00007ff80eed9000 	/System/Library/PrivateFrameworks/AppleJPEG.framework/Versions/A/AppleJPEG
0x00007ff80b843000 	/System/Library/PrivateFrameworks/FontServices.framework/libFontParser.dylib
0x00007ff809356000 	/System/Library/PrivateFrameworks/RunningBoardServices.framework/Versions/A/RunningBoardServices
0x00007ff81a06d000 	/System/Library/PrivateFrameworks/IOSurfaceAccelerator.framework/Versions/A/IOSurfaceAccelerator
0x00007ff80f006000 	/System/Library/PrivateFrameworks/WatchdogClient.framework/Versions/A/WatchdogClient
0x00007ff803fa9000 	/System/Library/Frameworks/CoreDisplay.framework/Versions/A/CoreDisplay
0x00007ff80b741000 	/System/Library/Frameworks/CoreMedia.framework/Versions/A/CoreMedia
0x00007ff80b5d5000 	/System/Library/PrivateFrameworks/IOAccelerator.framework/Versions/A/IOAccelerator
0x00007ff80a4da000 	/System/Library/Frameworks/CoreVideo.framework/Versions/A/CoreVideo
0x00007ff80dcb4000 	/System/Library/Frameworks/MetalPerformanceShaders.framework/Versions/A/MetalPerformanceShaders
0x00007ff80f043000 	/System/Library/Frameworks/VideoToolbox.framework/Versions/A/VideoToolbox
0x00007ff8092a0000 	/System/Library/PrivateFrameworks/BaseBoard.framework/Versions/A/BaseBoard
0x00007ff809027000 	/System/Library/PrivateFrameworks/ProtocolBuffer.framework/Versions/A/ProtocolBuffer
0x00007ff80f68a000 	/System/Library/PrivateFrameworks/GPUWrangler.framework/Versions/A/GPUWrangler
0x00007ff80f66e000 	/System/Library/PrivateFrameworks/IOPresentment.framework/Versions/A/IOPresentment
0x00007ff80f694000 	/System/Library/PrivateFrameworks/DSExternalDisplay.framework/Versions/A/DSExternalDisplay
0x00007ffa1ba18000 	/System/Library/Frameworks/OpenGL.framework/Versions/A/Libraries/libCoreFSCache.dylib
0x00007ffb08af0000 	/System/Library/PrivateFrameworks/GPUCompiler.framework/Versions/31001/Libraries/libGPUCompilerUtils.dylib
0x00007ff80f6ff000 	/System/Library/PrivateFrameworks/CMCaptureCore.framework/Versions/A/CMCaptureCore
0x00007ff80ec08000 	/System/Library/PrivateFrameworks/AppServerSupport.framework/Versions/A/AppServerSupport
0x00007ff810ecd000 	/System/Library/PrivateFrameworks/perfdata.framework/Versions/A/perfdata
0x00007ff8040d5000 	/System/Library/PrivateFrameworks/AudioToolboxCore.framework/Versions/A/AudioToolboxCore
0x00007ff80b71f000 	/System/Library/PrivateFrameworks/caulk.framework/Versions/A/caulk
0x00007ff8107df000 	/usr/lib/libAudioStatistics.dylib
0x00007ff9084d9000 	/System/Library/PrivateFrameworks/SystemPolicy.framework/Versions/A/SystemPolicy
0x00007ff810a3a000 	/usr/lib/libSMC.dylib
0x00007ff819965000 	/System/Library/Frameworks/CoreMIDI.framework/Versions/A/CoreMIDI
0x00007ff80f5b8000 	/usr/lib/libAudioToolboxUtility.dylib
0x00007ff9046fd000 	/System/Library/PrivateFrameworks/OSAServicesClient.framework/Versions/A/OSAServicesClient
0x00007ff810eda000 	/usr/lib/libperfcheck.dylib
0x00007ff908f8a000 	/usr/lib/libmis.dylib
0x00007ffa1ba73000 	/System/Library/Frameworks/OpenGL.framework/Versions/A/Libraries/libGLU.dylib
0x00007ffa1ba37000 	/System/Library/Frameworks/OpenGL.framework/Versions/A/Libraries/libGFXShared.dylib
0x00007ffa1bc40000 	/System/Library/Frameworks/OpenGL.framework/Versions/A/Libraries/libGL.dylib
0x00007ffa1ba40000 	/System/Library/Frameworks/OpenGL.framework/Versions/A/Libraries/libGLImage.dylib
0x00007ffa1ba34000 	/System/Library/Frameworks/OpenGL.framework/Versions/A/Libraries/libCVMSPluginSupport.dylib
0x00007ffa1ba1f000 	/System/Library/Frameworks/OpenGL.framework/Versions/A/Libraries/libCoreVMClient.dylib
0x00007ff80c28a000 	/System/Library/Frameworks/MetalPerformanceShaders.framework/Versions/A/Frameworks/MPSCore.framework/Versions/A/MPSCore
0x00007ff80d64c000 	/System/Library/Frameworks/MetalPerformanceShaders.framework/Versions/A/Frameworks/MPSImage.framework/Versions/A/MPSImage
0x00007ff80d0f2000 	/System/Library/Frameworks/MetalPerformanceShaders.framework/Versions/A/Frameworks/MPSNeuralNetwork.framework/Versions/A/MPSNeuralNetwork
0x00007ff80d566000 	/System/Library/Frameworks/MetalPerformanceShaders.framework/Versions/A/Frameworks/MPSMatrix.framework/Versions/A/MPSMatrix
0x00007ff80d321000 	/System/Library/Frameworks/MetalPerformanceShaders.framework/Versions/A/Frameworks/MPSRayIntersector.framework/Versions/A/MPSRayIntersector
0x00007ff80d59e000 	/System/Library/Frameworks/MetalPerformanceShaders.framework/Versions/A/Frameworks/MPSNDArray.framework/Versions/A/MPSNDArray
0x00007ffa214f8000 	/System/Library/Frameworks/MetalPerformanceShaders.framework/Versions/A/Frameworks/MPSFunctions.framework/Versions/A/MPSFunctions
0x00007ff8033dc000 	/System/Library/PrivateFrameworks/MetalTools.framework/Versions/A/MetalTools
0x00007ff80c306000 	/System/Library/PrivateFrameworks/AggregateDictionary.framework/Versions/A/AggregateDictionary
0x00007ff80e441000 	/usr/lib/libIOReport.dylib
0x00007ffa1d04f000 	/System/Library/Frameworks/OpenCL.framework/Versions/A/OpenCL
0x00007ff80e7a6000 	/System/Library/PrivateFrameworks/FaceCore.framework/Versions/A/FaceCore
0x00007ff80e797000 	/System/Library/PrivateFrameworks/GraphVisualizer.framework/Versions/A/GraphVisualizer
0x00007ffb089fb000 	/System/Library/PrivateFrameworks/FontServices.framework/Versions/A/FontServices
0x00007ff80ebc0000 	/System/Library/PrivateFrameworks/OTSVG.framework/Versions/A/OTSVG
0x00007ff80a0c0000 	/System/Library/Frameworks/ApplicationServices.framework/Versions/A/Frameworks/ATS.framework/Versions/A/Resources/libFontRegistry.dylib
0x00007ff80ec10000 	/System/Library/PrivateFrameworks/FontServices.framework/libhvf.dylib
0x00007ffb089fc000 	/System/Library/PrivateFrameworks/FontServices.framework/libXTFontStaticRegistryData.dylib
0x00007ff80e60f000 	/System/Library/PrivateFrameworks/AppleVA.framework/Versions/A/AppleVA
0x00007ff8107ff000 	/System/Library/Frameworks/ApplicationServices.framework/Versions/A/Frameworks/ATS.framework/Versions/A/ATS
0x00007ff80876d000 	/System/Library/Frameworks/ApplicationServices.framework/Versions/A/Frameworks/HIServices.framework/Versions/A/HIServices
0x00007ff80f709000 	/System/Library/Frameworks/ApplicationServices.framework/Versions/A/Frameworks/PrintCore.framework/Versions/A/PrintCore
0x00007ff810b8d000 	/System/Library/Frameworks/ApplicationServices.framework/Versions/A/Frameworks/QD.framework/Versions/A/QD
0x00007ff810b85000 	/System/Library/Frameworks/ApplicationServices.framework/Versions/A/Frameworks/ColorSyncLegacy.framework/Versions/A/ColorSyncLegacy
0x00007ff8107ef000 	/System/Library/Frameworks/ApplicationServices.framework/Versions/A/Frameworks/SpeechSynthesis.framework/Versions/A/SpeechSynthesis
0x00007ff80f6ca000 	/System/Library/Frameworks/ApplicationServices.framework/Versions/A/Frameworks/ATSUI.framework/Versions/A/ATSUI
0x00007ff810b1a000 	/usr/lib/libcups.2.dylib
0x00007ff810ee9000 	/System/Library/Frameworks/Kerberos.framework/Versions/A/Kerberos
0x00007ff810ef8000 	/System/Library/Frameworks/GSS.framework/Versions/A/GSS
0x00007ff81086b000 	/usr/lib/libresolv.9.dylib
0x00007ff80ec1f000 	/System/Library/PrivateFrameworks/Heimdal.framework/Versions/A/Heimdal
0x00007ff817ae8000 	/System/Library/Frameworks/Kerberos.framework/Versions/A/Libraries/libHeimdalProxy.dylib
0x00007ff80942a000 	/System/Library/Frameworks/Network.framework/Versions/A/Network
0x00007ff80e67a000 	/usr/lib/libheimdal-asn1.dylib
0x00007ff810f43000 	/System/Library/PrivateFrameworks/CommonAuth.framework/Versions/A/CommonAuth
0x00007ff810771000 	/System/Library/PrivateFrameworks/AudioSession.framework/Versions/A/AudioSession
0x00007ff80e70a000 	/System/Library/PrivateFrameworks/MediaExperience.framework/Versions/A/MediaExperience
0x00007ff810603000 	/System/Library/PrivateFrameworks/AudioSession.framework/libSessionUtility.dylib
0x00007ff810b99000 	/System/Library/PrivateFrameworks/AudioResourceArbitration.framework/Versions/A/AudioResourceArbitration
0x00007ff814c1a000 	/System/Library/PrivateFrameworks/PowerLog.framework/Versions/A/PowerLog
0x00007ff80e683000 	/System/Library/PrivateFrameworks/IconFoundation.framework/Versions/A/IconFoundation
0x00007ff8139d0000 	/System/Library/PrivateFrameworks/SpeechRecognitionCore.framework/Versions/A/SpeechRecognitionCore
0x000000010e496000 	/Users/KellyNicholasI/Library/Python/3.9/bin/amazon-corretto-18.jdk/Contents/Home/lib/server/libjvm.dylib
0x000000010d383000 	/Users/KellyNicholasI/Library/Python/3.9/bin/amazon-corretto-18.jdk/Contents/Home/lib/libjimage.dylib
0x000000010d3a6000 	/Users/KellyNicholasI/Library/Python/3.9/bin/amazon-corretto-18.jdk/Contents/Home/lib/libinstrument.dylib
0x000000010d3e8000 	/Users/KellyNicholasI/Library/Python/3.9/bin/amazon-corretto-18.jdk/Contents/Home/lib/libjava.dylib
0x000000010e273000 	/Users/KellyNicholasI/Library/Python/3.9/bin/amazon-corretto-18.jdk/Contents/Home/lib/libzip.dylib
0x000000010e287000 	/Users/KellyNicholasI/Library/Python/3.9/bin/amazon-corretto-18.jdk/Contents/Home/lib/libnio.dylib
0x000000010e2a3000 	/Users/KellyNicholasI/Library/Python/3.9/bin/amazon-corretto-18.jdk/Contents/Home/lib/libnet.dylib
0x000000010e2bf000 	/Users/KellyNicholasI/Documents/kgfx/java/libkgfx.dylib
0x000000010d3d4000 	/Users/KellyNicholasI/Library/Python/3.9/bin/amazon-corretto-18.jdk/Contents/Home/lib/libextnet.dylib
0x000000010e2db000 	/Users/KellyNicholasI/Documents/kgfx/java/libkgfx_java.dylib
0x000000010e321000 	/private/var/folders/4s/l_4cxmwn1cbgqfdt1h5lbfvh0000gp/T/lwjgl_KellyNicholasI/3.3.3+5/x64/liblwjgl.dylib
0x000000010e35b000 	/private/var/folders/4s/l_4cxmwn1cbgqfdt1h5lbfvh0000gp/T/lwjgl_KellyNicholasI/3.3.3+5/x64/libglfw.dylib
0x00007ff80556d000 	/System/Library/PrivateFrameworks/CoreServicesInternal.framework/Versions/A/CoreServicesInternal
0x00007ff81520b000 	/System/Library/Frameworks/FileProvider.framework/Versions/A/FileProvider
0x00007ff80920d000 	/System/Library/Frameworks/Accounts.framework/Versions/A/Accounts
0x00007ff815384000 	/System/Library/PrivateFrameworks/GenerationalStorage.framework/Versions/A/GenerationalStorage
0x00007ff815e95000 	/System/Library/PrivateFrameworks/CoreSymbolication.framework/Versions/A/CoreSymbolication
0x00007ff814c0f000 	/System/Library/PrivateFrameworks/SymptomDiagnosticReporter.framework/Versions/A/SymptomDiagnosticReporter
0x00007ff80682e000 	/System/Library/PrivateFrameworks/DesktopServicesPriv.framework/Versions/A/DesktopServicesPriv
0x00007ff8056ac000 	/usr/lib/libsandbox.1.dylib
0x00007ff80a559000 	/System/Library/PrivateFrameworks/UserManagement.framework/Versions/A/UserManagement
0x00007ff815e5a000 	/System/Library/PrivateFrameworks/DebugSymbols.framework/Versions/A/DebugSymbols
0x00007ff810b7a000 	/System/Library/PrivateFrameworks/NetAuth.framework/Versions/A/NetAuth
0x00007ff811a89000 	/System/Library/PrivateFrameworks/Sharing.framework/Versions/A/Sharing
0x00007ff80a52c000 	/System/Library/PrivateFrameworks/login.framework/Versions/A/Frameworks/loginsupport.framework/Versions/A/loginsupport
0x00007ff816ff8000 	/System/Library/PrivateFrameworks/Apple80211.framework/Versions/A/Apple80211
0x00007ff80d731000 	/System/Library/PrivateFrameworks/AuthKit.framework/Versions/A/AuthKit
0x00007ff80cd86000 	/System/Library/PrivateFrameworks/CoreUtils.framework/Versions/A/CoreUtils
0x00007ff80ccad000 	/System/Library/Frameworks/CoreWLAN.framework/Versions/A/CoreWLAN
0x00007ff811be8000 	/System/Library/Frameworks/IOBluetooth.framework/Versions/A/IOBluetooth
0x00007ff817060000 	/System/Library/PrivateFrameworks/CoreWiFi.framework/Versions/A/CoreWiFi
0x00007ff815a2e000 	/System/Library/PrivateFrameworks/FrontBoardServices.framework/Versions/A/FrontBoardServices
0x00007ff815abf000 	/System/Library/PrivateFrameworks/BoardServices.framework/Versions/A/BoardServices
0x00007ff80cf95000 	/System/Library/PrivateFrameworks/AssertionServices.framework/Versions/A/AssertionServices
0x00007ff8171e3000 	/System/Library/PrivateFrameworks/BackBoardServices.framework/Versions/A/BackBoardServices
0x00007ff810fd4000 	/System/Library/PrivateFrameworks/CorePhoneNumbers.framework/Versions/A/CorePhoneNumbers
0x00007ff810898000 	/System/Library/PrivateFrameworks/MultiverseSupport.framework/Versions/A/MultiverseSupport
0x00007ff817457000 	/System/Library/PrivateFrameworks/RemoteServiceDiscovery.framework/Versions/A/RemoteServiceDiscovery
0x00007ff814d2c000 	/System/Library/PrivateFrameworks/DiskManagement.framework/Versions/A/DiskManagement
0x00007ff814c40000 	/System/Library/PrivateFrameworks/AppleIDAuthSupport.framework/Versions/A/AppleIDAuthSupport
0x00007ffb03376000 	/System/Library/PrivateFrameworks/AAAFoundation.framework/Versions/A/AAAFoundation
0x00007ff810fb5000 	/System/Library/PrivateFrameworks/KeychainCircle.framework/Versions/A/KeychainCircle
0x00007ff817467000 	/System/Library/PrivateFrameworks/RemoteXPC.framework/Versions/A/RemoteXPC
0x00007ff814cf8000 	/System/Library/PrivateFrameworks/MediaKit.framework/Versions/A/MediaKit
0x00007ff814c4c000 	/System/Library/Frameworks/DiscRecording.framework/Versions/A/DiscRecording
0x00007ff80e587000 	/usr/lib/libCoreStorage.dylib
0x00007ff8174d2000 	/usr/lib/libcsfde.dylib
0x00007ff811cb5000 	/System/Library/PrivateFrameworks/ProtectedCloudStorage.framework/Versions/A/ProtectedCloudStorage
0x00007ff8174ce000 	/System/Library/PrivateFrameworks/EFILogin.framework/Versions/A/EFILogin
0x00007ff8153aa000 	/System/Library/PrivateFrameworks/OctagonTrust.framework/Versions/A/OctagonTrust
0x00007ffb07c5e000 	/System/Library/PrivateFrameworks/CoreUtilsExtras.framework/Versions/A/CoreUtilsExtras
0x00007ff814b73000 	/System/Library/Frameworks/CoreBluetooth.framework/Versions/A/CoreBluetooth
0x00007ff817b6d000 	/System/Library/Frameworks/AudioUnit.framework/Versions/A/AudioUnit
0x00007ff80e57f000 	/usr/lib/libMatch.1.dylib
0x00007ff80a251000 	/System/Library/PrivateFrameworks/ViewBridge.framework/Versions/A/ViewBridge
0x000000011b2c5000 	/usr/lib/libobjc-trampolines.dylib
0x00007ff90d5ae000 	/System/Library/Frameworks/Accelerate.framework/Versions/A/Frameworks/vImage.framework/Versions/A/Libraries/libCGInterfaces.dylib
0x00007ff80ecd7000 	/System/Library/PrivateFrameworks/login.framework/Versions/A/login
0x000000011b2af000 	/Users/KellyNicholasI/Documents/kgfx/java/libkgfx_gh_java.dylib


VM Arguments:
jvm_args: -Djava.library.path=/Users/KellyNicholasI/Documents/kgfx/java -javaagent:/Users/KellyNicholasI/Library/Python/3.9/bin/IntelliJ IDEA.app/Contents/lib/idea_rt.jar=49595:/Users/KellyNicholasI/Library/Python/3.9/bin/IntelliJ IDEA.app/Contents/bin -Dfile.encoding=UTF-8 -Dsun.stdout.encoding=UTF-8 -Dsun.stderr.encoding=UTF-8 
java_command: Main
java_class_path (initial): /Users/KellyNicholasI/Documents/kgfx/java/project/out/production/project:/Users/KellyNicholasI/Documents/kgfx/java/project/lib/glfw/lwjgl-glfw.jar:/Users/KellyNicholasI/Documents/kgfx/java/project/lib/glfw/lwjgl-glfw-javadoc.jar:/Users/KellyNicholasI/Documents/kgfx/java/project/lib/glfw/lwjgl-glfw-sources.jar:/Users/KellyNicholasI/Documents/kgfx/java/project/lib/glfw/lwjgl-glfw-natives-linux.jar:/Users/KellyNicholasI/Documents/kgfx/java/project/lib/glfw/lwjgl-glfw-natives-macos.jar:/Users/KellyNicholasI/Documents/kgfx/java/project/lib/glfw/lwjgl-glfw-natives-windows.jar:/Users/KellyNicholasI/Documents/kgfx/java/project/lib/glfw/lwjgl-glfw-natives-linux-arm32.jar:/Users/KellyNicholasI/Documents/kgfx/java/project/lib/glfw/lwjgl-glfw-natives-linux-arm64.jar:/Users/KellyNicholasI/Documents/kgfx/java/project/lib/glfw/lwjgl-glfw-natives-macos-arm64.jar:/Users/KellyNicholasI/Documents/kgfx/java/project/lib/glfw/lwjgl-glfw-natives-windows-x86.jar:/Users/KellyNicholasI/Documents/kgfx/java/project/lib/glfw/lwjgl-glfw-natives-windows-arm64.jar:/Users/KellyNicholasI/Documents/kgfx/java/project/lib/lwjgl/lwjgl.jar:/Users/KellyNicholasI/Documents/kgfx/java/project/lib/lwjgl/lwjgl-javadoc.jar:/Users/KellyNicholasI/Documents/kgfx/java/project/lib/lwjgl/lwjgl-sources.jar:/Users/KellyNicholasI/Documents/kgfx/java/project/lib/lwjgl/lwjgl-natives-linux.jar:/Users/KellyNicholasI/Documents/kgfx/java/project/lib/lwjgl/lwjgl-natives-macos.jar:/Users/KellyNicholasI/Documents/kgfx/java/project/lib/lwjgl/lwjgl-natives-windows.jar:/Users/KellyNicholasI/Documents/kgfx/java/project/lib/lwjgl/lwjgl-natives-linux-arm32.jar:/Users/KellyNicholasI/Documents/kgfx/java/project/lib/lwjgl/lwjgl-natives-linux-arm64.jar:/Users/KellyNicholasI/Documents/kgfx/java/project/lib/lwjgl/lwjgl-natives-macos-arm64.jar:/Users/KellyNicholasI/Documents/kgfx/java/project/lib/lwjgl/lwjgl-natives-windows-x86.jar:/Users/KellyNicholasI/Documents/kgfx/java/project/lib/lwjgl/lwjgl-natives-windows-arm64.jar
Launcher Type: SUN_STANDARD

[Global flags]
     intx CICompilerCount                          = 3                                         {product} {ergonomic}
     uint ConcGCThreads                            = 1                                         {product} {ergonomic}
     uint G1ConcRefinementThreads                  = 4                                         {product} {ergonomic}
   size_t G1HeapRegionSize                         = 1048576                                   {product} {ergonomic}
    uintx GCDrainStackTargetSize                   = 64                                        {product} {ergonomic}
   size_t InitialHeapSize                          = 134217728                                 {product} {ergonomic}
   size_t MarkStackSize                            = 4194304                                   {product} {ergonomic}
   size_t MaxHeapSize                              = 2147483648                                {product} {ergonomic}
   size_t MaxNewSize                               = 1287651328                                {product} {ergonomic}
   size_t MinHeapDeltaBytes                        = 1048576                                   {product} {ergonomic}
   size_t MinHeapSize                              = 8388608                                   {product} {ergonomic}
    uintx NonNMethodCodeHeapSize                   = 5832780                                {pd product} {ergonomic}
    uintx NonProfiledCodeHeapSize                  = 122912730                              {pd product} {ergonomic}
    uintx ProfiledCodeHeapSize                     = 122912730                              {pd product} {ergonomic}
    uintx ReservedCodeCacheSize                    = 251658240                              {pd product} {ergonomic}
     bool SegmentedCodeCache                       = true                                      {product} {ergonomic}
   size_t SoftMaxHeapSize                          = 2147483648                             {manageable} {ergonomic}
     bool UseCompressedClassPointers               = true                           {product lp64_product} {ergonomic}
     bool UseCompressedOops                        = true                           {product lp64_product} {ergonomic}
     bool UseG1GC                                  = true                                      {product} {ergonomic}
     bool UseNUMA                                  = false                                     {product} {ergonomic}
     bool UseNUMAInterleaving                      = false                                     {product} {ergonomic}

Logging:
Log output configuration:
 #0: stdout all=warning uptime,level,tags foldmultilines=false
 #1: stderr all=off uptime,level,tags foldmultilines=false

Environment Variables:
PATH=/usr/local/bin:/usr/bin:/bin:/usr/sbin:/sbin:/Users/KellyNicholasI/Library/Python/3.9/bin:/Users/KellyNicholasI/Library/Python/3.9/bin/homebrew/bin
SHELL=/bin/zsh
LC_CTYPE=en_US.UTF-8

Signal Handlers:
   SIGSEGV: _ZL13crash_handleriP9__siginfoPv in libjvm.dylib, mask=11100110000111110111111111111111, flags=SA_RESTART|SA_SIGINFO
    SIGBUS: _ZL13crash_handleriP9__siginfoPv in libjvm.dylib, mask=11100110000111110111111111111111, flags=SA_RESTART|SA_SIGINFO
    SIGFPE: _ZL13crash_handleriP9__siginfoPv in libjvm.dylib, mask=11100110000111110111111111111111, flags=SA_RESTART|SA_SIGINFO
   SIGPIPE: _ZL17javaSignalHandleriP9__siginfoPv in libjvm.dylib, mask=11100110000111110111111111111111, flags=SA_RESTART|SA_SIGINFO
   SIGXFSZ: _ZL17javaSignalHandleriP9__siginfoPv in libjvm.dylib, mask=11100110000111110111111111111111, flags=SA_RESTART|SA_SIGINFO
    SIGILL: _ZL13crash_handleriP9__siginfoPv in libjvm.dylib, mask=11100110000111110111111111111111, flags=SA_RESTART|SA_SIGINFO
   SIGUSR2: _ZL10SR_handleriP9__siginfoP17__darwin_ucontext in libjvm.dylib, mask=00100000000000000000000000000000, flags=SA_RESTART|SA_SIGINFO
    SIGHUP: _ZL11UserHandleriPvS_ in libjvm.dylib, mask=11100110000111110111111111111111, flags=SA_RESTART|SA_SIGINFO
    SIGINT: _ZL11UserHandleriPvS_ in libjvm.dylib, mask=11100110000111110111111111111111, flags=SA_RESTART|SA_SIGINFO
   SIGTERM: _ZL11UserHandleriPvS_ in libjvm.dylib, mask=11100110000111110111111111111111, flags=SA_RESTART|SA_SIGINFO
   SIGQUIT: _ZL11UserHandleriPvS_ in libjvm.dylib, mask=11100110000111110111111111111111, flags=SA_RESTART|SA_SIGINFO
   SIGTRAP: _ZL13crash_handleriP9__siginfoPv in libjvm.dylib, mask=11100110000111110111111111111111, flags=SA_RESTART|SA_SIGINFO


---------------  S Y S T E M  ---------------

OS:
uname: Darwin 21.6.0 Darwin Kernel Version 21.6.0: Wed Oct  4 23:55:28 PDT 2023; root:xnu-8020.240.18.704.15~1/RELEASE_X86_64 x86_64
OS uptime: 8 days 3:05 hours
rlimit (soft/hard): STACK 8192k/65532k , CORE 0k/infinity , NPROC 1392/2088 , NOFILE 10240/infinity , AS infinity/infinity , CPU infinity/infinity , DATA infinity/infinity , FSIZE infinity/infinity , MEMLOCK infinity/infinity , RSS infinity/infinity
load average: 7.22 6.63 5.35

CPU: total 4 (initial active 4) (2 cores per cpu, 2 threads per core) family 6 model 61 stepping 4 microcode 0x2f, cx8, cmov, fxsr, ht, mmx, 3dnowpref, sse, sse2, sse3, ssse3, sse4.1, sse4.2, popcnt, lzcnt, tsc, tscinvbit, avx, avx2, aes, erms, clmul, bmi1, bmi2, rtm, adx, fma, vzeroupper, clflush

Memory: 4k page, physical 8388608k(90868k free), swap 2097152k(540416k free)

vm_info: OpenJDK 64-Bit Server VM (18.0.2+9-FR) for bsd-amd64 JRE (18.0.2+9-FR), built on Jul 15 2022 19:45:06 by "ec2user" with clang Apple LLVM 13.0.0 (clang-1300.0.29.30)

END.
