#
# A fatal error has been detected by the Java Runtime Environment:
#
#  EXCEPTION_ACCESS_VIOLATION (0xc0000005) at pc=0x00007ffffc62cc7c, pid=20968, tid=37624
#
# JRE version: OpenJDK Runtime Environment (21.0.2+13) (build 21.0.2+13-58)
# Java VM: OpenJDK 64-Bit Server VM (21.0.2+13-58, mixed mode, sharing, tiered, compressed oops, compressed class ptrs, g1 gc, windows-amd64)
# Problematic frame:
# V  [jvm.dll+0x43cc7c]
#
# No core dump will be written. Minidumps are not enabled by default on client versions of Windows
#
# If you would like to submit a bug report, please visit:
#   https://bugreport.java.com/bugreport/crash.jsp
#

---------------  S U M M A R Y ------------

Command Line: -agentlib:jdwp=transport=dt_socket,address=127.0.0.1:64208,suspend=y,server=n -Djava.library.path=C:\Users\nik\source\repos\kgfx\kgfx\java -javaagent:C:\Users\nik\AppData\Local\JetBrains\IntelliJIdea2023.3\captureAgent\debugger-agent.jar -Dfile.encoding=UTF-8 -Dsun.stdout.encoding=UTF-8 -Dsun.stderr.encoding=UTF-8 Main

Host: Intel(R) Core(TM) i5-10600K CPU @ 4.10GHz, 12 cores, 31G,  Windows 10 , 64 bit Build 19041 (10.0.19041.3636)
Time: Tue Mar  5 20:22:35 2024 Eastern Standard Time elapsed time: 0.368527 seconds (0d 0h 0m 0s)

---------------  T H R E A D  ---------------

Current thread (0x00000223ef5f1370):  JavaThread "main"             [_thread_in_vm, id=37624, stack(0x0000003e55300000,0x0000003e55400000) (1024K)]

Stack: [0x0000003e55300000,0x0000003e55400000],  sp=0x0000003e553fee30,  free space=1019k
Native frames: (J=compiled Java code, j=interpreted, Vv=VM code, C=native code)
V  [jvm.dll+0x43cc7c]
C  [kgfx_java.dll+0x49312]

Java frames: (J=compiled Java code, j=interpreted, Vv=VM code)
j  com.krisvers.kgfx.KGFXjni.createPipeline(J[JLcom/krisvers/kgfx/KGFXpipelinelayout;IIII)J+0
j  Main.main([Ljava/lang/String;)V+238
v  ~StubRoutines::call_stub 0x000002238753100d

siginfo: EXCEPTION_ACCESS_VIOLATION (0xc0000005), reading address 0x0000000000000014


Registers:
RAX=0x000000000000000c, RBX=0x00000223ef5f1370, RCX=0x0000000000000008, RDX=0x000000000000000c
RSP=0x0000003e553fee30, RBP=0x0000003e553fee80, RSI=0x0000000000000fa0, RDI=0x0000003e553ff830
R8 =0x0000003e553fd4c8, R9 =0x0000003e553fee80, R10=0x0000000000000000, R11=0x0000000000000246
R12=0x0000000000000000, R13=0x00000223d84daa70, R14=0x0000003e553ff4a8, R15=0x00000223ef5f1370
RIP=0x00007ffffc62cc7c, EFLAGS=0x0000000000010202


Register to memory mapping:

RAX=0x000000000000000c is an unknown value
RBX=0x00000223ef5f1370 is a thread
RCX=0x0000000000000008 is an unknown value
RDX=0x000000000000000c is an unknown value
RSP=0x0000003e553fee30 is pointing into the stack for thread: 0x00000223ef5f1370
RBP=0x0000003e553fee80 is pointing into the stack for thread: 0x00000223ef5f1370
RSI=0x0000000000000fa0 is an unknown value
RDI=0x0000003e553ff830 is pointing into the stack for thread: 0x00000223ef5f1370
R8 =0x0000003e553fd4c8 is pointing into the stack for thread: 0x00000223ef5f1370
R9 =0x0000003e553fee80 is pointing into the stack for thread: 0x00000223ef5f1370
R10=0x0 is null
R11=0x0000000000000246 is an unknown value
R12=0x0 is null
R13={method} {0x00000223d84daa78} 'createPipeline' '(J[JLcom/krisvers/kgfx/KGFXpipelinelayout;IIII)J' in 'com/krisvers/kgfx/KGFXjni'
R14=0x0000003e553ff4a8 is pointing into the stack for thread: 0x00000223ef5f1370
R15=0x00000223ef5f1370 is a thread

Top of Stack: (sp=0x0000003e553fee30)
0x0000003e553fee30:   00007ffffe009c88 0000003e553fee48
0x0000003e553fee40:   00007ffffe009c88 0000003e553fee30
0x0000003e553fee50:   0000003e553ff200 00007ffffc1b9312
0x0000003e553fee60:   00000223d84daa70 0000000000000fa0
0x0000003e553fee70:   00007ffffcbdbe08 00000000000006e0
0x0000003e553fee80:   cccccccccccccccc cccccccccccccccc
0x0000003e553fee90:   0000000000000000 cccccccc00000000
0x0000003e553feea0:   0000000000000000 cccccccc00000000
0x0000003e553feeb0:   0000000000000000 cccccccc00000000
0x0000003e553feec0:   0000000000000000 0000000000000000
0x0000003e553feed0:   cccccccccccccccc cccccccccccccccc
0x0000003e553feee0:   cccccccccccccccc 00000223ef5f5c00
0x0000003e553feef0:   cccccccccccccccc cccccccccccccccc
0x0000003e553fef00:   cccccccccccccccc 0000000000000000
0x0000003e553fef10:   cccccccccccccccc cccccccccccccccc
0x0000003e553fef20:   cccccccccccccccc 00000223ef5f5c08
0x0000003e553fef30:   cccccccccccccccc cccccccccccccccc
0x0000003e553fef40:   cccccccccccccccc cccccccccccccccc
0x0000003e553fef50:   cccccccccccccccc cccccccccccccccc
0x0000003e553fef60:   cccccccccccccccc cccccccccccccccc
0x0000003e553fef70:   cccccccccccccccc cccccccccccccccc
0x0000003e553fef80:   cccccccccccccccc cccccccccccccccc
0x0000003e553fef90:   cccccccccccccccc cccccccccccccccc
0x0000003e553fefa0:   cccccccccccccccc cccccccccccccccc
0x0000003e553fefb0:   cccccccccccccccc cccccccccccccccc
0x0000003e553fefc0:   cccccccccccccccc cccccccccccccccc
0x0000003e553fefd0:   cccccccccccccccc cccccccccccccccc
0x0000003e553fefe0:   cccccccccccccccc cccccccccccccccc
0x0000003e553feff0:   cccccccccccccccc cccccccccccccccc
0x0000003e553ff000:   cccccccccccccccc cccccccccccccccc
0x0000003e553ff010:   cccccccccccccccc cccccccccccccccc
0x0000003e553ff020:   cccccccccccccccc cccccccccccccccc 

Instructions: (pc=0x00007ffffc62cc7c)
0x00007ffffc62cb7c:   48 81 c1 48 fc ff ff 05 53 21 ff ff 49 8b d8 83
0x00007ffffc62cb8c:   f8 01 77 05 e8 cb f5 fa ff 48 85 db 74 0d 48 8b
0x00007ffffc62cb9c:   cb 48 83 c4 20 5b e9 79 1f c8 ff 48 83 c4 20 5b
0x00007ffffc62cbac:   c3 cc cc cc 48 89 5c 24 08 48 89 74 24 10 57 48
0x00007ffffc62cbbc:   83 ec 20 8b 81 b8 00 00 00 48 8d 99 48 fc ff ff
0x00007ffffc62cbcc:   05 53 21 ff ff 48 8b fa 83 f8 01 77 08 48 8b cb
0x00007ffffc62cbdc:   e8 7f f5 fa ff 80 3d a9 79 7e 00 00 c7 83 4c 04
0x00007ffffc62cbec:   00 00 06 00 00 00 75 06 e8 87 ee 27 00 90 48 8b
0x00007ffffc62cbfc:   83 50 04 00 00 a8 01 74 0d 45 33 c0 b2 01 48 8b
0x00007ffffc62cc0c:   cb e8 de ea 2e 00 8b 83 48 04 00 00 a8 0c 74 08
0x00007ffffc62cc1c:   48 8b cb e8 ec 0a fb ff 48 8b c7 c7 83 4c 04 00
0x00007ffffc62cc2c:   00 06 00 00 00 83 e0 03 48 83 f8 01 75 0f 48 8d
0x00007ffffc62cc3c:   4f ff ff 15 5c ed 77 00 48 8b c8 eb 18 48 83 f8
0x00007ffffc62cc4c:   02 75 0f 48 8d 4f fe ff 15 c7 63 77 00 48 8b c8
0x00007ffffc62cc5c:   eb 03 48 8b 0f 80 3d b6 08 78 00 00 b8 10 00 00
0x00007ffffc62cc6c:   00 48 8b bb 98 01 00 00 ba 0c 00 00 00 0f 45 c2
0x00007ffffc62cc7c:   8b 34 08 48 8b 47 10 48 83 38 00 74 08 48 8b cf
0x00007ffffc62cc8c:   e8 af 21 f6 ff 48 8b 57 08 48 8b 4f 10 48 89 4a
0x00007ffffc62cc9c:   10 48 8b 57 08 48 8b 4f 18 48 89 4a 18 48 8b 4f
0x00007ffffc62ccac:   20 48 8b 57 08 48 89 4a 20 48 8d 8b 98 03 00 00
0x00007ffffc62ccbc:   e8 0f a4 ed ff 90 8b c6 48 8b 74 24 38 c7 83 4c
0x00007ffffc62cccc:   04 00 00 04 00 00 00 48 8b 5c 24 30 48 83 c4 20
0x00007ffffc62ccdc:   5f c3 cc cc 40 53 56 57 48 83 ec 40 8b 81 b8 00
0x00007ffffc62ccec:   00 00 48 8d 99 48 fc ff ff 48 89 6c 24 60 05 53
0x00007ffffc62ccfc:   21 ff ff 4c 89 74 24 70 49 8b e9 44 8b f2 49 8b
0x00007ffffc62cd0c:   f0 83 f8 01 77 08 48 8b cb e8 46 f4 fa ff 80 3d
0x00007ffffc62cd1c:   70 78 7e 00 00 c7 83 4c 04 00 00 06 00 00 00 75
0x00007ffffc62cd2c:   06 e8 4e ed 27 00 90 48 8b 83 50 04 00 00 a8 01
0x00007ffffc62cd3c:   74 0d 45 33 c0 b2 01 48 8b cb e8 a5 e9 2e 00 8b
0x00007ffffc62cd4c:   83 48 04 00 00 a8 0c 74 08 48 8b cb e8 b3 09 fb
0x00007ffffc62cd5c:   ff 33 ff c7 83 4c 04 00 00 06 00 00 00 48 89 5c
0x00007ffffc62cd6c:   24 20 48 89 7c 24 28 48 39 7b 08 74 0a 48 8d 4c 


Stack slot to memory mapping:

stack at sp + 0 slots: 0x00007ffffe009c88 ucrtbased.dll
stack at sp + 1 slots: 0x0000003e553fee48 is pointing into the stack for thread: 0x00000223ef5f1370
stack at sp + 2 slots: 0x00007ffffe009c88 ucrtbased.dll
stack at sp + 3 slots: 0x0000003e553fee30 is pointing into the stack for thread: 0x00000223ef5f1370
stack at sp + 4 slots: 0x0000003e553ff200 is pointing into the stack for thread: 0x00000223ef5f1370
stack at sp + 5 slots: 0x00007ffffc1b9312 kgfx_java.dll
stack at sp + 6 slots: {method} {0x00000223d84daa78} 'createPipeline' '(J[JLcom/krisvers/kgfx/KGFXpipelinelayout;IIII)J' in 'com/krisvers/kgfx/KGFXjni'
stack at sp + 7 slots: 0x0000000000000fa0 is an unknown value


---------------  P R O C E S S  ---------------

Threads class SMR info:
_java_thread_list=0x00000223dc2dcee0, length=14, elements={
0x00000223ef5f1370, 0x00000223dc100080, 0x00000223dc101f00, 0x00000223dc105d90,
0x00000223dc1067f0, 0x00000223dc107250, 0x00000223dc107cb0, 0x00000223dc10e360,
0x00000223dc119230, 0x00000223dc228fd0, 0x00000223dc2b3f80, 0x00000223dc36d7c0,
0x00000223dc36de40, 0x00000223dc321d50
}

Java Threads: ( => current thread )
=>0x00000223ef5f1370 JavaThread "main"                              [_thread_in_vm, id=37624, stack(0x0000003e55300000,0x0000003e55400000) (1024K)]
  0x00000223dc100080 JavaThread "Reference Handler"          daemon [_thread_blocked, id=18996, stack(0x0000003e55b00000,0x0000003e55c00000) (1024K)]
  0x00000223dc101f00 JavaThread "Finalizer"                  daemon [_thread_blocked, id=18580, stack(0x0000003e55c00000,0x0000003e55d00000) (1024K)]
  0x00000223dc105d90 JavaThread "Signal Dispatcher"          daemon [_thread_blocked, id=28092, stack(0x0000003e55d00000,0x0000003e55e00000) (1024K)]
  0x00000223dc1067f0 JavaThread "Attach Listener"            daemon [_thread_blocked, id=23832, stack(0x0000003e55e00000,0x0000003e55f00000) (1024K)]
  0x00000223dc107250 JavaThread "Service Thread"             daemon [_thread_blocked, id=11600, stack(0x0000003e55f00000,0x0000003e56000000) (1024K)]
  0x00000223dc107cb0 JavaThread "Monitor Deflation Thread"   daemon [_thread_blocked, id=4556, stack(0x0000003e56000000,0x0000003e56100000) (1024K)]
  0x00000223dc10e360 JavaThread "C2 CompilerThread0"         daemon [_thread_blocked, id=37480, stack(0x0000003e56100000,0x0000003e56200000) (1024K)]
  0x00000223dc119230 JavaThread "C1 CompilerThread0"         daemon [_thread_blocked, id=12124, stack(0x0000003e56200000,0x0000003e56300000) (1024K)]
  0x00000223dc228fd0 JavaThread "Common-Cleaner"             daemon [_thread_blocked, id=7096, stack(0x0000003e56300000,0x0000003e56400000) (1024K)]
  0x00000223dc2b3f80 JavaThread "JDWP Transport Listener: dt_socket" daemon [_thread_blocked, id=4272, stack(0x0000003e56400000,0x0000003e56500000) (1024K)]
  0x00000223dc36d7c0 JavaThread "JDWP Event Helper Thread"   daemon [_thread_blocked, id=26108, stack(0x0000003e56500000,0x0000003e56600000) (1024K)]
  0x00000223dc36de40 JavaThread "JDWP Command Reader"        daemon [_thread_in_native, id=6892, stack(0x0000003e56600000,0x0000003e56700000) (1024K)]
  0x00000223dc321d50 JavaThread "Notification Thread"        daemon [_thread_blocked, id=23400, stack(0x0000003e56700000,0x0000003e56800000) (1024K)]
Total: 14

Other Threads:
  0x00000223fe8cef60 VMThread "VM Thread"                           [id=36824, stack(0x0000003e55a00000,0x0000003e55b00000) (1024K)]
  0x00000223fe8b5ec0 WatcherThread "VM Periodic Task Thread"        [id=26612, stack(0x0000003e55900000,0x0000003e55a00000) (1024K)]
  0x00000223f18a8bc0 WorkerThread "GC Thread#0"                     [id=5688, stack(0x0000003e55400000,0x0000003e55500000) (1024K)]
  0x00000223f18b9b20 ConcurrentGCThread "G1 Main Marker"            [id=36360, stack(0x0000003e55500000,0x0000003e55600000) (1024K)]
  0x00000223f18bacc0 WorkerThread "G1 Conc#0"                       [id=29628, stack(0x0000003e55600000,0x0000003e55700000) (1024K)]
  0x00000223fe7736c0 ConcurrentGCThread "G1 Refine#0"               [id=4332, stack(0x0000003e55700000,0x0000003e55800000) (1024K)]
  0x00000223fe774130 ConcurrentGCThread "G1 Service"                [id=31764, stack(0x0000003e55800000,0x0000003e55900000) (1024K)]
Total: 7

Threads with active compile tasks:
Total: 0

VM state: not at safepoint (normal execution)

VM Mutex/Monitor currently owned by a thread: None

Heap address: 0x0000000602400000, size: 8156 MB, Compressed Oops mode: Zero based, Oop shift amount: 3

CDS archive(s) mapped at: [0x0000022397000000-0x0000022397c90000-0x0000022397c90000), size 13172736, SharedBaseAddress: 0x0000022397000000, ArchiveRelocationMode: 1.
Compressed class space mapped at: 0x0000022398000000-0x00000223d8000000, reserved size: 1073741824
Narrow klass base: 0x0000022397000000, Narrow klass shift: 0, Narrow klass range: 0x100000000

GC Precious Log:
 CardTable entry size: 512
 Card Set container configuration: InlinePtr #cards 4 size 8 Array Of Cards #cards 32 size 80 Howl #buckets 8 coarsen threshold 7372 Howl Bitmap #cards 1024 size 144 coarsen threshold 921 Card regions per heap region 1 cards per card region 8192
 CPUs: 12 total, 12 available
 Memory: 32616M
 Large Page Support: Disabled
 NUMA Support: Disabled
 Compressed Oops: Enabled (Zero based)
 Heap Region Size: 4M
 Heap Min Capacity: 8M
 Heap Initial Capacity: 512M
 Heap Max Capacity: 8156M
 Pre-touch: Disabled
 Parallel Workers: 10
 Concurrent Workers: 3
 Concurrent Refinement Workers: 10
 Periodic GC: Disabled

Heap:
 garbage-first heap   total 524288K, used 8192K [0x0000000602400000, 0x0000000800000000)
  region size 4096K, 3 young (12288K), 0 survivors (0K)
 Metaspace       used 2282K, committed 2432K, reserved 1114112K
  class space    used 152K, committed 256K, reserved 1048576K

Heap Regions: E=young(eden), S=young(survivor), O=old, HS=humongous(starts), HC=humongous(continues), CS=collection set, F=free, TAMS=top-at-mark-start, PB=parsable bottom
|   0|0x0000000602400000, 0x0000000602400000, 0x0000000602800000|  0%| F|  |TAMS 0x0000000602400000| PB 0x0000000602400000| Untracked 
|   1|0x0000000602800000, 0x0000000602800000, 0x0000000602c00000|  0%| F|  |TAMS 0x0000000602800000| PB 0x0000000602800000| Untracked 
|   2|0x0000000602c00000, 0x0000000602c00000, 0x0000000603000000|  0%| F|  |TAMS 0x0000000602c00000| PB 0x0000000602c00000| Untracked 
|   3|0x0000000603000000, 0x0000000603000000, 0x0000000603400000|  0%| F|  |TAMS 0x0000000603000000| PB 0x0000000603000000| Untracked 
|   4|0x0000000603400000, 0x0000000603400000, 0x0000000603800000|  0%| F|  |TAMS 0x0000000603400000| PB 0x0000000603400000| Untracked 
|   5|0x0000000603800000, 0x0000000603800000, 0x0000000603c00000|  0%| F|  |TAMS 0x0000000603800000| PB 0x0000000603800000| Untracked 
|   6|0x0000000603c00000, 0x0000000603c00000, 0x0000000604000000|  0%| F|  |TAMS 0x0000000603c00000| PB 0x0000000603c00000| Untracked 
|   7|0x0000000604000000, 0x0000000604000000, 0x0000000604400000|  0%| F|  |TAMS 0x0000000604000000| PB 0x0000000604000000| Untracked 
|   8|0x0000000604400000, 0x0000000604400000, 0x0000000604800000|  0%| F|  |TAMS 0x0000000604400000| PB 0x0000000604400000| Untracked 
|   9|0x0000000604800000, 0x0000000604800000, 0x0000000604c00000|  0%| F|  |TAMS 0x0000000604800000| PB 0x0000000604800000| Untracked 
|  10|0x0000000604c00000, 0x0000000604c00000, 0x0000000605000000|  0%| F|  |TAMS 0x0000000604c00000| PB 0x0000000604c00000| Untracked 
|  11|0x0000000605000000, 0x0000000605000000, 0x0000000605400000|  0%| F|  |TAMS 0x0000000605000000| PB 0x0000000605000000| Untracked 
|  12|0x0000000605400000, 0x0000000605400000, 0x0000000605800000|  0%| F|  |TAMS 0x0000000605400000| PB 0x0000000605400000| Untracked 
|  13|0x0000000605800000, 0x0000000605800000, 0x0000000605c00000|  0%| F|  |TAMS 0x0000000605800000| PB 0x0000000605800000| Untracked 
|  14|0x0000000605c00000, 0x0000000605c00000, 0x0000000606000000|  0%| F|  |TAMS 0x0000000605c00000| PB 0x0000000605c00000| Untracked 
|  15|0x0000000606000000, 0x0000000606000000, 0x0000000606400000|  0%| F|  |TAMS 0x0000000606000000| PB 0x0000000606000000| Untracked 
|  16|0x0000000606400000, 0x0000000606400000, 0x0000000606800000|  0%| F|  |TAMS 0x0000000606400000| PB 0x0000000606400000| Untracked 
|  17|0x0000000606800000, 0x0000000606800000, 0x0000000606c00000|  0%| F|  |TAMS 0x0000000606800000| PB 0x0000000606800000| Untracked 
|  18|0x0000000606c00000, 0x0000000606c00000, 0x0000000607000000|  0%| F|  |TAMS 0x0000000606c00000| PB 0x0000000606c00000| Untracked 
|  19|0x0000000607000000, 0x0000000607000000, 0x0000000607400000|  0%| F|  |TAMS 0x0000000607000000| PB 0x0000000607000000| Untracked 
|  20|0x0000000607400000, 0x0000000607400000, 0x0000000607800000|  0%| F|  |TAMS 0x0000000607400000| PB 0x0000000607400000| Untracked 
|  21|0x0000000607800000, 0x0000000607800000, 0x0000000607c00000|  0%| F|  |TAMS 0x0000000607800000| PB 0x0000000607800000| Untracked 
|  22|0x0000000607c00000, 0x0000000607c00000, 0x0000000608000000|  0%| F|  |TAMS 0x0000000607c00000| PB 0x0000000607c00000| Untracked 
|  23|0x0000000608000000, 0x0000000608000000, 0x0000000608400000|  0%| F|  |TAMS 0x0000000608000000| PB 0x0000000608000000| Untracked 
|  24|0x0000000608400000, 0x0000000608400000, 0x0000000608800000|  0%| F|  |TAMS 0x0000000608400000| PB 0x0000000608400000| Untracked 
|  25|0x0000000608800000, 0x0000000608800000, 0x0000000608c00000|  0%| F|  |TAMS 0x0000000608800000| PB 0x0000000608800000| Untracked 
|  26|0x0000000608c00000, 0x0000000608c00000, 0x0000000609000000|  0%| F|  |TAMS 0x0000000608c00000| PB 0x0000000608c00000| Untracked 
|  27|0x0000000609000000, 0x0000000609000000, 0x0000000609400000|  0%| F|  |TAMS 0x0000000609000000| PB 0x0000000609000000| Untracked 
|  28|0x0000000609400000, 0x0000000609400000, 0x0000000609800000|  0%| F|  |TAMS 0x0000000609400000| PB 0x0000000609400000| Untracked 
|  29|0x0000000609800000, 0x0000000609800000, 0x0000000609c00000|  0%| F|  |TAMS 0x0000000609800000| PB 0x0000000609800000| Untracked 
|  30|0x0000000609c00000, 0x0000000609c00000, 0x000000060a000000|  0%| F|  |TAMS 0x0000000609c00000| PB 0x0000000609c00000| Untracked 
|  31|0x000000060a000000, 0x000000060a000000, 0x000000060a400000|  0%| F|  |TAMS 0x000000060a000000| PB 0x000000060a000000| Untracked 
|  32|0x000000060a400000, 0x000000060a400000, 0x000000060a800000|  0%| F|  |TAMS 0x000000060a400000| PB 0x000000060a400000| Untracked 
|  33|0x000000060a800000, 0x000000060a800000, 0x000000060ac00000|  0%| F|  |TAMS 0x000000060a800000| PB 0x000000060a800000| Untracked 
|  34|0x000000060ac00000, 0x000000060ac00000, 0x000000060b000000|  0%| F|  |TAMS 0x000000060ac00000| PB 0x000000060ac00000| Untracked 
|  35|0x000000060b000000, 0x000000060b000000, 0x000000060b400000|  0%| F|  |TAMS 0x000000060b000000| PB 0x000000060b000000| Untracked 
|  36|0x000000060b400000, 0x000000060b400000, 0x000000060b800000|  0%| F|  |TAMS 0x000000060b400000| PB 0x000000060b400000| Untracked 
|  37|0x000000060b800000, 0x000000060b800000, 0x000000060bc00000|  0%| F|  |TAMS 0x000000060b800000| PB 0x000000060b800000| Untracked 
|  38|0x000000060bc00000, 0x000000060bc00000, 0x000000060c000000|  0%| F|  |TAMS 0x000000060bc00000| PB 0x000000060bc00000| Untracked 
|  39|0x000000060c000000, 0x000000060c000000, 0x000000060c400000|  0%| F|  |TAMS 0x000000060c000000| PB 0x000000060c000000| Untracked 
|  40|0x000000060c400000, 0x000000060c400000, 0x000000060c800000|  0%| F|  |TAMS 0x000000060c400000| PB 0x000000060c400000| Untracked 
|  41|0x000000060c800000, 0x000000060c800000, 0x000000060cc00000|  0%| F|  |TAMS 0x000000060c800000| PB 0x000000060c800000| Untracked 
|  42|0x000000060cc00000, 0x000000060cc00000, 0x000000060d000000|  0%| F|  |TAMS 0x000000060cc00000| PB 0x000000060cc00000| Untracked 
|  43|0x000000060d000000, 0x000000060d000000, 0x000000060d400000|  0%| F|  |TAMS 0x000000060d000000| PB 0x000000060d000000| Untracked 
|  44|0x000000060d400000, 0x000000060d400000, 0x000000060d800000|  0%| F|  |TAMS 0x000000060d400000| PB 0x000000060d400000| Untracked 
|  45|0x000000060d800000, 0x000000060d800000, 0x000000060dc00000|  0%| F|  |TAMS 0x000000060d800000| PB 0x000000060d800000| Untracked 
|  46|0x000000060dc00000, 0x000000060dc00000, 0x000000060e000000|  0%| F|  |TAMS 0x000000060dc00000| PB 0x000000060dc00000| Untracked 
|  47|0x000000060e000000, 0x000000060e000000, 0x000000060e400000|  0%| F|  |TAMS 0x000000060e000000| PB 0x000000060e000000| Untracked 
|  48|0x000000060e400000, 0x000000060e400000, 0x000000060e800000|  0%| F|  |TAMS 0x000000060e400000| PB 0x000000060e400000| Untracked 
|  49|0x000000060e800000, 0x000000060e800000, 0x000000060ec00000|  0%| F|  |TAMS 0x000000060e800000| PB 0x000000060e800000| Untracked 
|  50|0x000000060ec00000, 0x000000060ec00000, 0x000000060f000000|  0%| F|  |TAMS 0x000000060ec00000| PB 0x000000060ec00000| Untracked 
|  51|0x000000060f000000, 0x000000060f000000, 0x000000060f400000|  0%| F|  |TAMS 0x000000060f000000| PB 0x000000060f000000| Untracked 
|  52|0x000000060f400000, 0x000000060f400000, 0x000000060f800000|  0%| F|  |TAMS 0x000000060f400000| PB 0x000000060f400000| Untracked 
|  53|0x000000060f800000, 0x000000060f800000, 0x000000060fc00000|  0%| F|  |TAMS 0x000000060f800000| PB 0x000000060f800000| Untracked 
|  54|0x000000060fc00000, 0x000000060fc00000, 0x0000000610000000|  0%| F|  |TAMS 0x000000060fc00000| PB 0x000000060fc00000| Untracked 
|  55|0x0000000610000000, 0x0000000610000000, 0x0000000610400000|  0%| F|  |TAMS 0x0000000610000000| PB 0x0000000610000000| Untracked 
|  56|0x0000000610400000, 0x0000000610400000, 0x0000000610800000|  0%| F|  |TAMS 0x0000000610400000| PB 0x0000000610400000| Untracked 
|  57|0x0000000610800000, 0x0000000610800000, 0x0000000610c00000|  0%| F|  |TAMS 0x0000000610800000| PB 0x0000000610800000| Untracked 
|  58|0x0000000610c00000, 0x0000000610c00000, 0x0000000611000000|  0%| F|  |TAMS 0x0000000610c00000| PB 0x0000000610c00000| Untracked 
|  59|0x0000000611000000, 0x0000000611000000, 0x0000000611400000|  0%| F|  |TAMS 0x0000000611000000| PB 0x0000000611000000| Untracked 
|  60|0x0000000611400000, 0x0000000611400000, 0x0000000611800000|  0%| F|  |TAMS 0x0000000611400000| PB 0x0000000611400000| Untracked 
|  61|0x0000000611800000, 0x0000000611800000, 0x0000000611c00000|  0%| F|  |TAMS 0x0000000611800000| PB 0x0000000611800000| Untracked 
|  62|0x0000000611c00000, 0x0000000611c00000, 0x0000000612000000|  0%| F|  |TAMS 0x0000000611c00000| PB 0x0000000611c00000| Untracked 
|  63|0x0000000612000000, 0x0000000612000000, 0x0000000612400000|  0%| F|  |TAMS 0x0000000612000000| PB 0x0000000612000000| Untracked 
|  64|0x0000000612400000, 0x0000000612400000, 0x0000000612800000|  0%| F|  |TAMS 0x0000000612400000| PB 0x0000000612400000| Untracked 
|  65|0x0000000612800000, 0x0000000612800000, 0x0000000612c00000|  0%| F|  |TAMS 0x0000000612800000| PB 0x0000000612800000| Untracked 
|  66|0x0000000612c00000, 0x0000000612c00000, 0x0000000613000000|  0%| F|  |TAMS 0x0000000612c00000| PB 0x0000000612c00000| Untracked 
|  67|0x0000000613000000, 0x0000000613000000, 0x0000000613400000|  0%| F|  |TAMS 0x0000000613000000| PB 0x0000000613000000| Untracked 
|  68|0x0000000613400000, 0x0000000613400000, 0x0000000613800000|  0%| F|  |TAMS 0x0000000613400000| PB 0x0000000613400000| Untracked 
|  69|0x0000000613800000, 0x0000000613800000, 0x0000000613c00000|  0%| F|  |TAMS 0x0000000613800000| PB 0x0000000613800000| Untracked 
|  70|0x0000000613c00000, 0x0000000613c00000, 0x0000000614000000|  0%| F|  |TAMS 0x0000000613c00000| PB 0x0000000613c00000| Untracked 
|  71|0x0000000614000000, 0x0000000614000000, 0x0000000614400000|  0%| F|  |TAMS 0x0000000614000000| PB 0x0000000614000000| Untracked 
|  72|0x0000000614400000, 0x0000000614400000, 0x0000000614800000|  0%| F|  |TAMS 0x0000000614400000| PB 0x0000000614400000| Untracked 
|  73|0x0000000614800000, 0x0000000614800000, 0x0000000614c00000|  0%| F|  |TAMS 0x0000000614800000| PB 0x0000000614800000| Untracked 
|  74|0x0000000614c00000, 0x0000000614c00000, 0x0000000615000000|  0%| F|  |TAMS 0x0000000614c00000| PB 0x0000000614c00000| Untracked 
|  75|0x0000000615000000, 0x0000000615000000, 0x0000000615400000|  0%| F|  |TAMS 0x0000000615000000| PB 0x0000000615000000| Untracked 
|  76|0x0000000615400000, 0x0000000615400000, 0x0000000615800000|  0%| F|  |TAMS 0x0000000615400000| PB 0x0000000615400000| Untracked 
|  77|0x0000000615800000, 0x0000000615800000, 0x0000000615c00000|  0%| F|  |TAMS 0x0000000615800000| PB 0x0000000615800000| Untracked 
|  78|0x0000000615c00000, 0x0000000615c00000, 0x0000000616000000|  0%| F|  |TAMS 0x0000000615c00000| PB 0x0000000615c00000| Untracked 
|  79|0x0000000616000000, 0x0000000616000000, 0x0000000616400000|  0%| F|  |TAMS 0x0000000616000000| PB 0x0000000616000000| Untracked 
|  80|0x0000000616400000, 0x0000000616400000, 0x0000000616800000|  0%| F|  |TAMS 0x0000000616400000| PB 0x0000000616400000| Untracked 
|  81|0x0000000616800000, 0x0000000616800000, 0x0000000616c00000|  0%| F|  |TAMS 0x0000000616800000| PB 0x0000000616800000| Untracked 
|  82|0x0000000616c00000, 0x0000000616c00000, 0x0000000617000000|  0%| F|  |TAMS 0x0000000616c00000| PB 0x0000000616c00000| Untracked 
|  83|0x0000000617000000, 0x0000000617000000, 0x0000000617400000|  0%| F|  |TAMS 0x0000000617000000| PB 0x0000000617000000| Untracked 
|  84|0x0000000617400000, 0x0000000617400000, 0x0000000617800000|  0%| F|  |TAMS 0x0000000617400000| PB 0x0000000617400000| Untracked 
|  85|0x0000000617800000, 0x0000000617800000, 0x0000000617c00000|  0%| F|  |TAMS 0x0000000617800000| PB 0x0000000617800000| Untracked 
|  86|0x0000000617c00000, 0x0000000617c00000, 0x0000000618000000|  0%| F|  |TAMS 0x0000000617c00000| PB 0x0000000617c00000| Untracked 
|  87|0x0000000618000000, 0x0000000618000000, 0x0000000618400000|  0%| F|  |TAMS 0x0000000618000000| PB 0x0000000618000000| Untracked 
|  88|0x0000000618400000, 0x0000000618400000, 0x0000000618800000|  0%| F|  |TAMS 0x0000000618400000| PB 0x0000000618400000| Untracked 
|  89|0x0000000618800000, 0x0000000618800000, 0x0000000618c00000|  0%| F|  |TAMS 0x0000000618800000| PB 0x0000000618800000| Untracked 
|  90|0x0000000618c00000, 0x0000000618c00000, 0x0000000619000000|  0%| F|  |TAMS 0x0000000618c00000| PB 0x0000000618c00000| Untracked 
|  91|0x0000000619000000, 0x0000000619000000, 0x0000000619400000|  0%| F|  |TAMS 0x0000000619000000| PB 0x0000000619000000| Untracked 
|  92|0x0000000619400000, 0x0000000619400000, 0x0000000619800000|  0%| F|  |TAMS 0x0000000619400000| PB 0x0000000619400000| Untracked 
|  93|0x0000000619800000, 0x0000000619800000, 0x0000000619c00000|  0%| F|  |TAMS 0x0000000619800000| PB 0x0000000619800000| Untracked 
|  94|0x0000000619c00000, 0x0000000619c00000, 0x000000061a000000|  0%| F|  |TAMS 0x0000000619c00000| PB 0x0000000619c00000| Untracked 
|  95|0x000000061a000000, 0x000000061a000000, 0x000000061a400000|  0%| F|  |TAMS 0x000000061a000000| PB 0x000000061a000000| Untracked 
|  96|0x000000061a400000, 0x000000061a400000, 0x000000061a800000|  0%| F|  |TAMS 0x000000061a400000| PB 0x000000061a400000| Untracked 
|  97|0x000000061a800000, 0x000000061a800000, 0x000000061ac00000|  0%| F|  |TAMS 0x000000061a800000| PB 0x000000061a800000| Untracked 
|  98|0x000000061ac00000, 0x000000061ac00000, 0x000000061b000000|  0%| F|  |TAMS 0x000000061ac00000| PB 0x000000061ac00000| Untracked 
|  99|0x000000061b000000, 0x000000061b000000, 0x000000061b400000|  0%| F|  |TAMS 0x000000061b000000| PB 0x000000061b000000| Untracked 
| 100|0x000000061b400000, 0x000000061b400000, 0x000000061b800000|  0%| F|  |TAMS 0x000000061b400000| PB 0x000000061b400000| Untracked 
| 101|0x000000061b800000, 0x000000061b800000, 0x000000061bc00000|  0%| F|  |TAMS 0x000000061b800000| PB 0x000000061b800000| Untracked 
| 102|0x000000061bc00000, 0x000000061bc00000, 0x000000061c000000|  0%| F|  |TAMS 0x000000061bc00000| PB 0x000000061bc00000| Untracked 
| 103|0x000000061c000000, 0x000000061c000000, 0x000000061c400000|  0%| F|  |TAMS 0x000000061c000000| PB 0x000000061c000000| Untracked 
| 104|0x000000061c400000, 0x000000061c400000, 0x000000061c800000|  0%| F|  |TAMS 0x000000061c400000| PB 0x000000061c400000| Untracked 
| 105|0x000000061c800000, 0x000000061c800000, 0x000000061cc00000|  0%| F|  |TAMS 0x000000061c800000| PB 0x000000061c800000| Untracked 
| 106|0x000000061cc00000, 0x000000061cc00000, 0x000000061d000000|  0%| F|  |TAMS 0x000000061cc00000| PB 0x000000061cc00000| Untracked 
| 107|0x000000061d000000, 0x000000061d000000, 0x000000061d400000|  0%| F|  |TAMS 0x000000061d000000| PB 0x000000061d000000| Untracked 
| 108|0x000000061d400000, 0x000000061d400000, 0x000000061d800000|  0%| F|  |TAMS 0x000000061d400000| PB 0x000000061d400000| Untracked 
| 109|0x000000061d800000, 0x000000061d800000, 0x000000061dc00000|  0%| F|  |TAMS 0x000000061d800000| PB 0x000000061d800000| Untracked 
| 110|0x000000061dc00000, 0x000000061dc00000, 0x000000061e000000|  0%| F|  |TAMS 0x000000061dc00000| PB 0x000000061dc00000| Untracked 
| 111|0x000000061e000000, 0x000000061e000000, 0x000000061e400000|  0%| F|  |TAMS 0x000000061e000000| PB 0x000000061e000000| Untracked 
| 112|0x000000061e400000, 0x000000061e400000, 0x000000061e800000|  0%| F|  |TAMS 0x000000061e400000| PB 0x000000061e400000| Untracked 
| 113|0x000000061e800000, 0x000000061e800000, 0x000000061ec00000|  0%| F|  |TAMS 0x000000061e800000| PB 0x000000061e800000| Untracked 
| 114|0x000000061ec00000, 0x000000061ec00000, 0x000000061f000000|  0%| F|  |TAMS 0x000000061ec00000| PB 0x000000061ec00000| Untracked 
| 115|0x000000061f000000, 0x000000061f000000, 0x000000061f400000|  0%| F|  |TAMS 0x000000061f000000| PB 0x000000061f000000| Untracked 
| 116|0x000000061f400000, 0x000000061f400000, 0x000000061f800000|  0%| F|  |TAMS 0x000000061f400000| PB 0x000000061f400000| Untracked 
| 117|0x000000061f800000, 0x000000061f800000, 0x000000061fc00000|  0%| F|  |TAMS 0x000000061f800000| PB 0x000000061f800000| Untracked 
| 118|0x000000061fc00000, 0x000000061fc00000, 0x0000000620000000|  0%| F|  |TAMS 0x000000061fc00000| PB 0x000000061fc00000| Untracked 
| 119|0x0000000620000000, 0x0000000620000000, 0x0000000620400000|  0%| F|  |TAMS 0x0000000620000000| PB 0x0000000620000000| Untracked 
| 120|0x0000000620400000, 0x0000000620400000, 0x0000000620800000|  0%| F|  |TAMS 0x0000000620400000| PB 0x0000000620400000| Untracked 
| 121|0x0000000620800000, 0x0000000620800000, 0x0000000620c00000|  0%| F|  |TAMS 0x0000000620800000| PB 0x0000000620800000| Untracked 
| 122|0x0000000620c00000, 0x0000000620c00000, 0x0000000621000000|  0%| F|  |TAMS 0x0000000620c00000| PB 0x0000000620c00000| Untracked 
| 123|0x0000000621000000, 0x0000000621000000, 0x0000000621400000|  0%| F|  |TAMS 0x0000000621000000| PB 0x0000000621000000| Untracked 
| 124|0x0000000621400000, 0x0000000621400000, 0x0000000621800000|  0%| F|  |TAMS 0x0000000621400000| PB 0x0000000621400000| Untracked 
| 125|0x0000000621800000, 0x00000006218826f8, 0x0000000621c00000| 12%| E|  |TAMS 0x0000000621800000| PB 0x0000000621800000| Complete 
| 126|0x0000000621c00000, 0x0000000622000000, 0x0000000622000000|100%| E|CS|TAMS 0x0000000621c00000| PB 0x0000000621c00000| Complete 
| 127|0x0000000622000000, 0x0000000622400000, 0x0000000622400000|100%| E|CS|TAMS 0x0000000622000000| PB 0x0000000622000000| Complete 

Card table byte_map: [0x00000223fb1a0000,0x00000223fc190000] _byte_map_base: 0x00000223f818e000

Marking Bits: (CMBitMap*) 0x00000223f18a91c0
 Bits: [0x000002238f000000, 0x0000022396f70000)

Polling page: 0x00000223ef800000

Metaspace:

Usage:
  Non-class:      2.08 MB used.
      Class:    152.68 KB used.
       Both:      2.23 MB used.

Virtual space:
  Non-class space:       64.00 MB reserved,       2.12 MB (  3%) committed,  1 nodes.
      Class space:        1.00 GB reserved,     256.00 KB ( <1%) committed,  1 nodes.
             Both:        1.06 GB reserved,       2.38 MB ( <1%) committed. 

Chunk freelists:
   Non-Class:  11.14 MB
       Class:  15.67 MB
        Both:  26.81 MB

MaxMetaspaceSize: unlimited
CompressedClassSpaceSize: 1.00 GB
Initial GC threshold: 21.00 MB
Current GC threshold: 21.00 MB
CDS: on
 - commit_granule_bytes: 65536.
 - commit_granule_words: 8192.
 - virtual_space_node_default_size: 8388608.
 - enlarge_chunks_in_place: 1.
 - use_allocation_guard: 0.


Internal statistics:

num_allocs_failed_limit: 0.
num_arena_births: 74.
num_arena_deaths: 0.
num_vsnodes_births: 2.
num_vsnodes_deaths: 0.
num_space_committed: 38.
num_space_uncommitted: 0.
num_chunks_returned_to_freelist: 0.
num_chunks_taken_from_freelist: 116.
num_chunk_merges: 0.
num_chunk_splits: 82.
num_chunks_enlarged: 54.
num_inconsistent_stats: 0.

CodeHeap 'non-profiled nmethods': size=120000Kb used=159Kb max_used=159Kb free=119840Kb
 bounds [0x0000022387ad0000, 0x0000022387d40000, 0x000002238f000000]
CodeHeap 'profiled nmethods': size=120000Kb used=713Kb max_used=713Kb free=119286Kb
 bounds [0x0000022380000000, 0x0000022380270000, 0x0000022387530000]
CodeHeap 'non-nmethods': size=5760Kb used=2079Kb max_used=2090Kb free=3680Kb
 bounds [0x0000022387530000, 0x00000223877a0000, 0x0000022387ad0000]
 total_blobs=1502 nmethods=505 adapters=902
 compilation: enabled
              stopped_count=0, restarted_count=0
 full_count=0

Compilation events (20 events):
Event: 0.236 Thread 0x00000223dc119230  492       3       java.lang.StringConcatHelper::checkOverflow (17 bytes)
Event: 0.236 Thread 0x00000223dc119230 nmethod 492 0x00000223800b0d10 code [0x00000223800b0ec0, 0x00000223800b10a8]
Event: 0.265 Thread 0x00000223dc119230  497       1       java.net.URL::getPort (5 bytes)
Event: 0.266 Thread 0x00000223dc119230 nmethod 497 0x0000022387af6a10 code [0x0000022387af6ba0, 0x0000022387af6c68]
Event: 0.266 Thread 0x00000223dc10e360  498       4       java.lang.String::coder (15 bytes)
Event: 0.266 Thread 0x00000223dc10e360 nmethod 498 0x0000022387af6d10 code [0x0000022387af6ea0, 0x0000022387af6f30]
Event: 0.267 Thread 0x00000223dc10e360  499       4       java.lang.Math::min (11 bytes)
Event: 0.267 Thread 0x00000223dc119230  500   !   3       java.lang.ref.ReferenceQueue::poll (40 bytes)
Event: 0.268 Thread 0x00000223dc10e360 nmethod 499 0x0000022387af7010 code [0x0000022387af7180, 0x0000022387af71f0]
Event: 0.268 Thread 0x00000223dc119230 nmethod 500 0x00000223800b1190 code [0x00000223800b1400, 0x00000223800b1ea8]
Event: 0.268 Thread 0x00000223dc119230  501       3       java.util.concurrent.ConcurrentHashMap$BaseIterator::hasNext (13 bytes)
Event: 0.268 Thread 0x00000223dc119230 nmethod 501 0x00000223800b2210 code [0x00000223800b23a0, 0x00000223800b2510]
Event: 0.268 Thread 0x00000223dc119230  502       1       java.net.URL::getAuthority (5 bytes)
Event: 0.268 Thread 0x00000223dc119230 nmethod 502 0x0000022387af7310 code [0x0000022387af74a0, 0x0000022387af7570]
Event: 0.268 Thread 0x00000223dc119230  503       1       java.net.URL::getPath (5 bytes)
Event: 0.268 Thread 0x00000223dc119230 nmethod 503 0x0000022387af7610 code [0x0000022387af77a0, 0x0000022387af7870]
Event: 0.268 Thread 0x00000223dc119230  504       1       java.net.URL::getQuery (5 bytes)
Event: 0.268 Thread 0x00000223dc119230 nmethod 504 0x0000022387af7910 code [0x0000022387af7aa0, 0x0000022387af7b70]
Event: 0.365 Thread 0x00000223dc119230  505       1       java.security.CodeSource::getLocationNoFragString (5 bytes)
Event: 0.365 Thread 0x00000223dc119230 nmethod 505 0x0000022387af7c10 code [0x0000022387af7da0, 0x0000022387af7e70]

GC Heap History (0 events):
No events

Dll operation events (11 events):
Event: 0.023 Loaded shared library C:\Users\nik\.jdks\openjdk-21.0.2\bin\java.dll
Event: 0.023 Loaded shared library C:\Users\nik\.jdks\openjdk-21.0.2\bin\zip.dll
Event: 0.049 Loaded shared library C:\Users\nik\.jdks\openjdk-21.0.2\bin\jsvml.dll
Event: 0.106 Loaded shared library C:\Users\nik\.jdks\openjdk-21.0.2\bin\instrument.dll
Event: 0.133 Loaded shared library C:\Users\nik\.jdks\openjdk-21.0.2\bin\net.dll
Event: 0.134 Loaded shared library C:\Users\nik\.jdks\openjdk-21.0.2\bin\nio.dll
Event: 0.142 Loaded shared library C:\Users\nik\.jdks\openjdk-21.0.2\bin\zip.dll
Event: 0.180 Loaded shared library C:\Users\nik\.jdks\openjdk-21.0.2\bin\jimage.dll
Event: 0.203 Loaded shared library C:\Users\nik\AppData\Local\Temp\lwjgl_nik\3.3.3+5\x64\lwjgl.dll
Event: 0.272 Loaded shared library C:\Users\nik\source\repos\kgfx\kgfx\java\kgfx.dll
Event: 0.273 Loaded shared library C:\Users\nik\source\repos\kgfx\kgfx\java\kgfx_java.dll

Deoptimization events (12 events):
Event: 0.118 Thread 0x00000223ef5f1370 Uncommon trap: trap_request=0xffffff45 fr.pc=0x0000022387ad5790 relative=0x0000000000000070
Event: 0.118 Thread 0x00000223ef5f1370 Uncommon trap: reason=unstable_if action=reinterpret pc=0x0000022387ad5790 method=java.lang.String.isLatin1()Z @ 10 c2
Event: 0.118 Thread 0x00000223ef5f1370 DEOPT PACKING pc=0x0000022387ad5790 sp=0x0000003e553fe510
Event: 0.118 Thread 0x00000223ef5f1370 DEOPT UNPACKING pc=0x00000223875846a2 sp=0x0000003e553fe4b0 mode 2
Event: 0.118 Thread 0x00000223ef5f1370 Uncommon trap: trap_request=0xffffff45 fr.pc=0x0000022387ae0904 relative=0x00000000000000e4
Event: 0.118 Thread 0x00000223ef5f1370 Uncommon trap: reason=unstable_if action=reinterpret pc=0x0000022387ae0904 method=java.lang.String.isLatin1()Z @ 10 c2
Event: 0.118 Thread 0x00000223ef5f1370 DEOPT PACKING pc=0x0000022387ae0904 sp=0x0000003e553ff030
Event: 0.118 Thread 0x00000223ef5f1370 DEOPT UNPACKING pc=0x00000223875846a2 sp=0x0000003e553fef80 mode 2
Event: 0.215 Thread 0x00000223ef5f1370 DEOPT PACKING pc=0x00000223800308f3 sp=0x0000003e553fdfe0
Event: 0.215 Thread 0x00000223ef5f1370 DEOPT UNPACKING pc=0x0000022387584e42 sp=0x0000003e553fd400 mode 0
Event: 0.232 Thread 0x00000223ef5f1370 DEOPT PACKING pc=0x0000022380009a54 sp=0x0000003e553fc970
Event: 0.232 Thread 0x00000223ef5f1370 DEOPT UNPACKING pc=0x0000022387584e42 sp=0x0000003e553fbdd8 mode 0

Classes loaded (20 events):
Event: 0.236 Loading class org/lwjgl/system/JNI
Event: 0.236 Loading class org/lwjgl/system/JNI done
Event: 0.265 Loading class com/krisvers/kgfx/KGFXcontext
Event: 0.265 Loading class com/krisvers/kgfx/KGFXcontext done
Event: 0.266 Loading class com/krisvers/kgfx/KGFXwindow
Event: 0.266 Loading class com/krisvers/kgfx/KGFXwindow done
Event: 0.267 Loading class org/lwjgl/glfw/GLFWNativeWin32
Event: 0.267 Loading class org/lwjgl/glfw/GLFWNativeWin32 done
Event: 0.267 Loading class org/lwjgl/glfw/GLFWNativeWin32$Functions
Event: 0.267 Loading class org/lwjgl/glfw/GLFWNativeWin32$Functions done
Event: 0.268 Loading class com/krisvers/kgfx/KGFXjni
Event: 0.268 Loading class com/krisvers/kgfx/KGFXjni done
Event: 0.364 Loading class com/krisvers/kgfx/KGFXpipelinelayout
Event: 0.364 Loading class com/krisvers/kgfx/KGFXpipelinelayout done
Event: 0.365 Loading class com/krisvers/kgfx/KGFXpipelinebinding
Event: 0.365 Loading class com/krisvers/kgfx/KGFXpipelinebinding done
Event: 0.365 Loading class com/krisvers/kgfx/KGFXdescriptorsetdesc
Event: 0.365 Loading class com/krisvers/kgfx/KGFXdescriptorsetdesc done
Event: 0.365 Loading class com/krisvers/kgfx/KGFXpipelineattribute
Event: 0.365 Loading class com/krisvers/kgfx/KGFXpipelineattribute done

Classes unloaded (0 events):
No events

Classes redefined (0 events):
No events

Internal exceptions (20 events):
Event: 0.107 Thread 0x00000223ef5f1370 Exception <a 'java/lang/NoSuchMethodError'{0x0000000622319620}: 'void java.lang.invoke.DirectMethodHandle$Holder.invokeStatic(java.lang.Object, java.lang.Object, java.lang.Object)'> (0x0000000622319620) 
thrown [s\open\src\hotspot\share\interpreter\linkResolver.cpp, line 773]
Event: 0.110 Thread 0x00000223ef5f1370 Exception <a 'java/lang/NoSuchMethodError'{0x0000000622330b28}: 'java.lang.Object java.lang.invoke.Invokers$Holder.invokeExact_MT(java.lang.Object, java.lang.Object, java.lang.Object, java.lang.Object, java.lang.Object)'> (0x0000000622330b28) 
thrown [s\open\src\hotspot\share\interpreter\linkResolver.cpp, line 773]
Event: 0.168 Thread 0x00000223ef5f1370 Exception <a 'java/lang/NoSuchMethodError'{0x0000000621dd6478}: 'void java.lang.invoke.DirectMethodHandle$Holder.invokeStatic(java.lang.Object, java.lang.Object)'> (0x0000000621dd6478) 
thrown [s\open\src\hotspot\share\interpreter\linkResolver.cpp, line 773]
Event: 0.170 Thread 0x00000223ef5f1370 Exception <a 'java/lang/NoSuchMethodError'{0x0000000621de0ae0}: 'void java.lang.System.load(java.lang.String, java.lang.Class)'> (0x0000000621de0ae0) 
thrown [s\open\src\hotspot\share\interpreter\linkResolver.cpp, line 773]
Event: 0.170 Thread 0x00000223ef5f1370 Exception <a 'java/lang/NoSuchMethodError'{0x0000000621de14b0}: 'void java.lang.invoke.DirectMethodHandle$Holder.invokeSpecial(java.lang.Object, java.lang.Object, java.lang.Object)'> (0x0000000621de14b0) 
thrown [s\open\src\hotspot\share\interpreter\linkResolver.cpp, line 773]
Event: 0.172 Thread 0x00000223ef5f1370 Exception <a 'java/lang/NoSuchMethodError'{0x0000000621df4d18}: 'java.lang.Object java.lang.invoke.DirectMethodHandle$Holder.invokeStatic(java.lang.Object, java.lang.Object, int)'> (0x0000000621df4d18) 
thrown [s\open\src\hotspot\share\interpreter\linkResolver.cpp, line 773]
Event: 0.173 Thread 0x00000223ef5f1370 Exception <a 'java/lang/NoSuchMethodError'{0x0000000621e00468}: 'void java.lang.invoke.DelegatingMethodHandle$Holder.delegate(java.lang.Object, java.lang.Object, int, java.lang.Object)'> (0x0000000621e00468) 
thrown [s\open\src\hotspot\share\interpreter\linkResolver.cpp, line 773]
Event: 0.173 Thread 0x00000223ef5f1370 Exception <a 'java/lang/NoSuchMethodError'{0x0000000621e040f8}: 'int java.lang.invoke.DirectMethodHandle$Holder.invokeSpecial(java.lang.Object, java.lang.Object, java.lang.Object)'> (0x0000000621e040f8) 
thrown [s\open\src\hotspot\share\interpreter\linkResolver.cpp, line 773]
Event: 0.176 Thread 0x00000223ef5f1370 Exception <a 'java/lang/NoSuchMethodError'{0x0000000621e1fe70}: 'void java.lang.System.loadLibrary(java.lang.String, java.lang.Class)'> (0x0000000621e1fe70) 
thrown [s\open\src\hotspot\share\interpreter\linkResolver.cpp, line 773]
Event: 0.202 Thread 0x00000223ef5f1370 Exception <a 'sun/nio/fs/WindowsException'{0x0000000621ee8830}> (0x0000000621ee8830) 
thrown [s\open\src\hotspot\share\prims\jni.cpp, line 520]
Event: 0.202 Thread 0x00000223ef5f1370 Exception <a 'sun/nio/fs/WindowsException'{0x0000000621ee9e18}> (0x0000000621ee9e18) 
thrown [s\open\src\hotspot\share\prims\jni.cpp, line 520]
Event: 0.215 Thread 0x00000223ef5f1370 Exception <a 'sun/nio/fs/WindowsException'{0x0000000621f43338}> (0x0000000621f43338) 
thrown [s\open\src\hotspot\share\prims\jni.cpp, line 520]
Event: 0.215 Thread 0x00000223ef5f1370 Exception <a 'sun/nio/fs/WindowsException'{0x0000000621f43688}> (0x0000000621f43688) 
thrown [s\open\src\hotspot\share\prims\jni.cpp, line 520]
Event: 0.224 Thread 0x00000223ef5f1370 Exception <a 'java/lang/NoSuchMethodError'{0x0000000621fb6358}: 'int java.lang.invoke.DirectMethodHandle$Holder.invokeStaticInit(java.lang.Object, java.lang.Object, int, long)'> (0x0000000621fb6358) 
thrown [s\open\src\hotspot\share\interpreter\linkResolver.cpp, line 773]
Event: 0.225 Thread 0x00000223ef5f1370 Exception <a 'java/lang/NoSuchMethodError'{0x0000000621fbb3b8}: 'java.lang.Object java.lang.invoke.DirectMethodHandle$Holder.newInvokeSpecial(java.lang.Object, java.lang.Object, int)'> (0x0000000621fbb3b8) 
thrown [s\open\src\hotspot\share\interpreter\linkResolver.cpp, line 773]
Event: 0.226 Thread 0x00000223ef5f1370 Exception <a 'java/lang/NoSuchMethodError'{0x0000000621fcf318}: 'int java.lang.invoke.DirectMethodHandle$Holder.invokeStaticInit(java.lang.Object, java.lang.Object, long, long)'> (0x0000000621fcf318) 
thrown [s\open\src\hotspot\share\interpreter\linkResolver.cpp, line 773]
Event: 0.227 Thread 0x00000223ef5f1370 Exception <a 'java/lang/NoSuchMethodError'{0x0000000621fd4b80}: 'java.lang.Object java.lang.invoke.DirectMethodHandle$Holder.newInvokeSpecial(java.lang.Object, java.lang.Object, long)'> (0x0000000621fd4b80) 
thrown [s\open\src\hotspot\share\interpreter\linkResolver.cpp, line 773]
Event: 0.227 Thread 0x00000223ef5f1370 Exception <a 'java/lang/NoSuchMethodError'{0x0000000621fd8938}: 'java.lang.Object java.lang.invoke.Invokers$Holder.linkToTargetMethod(java.lang.Object, long, java.lang.Object)'> (0x0000000621fd8938) 
thrown [s\open\src\hotspot\share\interpreter\linkResolver.cpp, line 773]
Event: 0.228 Thread 0x00000223ef5f1370 Exception <a 'java/lang/NoSuchMethodError'{0x0000000621fdf9c0}: 'int java.lang.invoke.DirectMethodHandle$Holder.invokeStaticInit(java.lang.Object, java.lang.Object, java.lang.Object, long)'> (0x0000000621fdf9c0) 
thrown [s\open\src\hotspot\share\interpreter\linkResolver.cpp, line 773]
Event: 0.366 Thread 0x00000223ef5f1370 Exception <a 'java/lang/NoSuchFieldError'{0x0000000621871a68}: com.krisvers.kgfx.KGFXpipelinelayout.bindings [Lcom/krisvers/kgfx/KGFXpipelinebinding> (0x0000000621871a68) 
thrown [s\open\src\hotspot\share\prims\jni.cpp, line 1760]

ZGC Phase Switch (0 events):
No events

VM Operations (8 events):
Event: 0.082 Executing VM operation: HandshakeAllThreads (Deoptimize)
Event: 0.082 Executing VM operation: HandshakeAllThreads (Deoptimize) done
Event: 0.104 Executing VM operation: ChangeBreakpoints
Event: 0.104 Executing VM operation: ChangeBreakpoints done
Event: 0.104 Executing VM operation: ChangeBreakpoints
Event: 0.104 Executing VM operation: ChangeBreakpoints done
Event: 0.195 Executing VM operation: HandshakeAllThreads (Deoptimize)
Event: 0.195 Executing VM operation: HandshakeAllThreads (Deoptimize) done

Events (14 events):
Event: 0.037 Thread 0x00000223ef5f1370 Thread added: 0x00000223ef5f1370
Event: 0.047 Thread 0x00000223dc100080 Thread added: 0x00000223dc100080
Event: 0.047 Thread 0x00000223dc101f00 Thread added: 0x00000223dc101f00
Event: 0.047 Thread 0x00000223dc105d90 Thread added: 0x00000223dc105d90
Event: 0.047 Thread 0x00000223dc1067f0 Thread added: 0x00000223dc1067f0
Event: 0.047 Thread 0x00000223dc107250 Thread added: 0x00000223dc107250
Event: 0.047 Thread 0x00000223dc107cb0 Thread added: 0x00000223dc107cb0
Event: 0.047 Thread 0x00000223dc10e360 Thread added: 0x00000223dc10e360
Event: 0.047 Thread 0x00000223dc119230 Thread added: 0x00000223dc119230
Event: 0.076 Thread 0x00000223dc228fd0 Thread added: 0x00000223dc228fd0
Event: 0.095 Thread 0x00000223dc2b3f80 Thread added: 0x00000223dc2b3f80
Event: 0.095 Thread 0x00000223dc36d7c0 Thread added: 0x00000223dc36d7c0
Event: 0.095 Thread 0x00000223dc36de40 Thread added: 0x00000223dc36de40
Event: 0.117 Thread 0x00000223dc321d50 Thread added: 0x00000223dc321d50


Dynamic libraries:
0x00007ff635870000 - 0x00007ff63587e000 	C:\Users\nik\.jdks\openjdk-21.0.2\bin\java.exe
0x00007ff830b50000 - 0x00007ff830d48000 	C:\Windows\SYSTEM32\ntdll.dll
0x00007ff82f810000 - 0x00007ff82f8cd000 	C:\Windows\System32\KERNEL32.DLL
0x00007ff82e210000 - 0x00007ff82e506000 	C:\Windows\System32\KERNELBASE.dll
0x00007ff82e850000 - 0x00007ff82e950000 	C:\Windows\System32\ucrtbase.dll
0x00007ff828f10000 - 0x00007ff828f28000 	C:\Users\nik\.jdks\openjdk-21.0.2\bin\jli.dll
0x00007ff8262b0000 - 0x00007ff8262cb000 	C:\Users\nik\.jdks\openjdk-21.0.2\bin\VCRUNTIME140.dll
0x00007ff82f570000 - 0x00007ff82f70e000 	C:\Windows\System32\USER32.dll
0x00007ff82e820000 - 0x00007ff82e842000 	C:\Windows\System32\win32u.dll
0x00007ff82d670000 - 0x00007ff82d90a000 	C:\Windows\WinSxS\amd64_microsoft.windows.common-controls_6595b64144ccf1df_6.0.19041.3636_none_60b6a03d71f818d5\COMCTL32.dll
0x00007ff830670000 - 0x00007ff83069b000 	C:\Windows\System32\GDI32.dll
0x00007ff82e510000 - 0x00007ff82e627000 	C:\Windows\System32\gdi32full.dll
0x00007ff82fd50000 - 0x00007ff82fdee000 	C:\Windows\System32\msvcrt.dll
0x00007ff82ea80000 - 0x00007ff82eb1d000 	C:\Windows\System32\msvcp_win.dll
0x00007ff830a70000 - 0x00007ff830aa2000 	C:\Windows\System32\IMM32.DLL
0x00007ff828fe0000 - 0x00007ff828fec000 	C:\Users\nik\.jdks\openjdk-21.0.2\bin\vcruntime140_1.dll
0x00007ff80eed0000 - 0x00007ff80ef5e000 	C:\Users\nik\.jdks\openjdk-21.0.2\bin\msvcp140.dll
0x00007ffffc1f0000 - 0x00007ffffcf07000 	C:\Users\nik\.jdks\openjdk-21.0.2\bin\server\jvm.dll
0x00007ff82ec40000 - 0x00007ff82ecf3000 	C:\Windows\System32\ADVAPI32.dll
0x00007ff82f060000 - 0x00007ff82f0ff000 	C:\Windows\System32\sechost.dll
0x00007ff82f9c0000 - 0x00007ff82fae6000 	C:\Windows\System32\RPCRT4.dll
0x00007ff82ea50000 - 0x00007ff82ea77000 	C:\Windows\System32\bcrypt.dll
0x00007ff830600000 - 0x00007ff83066b000 	C:\Windows\System32\WS2_32.dll
0x00007ff82e070000 - 0x00007ff82e0bb000 	C:\Windows\SYSTEM32\POWRPROF.dll
0x00007ff822e70000 - 0x00007ff822e97000 	C:\Windows\SYSTEM32\WINMM.dll
0x00007ff827540000 - 0x00007ff82754a000 	C:\Windows\SYSTEM32\VERSION.dll
0x00007ff82e050000 - 0x00007ff82e062000 	C:\Windows\SYSTEM32\UMPDC.dll
0x00007ff82b2e0000 - 0x00007ff82b2f2000 	C:\Windows\SYSTEM32\kernel.appcore.dll
0x00007ff826350000 - 0x00007ff82635a000 	C:\Users\nik\.jdks\openjdk-21.0.2\bin\jimage.dll
0x00007ff82db20000 - 0x00007ff82dd04000 	C:\Windows\SYSTEM32\DBGHELP.DLL
0x00007ff82dae0000 - 0x00007ff82db14000 	C:\Windows\SYSTEM32\dbgcore.DLL
0x00007ff82e630000 - 0x00007ff82e6b2000 	C:\Windows\System32\bcryptPrimitives.dll
0x00007ff81a510000 - 0x00007ff81a54c000 	C:\Users\nik\.jdks\openjdk-21.0.2\bin\jdwp.dll
0x00007ff81c5e0000 - 0x00007ff81c5ef000 	C:\Users\nik\.jdks\openjdk-21.0.2\bin\instrument.dll
0x00007ff81c5f0000 - 0x00007ff81c60f000 	C:\Users\nik\.jdks\openjdk-21.0.2\bin\java.dll
0x00007ff81a470000 - 0x00007ff81a488000 	C:\Users\nik\.jdks\openjdk-21.0.2\bin\zip.dll
0x00007ff82feb0000 - 0x00007ff8305f5000 	C:\Windows\System32\SHELL32.dll
0x00007ff82bc70000 - 0x00007ff82c40c000 	C:\Windows\SYSTEM32\windows.storage.dll
0x00007ff82ed00000 - 0x00007ff82f054000 	C:\Windows\System32\combase.dll
0x00007ff82d3a0000 - 0x00007ff82d3ce000 	C:\Windows\SYSTEM32\Wldp.dll
0x00007ff82f740000 - 0x00007ff82f80d000 	C:\Windows\System32\OLEAUT32.dll
0x00007ff82fe00000 - 0x00007ff82fead000 	C:\Windows\System32\SHCORE.dll
0x00007ff830ab0000 - 0x00007ff830b05000 	C:\Windows\System32\shlwapi.dll
0x00007ff82e140000 - 0x00007ff82e165000 	C:\Windows\SYSTEM32\profapi.dll
0x00007ff801080000 - 0x00007ff801157000 	C:\Users\nik\.jdks\openjdk-21.0.2\bin\jsvml.dll
0x00007ff81c500000 - 0x00007ff81c50c000 	C:\Users\nik\.jdks\openjdk-21.0.2\bin\dt_socket.dll
0x00007ff82cf30000 - 0x00007ff82cf6b000 	C:\Windows\SYSTEM32\IPHLPAPI.DLL
0x00007ff82d210000 - 0x00007ff82d27a000 	C:\Windows\system32\mswsock.dll
0x00007ff81c510000 - 0x00007ff81c520000 	C:\Users\nik\.jdks\openjdk-21.0.2\bin\net.dll
0x00007ff8277d0000 - 0x00007ff8278da000 	C:\Windows\SYSTEM32\WINHTTP.dll
0x00007ff81c410000 - 0x00007ff81c426000 	C:\Users\nik\.jdks\openjdk-21.0.2\bin\nio.dll
0x00007ff804630000 - 0x00007ff8046ab000 	C:\Users\nik\AppData\Local\Temp\lwjgl_nik\3.3.3+5\x64\lwjgl.dll
0x00007ffffe2f0000 - 0x00007ffffe372000 	C:\Users\nik\AppData\Local\Temp\lwjgl_nik\3.3.3+5\x64\glfw.dll
0x00007ff80f540000 - 0x00007ff80f585000 	C:\Windows\SYSTEM32\dinput8.dll
0x00007ff818a20000 - 0x00007ff818a31000 	C:\Windows\SYSTEM32\xinput1_4.dll
0x00007ff82e950000 - 0x00007ff82e99e000 	C:\Windows\System32\cfgmgr32.dll
0x00007ff82ded0000 - 0x00007ff82df03000 	C:\Windows\SYSTEM32\DEVOBJ.dll
0x00007ff82b0d0000 - 0x00007ff82b0ff000 	C:\Windows\SYSTEM32\dwmapi.dll
0x00007ff8268b0000 - 0x00007ff826a02000 	C:\Windows\SYSTEM32\inputhost.dll
0x00007ff82a540000 - 0x00007ff82a695000 	C:\Windows\SYSTEM32\wintypes.dll
0x00007ff82ab40000 - 0x00007ff82ac32000 	C:\Windows\SYSTEM32\CoreMessaging.dll
0x00007ff829080000 - 0x00007ff829176000 	C:\Windows\SYSTEM32\PROPSYS.dll
0x00007ff82a7a0000 - 0x00007ff82aafb000 	C:\Windows\SYSTEM32\CoreUIComponents.dll
0x00007ff82de70000 - 0x00007ff82dea3000 	C:\Windows\SYSTEM32\ntmarta.dll
0x00007ff82aef0000 - 0x00007ff82af8e000 	C:\Windows\system32\uxtheme.dll
0x00007ff82fc30000 - 0x00007ff82fd44000 	C:\Windows\System32\MSCTF.dll
0x00007ff826ac0000 - 0x00007ff826bb9000 	C:\Windows\SYSTEM32\textinputframework.dll
0x00007ffffe120000 - 0x00007ffffe194000 	C:\Users\nik\source\repos\kgfx\kgfx\java\kgfx.dll
0x00007ff830700000 - 0x00007ff83082b000 	C:\Windows\System32\ole32.dll
0x00007ff82c450000 - 0x00007ff82c543000 	C:\Windows\SYSTEM32\dxgi.dll
0x00007ff8291e0000 - 0x00007ff82963d000 	C:\Windows\SYSTEM32\D3DCOMPILER_47.dll
0x00007fffffd90000 - 0x00007fffffdb5000 	C:\Windows\SYSTEM32\d3d12.dll
0x00007ffffe030000 - 0x00007ffffe111000 	C:\Windows\SYSTEM32\MSVCP140D.dll
0x00007ff817820000 - 0x00007ff81782f000 	C:\Windows\SYSTEM32\VCRUNTIME140_1D.dll
0x00007ff817310000 - 0x00007ff81733e000 	C:\Windows\SYSTEM32\VCRUNTIME140D.dll
0x00007ffffde00000 - 0x00007ffffe021000 	C:\Windows\SYSTEM32\ucrtbased.dll
0x00007ff82deb0000 - 0x00007ff82dec8000 	C:\Windows\SYSTEM32\CRYPTSP.dll
0x00007ffffc170000 - 0x00007ffffc1e6000 	C:\Users\nik\source\repos\kgfx\kgfx\java\kgfx_java.dll
0x00007fffae710000 - 0x00007fffae8dd000 	C:\Windows\SYSTEM32\D3D12Core.dll
0x00007ffffe660000 - 0x00007ffffe6b7000 	C:\Windows\SYSTEM32\DXGIDebug.dll
0x00007ffff5b70000 - 0x00007ffff6018000 	C:\Windows\SYSTEM32\D3D12SDKLayers.dll
0x00007ff822e30000 - 0x00007ff822e6b000 	C:\Windows\SYSTEM32\dxcore.dll
0x00007fff03280000 - 0x00007fff08298000 	C:\Windows\System32\DriverStore\FileRepository\u0398226.inf_amd64_c5d9587384e4b5ff\B398182\amdxc64.dll
0x00007ff81e920000 - 0x00007ff81e955000 	C:\Windows\SYSTEM32\amdihk64.dll
0x0000000068710000 - 0x0000000068847000 	C:\Windows\System32\DriverStore\FileRepository\u0398226.inf_amd64_c5d9587384e4b5ff\B398182\amdenc64.dll
0x00007fffefb80000 - 0x00007fffefbaa000 	C:\Windows\SYSTEM32\D3DSCache.dll
0x00007ff82e100000 - 0x00007ff82e12e000 	C:\Windows\SYSTEM32\USERENV.dll
0x00007ff826600000 - 0x00007ff826803000 	C:\Windows\SYSTEM32\twinapi.appcore.dll
0x00007ff829fd0000 - 0x00007ff82a1b3000 	C:\Windows\SYSTEM32\dcomp.dll
0x00007ff82cbd0000 - 0x00007ff82cc04000 	C:\Windows\system32\rsaenh.dll
0x00007ff82d460000 - 0x00007ff82d46c000 	C:\Windows\SYSTEM32\CRYPTBASE.dll

dbghelp: loaded successfully - version: 4.0.5 - missing functions: none
symbol engine: initialized successfully - sym options: 0x614 - pdb path: .;C:\Users\nik\.jdks\openjdk-21.0.2\bin;C:\Windows\SYSTEM32;C:\Windows\WinSxS\amd64_microsoft.windows.common-controls_6595b64144ccf1df_6.0.19041.3636_none_60b6a03d71f818d5;C:\Users\nik\.jdks\openjdk-21.0.2\bin\server;C:\Users\nik\AppData\Local\Temp\lwjgl_nik\3.3.3+5\x64;C:\Users\nik\source\repos\kgfx\kgfx\java;C:\Windows\System32\DriverStore\FileRepository\u0398226.inf_amd64_c5d9587384e4b5ff\B398182

VM Arguments:
jvm_args: -agentlib:jdwp=transport=dt_socket,address=127.0.0.1:64208,suspend=y,server=n -Djava.library.path=C:\Users\nik\source\repos\kgfx\kgfx\java -javaagent:C:\Users\nik\AppData\Local\JetBrains\IntelliJIdea2023.3\captureAgent\debugger-agent.jar -Dfile.encoding=UTF-8 -Dsun.stdout.encoding=UTF-8 -Dsun.stderr.encoding=UTF-8 
java_command: Main
java_class_path (initial): C:\Users\nik\source\repos\kgfx\kgfx\java\project\out\production\project;C:\Users\nik\source\repos\kgfx\kgfx\java\project\lib\glfw\lwjgl-glfw.jar;C:\Users\nik\source\repos\kgfx\kgfx\java\project\lib\glfw\lwjgl-glfw-javadoc.jar;C:\Users\nik\source\repos\kgfx\kgfx\java\project\lib\glfw\lwjgl-glfw-sources.jar;C:\Users\nik\source\repos\kgfx\kgfx\java\project\lib\glfw\lwjgl-glfw-natives-linux.jar;C:\Users\nik\source\repos\kgfx\kgfx\java\project\lib\glfw\lwjgl-glfw-natives-macos.jar;C:\Users\nik\source\repos\kgfx\kgfx\java\project\lib\glfw\lwjgl-glfw-natives-windows.jar;C:\Users\nik\source\repos\kgfx\kgfx\java\project\lib\glfw\lwjgl-glfw-natives-linux-arm32.jar;C:\Users\nik\source\repos\kgfx\kgfx\java\project\lib\glfw\lwjgl-glfw-natives-linux-arm64.jar;C:\Users\nik\source\repos\kgfx\kgfx\java\project\lib\glfw\lwjgl-glfw-natives-macos-arm64.jar;C:\Users\nik\source\repos\kgfx\kgfx\java\project\lib\glfw\lwjgl-glfw-natives-windows-x86.jar;C:\Users\nik\source\repos\kgfx\kgfx\java\project\lib\glfw\lwjgl-glfw-natives-windows-arm64.jar;C:\Users\nik\source\repos\kgfx\kgfx\java\project\lib\lwjgl\lwjgl.jar;C:\Users\nik\source\repos\kgfx\kgfx\java\project\lib\lwjgl\lwjgl-javadoc.jar;C:\Users\nik\source\repos\kgfx\kgfx\java\project\lib\lwjgl\lwjgl-sources.jar;C:\Users\nik\source\repos\kgfx\kgfx\java\project\lib\lwjgl\lwjgl-natives-linux.jar;C:\Users\nik\source\repos\kgfx\kgfx\java\project\lib\lwjgl\lwjgl-natives-macos.jar;C:\Users\nik\source\repos\kgfx\kgfx\java\project\lib\lwjgl\lwjgl-natives-windows.jar;C:\Users\nik\source\repos\kgfx\kgfx\java\project\lib\lwjgl\lwjgl-natives-linux-arm32.jar;C:\Users\nik\source\repos\kgfx\kgfx\java\project\lib\lwjgl\lwjgl-natives-linux-arm64.jar;C:\Users\nik\source\repos\kgfx\kgfx\java\project\lib\lwjgl\lwjgl-natives-macos-arm64.jar;C:\Users\nik\source\repos\kgfx\kgfx\java\project\lib\lwjgl\lwjgl-natives-windows-x86.jar;C:\Users\nik\source\repos\kgfx\kgfx\java\project\lib\lwjgl\lwjgl-natives-windows-arm64.jar;C:\Program Files\JetBrains\IntelliJ IDEA 2023.3.3\lib\idea_rt.jar
Launcher Type: SUN_STANDARD

[Global flags]
     intx CICompilerCount                          = 4                                         {product} {ergonomic}
     uint ConcGCThreads                            = 3                                         {product} {ergonomic}
     uint G1ConcRefinementThreads                  = 10                                        {product} {ergonomic}
   size_t G1HeapRegionSize                         = 4194304                                   {product} {ergonomic}
    uintx GCDrainStackTargetSize                   = 64                                        {product} {ergonomic}
   size_t InitialHeapSize                          = 536870912                                 {product} {ergonomic}
   size_t MarkStackSize                            = 4194304                                   {product} {ergonomic}
   size_t MaxHeapSize                              = 8552185856                                {product} {ergonomic}
   size_t MaxNewSize                               = 5129633792                                {product} {ergonomic}
   size_t MinHeapDeltaBytes                        = 4194304                                   {product} {ergonomic}
   size_t MinHeapSize                              = 8388608                                   {product} {ergonomic}
    uintx NonNMethodCodeHeapSize                   = 5839372                                {pd product} {ergonomic}
    uintx NonProfiledCodeHeapSize                  = 122909434                              {pd product} {ergonomic}
    uintx ProfiledCodeHeapSize                     = 122909434                              {pd product} {ergonomic}
    uintx ReservedCodeCacheSize                    = 251658240                              {pd product} {ergonomic}
     bool SegmentedCodeCache                       = true                                      {product} {ergonomic}
   size_t SoftMaxHeapSize                          = 8552185856                             {manageable} {ergonomic}
     bool UseCompressedOops                        = true                           {product lp64_product} {ergonomic}
     bool UseG1GC                                  = true                                      {product} {ergonomic}
     bool UseLargePagesIndividualAllocation        = false                                  {pd product} {ergonomic}

Logging:
Log output configuration:
 #0: stdout all=warning uptime,level,tags foldmultilines=false
 #1: stderr all=off uptime,level,tags foldmultilines=false

Environment Variables:
PATH=C:\VulkanSDK\1.3.275.0\Bin;C:\Program Files\Common Files\Oracle\Java\javapath;C:\VulkanSDK\1.3.268.0\Bin;C:\Windows\system32;C:\Windows;C:\Windows\System32\Wbem;C:\Windows\System32\WindowsPowerShell\v1.0\;C:\Windows\System32\OpenSSH\;C:\Program Files\dotnet\;C:\Program Files (x86)\Windows Kits\10\Windows Performance Toolkit\;C:\Program Files\Git\cmd;C:\Program Files\Git\mingw64\bin;C:\Program Files\Git\usr\bin;C:\Users\nik\AppData\Local\Microsoft\WindowsApps;C:\Users\nik\.dotnet\tools;C:\Program Files\JetBrains\IntelliJ IDEA 2023.3.3\bin;
USERNAME=nik
OS=Windows_NT
PROCESSOR_IDENTIFIER=Intel64 Family 6 Model 165 Stepping 5, GenuineIntel
TMP=C:\Users\nik\AppData\Local\Temp
TEMP=C:\Users\nik\AppData\Local\Temp




Periodic native trim disabled

---------------  S Y S T E M  ---------------

OS:
 Windows 10 , 64 bit Build 19041 (10.0.19041.3636)
OS uptime: 8 days 10:36 hours

CPU: total 12 (initial active 12) (6 cores per cpu, 2 threads per core) family 6 model 165 stepping 5 microcode 0xe2, cx8, cmov, fxsr, ht, mmx, 3dnowpref, sse, sse2, sse3, ssse3, sse4.1, sse4.2, popcnt, lzcnt, tsc, tscinvbit, avx, avx2, aes, erms, clmul, bmi1, bmi2, adx, fma, vzeroupper, clflush, clflushopt, rdtscp, f16c, pku
Processor Information for all 12 processors :
  Max Mhz: 4104, Current Mhz: 4104, Mhz Limit: 4104

Memory: 4k page, system-wide physical 32616M (12082M free)
TotalPageFile size 52118M (AvailPageFile size 7843M)
current process WorkingSet (physical memory assigned to process): 112M, peak: 116M
current process commit charge ("private bytes"): 665M, peak: 669M

vm_info: OpenJDK 64-Bit Server VM (21.0.2+13-58) for windows-amd64 JRE (21.0.2+13-58), built on 2024-01-05T18:32:24Z by "mach5one" with MS VC++ 17.1 (VS2022)

END.
