#
# A fatal error has been detected by the Java Runtime Environment:
#
#  EXCEPTION_ACCESS_VIOLATION (0xc0000005) at pc=0x00007ffffef4d356, pid=11628, tid=12668
#
# JRE version: OpenJDK Runtime Environment (21.0.2+13) (build 21.0.2+13-58)
# Java VM: OpenJDK 64-Bit Server VM (21.0.2+13-58, mixed mode, sharing, tiered, compressed oops, compressed class ptrs, g1 gc, windows-amd64)
# Problematic frame:
# C  [kgfx_java.dll+0x3d356]
#
# No core dump will be written. Minidumps are not enabled by default on client versions of Windows
#
# If you would like to submit a bug report, please visit:
#   https://bugreport.java.com/bugreport/crash.jsp
# The crash happened outside the Java Virtual Machine in native code.
# See problematic frame for where to report the bug.
#

---------------  S U M M A R Y ------------

Command Line: -agentlib:jdwp=transport=dt_socket,address=127.0.0.1:49165,suspend=y,server=n -Djava.library.path=C:\Users\nik\source\repos\kgfx\kgfx\java -javaagent:C:\Users\nik\AppData\Local\JetBrains\IntelliJIdea2023.3\captureAgent\debugger-agent.jar -Dfile.encoding=UTF-8 -Dsun.stdout.encoding=UTF-8 -Dsun.stderr.encoding=UTF-8 Main

Host: Intel(R) Core(TM) i5-10600K CPU @ 4.10GHz, 12 cores, 31G,  Windows 10 , 64 bit Build 19041 (10.0.19041.3636)
Time: Mon Mar  4 22:52:04 2024 Eastern Standard Time elapsed time: 10.285959 seconds (0d 0h 0m 10s)

---------------  T H R E A D  ---------------

Current thread (0x000001b64827bc10):  JavaThread "main"             [_thread_in_native, id=12668, stack(0x0000002848b00000,0x0000002848c00000) (1024K)]

Stack: [0x0000002848b00000,0x0000002848c00000],  sp=0x0000002848bfec30,  free space=1019k
Native frames: (J=compiled Java code, j=interpreted, Vv=VM code, C=native code)
C  [kgfx_java.dll+0x3d356]

Java frames: (J=compiled Java code, j=interpreted, Vv=VM code)
j  com.krisvers.kgfx.KGFXjni.destroyShader(JJ)V+0
j  Main.main([Ljava/lang/String;)V+137
v  ~StubRoutines::call_stub 0x000001b65943100d

siginfo: EXCEPTION_ACCESS_VIOLATION (0xc0000005), reading address 0x00000000736eb190


Registers:
RAX=0x00000000736eb190, RBX=0x000001b66f4da9c8, RCX=0x00007ffffef82123, RDX=0x00000000736eb190
RSP=0x0000002848bfec30, RBP=0x0000002848bfec50, RSI=0x000001b6737f7ea0, RDI=0x000001b673703e60
R8 =0x000001b66ecc6d00, R9 =0x00000000736eb190, R10=0x000001b6594406e7, R11=0x000000062186c3e0
R12=0x0000000000000000, R13=0x000001b66f4da9c8, R14=0x0000002848bff018, R15=0x000001b64827bc10
RIP=0x00007ffffef4d356, EFLAGS=0x0000000000010206


Register to memory mapping:

RAX=0x00000000736eb190 is an unknown value
RBX={method} {0x000001b66f4da9d0} 'destroyShader' '(JJ)V' in 'com/krisvers/kgfx/KGFXjni'
RCX=0x00007ffffef82123 kgfx_java.dll
RDX=0x00000000736eb190 is an unknown value
RSP=0x0000002848bfec30 is pointing into the stack for thread: 0x000001b64827bc10
RBP=0x0000002848bfec50 is pointing into the stack for thread: 0x000001b64827bc10
RSI=0x000001b6737f7ea0 points into unknown readable memory: 0x00000000000001d2 | d2 01 00 00 00 00 00 00
RDI=0x000001b673703e60 points into unknown readable memory: 0x0000003800000070 | 70 00 00 00 38 00 00 00
R8 =0x000001b66ecc6d00 points into unknown readable memory: 0x0000000000000000 | 00 00 00 00 00 00 00 00
R9 =0x00000000736eb190 is an unknown value
R10=0x000001b6594406e7 is at code_begin+1927 in an Interpreter codelet
native method entry point (kind = native)  [0x000001b65943ff60, 0x000001b659441198]  4664 bytes
R11=0x000000062186c3e0 is an oop: java.lang.Class 
{0x000000062186c3e0} - klass: 'java/lang/Class'
 - ---- fields (total size 14 words):
 - private volatile transient 'classRedefinedCount' 'I' @12  0 (0x00000000)
 - injected 'klass' 'J' @16  1881212541368 (0x000001b6010159b8)
 - injected 'array_klass' 'J' @24  0 (0x0000000000000000)
 - injected 'oop_size' 'I' @32  14 (0x0000000e)
 - injected 'static_oop_field_count' 'I' @36  0 (0x00000000)
 - private volatile transient 'cachedConstructor' 'Ljava/lang/reflect/Constructor;' @40  null (0x00000000)
 - private transient 'name' 'Ljava/lang/String;' @44  "com.krisvers.kgfx.KGFXjni"{0x000000062186c450} (0xc430d88a)
 - private transient 'module' 'Ljava/lang/Module;' @48  a 'java/lang/Module'{0x000000062206b418} (0xc440d683)
 - private final 'classLoader' 'Ljava/lang/ClassLoader;' @52  a 'jdk/internal/loader/ClassLoaders$AppClassLoader'{0x000000062206b258} (0xc440d64b)
 - private transient 'classData' 'Ljava/lang/Object;' @56  null (0x00000000)
 - private transient 'packageName' 'Ljava/lang/String;' @60  "com.krisvers.kgfx"{0x0000000621864678} (0xc430c8cf)
 - private final 'componentType' 'Ljava/lang/Class;' @64  null (0x00000000)
 - private volatile transient 'reflectionData' 'Ljava/lang/ref/SoftReference;' @68  null (0x00000000)
 - private volatile transient 'genericInfo' 'Lsun/reflect/generics/repository/ClassRepository;' @72  null (0x00000000)
 - private volatile transient 'enumConstants' '[Ljava/lang/Object;' @76  null (0x00000000)
 - private volatile transient 'enumConstantDirectory' 'Ljava/util/Map;' @80  null (0x00000000)
 - private volatile transient 'annotationData' 'Ljava/lang/Class$AnnotationData;' @84  null (0x00000000)
 - private volatile transient 'annotationType' 'Lsun/reflect/annotation/AnnotationType;' @88  null (0x00000000)
 - transient 'classValueMap' 'Ljava/lang/ClassValue$ClassValueMap;' @92  null (0x00000000)
 - injected 'protection_domain' 'Ljava/lang/Object;' @96  a 'java/security/ProtectionDomain'{0x0000000621c04288} (0xc4380851)
 - injected 'signers_name' 'Ljava/lang/Object;' @100  null (0x00000000)
 - injected 'source_file' 'Ljava/lang/Object;' @104  null (0x00000000)
 - signature: Lcom/krisvers/kgfx/KGFXjni;
 - ---- static fields (0):
R12=0x0 is null
R13={method} {0x000001b66f4da9d0} 'destroyShader' '(JJ)V' in 'com/krisvers/kgfx/KGFXjni'
R14=0x0000002848bff018 is pointing into the stack for thread: 0x000001b64827bc10
R15=0x000001b64827bc10 is a thread

Top of Stack: (sp=0x0000002848bfec30)
0x0000002848bfec30:   00007ffffef82123 0000000000000006
0x0000002848bfec40:   000001b647fd2078 000001b64827bc10
0x0000002848bfec50:   000001b600486e70 000001b60000000e
0x0000002848bfec60:   000000000000177d 00007ffffc88da2a
0x0000002848bfec70:   00000000000003d8 0000002848bfef00
0x0000002848bfec80:   000001b66f4da9c8 0000000000000001
0x0000002848bfec90:   000001b64827bc01 000001b64827bc10
0x0000002848bfeca0:   00007ffffcb7e3c0 0000002c00000000
0x0000002848bfecb0:   0000000000000000 0000000000000000
0x0000002848bfecc0:   0000000000000000 0000000000000000
0x0000002848bfecd0:   0000002848bfece9 000000000000002c
0x0000002848bfece0:   0000000000000030 6f635f6176614a00
0x0000002848bfecf0:   65767369726b5f6d 5f7866676b5f7372
0x0000002848bfed00:   5f696e6a5846474b 53796f7274736564
0x0000002848bfed10:   0000007265646168 0000000000000000
0x0000002848bfed20:   0000000000000000 0000002848bff068
0x0000002848bfed30:   00007ffffef82123 000001b673703e60
0x0000002848bfed40:   0000002848bfed70 00007ffffef538b6
0x0000002848bfed50:   000001b66ecc6d10 00000000736eb190
0x0000002848bfed60:   0000002848bff068 0000002848bff000
0x0000002848bfed70:   0000000001000000 00007ffffc860fd7
0x0000002848bfed80:   000001b64827bc10 0000000000000000
0x0000002848bfed90:   000001b64827bc10 fffffffe00000000
0x0000002848bfeda0:   00006cba658d86ea 00007ffffc86b06c
0x0000002848bfedb0:   000001b64827bc10 0000002848bfef00
0x0000002848bfedc0:   000001b647fc19d0 000001b647fd1c90
0x0000002848bfedd0:   00007ffffef2a0a4 00007ffffc88d7c0
0x0000002848bfede0:   0000002848bfeef0 00007ffffef2a0a4
0x0000002848bfedf0:   000001b64827bc10 0000000000000001
0x0000002848bfee00:   000001b66f4da9c8 0000000000000000
0x0000002848bfee10:   000001b66ec30800 0000000000000000
0x0000002848bfee20:   0000000000000006 00007ffffc860e7c 

Instructions: (pc=0x00007ffffef4d356)
0x00007ffffef4d256:   48 83 38 00 74 28 48 8b 85 08 01 00 00 48 8b 00
0x00007ffffef4d266:   48 8b 8d 08 01 00 00 48 8b 09 48 8b 00 ff 50 10
0x00007ffffef4d276:   48 8b 85 08 01 00 00 48 c7 00 00 00 00 00 48 8b
0x00007ffffef4d286:   85 08 01 00 00 48 89 85 c8 00 00 00 ba 08 00 00
0x00007ffffef4d296:   00 48 8b 8d c8 00 00 00 e8 37 ca fd ff 48 83 bd
0x00007ffffef4d2a6:   c8 00 00 00 00 75 0d 48 c7 85 d8 00 00 00 00 00
0x00007ffffef4d2b6:   00 00 eb 19 48 c7 85 08 01 00 00 23 81 00 00 48
0x00007ffffef4d2c6:   8b 85 08 01 00 00 48 89 85 d8 00 00 00 48 8d a5
0x00007ffffef4d2d6:   e8 00 00 00 5f 5d c3 cc cc cc cc cc cc cc cc cc
0x00007ffffef4d2e6:   cc cc cc cc cc cc cc cc cc cc cc cc cc cc cc cc
0x00007ffffef4d2f6:   cc cc cc cc cc cc cc cc cc cc cc cc cc cc cc cc
0x00007ffffef4d306:   cc cc cc cc cc cc cc cc cc cc 48 89 54 24 10 48
0x00007ffffef4d316:   89 4c 24 08 55 57 48 81 ec 08 01 00 00 48 8d 6c
0x00007ffffef4d326:   24 20 48 8d 0d f4 4d 03 00 e8 62 cc fd ff 48 83
0x00007ffffef4d336:   bd 08 01 00 00 00 75 11 48 8d 0d 2b bb 01 00 e8
0x00007ffffef4d346:   66 f3 ff ff e9 84 00 00 00 48 8b 85 08 01 00 00
0x00007ffffef4d356:   48 83 38 00 74 28 48 8b 85 08 01 00 00 48 8b 00
0x00007ffffef4d366:   48 8b 8d 08 01 00 00 48 8b 09 48 8b 00 ff 50 10
0x00007ffffef4d376:   48 8b 85 08 01 00 00 48 c7 00 00 00 00 00 48 8b
0x00007ffffef4d386:   85 08 01 00 00 48 89 85 c8 00 00 00 ba 10 00 00
0x00007ffffef4d396:   00 48 8b 8d c8 00 00 00 e8 37 c9 fd ff 48 83 bd
0x00007ffffef4d3a6:   c8 00 00 00 00 75 0d 48 c7 85 d8 00 00 00 00 00
0x00007ffffef4d3b6:   00 00 eb 19 48 c7 85 08 01 00 00 23 81 00 00 48
0x00007ffffef4d3c6:   8b 85 08 01 00 00 48 89 85 d8 00 00 00 48 8d a5
0x00007ffffef4d3d6:   e8 00 00 00 5f 5d c3 cc cc cc cc cc cc cc cc cc
0x00007ffffef4d3e6:   cc cc cc cc cc cc cc cc cc cc cc cc cc cc cc cc
0x00007ffffef4d3f6:   cc cc cc cc cc cc cc cc cc cc cc cc cc cc cc cc
0x00007ffffef4d406:   cc cc cc cc cc cc cc cc cc cc 48 89 54 24 10 48
0x00007ffffef4d416:   89 4c 24 08 55 57 48 81 ec 08 01 00 00 48 8d 6c
0x00007ffffef4d426:   24 20 48 8d 0d f4 4c 03 00 e8 62 cb fd ff 48 83
0x00007ffffef4d436:   bd 08 01 00 00 00 75 11 48 8d 0d 7b ba 01 00 e8
0x00007ffffef4d446:   66 f2 ff ff e9 bd 00 00 00 48 8b 85 08 01 00 00 


Stack slot to memory mapping:

stack at sp + 0 slots: 0x00007ffffef82123 kgfx_java.dll
stack at sp + 1 slots: 0x0000000000000006 is an unknown value
stack at sp + 2 slots: 0x000001b647fd2078 points into unknown readable memory: 0x08004c319f7c39db | db 39 7c 9f 31 4c 00 08
stack at sp + 3 slots: 0x000001b64827bc10 is a thread
stack at sp + 4 slots: 0x000001b600486e70 is pointing into metadata
stack at sp + 5 slots: 0x000001b60000000e is pointing into metadata
stack at sp + 6 slots: 0x000000000000177d is an unknown value
stack at sp + 7 slots: 0x00007ffffc88da2a jvm.dll


---------------  P R O C E S S  ---------------

Threads class SMR info:
_java_thread_list=0x000001b66ec8c330, length=14, elements={
0x000001b64827bc10, 0x000001b66e1a7c90, 0x000001b66e1a8bb0, 0x000001b66e1ae0a0,
0x000001b66e9140a0, 0x000001b66e9152a0, 0x000001b66e9164a0, 0x000001b66e91b170,
0x000001b66e91c3b0, 0x000001b66e9f7090, 0x000001b66ea94c50, 0x000001b66eb53f60,
0x000001b66eac7f60, 0x000001b66eb3c5a0
}

Java Threads: ( => current thread )
=>0x000001b64827bc10 JavaThread "main"                              [_thread_in_native, id=12668, stack(0x0000002848b00000,0x0000002848c00000) (1024K)]
  0x000001b66e1a7c90 JavaThread "Reference Handler"          daemon [_thread_blocked, id=28904, stack(0x0000002849300000,0x0000002849400000) (1024K)]
  0x000001b66e1a8bb0 JavaThread "Finalizer"                  daemon [_thread_blocked, id=30276, stack(0x0000002849400000,0x0000002849500000) (1024K)]
  0x000001b66e1ae0a0 JavaThread "Signal Dispatcher"          daemon [_thread_blocked, id=5920, stack(0x0000002849500000,0x0000002849600000) (1024K)]
  0x000001b66e9140a0 JavaThread "Attach Listener"            daemon [_thread_blocked, id=37184, stack(0x0000002849600000,0x0000002849700000) (1024K)]
  0x000001b66e9152a0 JavaThread "Service Thread"             daemon [_thread_blocked, id=33084, stack(0x0000002849700000,0x0000002849800000) (1024K)]
  0x000001b66e9164a0 JavaThread "Monitor Deflation Thread"   daemon [_thread_blocked, id=22276, stack(0x0000002849800000,0x0000002849900000) (1024K)]
  0x000001b66e91b170 JavaThread "C2 CompilerThread0"         daemon [_thread_blocked, id=21084, stack(0x0000002849900000,0x0000002849a00000) (1024K)]
  0x000001b66e91c3b0 JavaThread "C1 CompilerThread0"         daemon [_thread_blocked, id=33964, stack(0x0000002849a00000,0x0000002849b00000) (1024K)]
  0x000001b66e9f7090 JavaThread "Common-Cleaner"             daemon [_thread_blocked, id=29876, stack(0x0000002849b00000,0x0000002849c00000) (1024K)]
  0x000001b66ea94c50 JavaThread "JDWP Transport Listener: dt_socket" daemon [_thread_blocked, id=35920, stack(0x0000002849c00000,0x0000002849d00000) (1024K)]
  0x000001b66eb53f60 JavaThread "JDWP Event Helper Thread"   daemon [_thread_blocked, id=35068, stack(0x0000002849d00000,0x0000002849e00000) (1024K)]
  0x000001b66eac7f60 JavaThread "JDWP Command Reader"        daemon [_thread_in_native, id=37200, stack(0x0000002849e00000,0x0000002849f00000) (1024K)]
  0x000001b66eb3c5a0 JavaThread "Notification Thread"        daemon [_thread_blocked, id=20320, stack(0x0000002849f00000,0x000000284a000000) (1024K)]
Total: 14

Other Threads:
  0x000001b66e189930 VMThread "VM Thread"                           [id=29748, stack(0x0000002849200000,0x0000002849300000) (1024K)]
  0x000001b66e172c30 WatcherThread "VM Periodic Task Thread"        [id=29336, stack(0x0000002849100000,0x0000002849200000) (1024K)]
  0x000001b648327540 WorkerThread "GC Thread#0"                     [id=18756, stack(0x0000002848c00000,0x0000002848d00000) (1024K)]
  0x000001b648339cd0 ConcurrentGCThread "G1 Main Marker"            [id=6256, stack(0x0000002848d00000,0x0000002848e00000) (1024K)]
  0x000001b64833a6e0 WorkerThread "G1 Conc#0"                       [id=10164, stack(0x0000002848e00000,0x0000002848f00000) (1024K)]
  0x000001b66e036b40 ConcurrentGCThread "G1 Refine#0"               [id=36332, stack(0x0000002848f00000,0x0000002849000000) (1024K)]
  0x000001b66e0375c0 ConcurrentGCThread "G1 Service"                [id=33852, stack(0x0000002849000000,0x0000002849100000) (1024K)]
Total: 7

Threads with active compile tasks:
Total: 0

VM state: not at safepoint (normal execution)

VM Mutex/Monitor currently owned by a thread: None

Heap address: 0x0000000602400000, size: 8156 MB, Compressed Oops mode: Zero based, Oop shift amount: 3

CDS archive(s) mapped at: [0x000001b600000000-0x000001b600c90000-0x000001b600c90000), size 13172736, SharedBaseAddress: 0x000001b600000000, ArchiveRelocationMode: 1.
Compressed class space mapped at: 0x000001b601000000-0x000001b641000000, reserved size: 1073741824
Narrow klass base: 0x000001b600000000, Narrow klass shift: 0, Narrow klass range: 0x100000000

GC Precious Log:
 CardTable entry size: 512
 Card Set container configuration: InlinePtr #cards 4 size 8 Array Of Cards #cards 32 size 80 Howl #buckets 8 coarsen threshold 7372 Howl Bitmap #cards 1024 size 144 coarsen threshold 921 Card regions per heap region 1 cards per card region 8192
 CPUs: 12 total, 12 available
 Memory: 32616M
 Large Page Support: Disabled
 NUMA Support: Disabled
 Compressed Oops: Enabled (Zero based)
 Heap Region Size: 4M
 Heap Min Capacity: 8M
 Heap Initial Capacity: 512M
 Heap Max Capacity: 8156M
 Pre-touch: Disabled
 Parallel Workers: 10
 Concurrent Workers: 3
 Concurrent Refinement Workers: 10
 Periodic GC: Disabled

Heap:
 garbage-first heap   total 524288K, used 8192K [0x0000000602400000, 0x0000000800000000)
  region size 4096K, 3 young (12288K), 0 survivors (0K)
 Metaspace       used 2275K, committed 2432K, reserved 1114112K
  class space    used 149K, committed 256K, reserved 1048576K

Heap Regions: E=young(eden), S=young(survivor), O=old, HS=humongous(starts), HC=humongous(continues), CS=collection set, F=free, TAMS=top-at-mark-start, PB=parsable bottom
|   0|0x0000000602400000, 0x0000000602400000, 0x0000000602800000|  0%| F|  |TAMS 0x0000000602400000| PB 0x0000000602400000| Untracked 
|   1|0x0000000602800000, 0x0000000602800000, 0x0000000602c00000|  0%| F|  |TAMS 0x0000000602800000| PB 0x0000000602800000| Untracked 
|   2|0x0000000602c00000, 0x0000000602c00000, 0x0000000603000000|  0%| F|  |TAMS 0x0000000602c00000| PB 0x0000000602c00000| Untracked 
|   3|0x0000000603000000, 0x0000000603000000, 0x0000000603400000|  0%| F|  |TAMS 0x0000000603000000| PB 0x0000000603000000| Untracked 
|   4|0x0000000603400000, 0x0000000603400000, 0x0000000603800000|  0%| F|  |TAMS 0x0000000603400000| PB 0x0000000603400000| Untracked 
|   5|0x0000000603800000, 0x0000000603800000, 0x0000000603c00000|  0%| F|  |TAMS 0x0000000603800000| PB 0x0000000603800000| Untracked 
|   6|0x0000000603c00000, 0x0000000603c00000, 0x0000000604000000|  0%| F|  |TAMS 0x0000000603c00000| PB 0x0000000603c00000| Untracked 
|   7|0x0000000604000000, 0x0000000604000000, 0x0000000604400000|  0%| F|  |TAMS 0x0000000604000000| PB 0x0000000604000000| Untracked 
|   8|0x0000000604400000, 0x0000000604400000, 0x0000000604800000|  0%| F|  |TAMS 0x0000000604400000| PB 0x0000000604400000| Untracked 
|   9|0x0000000604800000, 0x0000000604800000, 0x0000000604c00000|  0%| F|  |TAMS 0x0000000604800000| PB 0x0000000604800000| Untracked 
|  10|0x0000000604c00000, 0x0000000604c00000, 0x0000000605000000|  0%| F|  |TAMS 0x0000000604c00000| PB 0x0000000604c00000| Untracked 
|  11|0x0000000605000000, 0x0000000605000000, 0x0000000605400000|  0%| F|  |TAMS 0x0000000605000000| PB 0x0000000605000000| Untracked 
|  12|0x0000000605400000, 0x0000000605400000, 0x0000000605800000|  0%| F|  |TAMS 0x0000000605400000| PB 0x0000000605400000| Untracked 
|  13|0x0000000605800000, 0x0000000605800000, 0x0000000605c00000|  0%| F|  |TAMS 0x0000000605800000| PB 0x0000000605800000| Untracked 
|  14|0x0000000605c00000, 0x0000000605c00000, 0x0000000606000000|  0%| F|  |TAMS 0x0000000605c00000| PB 0x0000000605c00000| Untracked 
|  15|0x0000000606000000, 0x0000000606000000, 0x0000000606400000|  0%| F|  |TAMS 0x0000000606000000| PB 0x0000000606000000| Untracked 
|  16|0x0000000606400000, 0x0000000606400000, 0x0000000606800000|  0%| F|  |TAMS 0x0000000606400000| PB 0x0000000606400000| Untracked 
|  17|0x0000000606800000, 0x0000000606800000, 0x0000000606c00000|  0%| F|  |TAMS 0x0000000606800000| PB 0x0000000606800000| Untracked 
|  18|0x0000000606c00000, 0x0000000606c00000, 0x0000000607000000|  0%| F|  |TAMS 0x0000000606c00000| PB 0x0000000606c00000| Untracked 
|  19|0x0000000607000000, 0x0000000607000000, 0x0000000607400000|  0%| F|  |TAMS 0x0000000607000000| PB 0x0000000607000000| Untracked 
|  20|0x0000000607400000, 0x0000000607400000, 0x0000000607800000|  0%| F|  |TAMS 0x0000000607400000| PB 0x0000000607400000| Untracked 
|  21|0x0000000607800000, 0x0000000607800000, 0x0000000607c00000|  0%| F|  |TAMS 0x0000000607800000| PB 0x0000000607800000| Untracked 
|  22|0x0000000607c00000, 0x0000000607c00000, 0x0000000608000000|  0%| F|  |TAMS 0x0000000607c00000| PB 0x0000000607c00000| Untracked 
|  23|0x0000000608000000, 0x0000000608000000, 0x0000000608400000|  0%| F|  |TAMS 0x0000000608000000| PB 0x0000000608000000| Untracked 
|  24|0x0000000608400000, 0x0000000608400000, 0x0000000608800000|  0%| F|  |TAMS 0x0000000608400000| PB 0x0000000608400000| Untracked 
|  25|0x0000000608800000, 0x0000000608800000, 0x0000000608c00000|  0%| F|  |TAMS 0x0000000608800000| PB 0x0000000608800000| Untracked 
|  26|0x0000000608c00000, 0x0000000608c00000, 0x0000000609000000|  0%| F|  |TAMS 0x0000000608c00000| PB 0x0000000608c00000| Untracked 
|  27|0x0000000609000000, 0x0000000609000000, 0x0000000609400000|  0%| F|  |TAMS 0x0000000609000000| PB 0x0000000609000000| Untracked 
|  28|0x0000000609400000, 0x0000000609400000, 0x0000000609800000|  0%| F|  |TAMS 0x0000000609400000| PB 0x0000000609400000| Untracked 
|  29|0x0000000609800000, 0x0000000609800000, 0x0000000609c00000|  0%| F|  |TAMS 0x0000000609800000| PB 0x0000000609800000| Untracked 
|  30|0x0000000609c00000, 0x0000000609c00000, 0x000000060a000000|  0%| F|  |TAMS 0x0000000609c00000| PB 0x0000000609c00000| Untracked 
|  31|0x000000060a000000, 0x000000060a000000, 0x000000060a400000|  0%| F|  |TAMS 0x000000060a000000| PB 0x000000060a000000| Untracked 
|  32|0x000000060a400000, 0x000000060a400000, 0x000000060a800000|  0%| F|  |TAMS 0x000000060a400000| PB 0x000000060a400000| Untracked 
|  33|0x000000060a800000, 0x000000060a800000, 0x000000060ac00000|  0%| F|  |TAMS 0x000000060a800000| PB 0x000000060a800000| Untracked 
|  34|0x000000060ac00000, 0x000000060ac00000, 0x000000060b000000|  0%| F|  |TAMS 0x000000060ac00000| PB 0x000000060ac00000| Untracked 
|  35|0x000000060b000000, 0x000000060b000000, 0x000000060b400000|  0%| F|  |TAMS 0x000000060b000000| PB 0x000000060b000000| Untracked 
|  36|0x000000060b400000, 0x000000060b400000, 0x000000060b800000|  0%| F|  |TAMS 0x000000060b400000| PB 0x000000060b400000| Untracked 
|  37|0x000000060b800000, 0x000000060b800000, 0x000000060bc00000|  0%| F|  |TAMS 0x000000060b800000| PB 0x000000060b800000| Untracked 
|  38|0x000000060bc00000, 0x000000060bc00000, 0x000000060c000000|  0%| F|  |TAMS 0x000000060bc00000| PB 0x000000060bc00000| Untracked 
|  39|0x000000060c000000, 0x000000060c000000, 0x000000060c400000|  0%| F|  |TAMS 0x000000060c000000| PB 0x000000060c000000| Untracked 
|  40|0x000000060c400000, 0x000000060c400000, 0x000000060c800000|  0%| F|  |TAMS 0x000000060c400000| PB 0x000000060c400000| Untracked 
|  41|0x000000060c800000, 0x000000060c800000, 0x000000060cc00000|  0%| F|  |TAMS 0x000000060c800000| PB 0x000000060c800000| Untracked 
|  42|0x000000060cc00000, 0x000000060cc00000, 0x000000060d000000|  0%| F|  |TAMS 0x000000060cc00000| PB 0x000000060cc00000| Untracked 
|  43|0x000000060d000000, 0x000000060d000000, 0x000000060d400000|  0%| F|  |TAMS 0x000000060d000000| PB 0x000000060d000000| Untracked 
|  44|0x000000060d400000, 0x000000060d400000, 0x000000060d800000|  0%| F|  |TAMS 0x000000060d400000| PB 0x000000060d400000| Untracked 
|  45|0x000000060d800000, 0x000000060d800000, 0x000000060dc00000|  0%| F|  |TAMS 0x000000060d800000| PB 0x000000060d800000| Untracked 
|  46|0x000000060dc00000, 0x000000060dc00000, 0x000000060e000000|  0%| F|  |TAMS 0x000000060dc00000| PB 0x000000060dc00000| Untracked 
|  47|0x000000060e000000, 0x000000060e000000, 0x000000060e400000|  0%| F|  |TAMS 0x000000060e000000| PB 0x000000060e000000| Untracked 
|  48|0x000000060e400000, 0x000000060e400000, 0x000000060e800000|  0%| F|  |TAMS 0x000000060e400000| PB 0x000000060e400000| Untracked 
|  49|0x000000060e800000, 0x000000060e800000, 0x000000060ec00000|  0%| F|  |TAMS 0x000000060e800000| PB 0x000000060e800000| Untracked 
|  50|0x000000060ec00000, 0x000000060ec00000, 0x000000060f000000|  0%| F|  |TAMS 0x000000060ec00000| PB 0x000000060ec00000| Untracked 
|  51|0x000000060f000000, 0x000000060f000000, 0x000000060f400000|  0%| F|  |TAMS 0x000000060f000000| PB 0x000000060f000000| Untracked 
|  52|0x000000060f400000, 0x000000060f400000, 0x000000060f800000|  0%| F|  |TAMS 0x000000060f400000| PB 0x000000060f400000| Untracked 
|  53|0x000000060f800000, 0x000000060f800000, 0x000000060fc00000|  0%| F|  |TAMS 0x000000060f800000| PB 0x000000060f800000| Untracked 
|  54|0x000000060fc00000, 0x000000060fc00000, 0x0000000610000000|  0%| F|  |TAMS 0x000000060fc00000| PB 0x000000060fc00000| Untracked 
|  55|0x0000000610000000, 0x0000000610000000, 0x0000000610400000|  0%| F|  |TAMS 0x0000000610000000| PB 0x0000000610000000| Untracked 
|  56|0x0000000610400000, 0x0000000610400000, 0x0000000610800000|  0%| F|  |TAMS 0x0000000610400000| PB 0x0000000610400000| Untracked 
|  57|0x0000000610800000, 0x0000000610800000, 0x0000000610c00000|  0%| F|  |TAMS 0x0000000610800000| PB 0x0000000610800000| Untracked 
|  58|0x0000000610c00000, 0x0000000610c00000, 0x0000000611000000|  0%| F|  |TAMS 0x0000000610c00000| PB 0x0000000610c00000| Untracked 
|  59|0x0000000611000000, 0x0000000611000000, 0x0000000611400000|  0%| F|  |TAMS 0x0000000611000000| PB 0x0000000611000000| Untracked 
|  60|0x0000000611400000, 0x0000000611400000, 0x0000000611800000|  0%| F|  |TAMS 0x0000000611400000| PB 0x0000000611400000| Untracked 
|  61|0x0000000611800000, 0x0000000611800000, 0x0000000611c00000|  0%| F|  |TAMS 0x0000000611800000| PB 0x0000000611800000| Untracked 
|  62|0x0000000611c00000, 0x0000000611c00000, 0x0000000612000000|  0%| F|  |TAMS 0x0000000611c00000| PB 0x0000000611c00000| Untracked 
|  63|0x0000000612000000, 0x0000000612000000, 0x0000000612400000|  0%| F|  |TAMS 0x0000000612000000| PB 0x0000000612000000| Untracked 
|  64|0x0000000612400000, 0x0000000612400000, 0x0000000612800000|  0%| F|  |TAMS 0x0000000612400000| PB 0x0000000612400000| Untracked 
|  65|0x0000000612800000, 0x0000000612800000, 0x0000000612c00000|  0%| F|  |TAMS 0x0000000612800000| PB 0x0000000612800000| Untracked 
|  66|0x0000000612c00000, 0x0000000612c00000, 0x0000000613000000|  0%| F|  |TAMS 0x0000000612c00000| PB 0x0000000612c00000| Untracked 
|  67|0x0000000613000000, 0x0000000613000000, 0x0000000613400000|  0%| F|  |TAMS 0x0000000613000000| PB 0x0000000613000000| Untracked 
|  68|0x0000000613400000, 0x0000000613400000, 0x0000000613800000|  0%| F|  |TAMS 0x0000000613400000| PB 0x0000000613400000| Untracked 
|  69|0x0000000613800000, 0x0000000613800000, 0x0000000613c00000|  0%| F|  |TAMS 0x0000000613800000| PB 0x0000000613800000| Untracked 
|  70|0x0000000613c00000, 0x0000000613c00000, 0x0000000614000000|  0%| F|  |TAMS 0x0000000613c00000| PB 0x0000000613c00000| Untracked 
|  71|0x0000000614000000, 0x0000000614000000, 0x0000000614400000|  0%| F|  |TAMS 0x0000000614000000| PB 0x0000000614000000| Untracked 
|  72|0x0000000614400000, 0x0000000614400000, 0x0000000614800000|  0%| F|  |TAMS 0x0000000614400000| PB 0x0000000614400000| Untracked 
|  73|0x0000000614800000, 0x0000000614800000, 0x0000000614c00000|  0%| F|  |TAMS 0x0000000614800000| PB 0x0000000614800000| Untracked 
|  74|0x0000000614c00000, 0x0000000614c00000, 0x0000000615000000|  0%| F|  |TAMS 0x0000000614c00000| PB 0x0000000614c00000| Untracked 
|  75|0x0000000615000000, 0x0000000615000000, 0x0000000615400000|  0%| F|  |TAMS 0x0000000615000000| PB 0x0000000615000000| Untracked 
|  76|0x0000000615400000, 0x0000000615400000, 0x0000000615800000|  0%| F|  |TAMS 0x0000000615400000| PB 0x0000000615400000| Untracked 
|  77|0x0000000615800000, 0x0000000615800000, 0x0000000615c00000|  0%| F|  |TAMS 0x0000000615800000| PB 0x0000000615800000| Untracked 
|  78|0x0000000615c00000, 0x0000000615c00000, 0x0000000616000000|  0%| F|  |TAMS 0x0000000615c00000| PB 0x0000000615c00000| Untracked 
|  79|0x0000000616000000, 0x0000000616000000, 0x0000000616400000|  0%| F|  |TAMS 0x0000000616000000| PB 0x0000000616000000| Untracked 
|  80|0x0000000616400000, 0x0000000616400000, 0x0000000616800000|  0%| F|  |TAMS 0x0000000616400000| PB 0x0000000616400000| Untracked 
|  81|0x0000000616800000, 0x0000000616800000, 0x0000000616c00000|  0%| F|  |TAMS 0x0000000616800000| PB 0x0000000616800000| Untracked 
|  82|0x0000000616c00000, 0x0000000616c00000, 0x0000000617000000|  0%| F|  |TAMS 0x0000000616c00000| PB 0x0000000616c00000| Untracked 
|  83|0x0000000617000000, 0x0000000617000000, 0x0000000617400000|  0%| F|  |TAMS 0x0000000617000000| PB 0x0000000617000000| Untracked 
|  84|0x0000000617400000, 0x0000000617400000, 0x0000000617800000|  0%| F|  |TAMS 0x0000000617400000| PB 0x0000000617400000| Untracked 
|  85|0x0000000617800000, 0x0000000617800000, 0x0000000617c00000|  0%| F|  |TAMS 0x0000000617800000| PB 0x0000000617800000| Untracked 
|  86|0x0000000617c00000, 0x0000000617c00000, 0x0000000618000000|  0%| F|  |TAMS 0x0000000617c00000| PB 0x0000000617c00000| Untracked 
|  87|0x0000000618000000, 0x0000000618000000, 0x0000000618400000|  0%| F|  |TAMS 0x0000000618000000| PB 0x0000000618000000| Untracked 
|  88|0x0000000618400000, 0x0000000618400000, 0x0000000618800000|  0%| F|  |TAMS 0x0000000618400000| PB 0x0000000618400000| Untracked 
|  89|0x0000000618800000, 0x0000000618800000, 0x0000000618c00000|  0%| F|  |TAMS 0x0000000618800000| PB 0x0000000618800000| Untracked 
|  90|0x0000000618c00000, 0x0000000618c00000, 0x0000000619000000|  0%| F|  |TAMS 0x0000000618c00000| PB 0x0000000618c00000| Untracked 
|  91|0x0000000619000000, 0x0000000619000000, 0x0000000619400000|  0%| F|  |TAMS 0x0000000619000000| PB 0x0000000619000000| Untracked 
|  92|0x0000000619400000, 0x0000000619400000, 0x0000000619800000|  0%| F|  |TAMS 0x0000000619400000| PB 0x0000000619400000| Untracked 
|  93|0x0000000619800000, 0x0000000619800000, 0x0000000619c00000|  0%| F|  |TAMS 0x0000000619800000| PB 0x0000000619800000| Untracked 
|  94|0x0000000619c00000, 0x0000000619c00000, 0x000000061a000000|  0%| F|  |TAMS 0x0000000619c00000| PB 0x0000000619c00000| Untracked 
|  95|0x000000061a000000, 0x000000061a000000, 0x000000061a400000|  0%| F|  |TAMS 0x000000061a000000| PB 0x000000061a000000| Untracked 
|  96|0x000000061a400000, 0x000000061a400000, 0x000000061a800000|  0%| F|  |TAMS 0x000000061a400000| PB 0x000000061a400000| Untracked 
|  97|0x000000061a800000, 0x000000061a800000, 0x000000061ac00000|  0%| F|  |TAMS 0x000000061a800000| PB 0x000000061a800000| Untracked 
|  98|0x000000061ac00000, 0x000000061ac00000, 0x000000061b000000|  0%| F|  |TAMS 0x000000061ac00000| PB 0x000000061ac00000| Untracked 
|  99|0x000000061b000000, 0x000000061b000000, 0x000000061b400000|  0%| F|  |TAMS 0x000000061b000000| PB 0x000000061b000000| Untracked 
| 100|0x000000061b400000, 0x000000061b400000, 0x000000061b800000|  0%| F|  |TAMS 0x000000061b400000| PB 0x000000061b400000| Untracked 
| 101|0x000000061b800000, 0x000000061b800000, 0x000000061bc00000|  0%| F|  |TAMS 0x000000061b800000| PB 0x000000061b800000| Untracked 
| 102|0x000000061bc00000, 0x000000061bc00000, 0x000000061c000000|  0%| F|  |TAMS 0x000000061bc00000| PB 0x000000061bc00000| Untracked 
| 103|0x000000061c000000, 0x000000061c000000, 0x000000061c400000|  0%| F|  |TAMS 0x000000061c000000| PB 0x000000061c000000| Untracked 
| 104|0x000000061c400000, 0x000000061c400000, 0x000000061c800000|  0%| F|  |TAMS 0x000000061c400000| PB 0x000000061c400000| Untracked 
| 105|0x000000061c800000, 0x000000061c800000, 0x000000061cc00000|  0%| F|  |TAMS 0x000000061c800000| PB 0x000000061c800000| Untracked 
| 106|0x000000061cc00000, 0x000000061cc00000, 0x000000061d000000|  0%| F|  |TAMS 0x000000061cc00000| PB 0x000000061cc00000| Untracked 
| 107|0x000000061d000000, 0x000000061d000000, 0x000000061d400000|  0%| F|  |TAMS 0x000000061d000000| PB 0x000000061d000000| Untracked 
| 108|0x000000061d400000, 0x000000061d400000, 0x000000061d800000|  0%| F|  |TAMS 0x000000061d400000| PB 0x000000061d400000| Untracked 
| 109|0x000000061d800000, 0x000000061d800000, 0x000000061dc00000|  0%| F|  |TAMS 0x000000061d800000| PB 0x000000061d800000| Untracked 
| 110|0x000000061dc00000, 0x000000061dc00000, 0x000000061e000000|  0%| F|  |TAMS 0x000000061dc00000| PB 0x000000061dc00000| Untracked 
| 111|0x000000061e000000, 0x000000061e000000, 0x000000061e400000|  0%| F|  |TAMS 0x000000061e000000| PB 0x000000061e000000| Untracked 
| 112|0x000000061e400000, 0x000000061e400000, 0x000000061e800000|  0%| F|  |TAMS 0x000000061e400000| PB 0x000000061e400000| Untracked 
| 113|0x000000061e800000, 0x000000061e800000, 0x000000061ec00000|  0%| F|  |TAMS 0x000000061e800000| PB 0x000000061e800000| Untracked 
| 114|0x000000061ec00000, 0x000000061ec00000, 0x000000061f000000|  0%| F|  |TAMS 0x000000061ec00000| PB 0x000000061ec00000| Untracked 
| 115|0x000000061f000000, 0x000000061f000000, 0x000000061f400000|  0%| F|  |TAMS 0x000000061f000000| PB 0x000000061f000000| Untracked 
| 116|0x000000061f400000, 0x000000061f400000, 0x000000061f800000|  0%| F|  |TAMS 0x000000061f400000| PB 0x000000061f400000| Untracked 
| 117|0x000000061f800000, 0x000000061f800000, 0x000000061fc00000|  0%| F|  |TAMS 0x000000061f800000| PB 0x000000061f800000| Untracked 
| 118|0x000000061fc00000, 0x000000061fc00000, 0x0000000620000000|  0%| F|  |TAMS 0x000000061fc00000| PB 0x000000061fc00000| Untracked 
| 119|0x0000000620000000, 0x0000000620000000, 0x0000000620400000|  0%| F|  |TAMS 0x0000000620000000| PB 0x0000000620000000| Untracked 
| 120|0x0000000620400000, 0x0000000620400000, 0x0000000620800000|  0%| F|  |TAMS 0x0000000620400000| PB 0x0000000620400000| Untracked 
| 121|0x0000000620800000, 0x0000000620800000, 0x0000000620c00000|  0%| F|  |TAMS 0x0000000620800000| PB 0x0000000620800000| Untracked 
| 122|0x0000000620c00000, 0x0000000620c00000, 0x0000000621000000|  0%| F|  |TAMS 0x0000000620c00000| PB 0x0000000620c00000| Untracked 
| 123|0x0000000621000000, 0x0000000621000000, 0x0000000621400000|  0%| F|  |TAMS 0x0000000621000000| PB 0x0000000621000000| Untracked 
| 124|0x0000000621400000, 0x0000000621400000, 0x0000000621800000|  0%| F|  |TAMS 0x0000000621400000| PB 0x0000000621400000| Untracked 
| 125|0x0000000621800000, 0x00000006218826f8, 0x0000000621c00000| 12%| E|  |TAMS 0x0000000621800000| PB 0x0000000621800000| Complete 
| 126|0x0000000621c00000, 0x0000000622000000, 0x0000000622000000|100%| E|CS|TAMS 0x0000000621c00000| PB 0x0000000621c00000| Complete 
| 127|0x0000000622000000, 0x0000000622400000, 0x0000000622400000|100%| E|CS|TAMS 0x0000000622000000| PB 0x0000000622000000| Complete 

Card table byte_map: [0x000001b662b80000,0x000001b663b70000] _byte_map_base: 0x000001b65fb6e000

Marking Bits: (CMBitMap*) 0x000001b648328b60
 Bits: [0x000001b663b70000, 0x000001b66bae0000)

Polling page: 0x000001b647f90000

Metaspace:

Usage:
  Non-class:      2.08 MB used.
      Class:    149.20 KB used.
       Both:      2.22 MB used.

Virtual space:
  Non-class space:       64.00 MB reserved,       2.12 MB (  3%) committed,  1 nodes.
      Class space:        1.00 GB reserved,     256.00 KB ( <1%) committed,  1 nodes.
             Both:        1.06 GB reserved,       2.38 MB ( <1%) committed. 

Chunk freelists:
   Non-Class:  11.12 MB
       Class:  15.67 MB
        Both:  26.79 MB

MaxMetaspaceSize: unlimited
CompressedClassSpaceSize: 1.00 GB
Initial GC threshold: 21.00 MB
Current GC threshold: 21.00 MB
CDS: on
 - commit_granule_bytes: 65536.
 - commit_granule_words: 8192.
 - virtual_space_node_default_size: 8388608.
 - enlarge_chunks_in_place: 1.
 - use_allocation_guard: 0.


Internal statistics:

num_allocs_failed_limit: 0.
num_arena_births: 74.
num_arena_deaths: 0.
num_vsnodes_births: 2.
num_vsnodes_deaths: 0.
num_space_committed: 38.
num_space_uncommitted: 0.
num_chunks_returned_to_freelist: 0.
num_chunks_taken_from_freelist: 116.
num_chunk_merges: 0.
num_chunk_splits: 82.
num_chunks_enlarged: 55.
num_inconsistent_stats: 0.

CodeHeap 'non-profiled nmethods': size=120000Kb used=164Kb max_used=164Kb free=119835Kb
 bounds [0x000001b6599d0000, 0x000001b659c40000, 0x000001b660f00000]
CodeHeap 'profiled nmethods': size=120000Kb used=720Kb max_used=720Kb free=119279Kb
 bounds [0x000001b651f00000, 0x000001b652170000, 0x000001b659430000]
CodeHeap 'non-nmethods': size=5760Kb used=2077Kb max_used=2092Kb free=3682Kb
 bounds [0x000001b659430000, 0x000001b6596a0000, 0x000001b6599d0000]
 total_blobs=1506 nmethods=510 adapters=901
 compilation: enabled
              stopped_count=0, restarted_count=0
 full_count=0

Compilation events (20 events):
Event: 0.208 Thread 0x000001b66e91c3b0  499       1       java.net.URL::getQuery (5 bytes)
Event: 0.208 Thread 0x000001b66e91c3b0 nmethod 499 0x000001b6599f7b10 code [0x000001b6599f7ca0, 0x000001b6599f7d70]
Event: 0.282 Thread 0x000001b66e91c3b0  500       3       java.util.concurrent.ConcurrentHashMap$ValueIterator::next (34 bytes)
Event: 0.283 Thread 0x000001b66e91c3b0 nmethod 500 0x000001b651fb0310 code [0x000001b651fb04e0, 0x000001b651fb0778]
Event: 0.284 Thread 0x000001b66e91c3b0  501       3       org.lwjgl.system.Checks::check (16 bytes)
Event: 0.284 Thread 0x000001b66e91c3b0 nmethod 501 0x000001b651fb0890 code [0x000001b651fb0a40, 0x000001b651fb0c40]
Event: 0.285 Thread 0x000001b66e91c3b0  502       3       org.lwjgl.glfw.GLFW::glfwWindowShouldClose (29 bytes)
Event: 0.285 Thread 0x000001b66e91c3b0 nmethod 502 0x000001b651fb0d10 code [0x000001b651fb0ee0, 0x000001b651fb11e8]
Event: 0.285 Thread 0x000001b66e91c3b0  504       3       org.lwjgl.glfw.GLFW::glfwPollEvents (9 bytes)
Event: 0.285 Thread 0x000001b66e91c3b0 nmethod 504 0x000001b651fb1310 code [0x000001b651fb14c0, 0x000001b651fb15e0]
Event: 0.301 Thread 0x000001b66e91b170  506       4       org.lwjgl.glfw.GLFW::glfwWindowShouldClose (29 bytes)
Event: 0.301 Thread 0x000001b66e91b170 nmethod 506 0x000001b6599f8610 code [0x000001b6599f87a0, 0x000001b6599f8898]
Event: 0.301 Thread 0x000001b66e91b170  507       4       org.lwjgl.glfw.GLFW::glfwPollEvents (9 bytes)
Event: 0.301 Thread 0x000001b66e91b170 nmethod 507 0x000001b6599f8990 code [0x000001b6599f8b20, 0x000001b6599f8bc0]
Event: 0.471 Thread 0x000001b66e91c3b0  508 %     3       Main::main @ 118 (152 bytes)
Event: 0.471 Thread 0x000001b66e91c3b0 nmethod 508% 0x000001b651fb1690 code [0x000001b651fb1a00, 0x000001b651fb27a8]
Event: 0.474 Thread 0x000001b66e91c3b0  509       3       Main::main (152 bytes)
Event: 0.474 Thread 0x000001b66e91c3b0 nmethod 509 0x000001b651fb2d10 code [0x000001b651fb3060, 0x000001b651fb3ca8]
Event: 0.589 Thread 0x000001b66e91b170  510 %     4       Main::main @ 118 (152 bytes)
Event: 0.590 Thread 0x000001b66e91b170 nmethod 510% 0x000001b6599f8c90 code [0x000001b6599f8e40, 0x000001b6599f9038]

GC Heap History (0 events):
No events

Dll operation events (11 events):
Event: 0.016 Loaded shared library C:\Users\nik\.jdks\openjdk-21.0.2\bin\java.dll
Event: 0.017 Loaded shared library C:\Users\nik\.jdks\openjdk-21.0.2\bin\zip.dll
Event: 0.037 Loaded shared library C:\Users\nik\.jdks\openjdk-21.0.2\bin\jsvml.dll
Event: 0.085 Loaded shared library C:\Users\nik\.jdks\openjdk-21.0.2\bin\instrument.dll
Event: 0.101 Loaded shared library C:\Users\nik\.jdks\openjdk-21.0.2\bin\net.dll
Event: 0.102 Loaded shared library C:\Users\nik\.jdks\openjdk-21.0.2\bin\nio.dll
Event: 0.106 Loaded shared library C:\Users\nik\.jdks\openjdk-21.0.2\bin\zip.dll
Event: 0.135 Loaded shared library C:\Users\nik\.jdks\openjdk-21.0.2\bin\jimage.dll
Event: 0.155 Loaded shared library C:\Users\nik\AppData\Local\Temp\lwjgl_nik\3.3.3+5\x64\lwjgl.dll
Event: 0.211 Loaded shared library C:\Users\nik\source\repos\kgfx\kgfx\java\kgfx.dll
Event: 0.212 Loaded shared library C:\Users\nik\source\repos\kgfx\kgfx\java\kgfx_java.dll

Deoptimization events (18 events):
Event: 0.094 Thread 0x000001b64827bc10 Uncommon trap: trap_request=0xffffff45 fr.pc=0x000001b6599d5690 relative=0x0000000000000070
Event: 0.094 Thread 0x000001b64827bc10 Uncommon trap: reason=unstable_if action=reinterpret pc=0x000001b6599d5690 method=java.lang.String.isLatin1()Z @ 10 c2
Event: 0.094 Thread 0x000001b64827bc10 DEOPT PACKING pc=0x000001b6599d5690 sp=0x0000002848bfe060
Event: 0.094 Thread 0x000001b64827bc10 DEOPT UNPACKING pc=0x000001b6594846a2 sp=0x0000002848bfe000 mode 2
Event: 0.094 Thread 0x000001b64827bc10 Uncommon trap: trap_request=0xffffff45 fr.pc=0x000001b6599e0b04 relative=0x00000000000000e4
Event: 0.094 Thread 0x000001b64827bc10 Uncommon trap: reason=unstable_if action=reinterpret pc=0x000001b6599e0b04 method=java.lang.String.isLatin1()Z @ 10 c2
Event: 0.094 Thread 0x000001b64827bc10 DEOPT PACKING pc=0x000001b6599e0b04 sp=0x0000002848bfeb80
Event: 0.094 Thread 0x000001b64827bc10 DEOPT UNPACKING pc=0x000001b6594846a2 sp=0x0000002848bfead0 mode 2
Event: 0.165 Thread 0x000001b64827bc10 DEOPT PACKING pc=0x000001b651f2dff3 sp=0x0000002848bfdb60
Event: 0.165 Thread 0x000001b64827bc10 DEOPT UNPACKING pc=0x000001b659484e42 sp=0x0000002848bfcf80 mode 0
Event: 0.178 Thread 0x000001b64827bc10 DEOPT PACKING pc=0x000001b651f09a54 sp=0x0000002848bfc4f0
Event: 0.178 Thread 0x000001b64827bc10 DEOPT UNPACKING pc=0x000001b659484e42 sp=0x0000002848bfb958 mode 0
Event: 0.613 Thread 0x000001b64827bc10 DEOPT PACKING pc=0x000001b651fb258c sp=0x0000002848bfef90
Event: 0.613 Thread 0x000001b64827bc10 DEOPT UNPACKING pc=0x000001b659484e42 sp=0x0000002848bfe4e0 mode 0
Event: 10.283 Thread 0x000001b64827bc10 Uncommon trap: trap_request=0xffffff45 fr.pc=0x000001b6599f8f98 relative=0x0000000000000158
Event: 10.283 Thread 0x000001b64827bc10 Uncommon trap: reason=unstable_if action=reinterpret pc=0x000001b6599f8f98 method=org.lwjgl.glfw.GLFW.glfwWindowShouldClose(J)Z @ 20 c2
Event: 10.283 Thread 0x000001b64827bc10 DEOPT PACKING pc=0x000001b6599f8f98 sp=0x0000002848bff040
Event: 10.283 Thread 0x000001b64827bc10 DEOPT UNPACKING pc=0x000001b6594846a2 sp=0x0000002848bfef70 mode 2

Classes loaded (20 events):
Event: 0.178 Loading class org/lwjgl/system/windows/WinBase
Event: 0.178 Loading class org/lwjgl/system/windows/WinBase done
Event: 0.178 Loading class org/lwjgl/system/ThreadLocalUtil
Event: 0.178 Loading class org/lwjgl/system/ThreadLocalUtil done
Event: 0.180 Loading class org/lwjgl/glfw/GLFW$Functions
Event: 0.180 Loading class org/lwjgl/glfw/GLFW$Functions done
Event: 0.182 Loading class org/lwjgl/glfw/EventLoop
Event: 0.182 Loading class org/lwjgl/glfw/EventLoop done
Event: 0.182 Loading class org/lwjgl/system/JNI
Event: 0.182 Loading class org/lwjgl/system/JNI done
Event: 0.206 Loading class com/krisvers/kgfx/KGFXcontext
Event: 0.206 Loading class com/krisvers/kgfx/KGFXcontext done
Event: 0.206 Loading class com/krisvers/kgfx/KGFXwindow
Event: 0.206 Loading class com/krisvers/kgfx/KGFXwindow done
Event: 0.207 Loading class org/lwjgl/glfw/GLFWNativeWin32
Event: 0.207 Loading class org/lwjgl/glfw/GLFWNativeWin32 done
Event: 0.207 Loading class org/lwjgl/glfw/GLFWNativeWin32$Functions
Event: 0.207 Loading class org/lwjgl/glfw/GLFWNativeWin32$Functions done
Event: 0.208 Loading class com/krisvers/kgfx/KGFXjni
Event: 0.208 Loading class com/krisvers/kgfx/KGFXjni done

Classes unloaded (0 events):
No events

Classes redefined (0 events):
No events

Internal exceptions (19 events):
Event: 0.086 Thread 0x000001b64827bc10 Exception <a 'java/lang/NoSuchMethodError'{0x0000000622319620}: 'void java.lang.invoke.DirectMethodHandle$Holder.invokeStatic(java.lang.Object, java.lang.Object, java.lang.Object)'> (0x0000000622319620) 
thrown [s\open\src\hotspot\share\interpreter\linkResolver.cpp, line 773]
Event: 0.089 Thread 0x000001b64827bc10 Exception <a 'java/lang/NoSuchMethodError'{0x0000000622330b28}: 'java.lang.Object java.lang.invoke.Invokers$Holder.invokeExact_MT(java.lang.Object, java.lang.Object, java.lang.Object, java.lang.Object, java.lang.Object)'> (0x0000000622330b28) 
thrown [s\open\src\hotspot\share\interpreter\linkResolver.cpp, line 773]
Event: 0.127 Thread 0x000001b64827bc10 Exception <a 'java/lang/NoSuchMethodError'{0x0000000621dd6478}: 'void java.lang.invoke.DirectMethodHandle$Holder.invokeStatic(java.lang.Object, java.lang.Object)'> (0x0000000621dd6478) 
thrown [s\open\src\hotspot\share\interpreter\linkResolver.cpp, line 773]
Event: 0.128 Thread 0x000001b64827bc10 Exception <a 'java/lang/NoSuchMethodError'{0x0000000621de0ae0}: 'void java.lang.System.load(java.lang.String, java.lang.Class)'> (0x0000000621de0ae0) 
thrown [s\open\src\hotspot\share\interpreter\linkResolver.cpp, line 773]
Event: 0.128 Thread 0x000001b64827bc10 Exception <a 'java/lang/NoSuchMethodError'{0x0000000621de14b0}: 'void java.lang.invoke.DirectMethodHandle$Holder.invokeSpecial(java.lang.Object, java.lang.Object, java.lang.Object)'> (0x0000000621de14b0) 
thrown [s\open\src\hotspot\share\interpreter\linkResolver.cpp, line 773]
Event: 0.129 Thread 0x000001b64827bc10 Exception <a 'java/lang/NoSuchMethodError'{0x0000000621df4d18}: 'java.lang.Object java.lang.invoke.DirectMethodHandle$Holder.invokeStatic(java.lang.Object, java.lang.Object, int)'> (0x0000000621df4d18) 
thrown [s\open\src\hotspot\share\interpreter\linkResolver.cpp, line 773]
Event: 0.130 Thread 0x000001b64827bc10 Exception <a 'java/lang/NoSuchMethodError'{0x0000000621e00468}: 'void java.lang.invoke.DelegatingMethodHandle$Holder.delegate(java.lang.Object, java.lang.Object, int, java.lang.Object)'> (0x0000000621e00468) 
thrown [s\open\src\hotspot\share\interpreter\linkResolver.cpp, line 773]
Event: 0.130 Thread 0x000001b64827bc10 Exception <a 'java/lang/NoSuchMethodError'{0x0000000621e040f8}: 'int java.lang.invoke.DirectMethodHandle$Holder.invokeSpecial(java.lang.Object, java.lang.Object, java.lang.Object)'> (0x0000000621e040f8) 
thrown [s\open\src\hotspot\share\interpreter\linkResolver.cpp, line 773]
Event: 0.133 Thread 0x000001b64827bc10 Exception <a 'java/lang/NoSuchMethodError'{0x0000000621e1fe70}: 'void java.lang.System.loadLibrary(java.lang.String, java.lang.Class)'> (0x0000000621e1fe70) 
thrown [s\open\src\hotspot\share\interpreter\linkResolver.cpp, line 773]
Event: 0.153 Thread 0x000001b64827bc10 Exception <a 'sun/nio/fs/WindowsException'{0x0000000621ee8830}> (0x0000000621ee8830) 
thrown [s\open\src\hotspot\share\prims\jni.cpp, line 520]
Event: 0.153 Thread 0x000001b64827bc10 Exception <a 'sun/nio/fs/WindowsException'{0x0000000621ee9e18}> (0x0000000621ee9e18) 
thrown [s\open\src\hotspot\share\prims\jni.cpp, line 520]
Event: 0.165 Thread 0x000001b64827bc10 Exception <a 'sun/nio/fs/WindowsException'{0x0000000621f43338}> (0x0000000621f43338) 
thrown [s\open\src\hotspot\share\prims\jni.cpp, line 520]
Event: 0.165 Thread 0x000001b64827bc10 Exception <a 'sun/nio/fs/WindowsException'{0x0000000621f43688}> (0x0000000621f43688) 
thrown [s\open\src\hotspot\share\prims\jni.cpp, line 520]
Event: 0.172 Thread 0x000001b64827bc10 Exception <a 'java/lang/NoSuchMethodError'{0x0000000621fb6358}: 'int java.lang.invoke.DirectMethodHandle$Holder.invokeStaticInit(java.lang.Object, java.lang.Object, int, long)'> (0x0000000621fb6358) 
thrown [s\open\src\hotspot\share\interpreter\linkResolver.cpp, line 773]
Event: 0.172 Thread 0x000001b64827bc10 Exception <a 'java/lang/NoSuchMethodError'{0x0000000621fbb3b8}: 'java.lang.Object java.lang.invoke.DirectMethodHandle$Holder.newInvokeSpecial(java.lang.Object, java.lang.Object, int)'> (0x0000000621fbb3b8) 
thrown [s\open\src\hotspot\share\interpreter\linkResolver.cpp, line 773]
Event: 0.174 Thread 0x000001b64827bc10 Exception <a 'java/lang/NoSuchMethodError'{0x0000000621fcf318}: 'int java.lang.invoke.DirectMethodHandle$Holder.invokeStaticInit(java.lang.Object, java.lang.Object, long, long)'> (0x0000000621fcf318) 
thrown [s\open\src\hotspot\share\interpreter\linkResolver.cpp, line 773]
Event: 0.174 Thread 0x000001b64827bc10 Exception <a 'java/lang/NoSuchMethodError'{0x0000000621fd4b80}: 'java.lang.Object java.lang.invoke.DirectMethodHandle$Holder.newInvokeSpecial(java.lang.Object, java.lang.Object, long)'> (0x0000000621fd4b80) 
thrown [s\open\src\hotspot\share\interpreter\linkResolver.cpp, line 773]
Event: 0.174 Thread 0x000001b64827bc10 Exception <a 'java/lang/NoSuchMethodError'{0x0000000621fd8938}: 'java.lang.Object java.lang.invoke.Invokers$Holder.linkToTargetMethod(java.lang.Object, long, java.lang.Object)'> (0x0000000621fd8938) 
thrown [s\open\src\hotspot\share\interpreter\linkResolver.cpp, line 773]
Event: 0.175 Thread 0x000001b64827bc10 Exception <a 'java/lang/NoSuchMethodError'{0x0000000621fdf9c0}: 'int java.lang.invoke.DirectMethodHandle$Holder.invokeStaticInit(java.lang.Object, java.lang.Object, java.lang.Object, long)'> (0x0000000621fdf9c0) 
thrown [s\open\src\hotspot\share\interpreter\linkResolver.cpp, line 773]

ZGC Phase Switch (0 events):
No events

VM Operations (10 events):
Event: 0.065 Executing VM operation: HandshakeAllThreads (Deoptimize)
Event: 0.065 Executing VM operation: HandshakeAllThreads (Deoptimize) done
Event: 0.083 Executing VM operation: ChangeBreakpoints
Event: 0.083 Executing VM operation: ChangeBreakpoints done
Event: 0.083 Executing VM operation: ChangeBreakpoints
Event: 0.083 Executing VM operation: ChangeBreakpoints done
Event: 0.148 Executing VM operation: HandshakeAllThreads (Deoptimize)
Event: 0.148 Executing VM operation: HandshakeAllThreads (Deoptimize) done
Event: 1.156 Executing VM operation: Cleanup
Event: 1.156 Executing VM operation: Cleanup done

Events (14 events):
Event: 0.027 Thread 0x000001b64827bc10 Thread added: 0x000001b64827bc10
Event: 0.036 Thread 0x000001b66e1a7c90 Thread added: 0x000001b66e1a7c90
Event: 0.036 Thread 0x000001b66e1a8bb0 Thread added: 0x000001b66e1a8bb0
Event: 0.036 Thread 0x000001b66e1ae0a0 Thread added: 0x000001b66e1ae0a0
Event: 0.036 Thread 0x000001b66e9140a0 Thread added: 0x000001b66e9140a0
Event: 0.036 Thread 0x000001b66e9152a0 Thread added: 0x000001b66e9152a0
Event: 0.036 Thread 0x000001b66e9164a0 Thread added: 0x000001b66e9164a0
Event: 0.036 Thread 0x000001b66e91b170 Thread added: 0x000001b66e91b170
Event: 0.036 Thread 0x000001b66e91c3b0 Thread added: 0x000001b66e91c3b0
Event: 0.060 Thread 0x000001b66e9f7090 Thread added: 0x000001b66e9f7090
Event: 0.075 Thread 0x000001b66ea94c50 Thread added: 0x000001b66ea94c50
Event: 0.075 Thread 0x000001b66eb53f60 Thread added: 0x000001b66eb53f60
Event: 0.075 Thread 0x000001b66eac7f60 Thread added: 0x000001b66eac7f60
Event: 0.094 Thread 0x000001b66eb3c5a0 Thread added: 0x000001b66eb3c5a0


Dynamic libraries:
0x00007ff635870000 - 0x00007ff63587e000 	C:\Users\nik\.jdks\openjdk-21.0.2\bin\java.exe
0x00007ff830b50000 - 0x00007ff830d48000 	C:\Windows\SYSTEM32\ntdll.dll
0x00007ff82f810000 - 0x00007ff82f8cd000 	C:\Windows\System32\KERNEL32.DLL
0x00007ff82e210000 - 0x00007ff82e506000 	C:\Windows\System32\KERNELBASE.dll
0x00007ff82e850000 - 0x00007ff82e950000 	C:\Windows\System32\ucrtbase.dll
0x00007ff828f10000 - 0x00007ff828f28000 	C:\Users\nik\.jdks\openjdk-21.0.2\bin\jli.dll
0x00007ff81c5f0000 - 0x00007ff81c60b000 	C:\Users\nik\.jdks\openjdk-21.0.2\bin\VCRUNTIME140.dll
0x00007ff82f570000 - 0x00007ff82f70e000 	C:\Windows\System32\USER32.dll
0x00007ff82e820000 - 0x00007ff82e842000 	C:\Windows\System32\win32u.dll
0x00007ff82d670000 - 0x00007ff82d90a000 	C:\Windows\WinSxS\amd64_microsoft.windows.common-controls_6595b64144ccf1df_6.0.19041.3636_none_60b6a03d71f818d5\COMCTL32.dll
0x00007ff830670000 - 0x00007ff83069b000 	C:\Windows\System32\GDI32.dll
0x00007ff82fd50000 - 0x00007ff82fdee000 	C:\Windows\System32\msvcrt.dll
0x00007ff82e510000 - 0x00007ff82e627000 	C:\Windows\System32\gdi32full.dll
0x00007ff82ea80000 - 0x00007ff82eb1d000 	C:\Windows\System32\msvcp_win.dll
0x00007ff830a70000 - 0x00007ff830aa2000 	C:\Windows\System32\IMM32.DLL
0x00007ff828fe0000 - 0x00007ff828fec000 	C:\Users\nik\.jdks\openjdk-21.0.2\bin\vcruntime140_1.dll
0x00007ff80eed0000 - 0x00007ff80ef5e000 	C:\Users\nik\.jdks\openjdk-21.0.2\bin\msvcp140.dll
0x00007ffffc1f0000 - 0x00007ffffcf07000 	C:\Users\nik\.jdks\openjdk-21.0.2\bin\server\jvm.dll
0x00007ff82ec40000 - 0x00007ff82ecf3000 	C:\Windows\System32\ADVAPI32.dll
0x00007ff82f060000 - 0x00007ff82f0ff000 	C:\Windows\System32\sechost.dll
0x00007ff82f9c0000 - 0x00007ff82fae6000 	C:\Windows\System32\RPCRT4.dll
0x00007ff82ea50000 - 0x00007ff82ea77000 	C:\Windows\System32\bcrypt.dll
0x00007ff830600000 - 0x00007ff83066b000 	C:\Windows\System32\WS2_32.dll
0x00007ff82e070000 - 0x00007ff82e0bb000 	C:\Windows\SYSTEM32\POWRPROF.dll
0x00007ff827540000 - 0x00007ff82754a000 	C:\Windows\SYSTEM32\VERSION.dll
0x00007ff822e70000 - 0x00007ff822e97000 	C:\Windows\SYSTEM32\WINMM.dll
0x00007ff82e050000 - 0x00007ff82e062000 	C:\Windows\SYSTEM32\UMPDC.dll
0x00007ff82b2e0000 - 0x00007ff82b2f2000 	C:\Windows\SYSTEM32\kernel.appcore.dll
0x00007ff8261d0000 - 0x00007ff8261da000 	C:\Users\nik\.jdks\openjdk-21.0.2\bin\jimage.dll
0x00007ff82db20000 - 0x00007ff82dd04000 	C:\Windows\SYSTEM32\DBGHELP.DLL
0x00007ff82dae0000 - 0x00007ff82db14000 	C:\Windows\SYSTEM32\dbgcore.DLL
0x00007ff82e630000 - 0x00007ff82e6b2000 	C:\Windows\System32\bcryptPrimitives.dll
0x00007ff81c480000 - 0x00007ff81c4bc000 	C:\Users\nik\.jdks\openjdk-21.0.2\bin\jdwp.dll
0x00007ff81cab0000 - 0x00007ff81cabf000 	C:\Users\nik\.jdks\openjdk-21.0.2\bin\instrument.dll
0x00007ff81c500000 - 0x00007ff81c51f000 	C:\Users\nik\.jdks\openjdk-21.0.2\bin\java.dll
0x00007ff81c460000 - 0x00007ff81c478000 	C:\Users\nik\.jdks\openjdk-21.0.2\bin\zip.dll
0x00007ff82feb0000 - 0x00007ff8305f5000 	C:\Windows\System32\SHELL32.dll
0x00007ff82bc70000 - 0x00007ff82c40c000 	C:\Windows\SYSTEM32\windows.storage.dll
0x00007ff82ed00000 - 0x00007ff82f054000 	C:\Windows\System32\combase.dll
0x00007ff82d3a0000 - 0x00007ff82d3ce000 	C:\Windows\SYSTEM32\Wldp.dll
0x00007ff82f740000 - 0x00007ff82f80d000 	C:\Windows\System32\OLEAUT32.dll
0x00007ff82fe00000 - 0x00007ff82fead000 	C:\Windows\System32\SHCORE.dll
0x00007ff830ab0000 - 0x00007ff830b05000 	C:\Windows\System32\shlwapi.dll
0x00007ff82e140000 - 0x00007ff82e165000 	C:\Windows\SYSTEM32\profapi.dll
0x00007ff801080000 - 0x00007ff801157000 	C:\Users\nik\.jdks\openjdk-21.0.2\bin\jsvml.dll
0x00007ff81c4e0000 - 0x00007ff81c4ec000 	C:\Users\nik\.jdks\openjdk-21.0.2\bin\dt_socket.dll
0x00007ff82cf30000 - 0x00007ff82cf6b000 	C:\Windows\SYSTEM32\IPHLPAPI.DLL
0x00007ff82d210000 - 0x00007ff82d27a000 	C:\Windows\system32\mswsock.dll
0x00007ff81c5e0000 - 0x00007ff81c5f0000 	C:\Users\nik\.jdks\openjdk-21.0.2\bin\net.dll
0x00007ff8277d0000 - 0x00007ff8278da000 	C:\Windows\SYSTEM32\WINHTTP.dll
0x00007ff81c410000 - 0x00007ff81c426000 	C:\Users\nik\.jdks\openjdk-21.0.2\bin\nio.dll
0x00007ff800e60000 - 0x00007ff800edb000 	C:\Users\nik\AppData\Local\Temp\lwjgl_nik\3.3.3+5\x64\lwjgl.dll
0x00007ff800dd0000 - 0x00007ff800e52000 	C:\Users\nik\AppData\Local\Temp\lwjgl_nik\3.3.3+5\x64\glfw.dll
0x00007ff80ef80000 - 0x00007ff80efc5000 	C:\Windows\SYSTEM32\dinput8.dll
0x00007ff818a20000 - 0x00007ff818a31000 	C:\Windows\SYSTEM32\xinput1_4.dll
0x00007ff82e950000 - 0x00007ff82e99e000 	C:\Windows\System32\cfgmgr32.dll
0x00007ff82ded0000 - 0x00007ff82df03000 	C:\Windows\SYSTEM32\DEVOBJ.dll
0x00007ff82b0d0000 - 0x00007ff82b0ff000 	C:\Windows\SYSTEM32\dwmapi.dll
0x00007ff8268b0000 - 0x00007ff826a02000 	C:\Windows\SYSTEM32\inputhost.dll
0x00007ff82a540000 - 0x00007ff82a695000 	C:\Windows\SYSTEM32\wintypes.dll
0x00007ff82ab40000 - 0x00007ff82ac32000 	C:\Windows\SYSTEM32\CoreMessaging.dll
0x00007ff829080000 - 0x00007ff829176000 	C:\Windows\SYSTEM32\PROPSYS.dll
0x00007ff82a7a0000 - 0x00007ff82aafb000 	C:\Windows\SYSTEM32\CoreUIComponents.dll
0x00007ff82de70000 - 0x00007ff82dea3000 	C:\Windows\SYSTEM32\ntmarta.dll
0x00007ff82aef0000 - 0x00007ff82af8e000 	C:\Windows\system32\uxtheme.dll
0x00007ff82fc30000 - 0x00007ff82fd44000 	C:\Windows\System32\MSCTF.dll
0x00007ff826ac0000 - 0x00007ff826bb9000 	C:\Windows\SYSTEM32\textinputframework.dll
0x00007ffffef90000 - 0x00007fffff004000 	C:\Users\nik\source\repos\kgfx\kgfx\java\kgfx.dll
0x00007ff830700000 - 0x00007ff83082b000 	C:\Windows\System32\ole32.dll
0x00007fffffd90000 - 0x00007fffffdb5000 	C:\Windows\SYSTEM32\d3d12.dll
0x00007ff8291e0000 - 0x00007ff82963d000 	C:\Windows\SYSTEM32\D3DCOMPILER_47.dll
0x00007ff82c450000 - 0x00007ff82c543000 	C:\Windows\SYSTEM32\dxgi.dll
0x00007ff8189d0000 - 0x00007ff8189fe000 	C:\Windows\SYSTEM32\VCRUNTIME140D.dll
0x00007ffffea70000 - 0x00007ffffeb51000 	C:\Windows\SYSTEM32\MSVCP140D.dll
0x00007ff81a470000 - 0x00007ff81a47f000 	C:\Windows\SYSTEM32\VCRUNTIME140_1D.dll
0x00007ffffe840000 - 0x00007ffffea61000 	C:\Windows\SYSTEM32\ucrtbased.dll
0x00007ff82deb0000 - 0x00007ff82dec8000 	C:\Windows\SYSTEM32\CRYPTSP.dll
0x00007ffffef10000 - 0x00007ffffef86000 	C:\Users\nik\source\repos\kgfx\kgfx\java\kgfx_java.dll
0x00007fffae710000 - 0x00007fffae8dd000 	C:\Windows\SYSTEM32\D3D12Core.dll
0x00007ffffe7e0000 - 0x00007ffffe837000 	C:\Windows\SYSTEM32\DXGIDebug.dll
0x00007ffffe330000 - 0x00007ffffe7d8000 	C:\Windows\SYSTEM32\D3D12SDKLayers.dll
0x00007ff822e30000 - 0x00007ff822e6b000 	C:\Windows\SYSTEM32\dxcore.dll
0x00007fff03280000 - 0x00007fff08298000 	C:\Windows\System32\DriverStore\FileRepository\u0398226.inf_amd64_c5d9587384e4b5ff\B398182\amdxc64.dll
0x00007ff81e920000 - 0x00007ff81e955000 	C:\Windows\SYSTEM32\amdihk64.dll
0x0000000068710000 - 0x0000000068847000 	C:\Windows\System32\DriverStore\FileRepository\u0398226.inf_amd64_c5d9587384e4b5ff\B398182\amdenc64.dll
0x00007fffefb80000 - 0x00007fffefbaa000 	C:\Windows\SYSTEM32\D3DSCache.dll
0x00007ff82e100000 - 0x00007ff82e12e000 	C:\Windows\SYSTEM32\USERENV.dll
0x00007ff826600000 - 0x00007ff826803000 	C:\Windows\SYSTEM32\twinapi.appcore.dll
0x00007ff829fd0000 - 0x00007ff82a1b3000 	C:\Windows\SYSTEM32\dcomp.dll
0x00007ff82cbd0000 - 0x00007ff82cc04000 	C:\Windows\system32\rsaenh.dll
0x00007ff82d460000 - 0x00007ff82d46c000 	C:\Windows\SYSTEM32\CRYPTBASE.dll

dbghelp: loaded successfully - version: 4.0.5 - missing functions: none
symbol engine: initialized successfully - sym options: 0x614 - pdb path: .;C:\Users\nik\.jdks\openjdk-21.0.2\bin;C:\Windows\SYSTEM32;C:\Windows\WinSxS\amd64_microsoft.windows.common-controls_6595b64144ccf1df_6.0.19041.3636_none_60b6a03d71f818d5;C:\Users\nik\.jdks\openjdk-21.0.2\bin\server;C:\Users\nik\AppData\Local\Temp\lwjgl_nik\3.3.3+5\x64;C:\Users\nik\source\repos\kgfx\kgfx\java;C:\Windows\System32\DriverStore\FileRepository\u0398226.inf_amd64_c5d9587384e4b5ff\B398182

VM Arguments:
jvm_args: -agentlib:jdwp=transport=dt_socket,address=127.0.0.1:49165,suspend=y,server=n -Djava.library.path=C:\Users\nik\source\repos\kgfx\kgfx\java -javaagent:C:\Users\nik\AppData\Local\JetBrains\IntelliJIdea2023.3\captureAgent\debugger-agent.jar -Dfile.encoding=UTF-8 -Dsun.stdout.encoding=UTF-8 -Dsun.stderr.encoding=UTF-8 
java_command: Main
java_class_path (initial): C:\Users\nik\source\repos\kgfx\kgfx\java\project\out\production\project;C:\Users\nik\source\repos\kgfx\kgfx\java\project\lib\glfw\lwjgl-glfw.jar;C:\Users\nik\source\repos\kgfx\kgfx\java\project\lib\glfw\lwjgl-glfw-javadoc.jar;C:\Users\nik\source\repos\kgfx\kgfx\java\project\lib\glfw\lwjgl-glfw-sources.jar;C:\Users\nik\source\repos\kgfx\kgfx\java\project\lib\glfw\lwjgl-glfw-natives-linux.jar;C:\Users\nik\source\repos\kgfx\kgfx\java\project\lib\glfw\lwjgl-glfw-natives-macos.jar;C:\Users\nik\source\repos\kgfx\kgfx\java\project\lib\glfw\lwjgl-glfw-natives-windows.jar;C:\Users\nik\source\repos\kgfx\kgfx\java\project\lib\glfw\lwjgl-glfw-natives-linux-arm32.jar;C:\Users\nik\source\repos\kgfx\kgfx\java\project\lib\glfw\lwjgl-glfw-natives-linux-arm64.jar;C:\Users\nik\source\repos\kgfx\kgfx\java\project\lib\glfw\lwjgl-glfw-natives-macos-arm64.jar;C:\Users\nik\source\repos\kgfx\kgfx\java\project\lib\glfw\lwjgl-glfw-natives-windows-x86.jar;C:\Users\nik\source\repos\kgfx\kgfx\java\project\lib\glfw\lwjgl-glfw-natives-windows-arm64.jar;C:\Users\nik\source\repos\kgfx\kgfx\java\project\lib\lwjgl\lwjgl.jar;C:\Users\nik\source\repos\kgfx\kgfx\java\project\lib\lwjgl\lwjgl-javadoc.jar;C:\Users\nik\source\repos\kgfx\kgfx\java\project\lib\lwjgl\lwjgl-sources.jar;C:\Users\nik\source\repos\kgfx\kgfx\java\project\lib\lwjgl\lwjgl-natives-linux.jar;C:\Users\nik\source\repos\kgfx\kgfx\java\project\lib\lwjgl\lwjgl-natives-macos.jar;C:\Users\nik\source\repos\kgfx\kgfx\java\project\lib\lwjgl\lwjgl-natives-windows.jar;C:\Users\nik\source\repos\kgfx\kgfx\java\project\lib\lwjgl\lwjgl-natives-linux-arm32.jar;C:\Users\nik\source\repos\kgfx\kgfx\java\project\lib\lwjgl\lwjgl-natives-linux-arm64.jar;C:\Users\nik\source\repos\kgfx\kgfx\java\project\lib\lwjgl\lwjgl-natives-macos-arm64.jar;C:\Users\nik\source\repos\kgfx\kgfx\java\project\lib\lwjgl\lwjgl-natives-windows-x86.jar;C:\Users\nik\source\repos\kgfx\kgfx\java\project\lib\lwjgl\lwjgl-natives-windows-arm64.jar;C:\Program Files\JetBrains\IntelliJ IDEA 2023.3.3\lib\idea_rt.jar
Launcher Type: SUN_STANDARD

[Global flags]
     intx CICompilerCount                          = 4                                         {product} {ergonomic}
     uint ConcGCThreads                            = 3                                         {product} {ergonomic}
     uint G1ConcRefinementThreads                  = 10                                        {product} {ergonomic}
   size_t G1HeapRegionSize                         = 4194304                                   {product} {ergonomic}
    uintx GCDrainStackTargetSize                   = 64                                        {product} {ergonomic}
   size_t InitialHeapSize                          = 536870912                                 {product} {ergonomic}
   size_t MarkStackSize                            = 4194304                                   {product} {ergonomic}
   size_t MaxHeapSize                              = 8552185856                                {product} {ergonomic}
   size_t MaxNewSize                               = 5129633792                                {product} {ergonomic}
   size_t MinHeapDeltaBytes                        = 4194304                                   {product} {ergonomic}
   size_t MinHeapSize                              = 8388608                                   {product} {ergonomic}
    uintx NonNMethodCodeHeapSize                   = 5839372                                {pd product} {ergonomic}
    uintx NonProfiledCodeHeapSize                  = 122909434                              {pd product} {ergonomic}
    uintx ProfiledCodeHeapSize                     = 122909434                              {pd product} {ergonomic}
    uintx ReservedCodeCacheSize                    = 251658240                              {pd product} {ergonomic}
     bool SegmentedCodeCache                       = true                                      {product} {ergonomic}
   size_t SoftMaxHeapSize                          = 8552185856                             {manageable} {ergonomic}
     bool UseCompressedOops                        = true                           {product lp64_product} {ergonomic}
     bool UseG1GC                                  = true                                      {product} {ergonomic}
     bool UseLargePagesIndividualAllocation        = false                                  {pd product} {ergonomic}

Logging:
Log output configuration:
 #0: stdout all=warning uptime,level,tags foldmultilines=false
 #1: stderr all=off uptime,level,tags foldmultilines=false

Environment Variables:
PATH=C:\VulkanSDK\1.3.275.0\Bin;C:\Program Files\Common Files\Oracle\Java\javapath;C:\VulkanSDK\1.3.268.0\Bin;C:\Windows\system32;C:\Windows;C:\Windows\System32\Wbem;C:\Windows\System32\WindowsPowerShell\v1.0\;C:\Windows\System32\OpenSSH\;C:\Program Files\dotnet\;C:\Program Files (x86)\Windows Kits\10\Windows Performance Toolkit\;C:\Program Files\Git\cmd;C:\Program Files\Git\mingw64\bin;C:\Program Files\Git\usr\bin;C:\Users\nik\AppData\Local\Microsoft\WindowsApps;C:\Users\nik\.dotnet\tools;C:\Program Files\JetBrains\IntelliJ IDEA 2023.3.3\bin;
USERNAME=nik
OS=Windows_NT
PROCESSOR_IDENTIFIER=Intel64 Family 6 Model 165 Stepping 5, GenuineIntel
TMP=C:\Users\nik\AppData\Local\Temp
TEMP=C:\Users\nik\AppData\Local\Temp




Periodic native trim disabled

---------------  S Y S T E M  ---------------

OS:
 Windows 10 , 64 bit Build 19041 (10.0.19041.3636)
OS uptime: 7 days 13:06 hours

CPU: total 12 (initial active 12) (6 cores per cpu, 2 threads per core) family 6 model 165 stepping 5 microcode 0xe2, cx8, cmov, fxsr, ht, mmx, 3dnowpref, sse, sse2, sse3, ssse3, sse4.1, sse4.2, popcnt, lzcnt, tsc, tscinvbit, avx, avx2, aes, erms, clmul, bmi1, bmi2, adx, fma, vzeroupper, clflush, clflushopt, rdtscp, f16c, pku
Processor Information for all 12 processors :
  Max Mhz: 4104, Current Mhz: 4104, Mhz Limit: 4104

Memory: 4k page, system-wide physical 32616M (16539M free)
TotalPageFile size 47976M (AvailPageFile size 18247M)
current process WorkingSet (physical memory assigned to process): 110M, peak: 116M
current process commit charge ("private bytes"): 664M, peak: 669M

vm_info: OpenJDK 64-Bit Server VM (21.0.2+13-58) for windows-amd64 JRE (21.0.2+13-58), built on 2024-01-05T18:32:24Z by "mach5one" with MS VC++ 17.1 (VS2022)

END.
