#
# A fatal error has been detected by the Java Runtime Environment:
#
#  EXCEPTION_ACCESS_VIOLATION (0xc0000005) at pc=0x00007ffffc62ca80, pid=32400, tid=30060
#
# JRE version: OpenJDK Runtime Environment (21.0.2+13) (build 21.0.2+13-58)
# Java VM: OpenJDK 64-Bit Server VM (21.0.2+13-58, mixed mode, sharing, tiered, compressed oops, compressed class ptrs, g1 gc, windows-amd64)
# Problematic frame:
# V  [jvm.dll+0x43ca80]
#
# No core dump will be written. Minidumps are not enabled by default on client versions of Windows
#
# If you would like to submit a bug report, please visit:
#   https://bugreport.java.com/bugreport/crash.jsp
#

---------------  S U M M A R Y ------------

Command Line: -Djava.library.path=C:\Users\nik\source\repos\kgfx\kgfx\java -javaagent:C:\Program Files\JetBrains\IntelliJ IDEA 2023.3.3\lib\idea_rt.jar=65402:C:\Program Files\JetBrains\IntelliJ IDEA 2023.3.3\bin -Dfile.encoding=UTF-8 -Dsun.stdout.encoding=UTF-8 -Dsun.stderr.encoding=UTF-8 Main

Host: Intel(R) Core(TM) i5-10600K CPU @ 4.10GHz, 12 cores, 31G,  Windows 10 , 64 bit Build 19041 (10.0.19041.3636)
Time: Tue Mar  5 22:22:44 2024 Eastern Standard Time elapsed time: 0.299779 seconds (0d 0h 0m 0s)

---------------  T H R E A D  ---------------

Current thread (0x000001c7efb11b40):  JavaThread "main"             [_thread_in_vm, id=30060, stack(0x0000000e55100000,0x0000000e55200000) (1024K)]

Stack: [0x0000000e55100000,0x0000000e55200000],  sp=0x0000000e551feb20,  free space=1018k
Native frames: (J=compiled Java code, j=interpreted, Vv=VM code, C=native code)
V  [jvm.dll+0x43ca80]
C  [kgfx_java.dll+0x498ad]

Java frames: (J=compiled Java code, j=interpreted, Vv=VM code)
j  com.krisvers.kgfx.KGFXjni.createPipeline(J[JLcom/krisvers/kgfx/KGFXpipelinelayout;IIII)J+0
j  Main.main([Ljava/lang/String;)V+238
v  ~StubRoutines::call_stub 0x000001c78753100d

siginfo: EXCEPTION_ACCESS_VIOLATION (0xc0000005), reading address 0x0000000000000000


Registers:
RAX=0x0000000000000000, RBX=0x000001c7efb11b40, RCX=0x000001c7efb11ef8, RDX=0x0000000000000000
RSP=0x0000000e551feb20, RBP=0x0000000e551feba0, RSI=0x0000000000000000, RDI=0x0000000000000000
R8 =0x0000000000000000, R9 =0x0000000e551fe8e0, R10=0x000001c7efb19610, R11=0x000001c7d84dbdf0
R12=0x0000000000000000, R13=0x000001c7d84daf50, R14=0x0000000000000000, R15=0x000001c7efb11b40
RIP=0x00007ffffc62ca80, EFLAGS=0x0000000000010293


Register to memory mapping:

RAX=0x0 is null
RBX=0x000001c7efb11b40 is a thread
RCX=0x000001c7efb11ef8 points into unknown readable memory: 0x000001c7dc567020 | 20 70 56 dc c7 01 00 00
RDX=0x0 is null
RSP=0x0000000e551feb20 is pointing into the stack for thread: 0x000001c7efb11b40
RBP=0x0000000e551feba0 is pointing into the stack for thread: 0x000001c7efb11b40
RSI=0x0 is null
RDI=0x0 is null
R8 =0x0 is null
R9 =0x0000000e551fe8e0 is pointing into the stack for thread: 0x000001c7efb11b40
R10=0x000001c7efb19610 points into unknown readable memory: 0x0000004000000001 | 01 00 00 00 40 00 00 00
R11=0x000001c7d84dbdf0 is pointing into metadata
R12=0x0 is null
R13={method} {0x000001c7d84daf58} 'createPipeline' '(J[JLcom/krisvers/kgfx/KGFXpipelinelayout;IIII)J' in 'com/krisvers/kgfx/KGFXjni'
R14=0x0 is null
R15=0x000001c7efb11b40 is a thread

Top of Stack: (sp=0x0000000e551feb20)
0x0000000e551feb20:   0000b80a9da60593 00007ffffc634b87
0x0000000e551feb30:   000001c7efb11b40 000001c7efb11b40
0x0000000e551feb40:   000001c7efb11b40 0000000000000000
0x0000000e551feb50:   000001c7efb11b40 00000bc3dffd81e1
0x0000000e551feb60:   0000000e551ff040 000000000000007d
0x0000000e551feb70:   000001c7d84daf50 00007ffffea198ad
0x0000000e551feb80:   0000000e551feba0 0000000e551ff3a8
0x0000000e551feb90:   0000000000000000 0000000621e8a368
0x0000000e551feba0:   cccccccccccccccc cccccccccccccccc
0x0000000e551febb0:   0000000000000000 cccccccc00000000
0x0000000e551febc0:   0000000000000000 cccccccc00000000
0x0000000e551febd0:   0000000000000000 cccccccc00000000
0x0000000e551febe0:   0000000000000000 0000000000000000
0x0000000e551febf0:   cccccccccccccccc cccccccccccccccc
0x0000000e551fec00:   cccccccccccccccc 000001c7efb1b000
0x0000000e551fec10:   cccccccccccccccc cccccccccccccccc
0x0000000e551fec20:   cccccccccccccccc 0000000000000052
0x0000000e551fec30:   cccccccccccccccc cccccccccccccccc
0x0000000e551fec40:   cccccccccccccccc 000001c7efb1b008
0x0000000e551fec50:   cccccccccccccccc cccccccccccccccc
0x0000000e551fec60:   00000001cccccccc cccccccccccccccc
0x0000000e551fec70:   cccccccccccccccc cccccccccccccccc
0x0000000e551fec80:   cccccccccccccccc 000001c7dc636630
0x0000000e551fec90:   cccccccccccccccc cccccccccccccccc
0x0000000e551feca0:   00000000cccccccc cccccccccccccccc
0x0000000e551fecb0:   cccccccccccccccc cccccccccccccccc
0x0000000e551fecc0:   cccccccccccccccc 000001c7efb1b010
0x0000000e551fecd0:   cccccccccccccccc cccccccccccccccc
0x0000000e551fece0:   cccccccccccccccc 000001c7efb1b018
0x0000000e551fecf0:   cccccccccccccccc cccccccccccccccc
0x0000000e551fed00:   cccccccccccccccc 000001c7efb1b020
0x0000000e551fed10:   cccccccccccccccc cccccccccccccccc 

Instructions: (pc=0x00007ffffc62ca80)
0x00007ffffc62c980:   89 41 20 48 8d 8b 98 03 00 00 e8 41 a7 ed ff 90
0x00007ffffc62c990:   8b c6 48 8b 74 24 58 c7 83 4c 04 00 00 04 00 00
0x00007ffffc62c9a0:   00 48 8b 5c 24 50 48 83 c4 40 5f c3 cc cc cc cc
0x00007ffffc62c9b0:   40 53 56 57 48 83 ec 40 8b 81 b8 00 00 00 48 8d
0x00007ffffc62c9c0:   99 48 fc ff ff 05 53 21 ff ff 48 89 6c 24 60 4c
0x00007ffffc62c9d0:   89 74 24 68 4d 8b f0 48 8b fa 83 f8 01 77 08 48
0x00007ffffc62c9e0:   8b cb e8 79 f7 fa ff 80 3d a3 7b 7e 00 00 c7 83
0x00007ffffc62c9f0:   4c 04 00 00 06 00 00 00 75 06 e8 81 f0 27 00 90
0x00007ffffc62ca00:   48 8b 83 50 04 00 00 a8 01 74 0d 45 33 c0 b2 01
0x00007ffffc62ca10:   48 8b cb e8 d8 ec 2e 00 8b 83 48 04 00 00 a8 0c
0x00007ffffc62ca20:   74 08 48 8b cb e8 e6 0c fb ff 33 f6 c7 83 4c 04
0x00007ffffc62ca30:   00 00 06 00 00 00 48 89 5c 24 20 48 89 74 24 28
0x00007ffffc62ca40:   48 39 73 08 74 0a 48 8d 4c 24 20 e8 70 b6 2b 00
0x00007ffffc62ca50:   48 8b c7 83 e0 03 48 83 f8 01 75 0f 48 8d 4f ff
0x00007ffffc62ca60:   ff 15 3a ef 77 00 48 8b f8 eb 18 48 83 f8 02 75
0x00007ffffc62ca70:   0f 48 8d 4f fe ff 15 a5 65 77 00 48 8b f8 eb 03
0x00007ffffc62ca80:   48 8b 3f 48 63 15 3e 8c 7e 00 48 8b cf ff 15 05
0x00007ffffc62ca90:   ef 77 00 48 8b e8 48 85 c0 74 4c 48 8b d0 4c 89
0x00007ffffc62caa0:   7c 24 70 48 8b cf e8 05 e9 fa ff 4c 63 f8 41 b8
0x00007ffffc62cab0:   01 00 00 00 b2 09 49 8d 4f 01 e8 d1 1f c8 ff 48
0x00007ffffc62cac0:   8b f0 48 85 c0 74 1b 45 8d 4f 01 4c 8b c0 48 8b
0x00007ffffc62cad0:   d5 48 8b cf e8 e7 35 fa ff 4d 85 f6 74 04 41 c6
0x00007ffffc62cae0:   06 01 4c 8b 7c 24 70 48 83 7c 24 28 00 4c 8b 74
0x00007ffffc62caf0:   24 68 48 8b 6c 24 60 74 0a 48 8d 4c 24 20 e8 3d
0x00007ffffc62cb00:   b6 2b 00 48 8b bb 98 01 00 00 48 8b 47 10 48 83
0x00007ffffc62cb10:   38 00 74 08 48 8b cf e8 24 23 f6 ff 48 8b 4f 08
0x00007ffffc62cb20:   48 8b 47 10 48 89 41 10 48 8b 4f 08 48 8b 47 18
0x00007ffffc62cb30:   48 89 41 18 48 8b 4f 08 48 8b 47 20 48 89 41 20
0x00007ffffc62cb40:   48 8d 8b 98 03 00 00 e8 84 a5 ed ff 90 48 8b c6
0x00007ffffc62cb50:   c7 83 4c 04 00 00 04 00 00 00 48 83 c4 40 5f 5e
0x00007ffffc62cb60:   5b c3 cc cc cc cc cc cc cc cc cc cc cc cc cc cc
0x00007ffffc62cb70:   40 53 48 83 ec 20 8b 81 b8 00 00 00 48 81 c1 48 


Stack slot to memory mapping:

stack at sp + 0 slots: 0x0000b80a9da60593 is an unknown value
stack at sp + 1 slots: 0x00007ffffc634b87 jvm.dll
stack at sp + 2 slots: 0x000001c7efb11b40 is a thread
stack at sp + 3 slots: 0x000001c7efb11b40 is a thread
stack at sp + 4 slots: 0x000001c7efb11b40 is a thread
stack at sp + 5 slots: 0x0 is null
stack at sp + 6 slots: 0x000001c7efb11b40 is a thread
stack at sp + 7 slots: 0x00000bc3dffd81e1 is an unknown value


---------------  P R O C E S S  ---------------

Threads class SMR info:
_java_thread_list=0x000001c7dc45c860, length=12, elements={
0x000001c7efb11b40, 0x000001c7fef43690, 0x000001c7fef44760, 0x000001c7fef47620,
0x000001c7fef4b0a0, 0x000001c7fef4d0f0, 0x000001c7fef4d910, 0x000001c7fef4e610,
0x000001c7dc1062d0, 0x000001c7fef0f200, 0x000001c7dc47a970, 0x000001c7dc47afe0
}

Java Threads: ( => current thread )
=>0x000001c7efb11b40 JavaThread "main"                              [_thread_in_vm, id=30060, stack(0x0000000e55100000,0x0000000e55200000) (1024K)]
  0x000001c7fef43690 JavaThread "Reference Handler"          daemon [_thread_blocked, id=22060, stack(0x0000000e55900000,0x0000000e55a00000) (1024K)]
  0x000001c7fef44760 JavaThread "Finalizer"                  daemon [_thread_blocked, id=10356, stack(0x0000000e55a00000,0x0000000e55b00000) (1024K)]
  0x000001c7fef47620 JavaThread "Signal Dispatcher"          daemon [_thread_blocked, id=25352, stack(0x0000000e55b00000,0x0000000e55c00000) (1024K)]
  0x000001c7fef4b0a0 JavaThread "Attach Listener"            daemon [_thread_blocked, id=34108, stack(0x0000000e55c00000,0x0000000e55d00000) (1024K)]
  0x000001c7fef4d0f0 JavaThread "Service Thread"             daemon [_thread_blocked, id=2984, stack(0x0000000e55d00000,0x0000000e55e00000) (1024K)]
  0x000001c7fef4d910 JavaThread "Monitor Deflation Thread"   daemon [_thread_blocked, id=14576, stack(0x0000000e55e00000,0x0000000e55f00000) (1024K)]
  0x000001c7fef4e610 JavaThread "C2 CompilerThread0"         daemon [_thread_blocked, id=10280, stack(0x0000000e55f00000,0x0000000e56000000) (1024K)]
  0x000001c7dc1062d0 JavaThread "C1 CompilerThread0"         daemon [_thread_blocked, id=34568, stack(0x0000000e56000000,0x0000000e56100000) (1024K)]
  0x000001c7fef0f200 JavaThread "Common-Cleaner"             daemon [_thread_blocked, id=3132, stack(0x0000000e56100000,0x0000000e56200000) (1024K)]
  0x000001c7dc47a970 JavaThread "Monitor Ctrl-Break"         daemon [_thread_in_native, id=20628, stack(0x0000000e56200000,0x0000000e56300000) (1024K)]
  0x000001c7dc47afe0 JavaThread "Notification Thread"        daemon [_thread_blocked, id=21400, stack(0x0000000e56300000,0x0000000e56400000) (1024K)]
Total: 12

Other Threads:
  0x000001c7fef26180 VMThread "VM Thread"                           [id=9996, stack(0x0000000e55800000,0x0000000e55900000) (1024K)]
  0x000001c7fef0dda0 WatcherThread "VM Periodic Task Thread"        [id=8528, stack(0x0000000e55700000,0x0000000e55800000) (1024K)]
  0x000001c7efe63d10 WorkerThread "GC Thread#0"                     [id=28700, stack(0x0000000e55200000,0x0000000e55300000) (1024K)]
  0x000001c7efe75d80 ConcurrentGCThread "G1 Main Marker"            [id=36496, stack(0x0000000e55300000,0x0000000e55400000) (1024K)]
  0x000001c7efe77020 WorkerThread "G1 Conc#0"                       [id=18164, stack(0x0000000e55400000,0x0000000e55500000) (1024K)]
  0x000001c7fedd2750 ConcurrentGCThread "G1 Refine#0"               [id=18660, stack(0x0000000e55500000,0x0000000e55600000) (1024K)]
  0x000001c7fedd32c0 ConcurrentGCThread "G1 Service"                [id=21032, stack(0x0000000e55600000,0x0000000e55700000) (1024K)]
Total: 7

Threads with active compile tasks:
Total: 0

VM state: not at safepoint (normal execution)

VM Mutex/Monitor currently owned by a thread: None

Heap address: 0x0000000602400000, size: 8156 MB, Compressed Oops mode: Zero based, Oop shift amount: 3

CDS archive(s) mapped at: [0x000001c797000000-0x000001c797c90000-0x000001c797c90000), size 13172736, SharedBaseAddress: 0x000001c797000000, ArchiveRelocationMode: 1.
Compressed class space mapped at: 0x000001c798000000-0x000001c7d8000000, reserved size: 1073741824
Narrow klass base: 0x000001c797000000, Narrow klass shift: 0, Narrow klass range: 0x100000000

GC Precious Log:
 CardTable entry size: 512
 Card Set container configuration: InlinePtr #cards 4 size 8 Array Of Cards #cards 32 size 80 Howl #buckets 8 coarsen threshold 7372 Howl Bitmap #cards 1024 size 144 coarsen threshold 921 Card regions per heap region 1 cards per card region 8192
 CPUs: 12 total, 12 available
 Memory: 32616M
 Large Page Support: Disabled
 NUMA Support: Disabled
 Compressed Oops: Enabled (Zero based)
 Heap Region Size: 4M
 Heap Min Capacity: 8M
 Heap Initial Capacity: 512M
 Heap Max Capacity: 8156M
 Pre-touch: Disabled
 Parallel Workers: 10
 Concurrent Workers: 3
 Concurrent Refinement Workers: 10
 Periodic GC: Disabled

Heap:
 garbage-first heap   total 524288K, used 4096K [0x0000000602400000, 0x0000000800000000)
  region size 4096K, 2 young (8192K), 0 survivors (0K)
 Metaspace       used 2465K, committed 2624K, reserved 1114112K
  class space    used 176K, committed 256K, reserved 1048576K

Heap Regions: E=young(eden), S=young(survivor), O=old, HS=humongous(starts), HC=humongous(continues), CS=collection set, F=free, TAMS=top-at-mark-start, PB=parsable bottom
|   0|0x0000000602400000, 0x0000000602400000, 0x0000000602800000|  0%| F|  |TAMS 0x0000000602400000| PB 0x0000000602400000| Untracked 
|   1|0x0000000602800000, 0x0000000602800000, 0x0000000602c00000|  0%| F|  |TAMS 0x0000000602800000| PB 0x0000000602800000| Untracked 
|   2|0x0000000602c00000, 0x0000000602c00000, 0x0000000603000000|  0%| F|  |TAMS 0x0000000602c00000| PB 0x0000000602c00000| Untracked 
|   3|0x0000000603000000, 0x0000000603000000, 0x0000000603400000|  0%| F|  |TAMS 0x0000000603000000| PB 0x0000000603000000| Untracked 
|   4|0x0000000603400000, 0x0000000603400000, 0x0000000603800000|  0%| F|  |TAMS 0x0000000603400000| PB 0x0000000603400000| Untracked 
|   5|0x0000000603800000, 0x0000000603800000, 0x0000000603c00000|  0%| F|  |TAMS 0x0000000603800000| PB 0x0000000603800000| Untracked 
|   6|0x0000000603c00000, 0x0000000603c00000, 0x0000000604000000|  0%| F|  |TAMS 0x0000000603c00000| PB 0x0000000603c00000| Untracked 
|   7|0x0000000604000000, 0x0000000604000000, 0x0000000604400000|  0%| F|  |TAMS 0x0000000604000000| PB 0x0000000604000000| Untracked 
|   8|0x0000000604400000, 0x0000000604400000, 0x0000000604800000|  0%| F|  |TAMS 0x0000000604400000| PB 0x0000000604400000| Untracked 
|   9|0x0000000604800000, 0x0000000604800000, 0x0000000604c00000|  0%| F|  |TAMS 0x0000000604800000| PB 0x0000000604800000| Untracked 
|  10|0x0000000604c00000, 0x0000000604c00000, 0x0000000605000000|  0%| F|  |TAMS 0x0000000604c00000| PB 0x0000000604c00000| Untracked 
|  11|0x0000000605000000, 0x0000000605000000, 0x0000000605400000|  0%| F|  |TAMS 0x0000000605000000| PB 0x0000000605000000| Untracked 
|  12|0x0000000605400000, 0x0000000605400000, 0x0000000605800000|  0%| F|  |TAMS 0x0000000605400000| PB 0x0000000605400000| Untracked 
|  13|0x0000000605800000, 0x0000000605800000, 0x0000000605c00000|  0%| F|  |TAMS 0x0000000605800000| PB 0x0000000605800000| Untracked 
|  14|0x0000000605c00000, 0x0000000605c00000, 0x0000000606000000|  0%| F|  |TAMS 0x0000000605c00000| PB 0x0000000605c00000| Untracked 
|  15|0x0000000606000000, 0x0000000606000000, 0x0000000606400000|  0%| F|  |TAMS 0x0000000606000000| PB 0x0000000606000000| Untracked 
|  16|0x0000000606400000, 0x0000000606400000, 0x0000000606800000|  0%| F|  |TAMS 0x0000000606400000| PB 0x0000000606400000| Untracked 
|  17|0x0000000606800000, 0x0000000606800000, 0x0000000606c00000|  0%| F|  |TAMS 0x0000000606800000| PB 0x0000000606800000| Untracked 
|  18|0x0000000606c00000, 0x0000000606c00000, 0x0000000607000000|  0%| F|  |TAMS 0x0000000606c00000| PB 0x0000000606c00000| Untracked 
|  19|0x0000000607000000, 0x0000000607000000, 0x0000000607400000|  0%| F|  |TAMS 0x0000000607000000| PB 0x0000000607000000| Untracked 
|  20|0x0000000607400000, 0x0000000607400000, 0x0000000607800000|  0%| F|  |TAMS 0x0000000607400000| PB 0x0000000607400000| Untracked 
|  21|0x0000000607800000, 0x0000000607800000, 0x0000000607c00000|  0%| F|  |TAMS 0x0000000607800000| PB 0x0000000607800000| Untracked 
|  22|0x0000000607c00000, 0x0000000607c00000, 0x0000000608000000|  0%| F|  |TAMS 0x0000000607c00000| PB 0x0000000607c00000| Untracked 
|  23|0x0000000608000000, 0x0000000608000000, 0x0000000608400000|  0%| F|  |TAMS 0x0000000608000000| PB 0x0000000608000000| Untracked 
|  24|0x0000000608400000, 0x0000000608400000, 0x0000000608800000|  0%| F|  |TAMS 0x0000000608400000| PB 0x0000000608400000| Untracked 
|  25|0x0000000608800000, 0x0000000608800000, 0x0000000608c00000|  0%| F|  |TAMS 0x0000000608800000| PB 0x0000000608800000| Untracked 
|  26|0x0000000608c00000, 0x0000000608c00000, 0x0000000609000000|  0%| F|  |TAMS 0x0000000608c00000| PB 0x0000000608c00000| Untracked 
|  27|0x0000000609000000, 0x0000000609000000, 0x0000000609400000|  0%| F|  |TAMS 0x0000000609000000| PB 0x0000000609000000| Untracked 
|  28|0x0000000609400000, 0x0000000609400000, 0x0000000609800000|  0%| F|  |TAMS 0x0000000609400000| PB 0x0000000609400000| Untracked 
|  29|0x0000000609800000, 0x0000000609800000, 0x0000000609c00000|  0%| F|  |TAMS 0x0000000609800000| PB 0x0000000609800000| Untracked 
|  30|0x0000000609c00000, 0x0000000609c00000, 0x000000060a000000|  0%| F|  |TAMS 0x0000000609c00000| PB 0x0000000609c00000| Untracked 
|  31|0x000000060a000000, 0x000000060a000000, 0x000000060a400000|  0%| F|  |TAMS 0x000000060a000000| PB 0x000000060a000000| Untracked 
|  32|0x000000060a400000, 0x000000060a400000, 0x000000060a800000|  0%| F|  |TAMS 0x000000060a400000| PB 0x000000060a400000| Untracked 
|  33|0x000000060a800000, 0x000000060a800000, 0x000000060ac00000|  0%| F|  |TAMS 0x000000060a800000| PB 0x000000060a800000| Untracked 
|  34|0x000000060ac00000, 0x000000060ac00000, 0x000000060b000000|  0%| F|  |TAMS 0x000000060ac00000| PB 0x000000060ac00000| Untracked 
|  35|0x000000060b000000, 0x000000060b000000, 0x000000060b400000|  0%| F|  |TAMS 0x000000060b000000| PB 0x000000060b000000| Untracked 
|  36|0x000000060b400000, 0x000000060b400000, 0x000000060b800000|  0%| F|  |TAMS 0x000000060b400000| PB 0x000000060b400000| Untracked 
|  37|0x000000060b800000, 0x000000060b800000, 0x000000060bc00000|  0%| F|  |TAMS 0x000000060b800000| PB 0x000000060b800000| Untracked 
|  38|0x000000060bc00000, 0x000000060bc00000, 0x000000060c000000|  0%| F|  |TAMS 0x000000060bc00000| PB 0x000000060bc00000| Untracked 
|  39|0x000000060c000000, 0x000000060c000000, 0x000000060c400000|  0%| F|  |TAMS 0x000000060c000000| PB 0x000000060c000000| Untracked 
|  40|0x000000060c400000, 0x000000060c400000, 0x000000060c800000|  0%| F|  |TAMS 0x000000060c400000| PB 0x000000060c400000| Untracked 
|  41|0x000000060c800000, 0x000000060c800000, 0x000000060cc00000|  0%| F|  |TAMS 0x000000060c800000| PB 0x000000060c800000| Untracked 
|  42|0x000000060cc00000, 0x000000060cc00000, 0x000000060d000000|  0%| F|  |TAMS 0x000000060cc00000| PB 0x000000060cc00000| Untracked 
|  43|0x000000060d000000, 0x000000060d000000, 0x000000060d400000|  0%| F|  |TAMS 0x000000060d000000| PB 0x000000060d000000| Untracked 
|  44|0x000000060d400000, 0x000000060d400000, 0x000000060d800000|  0%| F|  |TAMS 0x000000060d400000| PB 0x000000060d400000| Untracked 
|  45|0x000000060d800000, 0x000000060d800000, 0x000000060dc00000|  0%| F|  |TAMS 0x000000060d800000| PB 0x000000060d800000| Untracked 
|  46|0x000000060dc00000, 0x000000060dc00000, 0x000000060e000000|  0%| F|  |TAMS 0x000000060dc00000| PB 0x000000060dc00000| Untracked 
|  47|0x000000060e000000, 0x000000060e000000, 0x000000060e400000|  0%| F|  |TAMS 0x000000060e000000| PB 0x000000060e000000| Untracked 
|  48|0x000000060e400000, 0x000000060e400000, 0x000000060e800000|  0%| F|  |TAMS 0x000000060e400000| PB 0x000000060e400000| Untracked 
|  49|0x000000060e800000, 0x000000060e800000, 0x000000060ec00000|  0%| F|  |TAMS 0x000000060e800000| PB 0x000000060e800000| Untracked 
|  50|0x000000060ec00000, 0x000000060ec00000, 0x000000060f000000|  0%| F|  |TAMS 0x000000060ec00000| PB 0x000000060ec00000| Untracked 
|  51|0x000000060f000000, 0x000000060f000000, 0x000000060f400000|  0%| F|  |TAMS 0x000000060f000000| PB 0x000000060f000000| Untracked 
|  52|0x000000060f400000, 0x000000060f400000, 0x000000060f800000|  0%| F|  |TAMS 0x000000060f400000| PB 0x000000060f400000| Untracked 
|  53|0x000000060f800000, 0x000000060f800000, 0x000000060fc00000|  0%| F|  |TAMS 0x000000060f800000| PB 0x000000060f800000| Untracked 
|  54|0x000000060fc00000, 0x000000060fc00000, 0x0000000610000000|  0%| F|  |TAMS 0x000000060fc00000| PB 0x000000060fc00000| Untracked 
|  55|0x0000000610000000, 0x0000000610000000, 0x0000000610400000|  0%| F|  |TAMS 0x0000000610000000| PB 0x0000000610000000| Untracked 
|  56|0x0000000610400000, 0x0000000610400000, 0x0000000610800000|  0%| F|  |TAMS 0x0000000610400000| PB 0x0000000610400000| Untracked 
|  57|0x0000000610800000, 0x0000000610800000, 0x0000000610c00000|  0%| F|  |TAMS 0x0000000610800000| PB 0x0000000610800000| Untracked 
|  58|0x0000000610c00000, 0x0000000610c00000, 0x0000000611000000|  0%| F|  |TAMS 0x0000000610c00000| PB 0x0000000610c00000| Untracked 
|  59|0x0000000611000000, 0x0000000611000000, 0x0000000611400000|  0%| F|  |TAMS 0x0000000611000000| PB 0x0000000611000000| Untracked 
|  60|0x0000000611400000, 0x0000000611400000, 0x0000000611800000|  0%| F|  |TAMS 0x0000000611400000| PB 0x0000000611400000| Untracked 
|  61|0x0000000611800000, 0x0000000611800000, 0x0000000611c00000|  0%| F|  |TAMS 0x0000000611800000| PB 0x0000000611800000| Untracked 
|  62|0x0000000611c00000, 0x0000000611c00000, 0x0000000612000000|  0%| F|  |TAMS 0x0000000611c00000| PB 0x0000000611c00000| Untracked 
|  63|0x0000000612000000, 0x0000000612000000, 0x0000000612400000|  0%| F|  |TAMS 0x0000000612000000| PB 0x0000000612000000| Untracked 
|  64|0x0000000612400000, 0x0000000612400000, 0x0000000612800000|  0%| F|  |TAMS 0x0000000612400000| PB 0x0000000612400000| Untracked 
|  65|0x0000000612800000, 0x0000000612800000, 0x0000000612c00000|  0%| F|  |TAMS 0x0000000612800000| PB 0x0000000612800000| Untracked 
|  66|0x0000000612c00000, 0x0000000612c00000, 0x0000000613000000|  0%| F|  |TAMS 0x0000000612c00000| PB 0x0000000612c00000| Untracked 
|  67|0x0000000613000000, 0x0000000613000000, 0x0000000613400000|  0%| F|  |TAMS 0x0000000613000000| PB 0x0000000613000000| Untracked 
|  68|0x0000000613400000, 0x0000000613400000, 0x0000000613800000|  0%| F|  |TAMS 0x0000000613400000| PB 0x0000000613400000| Untracked 
|  69|0x0000000613800000, 0x0000000613800000, 0x0000000613c00000|  0%| F|  |TAMS 0x0000000613800000| PB 0x0000000613800000| Untracked 
|  70|0x0000000613c00000, 0x0000000613c00000, 0x0000000614000000|  0%| F|  |TAMS 0x0000000613c00000| PB 0x0000000613c00000| Untracked 
|  71|0x0000000614000000, 0x0000000614000000, 0x0000000614400000|  0%| F|  |TAMS 0x0000000614000000| PB 0x0000000614000000| Untracked 
|  72|0x0000000614400000, 0x0000000614400000, 0x0000000614800000|  0%| F|  |TAMS 0x0000000614400000| PB 0x0000000614400000| Untracked 
|  73|0x0000000614800000, 0x0000000614800000, 0x0000000614c00000|  0%| F|  |TAMS 0x0000000614800000| PB 0x0000000614800000| Untracked 
|  74|0x0000000614c00000, 0x0000000614c00000, 0x0000000615000000|  0%| F|  |TAMS 0x0000000614c00000| PB 0x0000000614c00000| Untracked 
|  75|0x0000000615000000, 0x0000000615000000, 0x0000000615400000|  0%| F|  |TAMS 0x0000000615000000| PB 0x0000000615000000| Untracked 
|  76|0x0000000615400000, 0x0000000615400000, 0x0000000615800000|  0%| F|  |TAMS 0x0000000615400000| PB 0x0000000615400000| Untracked 
|  77|0x0000000615800000, 0x0000000615800000, 0x0000000615c00000|  0%| F|  |TAMS 0x0000000615800000| PB 0x0000000615800000| Untracked 
|  78|0x0000000615c00000, 0x0000000615c00000, 0x0000000616000000|  0%| F|  |TAMS 0x0000000615c00000| PB 0x0000000615c00000| Untracked 
|  79|0x0000000616000000, 0x0000000616000000, 0x0000000616400000|  0%| F|  |TAMS 0x0000000616000000| PB 0x0000000616000000| Untracked 
|  80|0x0000000616400000, 0x0000000616400000, 0x0000000616800000|  0%| F|  |TAMS 0x0000000616400000| PB 0x0000000616400000| Untracked 
|  81|0x0000000616800000, 0x0000000616800000, 0x0000000616c00000|  0%| F|  |TAMS 0x0000000616800000| PB 0x0000000616800000| Untracked 
|  82|0x0000000616c00000, 0x0000000616c00000, 0x0000000617000000|  0%| F|  |TAMS 0x0000000616c00000| PB 0x0000000616c00000| Untracked 
|  83|0x0000000617000000, 0x0000000617000000, 0x0000000617400000|  0%| F|  |TAMS 0x0000000617000000| PB 0x0000000617000000| Untracked 
|  84|0x0000000617400000, 0x0000000617400000, 0x0000000617800000|  0%| F|  |TAMS 0x0000000617400000| PB 0x0000000617400000| Untracked 
|  85|0x0000000617800000, 0x0000000617800000, 0x0000000617c00000|  0%| F|  |TAMS 0x0000000617800000| PB 0x0000000617800000| Untracked 
|  86|0x0000000617c00000, 0x0000000617c00000, 0x0000000618000000|  0%| F|  |TAMS 0x0000000617c00000| PB 0x0000000617c00000| Untracked 
|  87|0x0000000618000000, 0x0000000618000000, 0x0000000618400000|  0%| F|  |TAMS 0x0000000618000000| PB 0x0000000618000000| Untracked 
|  88|0x0000000618400000, 0x0000000618400000, 0x0000000618800000|  0%| F|  |TAMS 0x0000000618400000| PB 0x0000000618400000| Untracked 
|  89|0x0000000618800000, 0x0000000618800000, 0x0000000618c00000|  0%| F|  |TAMS 0x0000000618800000| PB 0x0000000618800000| Untracked 
|  90|0x0000000618c00000, 0x0000000618c00000, 0x0000000619000000|  0%| F|  |TAMS 0x0000000618c00000| PB 0x0000000618c00000| Untracked 
|  91|0x0000000619000000, 0x0000000619000000, 0x0000000619400000|  0%| F|  |TAMS 0x0000000619000000| PB 0x0000000619000000| Untracked 
|  92|0x0000000619400000, 0x0000000619400000, 0x0000000619800000|  0%| F|  |TAMS 0x0000000619400000| PB 0x0000000619400000| Untracked 
|  93|0x0000000619800000, 0x0000000619800000, 0x0000000619c00000|  0%| F|  |TAMS 0x0000000619800000| PB 0x0000000619800000| Untracked 
|  94|0x0000000619c00000, 0x0000000619c00000, 0x000000061a000000|  0%| F|  |TAMS 0x0000000619c00000| PB 0x0000000619c00000| Untracked 
|  95|0x000000061a000000, 0x000000061a000000, 0x000000061a400000|  0%| F|  |TAMS 0x000000061a000000| PB 0x000000061a000000| Untracked 
|  96|0x000000061a400000, 0x000000061a400000, 0x000000061a800000|  0%| F|  |TAMS 0x000000061a400000| PB 0x000000061a400000| Untracked 
|  97|0x000000061a800000, 0x000000061a800000, 0x000000061ac00000|  0%| F|  |TAMS 0x000000061a800000| PB 0x000000061a800000| Untracked 
|  98|0x000000061ac00000, 0x000000061ac00000, 0x000000061b000000|  0%| F|  |TAMS 0x000000061ac00000| PB 0x000000061ac00000| Untracked 
|  99|0x000000061b000000, 0x000000061b000000, 0x000000061b400000|  0%| F|  |TAMS 0x000000061b000000| PB 0x000000061b000000| Untracked 
| 100|0x000000061b400000, 0x000000061b400000, 0x000000061b800000|  0%| F|  |TAMS 0x000000061b400000| PB 0x000000061b400000| Untracked 
| 101|0x000000061b800000, 0x000000061b800000, 0x000000061bc00000|  0%| F|  |TAMS 0x000000061b800000| PB 0x000000061b800000| Untracked 
| 102|0x000000061bc00000, 0x000000061bc00000, 0x000000061c000000|  0%| F|  |TAMS 0x000000061bc00000| PB 0x000000061bc00000| Untracked 
| 103|0x000000061c000000, 0x000000061c000000, 0x000000061c400000|  0%| F|  |TAMS 0x000000061c000000| PB 0x000000061c000000| Untracked 
| 104|0x000000061c400000, 0x000000061c400000, 0x000000061c800000|  0%| F|  |TAMS 0x000000061c400000| PB 0x000000061c400000| Untracked 
| 105|0x000000061c800000, 0x000000061c800000, 0x000000061cc00000|  0%| F|  |TAMS 0x000000061c800000| PB 0x000000061c800000| Untracked 
| 106|0x000000061cc00000, 0x000000061cc00000, 0x000000061d000000|  0%| F|  |TAMS 0x000000061cc00000| PB 0x000000061cc00000| Untracked 
| 107|0x000000061d000000, 0x000000061d000000, 0x000000061d400000|  0%| F|  |TAMS 0x000000061d000000| PB 0x000000061d000000| Untracked 
| 108|0x000000061d400000, 0x000000061d400000, 0x000000061d800000|  0%| F|  |TAMS 0x000000061d400000| PB 0x000000061d400000| Untracked 
| 109|0x000000061d800000, 0x000000061d800000, 0x000000061dc00000|  0%| F|  |TAMS 0x000000061d800000| PB 0x000000061d800000| Untracked 
| 110|0x000000061dc00000, 0x000000061dc00000, 0x000000061e000000|  0%| F|  |TAMS 0x000000061dc00000| PB 0x000000061dc00000| Untracked 
| 111|0x000000061e000000, 0x000000061e000000, 0x000000061e400000|  0%| F|  |TAMS 0x000000061e000000| PB 0x000000061e000000| Untracked 
| 112|0x000000061e400000, 0x000000061e400000, 0x000000061e800000|  0%| F|  |TAMS 0x000000061e400000| PB 0x000000061e400000| Untracked 
| 113|0x000000061e800000, 0x000000061e800000, 0x000000061ec00000|  0%| F|  |TAMS 0x000000061e800000| PB 0x000000061e800000| Untracked 
| 114|0x000000061ec00000, 0x000000061ec00000, 0x000000061f000000|  0%| F|  |TAMS 0x000000061ec00000| PB 0x000000061ec00000| Untracked 
| 115|0x000000061f000000, 0x000000061f000000, 0x000000061f400000|  0%| F|  |TAMS 0x000000061f000000| PB 0x000000061f000000| Untracked 
| 116|0x000000061f400000, 0x000000061f400000, 0x000000061f800000|  0%| F|  |TAMS 0x000000061f400000| PB 0x000000061f400000| Untracked 
| 117|0x000000061f800000, 0x000000061f800000, 0x000000061fc00000|  0%| F|  |TAMS 0x000000061f800000| PB 0x000000061f800000| Untracked 
| 118|0x000000061fc00000, 0x000000061fc00000, 0x0000000620000000|  0%| F|  |TAMS 0x000000061fc00000| PB 0x000000061fc00000| Untracked 
| 119|0x0000000620000000, 0x0000000620000000, 0x0000000620400000|  0%| F|  |TAMS 0x0000000620000000| PB 0x0000000620000000| Untracked 
| 120|0x0000000620400000, 0x0000000620400000, 0x0000000620800000|  0%| F|  |TAMS 0x0000000620400000| PB 0x0000000620400000| Untracked 
| 121|0x0000000620800000, 0x0000000620800000, 0x0000000620c00000|  0%| F|  |TAMS 0x0000000620800000| PB 0x0000000620800000| Untracked 
| 122|0x0000000620c00000, 0x0000000620c00000, 0x0000000621000000|  0%| F|  |TAMS 0x0000000620c00000| PB 0x0000000620c00000| Untracked 
| 123|0x0000000621000000, 0x0000000621000000, 0x0000000621400000|  0%| F|  |TAMS 0x0000000621000000| PB 0x0000000621000000| Untracked 
| 124|0x0000000621400000, 0x0000000621400000, 0x0000000621800000|  0%| F|  |TAMS 0x0000000621400000| PB 0x0000000621400000| Untracked 
| 125|0x0000000621800000, 0x0000000621800000, 0x0000000621c00000|  0%| F|  |TAMS 0x0000000621800000| PB 0x0000000621800000| Untracked 
| 126|0x0000000621c00000, 0x0000000621efa400, 0x0000000622000000| 74%| E|  |TAMS 0x0000000621c00000| PB 0x0000000621c00000| Complete 
| 127|0x0000000622000000, 0x0000000622400000, 0x0000000622400000|100%| E|CS|TAMS 0x0000000622000000| PB 0x0000000622000000| Complete 

Card table byte_map: [0x000001c7fb670000,0x000001c7fc660000] _byte_map_base: 0x000001c7f865e000

Marking Bits: (CMBitMap*) 0x000001c7efe64410
 Bits: [0x000001c78f000000, 0x000001c796f70000)

Polling page: 0x000001c7efac0000

Metaspace:

Usage:
  Non-class:      2.23 MB used.
      Class:    176.75 KB used.
       Both:      2.41 MB used.

Virtual space:
  Non-class space:       64.00 MB reserved,       2.31 MB (  4%) committed,  1 nodes.
      Class space:        1.00 GB reserved,     256.00 KB ( <1%) committed,  1 nodes.
             Both:        1.06 GB reserved,       2.56 MB ( <1%) committed. 

Chunk freelists:
   Non-Class:  11.12 MB
       Class:  15.67 MB
        Both:  26.79 MB

MaxMetaspaceSize: unlimited
CompressedClassSpaceSize: 1.00 GB
Initial GC threshold: 21.00 MB
Current GC threshold: 21.00 MB
CDS: on
 - commit_granule_bytes: 65536.
 - commit_granule_words: 8192.
 - virtual_space_node_default_size: 8388608.
 - enlarge_chunks_in_place: 1.
 - use_allocation_guard: 0.


Internal statistics:

num_allocs_failed_limit: 0.
num_arena_births: 74.
num_arena_deaths: 0.
num_vsnodes_births: 2.
num_vsnodes_deaths: 0.
num_space_committed: 41.
num_space_uncommitted: 0.
num_chunks_returned_to_freelist: 0.
num_chunks_taken_from_freelist: 124.
num_chunk_merges: 0.
num_chunk_splits: 80.
num_chunks_enlarged: 51.
num_inconsistent_stats: 0.

CodeHeap 'non-profiled nmethods': size=120000Kb used=153Kb max_used=153Kb free=119846Kb
 bounds [0x000001c787ad0000, 0x000001c787d40000, 0x000001c78f000000]
CodeHeap 'profiled nmethods': size=120000Kb used=688Kb max_used=688Kb free=119311Kb
 bounds [0x000001c780000000, 0x000001c780270000, 0x000001c787530000]
CodeHeap 'non-nmethods': size=5760Kb used=2027Kb max_used=2027Kb free=3732Kb
 bounds [0x000001c787530000, 0x000001c7877a0000, 0x000001c787ad0000]
 total_blobs=1512 nmethods=503 adapters=914
 compilation: enabled
              stopped_count=0, restarted_count=0
 full_count=0

Compilation events (20 events):
Event: 0.158 Thread 0x000001c7dc1062d0 nmethod 494 0x000001c7800a7c90 code [0x000001c7800a7e60, 0x000001c7800a8180]
Event: 0.159 Thread 0x000001c7dc1062d0  483       3       java.util.jar.Attributes::putValue (13 bytes)
Event: 0.159 Thread 0x000001c7dc1062d0 nmethod 483 0x000001c7800a8310 code [0x000001c7800a8540, 0x000001c7800a8d88]
Event: 0.159 Thread 0x000001c7dc1062d0  495       1       java.net.URL::getPort (5 bytes)
Event: 0.159 Thread 0x000001c7dc1062d0 nmethod 495 0x000001c787af5690 code [0x000001c787af5820, 0x000001c787af58e8]
Event: 0.185 Thread 0x000001c7dc1062d0  496       1       java.net.URL::getAuthority (5 bytes)
Event: 0.185 Thread 0x000001c7dc1062d0 nmethod 496 0x000001c787af5990 code [0x000001c787af5b20, 0x000001c787af5bf0]
Event: 0.185 Thread 0x000001c7dc1062d0  497       1       java.net.URL::getPath (5 bytes)
Event: 0.185 Thread 0x000001c7dc1062d0 nmethod 497 0x000001c787af5c90 code [0x000001c787af5e20, 0x000001c787af5ef0]
Event: 0.185 Thread 0x000001c7dc1062d0  498       1       java.net.URL::getQuery (5 bytes)
Event: 0.185 Thread 0x000001c7dc1062d0 nmethod 498 0x000001c787af5f90 code [0x000001c787af6120, 0x000001c787af61f0]
Event: 0.185 Thread 0x000001c7dc1062d0  499       3       java.lang.StringUTF16::compress (50 bytes)
Event: 0.186 Thread 0x000001c7dc1062d0 nmethod 499 0x000001c7800a9010 code [0x000001c7800a91c0, 0x000001c7800a9400]
Event: 0.186 Thread 0x000001c7dc1062d0  500   !   3       java.lang.ref.ReferenceQueue::poll (40 bytes)
Event: 0.186 Thread 0x000001c7dc1062d0 nmethod 500 0x000001c7800a9590 code [0x000001c7800a9800, 0x000001c7800aa290]
Event: 0.186 Thread 0x000001c7dc1062d0  501       1       java.security.CodeSource::getLocationNoFragString (5 bytes)
Event: 0.186 Thread 0x000001c7dc1062d0 nmethod 501 0x000001c787af6290 code [0x000001c787af6420, 0x000001c787af64f0]
Event: 0.296 Thread 0x000001c7dc1062d0  502       3       java.lang.String::regionMatches (150 bytes)
Event: 0.296 Thread 0x000001c7dc1062d0 nmethod 502 0x000001c7800aa610 code [0x000001c7800aa860, 0x000001c7800ab060]
Event: 0.296 Thread 0x000001c7dc1062d0  503       3       java.lang.ClassLoader::checkName (37 bytes)

GC Heap History (0 events):
No events

Dll operation events (13 events):
Event: 0.005 Loaded shared library C:\Users\nik\.jdks\openjdk-21.0.2\bin\java.dll
Event: 0.032 Loaded shared library C:\Users\nik\.jdks\openjdk-21.0.2\bin\jsvml.dll
Event: 0.068 Loaded shared library C:\Users\nik\.jdks\openjdk-21.0.2\bin\zip.dll
Event: 0.070 Loaded shared library C:\Users\nik\.jdks\openjdk-21.0.2\bin\instrument.dll
Event: 0.074 Loaded shared library C:\Users\nik\.jdks\openjdk-21.0.2\bin\net.dll
Event: 0.075 Loaded shared library C:\Users\nik\.jdks\openjdk-21.0.2\bin\nio.dll
Event: 0.077 Loaded shared library C:\Users\nik\.jdks\openjdk-21.0.2\bin\zip.dll
Event: 0.097 Loaded shared library C:\Program Files\JetBrains\IntelliJ IDEA 2023.3.3\bin\breakgen64.dll
Event: 0.103 Loaded shared library C:\Users\nik\.jdks\openjdk-21.0.2\bin\extnet.dll
Event: 0.120 Loaded shared library C:\Users\nik\.jdks\openjdk-21.0.2\bin\jimage.dll
Event: 0.135 Loaded shared library C:\Users\nik\AppData\Local\Temp\lwjgl_nik\3.3.3+5\x64\lwjgl.dll
Event: 0.189 Loaded shared library C:\Users\nik\source\repos\kgfx\kgfx\java\kgfx.dll
Event: 0.212 Loaded shared library C:\Users\nik\source\repos\kgfx\kgfx\java\kgfx_java.dll

Deoptimization events (12 events):
Event: 0.098 Thread 0x000001c7efb11b40 Uncommon trap: trap_request=0xffffff45 fr.pc=0x000001c787ad8d8c relative=0x000000000000006c
Event: 0.098 Thread 0x000001c7efb11b40 Uncommon trap: reason=unstable_if action=reinterpret pc=0x000001c787ad8d8c method=java.lang.String.isLatin1()Z @ 10 c2
Event: 0.098 Thread 0x000001c7efb11b40 DEOPT PACKING pc=0x000001c787ad8d8c sp=0x0000000e551fe260
Event: 0.098 Thread 0x000001c7efb11b40 DEOPT UNPACKING pc=0x000001c7875846a2 sp=0x0000000e551fe1f0 mode 2
Event: 0.098 Thread 0x000001c7efb11b40 Uncommon trap: trap_request=0xffffff45 fr.pc=0x000001c787ae00ec relative=0x00000000000000cc
Event: 0.098 Thread 0x000001c7efb11b40 Uncommon trap: reason=unstable_if action=reinterpret pc=0x000001c787ae00ec method=java.lang.String.isLatin1()Z @ 10 c2
Event: 0.098 Thread 0x000001c7efb11b40 DEOPT PACKING pc=0x000001c787ae00ec sp=0x0000000e551fed80
Event: 0.098 Thread 0x000001c7efb11b40 DEOPT UNPACKING pc=0x000001c7875846a2 sp=0x0000000e551fecc0 mode 2
Event: 0.143 Thread 0x000001c7efb11b40 DEOPT PACKING pc=0x000001c78002b178 sp=0x0000000e551fdf00
Event: 0.143 Thread 0x000001c7efb11b40 DEOPT UNPACKING pc=0x000001c787584e42 sp=0x0000000e551fd320 mode 0
Event: 0.154 Thread 0x000001c7efb11b40 DEOPT PACKING pc=0x000001c7800098d8 sp=0x0000000e551fc850
Event: 0.154 Thread 0x000001c7efb11b40 DEOPT UNPACKING pc=0x000001c787584e42 sp=0x0000000e551fbcb8 mode 0

Classes loaded (20 events):
Event: 0.146 Loading class java/nio/DirectCharBufferU
Event: 0.146 Loading class java/nio/DirectCharBufferU done
Event: 0.147 Loading class java/nio/DirectFloatBufferU
Event: 0.147 Loading class java/nio/DirectFloatBufferU done
Event: 0.147 Loading class java/nio/DirectDoubleBufferU
Event: 0.147 Loading class java/nio/DirectDoubleBufferU done
Event: 0.147 Loading class sun/misc/Unsafe
Event: 0.147 Loading class sun/misc/Unsafe done
Event: 0.147 Loading class java/lang/invoke/DirectMethodHandle$StaticAccessor
Event: 0.147 Loading class java/lang/invoke/DirectMethodHandle$StaticAccessor done
Event: 0.148 Loading class java/util/function/LongPredicate
Event: 0.148 Loading class java/util/function/LongPredicate done
Event: 0.149 Loading class java/lang/foreign/MemorySegment
Event: 0.149 Loading class java/lang/foreign/MemorySegment done
Event: 0.152 Loading class java/nio/InvalidMarkException
Event: 0.152 Loading class java/nio/InvalidMarkException done
Event: 0.152 Loading class java/nio/BufferUnderflowException
Event: 0.152 Loading class java/nio/BufferUnderflowException done
Event: 0.153 Loading class java/lang/IndexOutOfBoundsException
Event: 0.153 Loading class java/lang/IndexOutOfBoundsException done

Classes unloaded (0 events):
No events

Classes redefined (0 events):
No events

Internal exceptions (19 events):
Event: 0.091 Thread 0x000001c7efb11b40 Exception <a 'java/lang/NoSuchMethodError'{0x000000062239f6b0}: 'void java.lang.invoke.DirectMethodHandle$Holder.invokeStatic(java.lang.Object, java.lang.Object, java.lang.Object)'> (0x000000062239f6b0) 
thrown [s\open\src\hotspot\share\interpreter\linkResolver.cpp, line 773]
Event: 0.094 Thread 0x000001c7efb11b40 Exception <a 'java/lang/NoSuchMethodError'{0x00000006223b6ca8}: 'java.lang.Object java.lang.invoke.Invokers$Holder.invokeExact_MT(java.lang.Object, java.lang.Object, java.lang.Object, java.lang.Object, java.lang.Object)'> (0x00000006223b6ca8) 
thrown [s\open\src\hotspot\share\interpreter\linkResolver.cpp, line 773]
Event: 0.104 Thread 0x000001c7dc47a970 Exception <a 'java/lang/NoSuchMethodError'{0x00000006223eebc8}: 'void java.lang.invoke.DirectMethodHandle$Holder.invokeStatic(java.lang.Object, java.lang.Object)'> (0x00000006223eebc8) 
thrown [s\open\src\hotspot\share\interpreter\linkResolver.cpp, line 773]
Event: 0.115 Thread 0x000001c7efb11b40 Exception <a 'java/lang/NoSuchMethodError'{0x0000000621c8cee8}: 'void java.lang.System.load(java.lang.String, java.lang.Class)'> (0x0000000621c8cee8) 
thrown [s\open\src\hotspot\share\interpreter\linkResolver.cpp, line 773]
Event: 0.115 Thread 0x000001c7efb11b40 Exception <a 'java/lang/NoSuchMethodError'{0x0000000621c8d8b8}: 'void java.lang.invoke.DirectMethodHandle$Holder.invokeSpecial(java.lang.Object, java.lang.Object, java.lang.Object)'> (0x0000000621c8d8b8) 
thrown [s\open\src\hotspot\share\interpreter\linkResolver.cpp, line 773]
Event: 0.116 Thread 0x000001c7efb11b40 Exception <a 'java/lang/NoSuchMethodError'{0x0000000621d16490}: 'java.lang.Object java.lang.invoke.DirectMethodHandle$Holder.invokeStatic(java.lang.Object, java.lang.Object, int)'> (0x0000000621d16490) 
thrown [s\open\src\hotspot\share\interpreter\linkResolver.cpp, line 773]
Event: 0.117 Thread 0x000001c7efb11b40 Exception <a 'java/lang/NoSuchMethodError'{0x0000000621d21990}: 'void java.lang.invoke.DelegatingMethodHandle$Holder.delegate(java.lang.Object, java.lang.Object, int, java.lang.Object)'> (0x0000000621d21990) 
thrown [s\open\src\hotspot\share\interpreter\linkResolver.cpp, line 773]
Event: 0.117 Thread 0x000001c7efb11b40 Exception <a 'java/lang/NoSuchMethodError'{0x0000000621d25670}: 'int java.lang.invoke.DirectMethodHandle$Holder.invokeSpecial(java.lang.Object, java.lang.Object, java.lang.Object)'> (0x0000000621d25670) 
thrown [s\open\src\hotspot\share\interpreter\linkResolver.cpp, line 773]
Event: 0.119 Thread 0x000001c7efb11b40 Exception <a 'java/lang/NoSuchMethodError'{0x0000000621d3e988}: 'void java.lang.System.loadLibrary(java.lang.String, java.lang.Class)'> (0x0000000621d3e988) 
thrown [s\open\src\hotspot\share\interpreter\linkResolver.cpp, line 773]
Event: 0.134 Thread 0x000001c7efb11b40 Exception <a 'sun/nio/fs/WindowsException'{0x0000000621d6eff0}> (0x0000000621d6eff0) 
thrown [s\open\src\hotspot\share\prims\jni.cpp, line 520]
Event: 0.134 Thread 0x000001c7efb11b40 Exception <a 'sun/nio/fs/WindowsException'{0x0000000621d6f500}> (0x0000000621d6f500) 
thrown [s\open\src\hotspot\share\prims\jni.cpp, line 520]
Event: 0.143 Thread 0x000001c7efb11b40 Exception <a 'sun/nio/fs/WindowsException'{0x0000000621d9ff40}> (0x0000000621d9ff40) 
thrown [s\open\src\hotspot\share\prims\jni.cpp, line 520]
Event: 0.143 Thread 0x000001c7efb11b40 Exception <a 'sun/nio/fs/WindowsException'{0x0000000621da0290}> (0x0000000621da0290) 
thrown [s\open\src\hotspot\share\prims\jni.cpp, line 520]
Event: 0.149 Thread 0x000001c7efb11b40 Exception <a 'java/lang/NoSuchMethodError'{0x0000000621def3a0}: 'int java.lang.invoke.DirectMethodHandle$Holder.invokeStaticInit(java.lang.Object, java.lang.Object, int, long)'> (0x0000000621def3a0) 
thrown [s\open\src\hotspot\share\interpreter\linkResolver.cpp, line 773]
Event: 0.149 Thread 0x000001c7efb11b40 Exception <a 'java/lang/NoSuchMethodError'{0x0000000621df43c8}: 'java.lang.Object java.lang.invoke.DirectMethodHandle$Holder.newInvokeSpecial(java.lang.Object, java.lang.Object, int)'> (0x0000000621df43c8) 
thrown [s\open\src\hotspot\share\interpreter\linkResolver.cpp, line 773]
Event: 0.150 Thread 0x000001c7efb11b40 Exception <a 'java/lang/NoSuchMethodError'{0x0000000621e034e8}: 'int java.lang.invoke.DirectMethodHandle$Holder.invokeStaticInit(java.lang.Object, java.lang.Object, long, long)'> (0x0000000621e034e8) 
thrown [s\open\src\hotspot\share\interpreter\linkResolver.cpp, line 773]
Event: 0.151 Thread 0x000001c7efb11b40 Exception <a 'java/lang/NoSuchMethodError'{0x0000000621e08fb0}: 'java.lang.Object java.lang.invoke.DirectMethodHandle$Holder.newInvokeSpecial(java.lang.Object, java.lang.Object, long)'> (0x0000000621e08fb0) 
thrown [s\open\src\hotspot\share\interpreter\linkResolver.cpp, line 773]
Event: 0.151 Thread 0x000001c7efb11b40 Exception <a 'java/lang/NoSuchMethodError'{0x0000000621e0cd68}: 'java.lang.Object java.lang.invoke.Invokers$Holder.linkToTargetMethod(java.lang.Object, long, java.lang.Object)'> (0x0000000621e0cd68) 
thrown [s\open\src\hotspot\share\interpreter\linkResolver.cpp, line 773]
Event: 0.151 Thread 0x000001c7efb11b40 Exception <a 'java/lang/NoSuchMethodError'{0x0000000621e13df0}: 'int java.lang.invoke.DirectMethodHandle$Holder.invokeStaticInit(java.lang.Object, java.lang.Object, java.lang.Object, long)'> (0x0000000621e13df0) 
thrown [s\open\src\hotspot\share\interpreter\linkResolver.cpp, line 773]

ZGC Phase Switch (0 events):
No events

VM Operations (4 events):
Event: 0.060 Executing VM operation: HandshakeAllThreads (Deoptimize)
Event: 0.060 Executing VM operation: HandshakeAllThreads (Deoptimize) done
Event: 0.130 Executing VM operation: HandshakeAllThreads (Deoptimize)
Event: 0.130 Executing VM operation: HandshakeAllThreads (Deoptimize) done

Events (12 events):
Event: 0.021 Thread 0x000001c7efb11b40 Thread added: 0x000001c7efb11b40
Event: 0.031 Thread 0x000001c7fef43690 Thread added: 0x000001c7fef43690
Event: 0.031 Thread 0x000001c7fef44760 Thread added: 0x000001c7fef44760
Event: 0.031 Thread 0x000001c7fef47620 Thread added: 0x000001c7fef47620
Event: 0.031 Thread 0x000001c7fef4b0a0 Thread added: 0x000001c7fef4b0a0
Event: 0.031 Thread 0x000001c7fef4d0f0 Thread added: 0x000001c7fef4d0f0
Event: 0.031 Thread 0x000001c7fef4d910 Thread added: 0x000001c7fef4d910
Event: 0.031 Thread 0x000001c7fef4e610 Thread added: 0x000001c7fef4e610
Event: 0.031 Thread 0x000001c7dc1062d0 Thread added: 0x000001c7dc1062d0
Event: 0.055 Thread 0x000001c7fef0f200 Thread added: 0x000001c7fef0f200
Event: 0.098 Thread 0x000001c7dc47a970 Thread added: 0x000001c7dc47a970
Event: 0.098 Thread 0x000001c7dc47afe0 Thread added: 0x000001c7dc47afe0


Dynamic libraries:
0x00007ff635870000 - 0x00007ff63587e000 	C:\Users\nik\.jdks\openjdk-21.0.2\bin\java.exe
0x00007ff830b50000 - 0x00007ff830d48000 	C:\Windows\SYSTEM32\ntdll.dll
0x00007ff82f810000 - 0x00007ff82f8cd000 	C:\Windows\System32\KERNEL32.DLL
0x00007ff82e210000 - 0x00007ff82e506000 	C:\Windows\System32\KERNELBASE.dll
0x00007ff82e850000 - 0x00007ff82e950000 	C:\Windows\System32\ucrtbase.dll
0x00007ff8262b0000 - 0x00007ff8262cb000 	C:\Users\nik\.jdks\openjdk-21.0.2\bin\VCRUNTIME140.dll
0x00007ff828f10000 - 0x00007ff828f28000 	C:\Users\nik\.jdks\openjdk-21.0.2\bin\jli.dll
0x00007ff82f570000 - 0x00007ff82f70e000 	C:\Windows\System32\USER32.dll
0x00007ff82e820000 - 0x00007ff82e842000 	C:\Windows\System32\win32u.dll
0x00007ff82d670000 - 0x00007ff82d90a000 	C:\Windows\WinSxS\amd64_microsoft.windows.common-controls_6595b64144ccf1df_6.0.19041.3636_none_60b6a03d71f818d5\COMCTL32.dll
0x00007ff830670000 - 0x00007ff83069b000 	C:\Windows\System32\GDI32.dll
0x00007ff82fd50000 - 0x00007ff82fdee000 	C:\Windows\System32\msvcrt.dll
0x00007ff82e510000 - 0x00007ff82e627000 	C:\Windows\System32\gdi32full.dll
0x00007ff82ea80000 - 0x00007ff82eb1d000 	C:\Windows\System32\msvcp_win.dll
0x00007ff830a70000 - 0x00007ff830aa2000 	C:\Windows\System32\IMM32.DLL
0x00007ff828fe0000 - 0x00007ff828fec000 	C:\Users\nik\.jdks\openjdk-21.0.2\bin\vcruntime140_1.dll
0x00007ff80f500000 - 0x00007ff80f58e000 	C:\Users\nik\.jdks\openjdk-21.0.2\bin\msvcp140.dll
0x00007ffffc1f0000 - 0x00007ffffcf07000 	C:\Users\nik\.jdks\openjdk-21.0.2\bin\server\jvm.dll
0x00007ff82ec40000 - 0x00007ff82ecf3000 	C:\Windows\System32\ADVAPI32.dll
0x00007ff82f060000 - 0x00007ff82f0ff000 	C:\Windows\System32\sechost.dll
0x00007ff82f9c0000 - 0x00007ff82fae6000 	C:\Windows\System32\RPCRT4.dll
0x00007ff82ea50000 - 0x00007ff82ea77000 	C:\Windows\System32\bcrypt.dll
0x00007ff830600000 - 0x00007ff83066b000 	C:\Windows\System32\WS2_32.dll
0x00007ff82e070000 - 0x00007ff82e0bb000 	C:\Windows\SYSTEM32\POWRPROF.dll
0x00007ff822e70000 - 0x00007ff822e97000 	C:\Windows\SYSTEM32\WINMM.dll
0x00007ff827540000 - 0x00007ff82754a000 	C:\Windows\SYSTEM32\VERSION.dll
0x00007ff82e050000 - 0x00007ff82e062000 	C:\Windows\SYSTEM32\UMPDC.dll
0x00007ff82b2e0000 - 0x00007ff82b2f2000 	C:\Windows\SYSTEM32\kernel.appcore.dll
0x00007ff826350000 - 0x00007ff82635a000 	C:\Users\nik\.jdks\openjdk-21.0.2\bin\jimage.dll
0x00007ff82db20000 - 0x00007ff82dd04000 	C:\Windows\SYSTEM32\DBGHELP.DLL
0x00007ff82dae0000 - 0x00007ff82db14000 	C:\Windows\SYSTEM32\dbgcore.DLL
0x00007ff82e630000 - 0x00007ff82e6b2000 	C:\Windows\System32\bcryptPrimitives.dll
0x00007ff8261d0000 - 0x00007ff8261df000 	C:\Users\nik\.jdks\openjdk-21.0.2\bin\instrument.dll
0x00007ff81c5f0000 - 0x00007ff81c60f000 	C:\Users\nik\.jdks\openjdk-21.0.2\bin\java.dll
0x00007ff82feb0000 - 0x00007ff8305f5000 	C:\Windows\System32\SHELL32.dll
0x00007ff82bc70000 - 0x00007ff82c40c000 	C:\Windows\SYSTEM32\windows.storage.dll
0x00007ff82ed00000 - 0x00007ff82f054000 	C:\Windows\System32\combase.dll
0x00007ff82d3a0000 - 0x00007ff82d3ce000 	C:\Windows\SYSTEM32\Wldp.dll
0x00007ff82f740000 - 0x00007ff82f80d000 	C:\Windows\System32\OLEAUT32.dll
0x00007ff82fe00000 - 0x00007ff82fead000 	C:\Windows\System32\SHCORE.dll
0x00007ff830ab0000 - 0x00007ff830b05000 	C:\Windows\System32\shlwapi.dll
0x00007ff82e140000 - 0x00007ff82e165000 	C:\Windows\SYSTEM32\profapi.dll
0x00007ff801080000 - 0x00007ff801157000 	C:\Users\nik\.jdks\openjdk-21.0.2\bin\jsvml.dll
0x00007ff81c4a0000 - 0x00007ff81c4b8000 	C:\Users\nik\.jdks\openjdk-21.0.2\bin\zip.dll
0x00007ff81c5e0000 - 0x00007ff81c5f0000 	C:\Users\nik\.jdks\openjdk-21.0.2\bin\net.dll
0x00007ff8277d0000 - 0x00007ff8278da000 	C:\Windows\SYSTEM32\WINHTTP.dll
0x00007ff82d210000 - 0x00007ff82d27a000 	C:\Windows\system32\mswsock.dll
0x00007ff81c500000 - 0x00007ff81c516000 	C:\Users\nik\.jdks\openjdk-21.0.2\bin\nio.dll
0x00007ff81c460000 - 0x00007ff81c47a000 	C:\Program Files\JetBrains\IntelliJ IDEA 2023.3.3\bin\breakgen64.dll
0x00007ff81c450000 - 0x00007ff81c459000 	C:\Users\nik\.jdks\openjdk-21.0.2\bin\extnet.dll
0x00007ffffece0000 - 0x00007ffffed5b000 	C:\Users\nik\AppData\Local\Temp\lwjgl_nik\3.3.3+5\x64\lwjgl.dll
0x00007ffffec50000 - 0x00007ffffecd2000 	C:\Users\nik\AppData\Local\Temp\lwjgl_nik\3.3.3+5\x64\glfw.dll
0x00007ffffef00000 - 0x00007ffffef45000 	C:\Windows\SYSTEM32\dinput8.dll
0x00007ff80e7d0000 - 0x00007ff80e7e1000 	C:\Windows\SYSTEM32\xinput1_4.dll
0x00007ff82e950000 - 0x00007ff82e99e000 	C:\Windows\System32\cfgmgr32.dll
0x00007ff82ded0000 - 0x00007ff82df03000 	C:\Windows\SYSTEM32\DEVOBJ.dll
0x00007ff82b0d0000 - 0x00007ff82b0ff000 	C:\Windows\SYSTEM32\dwmapi.dll
0x00007ff8268b0000 - 0x00007ff826a02000 	C:\Windows\SYSTEM32\inputhost.dll
0x00007ff82ab40000 - 0x00007ff82ac32000 	C:\Windows\SYSTEM32\CoreMessaging.dll
0x00007ff82a540000 - 0x00007ff82a695000 	C:\Windows\SYSTEM32\wintypes.dll
0x00007ff829080000 - 0x00007ff829176000 	C:\Windows\SYSTEM32\PROPSYS.dll
0x00007ff82a7a0000 - 0x00007ff82aafb000 	C:\Windows\SYSTEM32\CoreUIComponents.dll
0x00007ff82de70000 - 0x00007ff82dea3000 	C:\Windows\SYSTEM32\ntmarta.dll
0x00007ff82aef0000 - 0x00007ff82af8e000 	C:\Windows\system32\uxtheme.dll
0x00007ff82fc30000 - 0x00007ff82fd44000 	C:\Windows\System32\MSCTF.dll
0x00007ff826ac0000 - 0x00007ff826bb9000 	C:\Windows\SYSTEM32\textinputframework.dll
0x00007ffffebd0000 - 0x00007ffffec44000 	C:\Users\nik\source\repos\kgfx\kgfx\java\kgfx.dll
0x00007ff830700000 - 0x00007ff83082b000 	C:\Windows\System32\ole32.dll
0x00007ff82c450000 - 0x00007ff82c543000 	C:\Windows\SYSTEM32\dxgi.dll
0x00007ff8291e0000 - 0x00007ff82963d000 	C:\Windows\SYSTEM32\D3DCOMPILER_47.dll
0x00007fffffd90000 - 0x00007fffffdb5000 	C:\Windows\SYSTEM32\d3d12.dll
0x00007ffffe6f0000 - 0x00007ffffe7d1000 	C:\Windows\SYSTEM32\MSVCP140D.dll
0x00007ff81a470000 - 0x00007ff81a47f000 	C:\Windows\SYSTEM32\VCRUNTIME140_1D.dll
0x00007ff804640000 - 0x00007ff80466e000 	C:\Windows\SYSTEM32\VCRUNTIME140D.dll
0x00007ffffdfd0000 - 0x00007ffffe1f1000 	C:\Windows\SYSTEM32\ucrtbased.dll
0x00007ff82deb0000 - 0x00007ff82dec8000 	C:\Windows\SYSTEM32\CRYPTSP.dll
0x00007ffffe9d0000 - 0x00007ffffea46000 	C:\Users\nik\source\repos\kgfx\kgfx\java\kgfx_java.dll
0x00007fffae710000 - 0x00007fffae8dd000 	C:\Windows\SYSTEM32\D3D12Core.dll
0x00007ffffeb70000 - 0x00007ffffebc7000 	C:\Windows\SYSTEM32\DXGIDebug.dll
0x00007ffffaad0000 - 0x00007ffffaf78000 	C:\Windows\SYSTEM32\D3D12SDKLayers.dll
0x00007ff822e30000 - 0x00007ff822e6b000 	C:\Windows\SYSTEM32\dxcore.dll
0x00007fff03280000 - 0x00007fff08298000 	C:\Windows\System32\DriverStore\FileRepository\u0398226.inf_amd64_c5d9587384e4b5ff\B398182\amdxc64.dll
0x00007ff81e920000 - 0x00007ff81e955000 	C:\Windows\SYSTEM32\amdihk64.dll
0x0000000068710000 - 0x0000000068847000 	C:\Windows\System32\DriverStore\FileRepository\u0398226.inf_amd64_c5d9587384e4b5ff\B398182\amdenc64.dll
0x00007fffefb80000 - 0x00007fffefbaa000 	C:\Windows\SYSTEM32\D3DSCache.dll
0x00007ff82e100000 - 0x00007ff82e12e000 	C:\Windows\SYSTEM32\USERENV.dll
0x00007ff826600000 - 0x00007ff826803000 	C:\Windows\SYSTEM32\twinapi.appcore.dll
0x00007ff829fd0000 - 0x00007ff82a1b3000 	C:\Windows\SYSTEM32\dcomp.dll
0x00007ff82cbd0000 - 0x00007ff82cc04000 	C:\Windows\system32\rsaenh.dll
0x00007ff82d460000 - 0x00007ff82d46c000 	C:\Windows\SYSTEM32\CRYPTBASE.dll

dbghelp: loaded successfully - version: 4.0.5 - missing functions: none
symbol engine: initialized successfully - sym options: 0x614 - pdb path: .;C:\Users\nik\.jdks\openjdk-21.0.2\bin;C:\Windows\SYSTEM32;C:\Windows\WinSxS\amd64_microsoft.windows.common-controls_6595b64144ccf1df_6.0.19041.3636_none_60b6a03d71f818d5;C:\Users\nik\.jdks\openjdk-21.0.2\bin\server;C:\Program Files\JetBrains\IntelliJ IDEA 2023.3.3\bin;C:\Users\nik\AppData\Local\Temp\lwjgl_nik\3.3.3+5\x64;C:\Users\nik\source\repos\kgfx\kgfx\java;C:\Windows\System32\DriverStore\FileRepository\u0398226.inf_amd64_c5d9587384e4b5ff\B398182

VM Arguments:
jvm_args: -Djava.library.path=C:\Users\nik\source\repos\kgfx\kgfx\java -javaagent:C:\Program Files\JetBrains\IntelliJ IDEA 2023.3.3\lib\idea_rt.jar=65402:C:\Program Files\JetBrains\IntelliJ IDEA 2023.3.3\bin -Dfile.encoding=UTF-8 -Dsun.stdout.encoding=UTF-8 -Dsun.stderr.encoding=UTF-8 
java_command: Main
java_class_path (initial): C:\Users\nik\source\repos\kgfx\kgfx\java\project\out\production\project;C:\Users\nik\source\repos\kgfx\kgfx\java\project\lib\glfw\lwjgl-glfw.jar;C:\Users\nik\source\repos\kgfx\kgfx\java\project\lib\glfw\lwjgl-glfw-javadoc.jar;C:\Users\nik\source\repos\kgfx\kgfx\java\project\lib\glfw\lwjgl-glfw-sources.jar;C:\Users\nik\source\repos\kgfx\kgfx\java\project\lib\glfw\lwjgl-glfw-natives-linux.jar;C:\Users\nik\source\repos\kgfx\kgfx\java\project\lib\glfw\lwjgl-glfw-natives-macos.jar;C:\Users\nik\source\repos\kgfx\kgfx\java\project\lib\glfw\lwjgl-glfw-natives-windows.jar;C:\Users\nik\source\repos\kgfx\kgfx\java\project\lib\glfw\lwjgl-glfw-natives-linux-arm32.jar;C:\Users\nik\source\repos\kgfx\kgfx\java\project\lib\glfw\lwjgl-glfw-natives-linux-arm64.jar;C:\Users\nik\source\repos\kgfx\kgfx\java\project\lib\glfw\lwjgl-glfw-natives-macos-arm64.jar;C:\Users\nik\source\repos\kgfx\kgfx\java\project\lib\glfw\lwjgl-glfw-natives-windows-x86.jar;C:\Users\nik\source\repos\kgfx\kgfx\java\project\lib\glfw\lwjgl-glfw-natives-windows-arm64.jar;C:\Users\nik\source\repos\kgfx\kgfx\java\project\lib\lwjgl\lwjgl.jar;C:\Users\nik\source\repos\kgfx\kgfx\java\project\lib\lwjgl\lwjgl-javadoc.jar;C:\Users\nik\source\repos\kgfx\kgfx\java\project\lib\lwjgl\lwjgl-sources.jar;C:\Users\nik\source\repos\kgfx\kgfx\java\project\lib\lwjgl\lwjgl-natives-linux.jar;C:\Users\nik\source\repos\kgfx\kgfx\java\project\lib\lwjgl\lwjgl-natives-macos.jar;C:\Users\nik\source\repos\kgfx\kgfx\java\project\lib\lwjgl\lwjgl-natives-windows.jar;C:\Users\nik\source\repos\kgfx\kgfx\java\project\lib\lwjgl\lwjgl-natives-linux-arm32.jar;C:\Users\nik\source\repos\kgfx\kgfx\java\project\lib\lwjgl\lwjgl-natives-linux-arm64.jar;C:\Users\nik\source\repos\kgfx\kgfx\java\project\lib\lwjgl\lwjgl-natives-macos-arm64.jar;C:\Users\nik\source\repos\kgfx\kgfx\java\project\lib\lwjgl\lwjgl-natives-windows-x86.jar;C:\Users\nik\source\repos\kgfx\kgfx\java\project\lib\lwjgl\lwjgl-natives-windows-arm64.jar
Launcher Type: SUN_STANDARD

[Global flags]
     intx CICompilerCount                          = 4                                         {product} {ergonomic}
     uint ConcGCThreads                            = 3                                         {product} {ergonomic}
     uint G1ConcRefinementThreads                  = 10                                        {product} {ergonomic}
   size_t G1HeapRegionSize                         = 4194304                                   {product} {ergonomic}
    uintx GCDrainStackTargetSize                   = 64                                        {product} {ergonomic}
   size_t InitialHeapSize                          = 536870912                                 {product} {ergonomic}
   size_t MarkStackSize                            = 4194304                                   {product} {ergonomic}
   size_t MaxHeapSize                              = 8552185856                                {product} {ergonomic}
   size_t MaxNewSize                               = 5129633792                                {product} {ergonomic}
   size_t MinHeapDeltaBytes                        = 4194304                                   {product} {ergonomic}
   size_t MinHeapSize                              = 8388608                                   {product} {ergonomic}
    uintx NonNMethodCodeHeapSize                   = 5839372                                {pd product} {ergonomic}
    uintx NonProfiledCodeHeapSize                  = 122909434                              {pd product} {ergonomic}
    uintx ProfiledCodeHeapSize                     = 122909434                              {pd product} {ergonomic}
    uintx ReservedCodeCacheSize                    = 251658240                              {pd product} {ergonomic}
     bool SegmentedCodeCache                       = true                                      {product} {ergonomic}
   size_t SoftMaxHeapSize                          = 8552185856                             {manageable} {ergonomic}
     bool UseCompressedOops                        = true                           {product lp64_product} {ergonomic}
     bool UseG1GC                                  = true                                      {product} {ergonomic}
     bool UseLargePagesIndividualAllocation        = false                                  {pd product} {ergonomic}

Logging:
Log output configuration:
 #0: stdout all=warning uptime,level,tags foldmultilines=false
 #1: stderr all=off uptime,level,tags foldmultilines=false

Environment Variables:
PATH=C:\VulkanSDK\1.3.275.0\Bin;C:\Program Files\Common Files\Oracle\Java\javapath;C:\VulkanSDK\1.3.268.0\Bin;C:\Windows\system32;C:\Windows;C:\Windows\System32\Wbem;C:\Windows\System32\WindowsPowerShell\v1.0\;C:\Windows\System32\OpenSSH\;C:\Program Files\dotnet\;C:\Program Files (x86)\Windows Kits\10\Windows Performance Toolkit\;C:\Program Files\Git\cmd;C:\Program Files\Git\mingw64\bin;C:\Program Files\Git\usr\bin;C:\Users\nik\AppData\Local\Microsoft\WindowsApps;C:\Users\nik\.dotnet\tools;C:\Program Files\JetBrains\IntelliJ IDEA 2023.3.3\bin;
USERNAME=nik
OS=Windows_NT
PROCESSOR_IDENTIFIER=Intel64 Family 6 Model 165 Stepping 5, GenuineIntel
TMP=C:\Users\nik\AppData\Local\Temp
TEMP=C:\Users\nik\AppData\Local\Temp




Periodic native trim disabled

---------------  S Y S T E M  ---------------

OS:
 Windows 10 , 64 bit Build 19041 (10.0.19041.3636)
OS uptime: 8 days 12:37 hours

CPU: total 12 (initial active 12) (6 cores per cpu, 2 threads per core) family 6 model 165 stepping 5 microcode 0xe2, cx8, cmov, fxsr, ht, mmx, 3dnowpref, sse, sse2, sse3, ssse3, sse4.1, sse4.2, popcnt, lzcnt, tsc, tscinvbit, avx, avx2, aes, erms, clmul, bmi1, bmi2, adx, fma, vzeroupper, clflush, clflushopt, rdtscp, f16c, pku
Processor Information for all 12 processors :
  Max Mhz: 4104, Current Mhz: 4104, Mhz Limit: 4104

Memory: 4k page, system-wide physical 32616M (11841M free)
TotalPageFile size 47976M (AvailPageFile size 6412M)
current process WorkingSet (physical memory assigned to process): 109M, peak: 113M
current process commit charge ("private bytes"): 665M, peak: 669M

vm_info: OpenJDK 64-Bit Server VM (21.0.2+13-58) for windows-amd64 JRE (21.0.2+13-58), built on 2024-01-05T18:32:24Z by "mach5one" with MS VC++ 17.1 (VS2022)

END.
