#
# A fatal error has been detected by the Java Runtime Environment:
#
#  EXCEPTION_ACCESS_VIOLATION (0xc0000005) at pc=0x00007ffcc4b88a1d, pid=25488, tid=42524
#
# JRE version: Java(TM) SE Runtime Environment (18.0.2.1+1) (build 18.0.2.1+1-1)
# Java VM: Java HotSpot(TM) 64-Bit Server VM (18.0.2.1+1-1, mixed mode, sharing, tiered, compressed oops, compressed class ptrs, g1 gc, windows-amd64)
# Problematic frame:
# C  [kgfx.dll+0x38a1d]
#
# No core dump will be written. Minidumps are not enabled by default on client versions of Windows
#
# If you would like to submit a bug report, please visit:
#   https://bugreport.java.com/bugreport/crash.jsp
# The crash happened outside the Java Virtual Machine in native code.
# See problematic frame for where to report the bug.
#

---------------  S U M M A R Y ------------

Command Line: C:\Users\nik\source\repos\kgfx\kgfx\java\project.jar > C:\Users\nik\source\repos\kgfx\kgfx\java\test.lob

Host: 11th Gen Intel(R) Core(TM) i5-11400F @ 2.60GHz, 12 cores, 63G,  Windows 10 , 64 bit Build 19041 (10.0.19041.3636)
Time: Wed Mar  6 21:30:34 2024 Eastern Standard Time elapsed time: 0.240512 seconds (0d 0h 0m 0s)

---------------  T H R E A D  ---------------

Current thread (0x00000164fabdc540):  JavaThread "main" [_thread_in_native, id=42524, stack(0x000000064df00000,0x000000064e000000)]

Stack: [0x000000064df00000,0x000000064e000000],  sp=0x000000064dffdab0,  free space=1014k
Native frames: (J=compiled Java code, j=interpreted, Vv=VM code, C=native code)
C  [kgfx.dll+0x38a1d]

Java frames: (J=compiled Java code, j=interpreted, Vv=VM code)
j  com.krisvers.kgfx.KGFXjni.createPipeline(J[JLcom/krisvers/kgfx/KGFXpipelinelayout;IIII)J+0
j  Main.main([Ljava/lang/String;)V+265
v  ~StubRoutines::call_stub

siginfo: EXCEPTION_ACCESS_VIOLATION (0xc0000005), reading address 0x0000000000000000


Register to memory mapping:

RIP=0x00007ffcc4b88a1d kgfx.dll
RAX=0x000000064dffe458 is pointing into the stack for thread: 0x00000164fabdc540
RBX=0x00000164fabdc7d0 points into unknown readable memory: 0x00000164fb699590 | 90 95 69 fb 64 01 00 00
RCX=0x0 is NULL
RDX=0x0 is NULL
RSP=0x000000064dffdab0 is pointing into the stack for thread: 0x00000164fabdc540
RBP=0x000000064dffdaf0 is pointing into the stack for thread: 0x00000164fabdc540
RSI=0x000000064dffebc8 is pointing into the stack for thread: 0x00000164fabdc540
RDI=0x000000064dffe3e8 is pointing into the stack for thread: 0x00000164fabdc540
R8 =0x000000064dffd860 is pointing into the stack for thread: 0x00000164fabdc540
R9 =0x0 is NULL
R10=0x0 is NULL
R11=0x00000164fb71b3a0 points into unknown readable memory: 0x00000164fb74a700 | 00 a7 74 fb 64 01 00 00
R12=0x00000164fb214130 points into unknown readable memory: 0x0000000000000000 | 00 00 00 00 00 00 00 00
R13=0x0 is NULL
R14=0x00000164fb2192d8 points into unknown readable memory: 0x00000001ead57710 | 10 77 d5 ea 01 00 00 00
R15=0x000000064dfff050 is pointing into the stack for thread: 0x00000164fabdc540


Registers:
RAX=0x000000064dffe458, RBX=0x00000164fabdc7d0, RCX=0x0000000000000000, RDX=0x0000000000000000
RSP=0x000000064dffdab0, RBP=0x000000064dffdaf0, RSI=0x000000064dffebc8, RDI=0x000000064dffe3e8
R8 =0x000000064dffd860, R9 =0x0000000000000000, R10=0x0000000000000000, R11=0x00000164fb71b3a0
R12=0x00000164fb214130, R13=0x0000000000000000, R14=0x00000164fb2192d8, R15=0x000000064dfff050
RIP=0x00007ffcc4b88a1d, EFLAGS=0x0000000000010202

Top of Stack: (sp=0x000000064dffdab0)
0x000000064dffdab0:   000000064dffe458 0000000000000000
0x000000064dffdac0:   000000064dffe9d4 000000064dffdb00
0x000000064dffdad0:   000000064dffdb30 0000000000000000
0x000000064dffdae0:   0000000000000001 00007ffd175b2390
0x000000064dffdaf0:   00000001cccccccc cccccccccccccccc
0x000000064dffdb00:   cccccccccccccccc cccccccccccccccc
0x000000064dffdb10:   00000008cccccccc cccccccccccccccc
0x000000064dffdb20:   cccccccccccccccc cccccccccccccccc
0x000000064dffdb30:   00000001cccccccc cccccccccccccccc
0x000000064dffdb40:   cccccccccccccccc cccccccccccccccc
0x000000064dffdb50:   00000001cccccccc cccccccccccccccc
0x000000064dffdb60:   cccccccccccccccc cccccccccccccccc
0x000000064dffdb70:   cccccccccccccccc 00000164fb744760
0x000000064dffdb80:   00000164fb74a940 00000164fb74a960
0x000000064dffdb90:   00000164fb74a960 cccccccccccccccc
0x000000064dffdba0:   cccccccccccccccc cccccccccccccccc 

Instructions: (pc=0x00007ffcc4b88a1d)
0x00007ffcc4b8891d:   b9 34 00 00 00 f3 a4 48 8d 8d 88 00 00 00 e8 3e
0x00007ffcc4b8892d:   fc fd ff 48 89 85 c8 10 00 00 48 8d 8d 88 00 00
0x00007ffcc4b8893d:   00 e8 4b ff fd ff 89 85 d0 10 00 00 48 8d 85 e8
0x00007ffcc4b8894d:   08 00 00 48 8d 8d c8 10 00 00 48 8b f8 48 8b f1
0x00007ffcc4b8895d:   b9 10 00 00 00 f3 a4 48 8b 85 08 12 00 00 83 78
0x00007ffcc4b8896d:   3c 00 75 0c c7 85 a4 11 00 00 01 00 00 00 eb 2f
0x00007ffcc4b8897d:   48 8b 85 08 12 00 00 83 78 3c 01 75 0c c7 85 a8
0x00007ffcc4b8898d:   11 00 00 02 00 00 00 eb 0a c7 85 a8 11 00 00 03
0x00007ffcc4b8899d:   00 00 00 8b 85 a8 11 00 00 89 85 a4 11 00 00 8b
0x00007ffcc4b889ad:   85 a4 11 00 00 89 85 fc 08 00 00 c7 85 00 09 00
0x00007ffcc4b889bd:   00 01 00 00 00 b8 04 00 00 00 48 6b c0 00 c7 84
0x00007ffcc4b889cd:   05 04 09 00 00 1c 00 00 00 c7 85 24 09 00 00 00
0x00007ffcc4b889dd:   00 00 00 c7 85 28 09 00 00 01 00 00 00 c7 85 2c
0x00007ffcc4b889ed:   09 00 00 00 00 00 00 48 8d 8d 68 09 00 00 e8 d7
0x00007ffcc4b889fd:   f6 fd ff 48 8b 8d 00 12 00 00 48 8b 49 28 48 8b
0x00007ffcc4b88a0d:   95 00 12 00 00 48 8b 52 28 48 89 95 a8 11 00 00
0x00007ffcc4b88a1d:   48 8b 09 48 89 8d b0 11 00 00 4c 8b c8 4c 8d 05
0x00007ffcc4b88a2d:   57 de 01 00 48 8d 95 c0 06 00 00 48 8b 85 a8 11
0x00007ffcc4b88a3d:   00 00 48 8b c8 48 8b 85 b0 11 00 00 ff 50 50 89
0x00007ffcc4b88a4d:   85 64 04 00 00 83 bd 64 04 00 00 00 0f 8d a9 00
0x00007ffcc4b88a5d:   00 00 48 8d 0d aa df 01 00 e8 45 27 00 00 48 8b
0x00007ffcc4b88a6d:   85 28 04 00 00 48 89 85 f8 10 00 00 48 83 bd f8
0x00007ffcc4b88a7d:   10 00 00 00 74 1a ba 01 00 00 00 48 8b 8d f8 10
0x00007ffcc4b88a8d:   00 00 e8 01 fc fd ff 48 89 85 a8 11 00 00 eb 0b
0x00007ffcc4b88a9d:   48 c7 85 a8 11 00 00 00 00 00 00 48 8b 85 00 12
0x00007ffcc4b88aad:   00 00 48 8b 40 68 48 39 85 48 04 00 00 74 29 48
0x00007ffcc4b88abd:   83 bd 48 04 00 00 00 74 1f 48 8b 85 48 04 00 00
0x00007ffcc4b88acd:   48 8b 00 48 8b 8d 48 04 00 00 ff 50 10 48 c7 85
0x00007ffcc4b88add:   48 04 00 00 00 00 00 00 48 c7 85 18 11 00 00 00
0x00007ffcc4b88aed:   00 00 00 48 8d 8d 88 00 00 00 e8 75 01 fe ff 48
0x00007ffcc4b88afd:   8b 85 18 11 00 00 e9 28 02 00 00 48 8d 8d 88 09
0x00007ffcc4b88b0d:   00 00 e8 c1 fc fd ff 48 8b 8d 00 12 00 00 48 8b 


Stack slot to memory mapping:
stack at sp + 0 slots: 0x000000064dffe458 is pointing into the stack for thread: 0x00000164fabdc540
stack at sp + 1 slots: 0x0 is NULL
stack at sp + 2 slots: 0x000000064dffe9d4 is pointing into the stack for thread: 0x00000164fabdc540
stack at sp + 3 slots: 0x000000064dffdb00 is pointing into the stack for thread: 0x00000164fabdc540
stack at sp + 4 slots: 0x000000064dffdb30 is pointing into the stack for thread: 0x00000164fabdc540
stack at sp + 5 slots: 0x0 is NULL
stack at sp + 6 slots: 0x0000000000000001 is an unknown value
stack at sp + 7 slots: 0x00007ffd175b2390 java.dll


---------------  P R O C E S S  ---------------

Threads class SMR info:
_java_thread_list=0x00000164fb45be00, length=13, elements={
0x00000164fabdc540, 0x00000164fb21a3b0, 0x00000164fb21ac80, 0x00000164fb227bc0,
0x00000164fb2380d0, 0x00000164fb22a750, 0x00000164fb228a70, 0x00000164fb25d880,
0x00000164fb266e90, 0x00000164fb235b30, 0x00000164fb22b5c0, 0x00000164fb22ba90,
0x00000164fb5d5230
}

Java Threads: ( => current thread )
=>0x00000164fabdc540 JavaThread "main" [_thread_in_native, id=42524, stack(0x000000064df00000,0x000000064e000000)]
  0x00000164fb21a3b0 JavaThread "Reference Handler" daemon [_thread_blocked, id=18516, stack(0x000000064ea00000,0x000000064eb00000)]
  0x00000164fb21ac80 JavaThread "Finalizer" daemon [_thread_blocked, id=11864, stack(0x000000064eb00000,0x000000064ec00000)]
  0x00000164fb227bc0 JavaThread "Signal Dispatcher" daemon [_thread_blocked, id=39256, stack(0x000000064ec00000,0x000000064ed00000)]
  0x00000164fb2380d0 JavaThread "Attach Listener" daemon [_thread_blocked, id=18152, stack(0x000000064ed00000,0x000000064ee00000)]
  0x00000164fb22a750 JavaThread "Service Thread" daemon [_thread_blocked, id=3104, stack(0x000000064ef00000,0x000000064f000000)]
  0x00000164fb228a70 JavaThread "Monitor Deflation Thread" daemon [_thread_blocked, id=42052, stack(0x000000064f000000,0x000000064f100000)]
  0x00000164fb25d880 JavaThread "C2 CompilerThread0" daemon [_thread_blocked, id=15560, stack(0x000000064f100000,0x000000064f200000)]
  0x00000164fb266e90 JavaThread "C1 CompilerThread0" daemon [_thread_blocked, id=15088, stack(0x000000064f200000,0x000000064f300000)]
  0x00000164fb235b30 JavaThread "Sweeper thread" daemon [_thread_blocked, id=25912, stack(0x000000064f300000,0x000000064f400000)]
  0x00000164fb22b5c0 JavaThread "Notification Thread" daemon [_thread_blocked, id=16496, stack(0x000000064f400000,0x000000064f500000)]
  0x00000164fb22ba90 JavaThread "Common-Cleaner" daemon [_thread_blocked, id=41976, stack(0x000000064f600000,0x000000064f700000)]
  0x00000164fb5d5230 JavaThread "C2 CompilerThread1" daemon [_thread_blocked, id=42116, stack(0x000000064f700000,0x000000064f800000)]

Other Threads:
  0x00000164fb02dc10 VMThread "VM Thread" [stack: 0x000000064e900000,0x000000064ea00000] [id=1496]
  0x00000164fb3eeb60 WatcherThread "VM Periodic Task Thread" [stack: 0x000000064f500000,0x000000064f600000] [id=42216]
  0x00000164fb00fa10 WorkerThread "GC Thread#0" [stack: 0x000000064e400000,0x000000064e500000] [id=21380]
  0x00000164fb0206d0 ConcurrentGCThread "G1 Main Marker" [stack: 0x000000064e500000,0x000000064e600000] [id=21456]
  0x00000164fb020ed0 WorkerThread "G1 Conc#0" [stack: 0x000000064e600000,0x000000064e700000] [id=42084]
  0x00000164fb0d1b30 ConcurrentGCThread "G1 Refine#0" [stack: 0x000000064e700000,0x000000064e800000] [id=42676]
  0x00000164fb0d2350 ConcurrentGCThread "G1 Service" [stack: 0x000000064e800000,0x000000064e900000] [id=24004]

Threads with active compile tasks:

VM state: not at safepoint (normal execution)

VM Mutex/Monitor currently owned by a thread: None

Heap address: 0x00000001ab000000, size: 16352 MB, Compressed Oops mode: Zero based, Oop shift amount: 3

CDS archive(s) mapped at: [0x0000000800000000-0x0000000800ba0000-0x0000000800ba0000), size 12189696, SharedBaseAddress: 0x0000000800000000, ArchiveRelocationMode: 0.
Compressed class space mapped at: 0x0000000800c00000-0x0000000840c00000, reserved size: 1073741824
Narrow klass base: 0x0000000800000000, Narrow klass shift: 0, Narrow klass range: 0x100000000

GC Precious Log:
 CardTable entry size: 512
 Card Set container configuration: InlinePtr #cards 4 size 8 Array Of Cards #cards 64 size 144 Howl #buckets 8 coarsen threshold 14745 Howl Bitmap #cards 2048 size 272 coarsen threshold 1843 Card regions per heap region 1 cards per card region 16384
 CPUs: 12 total, 12 available
 Memory: 65400M
 Large Page Support: Disabled
 NUMA Support: Disabled
 Compressed Oops: Enabled (Zero based)
 Heap Region Size: 8M
 Heap Min Capacity: 8M
 Heap Initial Capacity: 1G
 Heap Max Capacity: 16352M
 Pre-touch: Disabled
 Parallel Workers: 10
 Concurrent Workers: 3
 Concurrent Refinement Workers: 10
 Periodic GC: Disabled

Heap:
 garbage-first heap   total 1048576K, used 0K [0x00000001ab000000, 0x00000005a9000000)
  region size 8192K, 1 young (8192K), 0 survivors (0K)
 Metaspace       used 2288K, committed 2496K, reserved 1114112K
  class space    used 170K, committed 256K, reserved 1048576K

Heap Regions: E=young(eden), S=young(survivor), O=old, HS=humongous(starts), HC=humongous(continues), CS=collection set, F=free, OA=open archive, CA=closed archive, TAMS=top-at-mark-start (previous, next)
|   0|0x00000001ab000000, 0x00000001ab000000, 0x00000001ab800000|  0%| F|  |TAMS 0x00000001ab000000, 0x00000001ab000000| Untracked 
|   1|0x00000001ab800000, 0x00000001ab800000, 0x00000001ac000000|  0%| F|  |TAMS 0x00000001ab800000, 0x00000001ab800000| Untracked 
|   2|0x00000001ac000000, 0x00000001ac000000, 0x00000001ac800000|  0%| F|  |TAMS 0x00000001ac000000, 0x00000001ac000000| Untracked 
|   3|0x00000001ac800000, 0x00000001ac800000, 0x00000001ad000000|  0%| F|  |TAMS 0x00000001ac800000, 0x00000001ac800000| Untracked 
|   4|0x00000001ad000000, 0x00000001ad000000, 0x00000001ad800000|  0%| F|  |TAMS 0x00000001ad000000, 0x00000001ad000000| Untracked 
|   5|0x00000001ad800000, 0x00000001ad800000, 0x00000001ae000000|  0%| F|  |TAMS 0x00000001ad800000, 0x00000001ad800000| Untracked 
|   6|0x00000001ae000000, 0x00000001ae000000, 0x00000001ae800000|  0%| F|  |TAMS 0x00000001ae000000, 0x00000001ae000000| Untracked 
|   7|0x00000001ae800000, 0x00000001ae800000, 0x00000001af000000|  0%| F|  |TAMS 0x00000001ae800000, 0x00000001ae800000| Untracked 
|   8|0x00000001af000000, 0x00000001af000000, 0x00000001af800000|  0%| F|  |TAMS 0x00000001af000000, 0x00000001af000000| Untracked 
|   9|0x00000001af800000, 0x00000001af800000, 0x00000001b0000000|  0%| F|  |TAMS 0x00000001af800000, 0x00000001af800000| Untracked 
|  10|0x00000001b0000000, 0x00000001b0000000, 0x00000001b0800000|  0%| F|  |TAMS 0x00000001b0000000, 0x00000001b0000000| Untracked 
|  11|0x00000001b0800000, 0x00000001b0800000, 0x00000001b1000000|  0%| F|  |TAMS 0x00000001b0800000, 0x00000001b0800000| Untracked 
|  12|0x00000001b1000000, 0x00000001b1000000, 0x00000001b1800000|  0%| F|  |TAMS 0x00000001b1000000, 0x00000001b1000000| Untracked 
|  13|0x00000001b1800000, 0x00000001b1800000, 0x00000001b2000000|  0%| F|  |TAMS 0x00000001b1800000, 0x00000001b1800000| Untracked 
|  14|0x00000001b2000000, 0x00000001b2000000, 0x00000001b2800000|  0%| F|  |TAMS 0x00000001b2000000, 0x00000001b2000000| Untracked 
|  15|0x00000001b2800000, 0x00000001b2800000, 0x00000001b3000000|  0%| F|  |TAMS 0x00000001b2800000, 0x00000001b2800000| Untracked 
|  16|0x00000001b3000000, 0x00000001b3000000, 0x00000001b3800000|  0%| F|  |TAMS 0x00000001b3000000, 0x00000001b3000000| Untracked 
|  17|0x00000001b3800000, 0x00000001b3800000, 0x00000001b4000000|  0%| F|  |TAMS 0x00000001b3800000, 0x00000001b3800000| Untracked 
|  18|0x00000001b4000000, 0x00000001b4000000, 0x00000001b4800000|  0%| F|  |TAMS 0x00000001b4000000, 0x00000001b4000000| Untracked 
|  19|0x00000001b4800000, 0x00000001b4800000, 0x00000001b5000000|  0%| F|  |TAMS 0x00000001b4800000, 0x00000001b4800000| Untracked 
|  20|0x00000001b5000000, 0x00000001b5000000, 0x00000001b5800000|  0%| F|  |TAMS 0x00000001b5000000, 0x00000001b5000000| Untracked 
|  21|0x00000001b5800000, 0x00000001b5800000, 0x00000001b6000000|  0%| F|  |TAMS 0x00000001b5800000, 0x00000001b5800000| Untracked 
|  22|0x00000001b6000000, 0x00000001b6000000, 0x00000001b6800000|  0%| F|  |TAMS 0x00000001b6000000, 0x00000001b6000000| Untracked 
|  23|0x00000001b6800000, 0x00000001b6800000, 0x00000001b7000000|  0%| F|  |TAMS 0x00000001b6800000, 0x00000001b6800000| Untracked 
|  24|0x00000001b7000000, 0x00000001b7000000, 0x00000001b7800000|  0%| F|  |TAMS 0x00000001b7000000, 0x00000001b7000000| Untracked 
|  25|0x00000001b7800000, 0x00000001b7800000, 0x00000001b8000000|  0%| F|  |TAMS 0x00000001b7800000, 0x00000001b7800000| Untracked 
|  26|0x00000001b8000000, 0x00000001b8000000, 0x00000001b8800000|  0%| F|  |TAMS 0x00000001b8000000, 0x00000001b8000000| Untracked 
|  27|0x00000001b8800000, 0x00000001b8800000, 0x00000001b9000000|  0%| F|  |TAMS 0x00000001b8800000, 0x00000001b8800000| Untracked 
|  28|0x00000001b9000000, 0x00000001b9000000, 0x00000001b9800000|  0%| F|  |TAMS 0x00000001b9000000, 0x00000001b9000000| Untracked 
|  29|0x00000001b9800000, 0x00000001b9800000, 0x00000001ba000000|  0%| F|  |TAMS 0x00000001b9800000, 0x00000001b9800000| Untracked 
|  30|0x00000001ba000000, 0x00000001ba000000, 0x00000001ba800000|  0%| F|  |TAMS 0x00000001ba000000, 0x00000001ba000000| Untracked 
|  31|0x00000001ba800000, 0x00000001ba800000, 0x00000001bb000000|  0%| F|  |TAMS 0x00000001ba800000, 0x00000001ba800000| Untracked 
|  32|0x00000001bb000000, 0x00000001bb000000, 0x00000001bb800000|  0%| F|  |TAMS 0x00000001bb000000, 0x00000001bb000000| Untracked 
|  33|0x00000001bb800000, 0x00000001bb800000, 0x00000001bc000000|  0%| F|  |TAMS 0x00000001bb800000, 0x00000001bb800000| Untracked 
|  34|0x00000001bc000000, 0x00000001bc000000, 0x00000001bc800000|  0%| F|  |TAMS 0x00000001bc000000, 0x00000001bc000000| Untracked 
|  35|0x00000001bc800000, 0x00000001bc800000, 0x00000001bd000000|  0%| F|  |TAMS 0x00000001bc800000, 0x00000001bc800000| Untracked 
|  36|0x00000001bd000000, 0x00000001bd000000, 0x00000001bd800000|  0%| F|  |TAMS 0x00000001bd000000, 0x00000001bd000000| Untracked 
|  37|0x00000001bd800000, 0x00000001bd800000, 0x00000001be000000|  0%| F|  |TAMS 0x00000001bd800000, 0x00000001bd800000| Untracked 
|  38|0x00000001be000000, 0x00000001be000000, 0x00000001be800000|  0%| F|  |TAMS 0x00000001be000000, 0x00000001be000000| Untracked 
|  39|0x00000001be800000, 0x00000001be800000, 0x00000001bf000000|  0%| F|  |TAMS 0x00000001be800000, 0x00000001be800000| Untracked 
|  40|0x00000001bf000000, 0x00000001bf000000, 0x00000001bf800000|  0%| F|  |TAMS 0x00000001bf000000, 0x00000001bf000000| Untracked 
|  41|0x00000001bf800000, 0x00000001bf800000, 0x00000001c0000000|  0%| F|  |TAMS 0x00000001bf800000, 0x00000001bf800000| Untracked 
|  42|0x00000001c0000000, 0x00000001c0000000, 0x00000001c0800000|  0%| F|  |TAMS 0x00000001c0000000, 0x00000001c0000000| Untracked 
|  43|0x00000001c0800000, 0x00000001c0800000, 0x00000001c1000000|  0%| F|  |TAMS 0x00000001c0800000, 0x00000001c0800000| Untracked 
|  44|0x00000001c1000000, 0x00000001c1000000, 0x00000001c1800000|  0%| F|  |TAMS 0x00000001c1000000, 0x00000001c1000000| Untracked 
|  45|0x00000001c1800000, 0x00000001c1800000, 0x00000001c2000000|  0%| F|  |TAMS 0x00000001c1800000, 0x00000001c1800000| Untracked 
|  46|0x00000001c2000000, 0x00000001c2000000, 0x00000001c2800000|  0%| F|  |TAMS 0x00000001c2000000, 0x00000001c2000000| Untracked 
|  47|0x00000001c2800000, 0x00000001c2800000, 0x00000001c3000000|  0%| F|  |TAMS 0x00000001c2800000, 0x00000001c2800000| Untracked 
|  48|0x00000001c3000000, 0x00000001c3000000, 0x00000001c3800000|  0%| F|  |TAMS 0x00000001c3000000, 0x00000001c3000000| Untracked 
|  49|0x00000001c3800000, 0x00000001c3800000, 0x00000001c4000000|  0%| F|  |TAMS 0x00000001c3800000, 0x00000001c3800000| Untracked 
|  50|0x00000001c4000000, 0x00000001c4000000, 0x00000001c4800000|  0%| F|  |TAMS 0x00000001c4000000, 0x00000001c4000000| Untracked 
|  51|0x00000001c4800000, 0x00000001c4800000, 0x00000001c5000000|  0%| F|  |TAMS 0x00000001c4800000, 0x00000001c4800000| Untracked 
|  52|0x00000001c5000000, 0x00000001c5000000, 0x00000001c5800000|  0%| F|  |TAMS 0x00000001c5000000, 0x00000001c5000000| Untracked 
|  53|0x00000001c5800000, 0x00000001c5800000, 0x00000001c6000000|  0%| F|  |TAMS 0x00000001c5800000, 0x00000001c5800000| Untracked 
|  54|0x00000001c6000000, 0x00000001c6000000, 0x00000001c6800000|  0%| F|  |TAMS 0x00000001c6000000, 0x00000001c6000000| Untracked 
|  55|0x00000001c6800000, 0x00000001c6800000, 0x00000001c7000000|  0%| F|  |TAMS 0x00000001c6800000, 0x00000001c6800000| Untracked 
|  56|0x00000001c7000000, 0x00000001c7000000, 0x00000001c7800000|  0%| F|  |TAMS 0x00000001c7000000, 0x00000001c7000000| Untracked 
|  57|0x00000001c7800000, 0x00000001c7800000, 0x00000001c8000000|  0%| F|  |TAMS 0x00000001c7800000, 0x00000001c7800000| Untracked 
|  58|0x00000001c8000000, 0x00000001c8000000, 0x00000001c8800000|  0%| F|  |TAMS 0x00000001c8000000, 0x00000001c8000000| Untracked 
|  59|0x00000001c8800000, 0x00000001c8800000, 0x00000001c9000000|  0%| F|  |TAMS 0x00000001c8800000, 0x00000001c8800000| Untracked 
|  60|0x00000001c9000000, 0x00000001c9000000, 0x00000001c9800000|  0%| F|  |TAMS 0x00000001c9000000, 0x00000001c9000000| Untracked 
|  61|0x00000001c9800000, 0x00000001c9800000, 0x00000001ca000000|  0%| F|  |TAMS 0x00000001c9800000, 0x00000001c9800000| Untracked 
|  62|0x00000001ca000000, 0x00000001ca000000, 0x00000001ca800000|  0%| F|  |TAMS 0x00000001ca000000, 0x00000001ca000000| Untracked 
|  63|0x00000001ca800000, 0x00000001ca800000, 0x00000001cb000000|  0%| F|  |TAMS 0x00000001ca800000, 0x00000001ca800000| Untracked 
|  64|0x00000001cb000000, 0x00000001cb000000, 0x00000001cb800000|  0%| F|  |TAMS 0x00000001cb000000, 0x00000001cb000000| Untracked 
|  65|0x00000001cb800000, 0x00000001cb800000, 0x00000001cc000000|  0%| F|  |TAMS 0x00000001cb800000, 0x00000001cb800000| Untracked 
|  66|0x00000001cc000000, 0x00000001cc000000, 0x00000001cc800000|  0%| F|  |TAMS 0x00000001cc000000, 0x00000001cc000000| Untracked 
|  67|0x00000001cc800000, 0x00000001cc800000, 0x00000001cd000000|  0%| F|  |TAMS 0x00000001cc800000, 0x00000001cc800000| Untracked 
|  68|0x00000001cd000000, 0x00000001cd000000, 0x00000001cd800000|  0%| F|  |TAMS 0x00000001cd000000, 0x00000001cd000000| Untracked 
|  69|0x00000001cd800000, 0x00000001cd800000, 0x00000001ce000000|  0%| F|  |TAMS 0x00000001cd800000, 0x00000001cd800000| Untracked 
|  70|0x00000001ce000000, 0x00000001ce000000, 0x00000001ce800000|  0%| F|  |TAMS 0x00000001ce000000, 0x00000001ce000000| Untracked 
|  71|0x00000001ce800000, 0x00000001ce800000, 0x00000001cf000000|  0%| F|  |TAMS 0x00000001ce800000, 0x00000001ce800000| Untracked 
|  72|0x00000001cf000000, 0x00000001cf000000, 0x00000001cf800000|  0%| F|  |TAMS 0x00000001cf000000, 0x00000001cf000000| Untracked 
|  73|0x00000001cf800000, 0x00000001cf800000, 0x00000001d0000000|  0%| F|  |TAMS 0x00000001cf800000, 0x00000001cf800000| Untracked 
|  74|0x00000001d0000000, 0x00000001d0000000, 0x00000001d0800000|  0%| F|  |TAMS 0x00000001d0000000, 0x00000001d0000000| Untracked 
|  75|0x00000001d0800000, 0x00000001d0800000, 0x00000001d1000000|  0%| F|  |TAMS 0x00000001d0800000, 0x00000001d0800000| Untracked 
|  76|0x00000001d1000000, 0x00000001d1000000, 0x00000001d1800000|  0%| F|  |TAMS 0x00000001d1000000, 0x00000001d1000000| Untracked 
|  77|0x00000001d1800000, 0x00000001d1800000, 0x00000001d2000000|  0%| F|  |TAMS 0x00000001d1800000, 0x00000001d1800000| Untracked 
|  78|0x00000001d2000000, 0x00000001d2000000, 0x00000001d2800000|  0%| F|  |TAMS 0x00000001d2000000, 0x00000001d2000000| Untracked 
|  79|0x00000001d2800000, 0x00000001d2800000, 0x00000001d3000000|  0%| F|  |TAMS 0x00000001d2800000, 0x00000001d2800000| Untracked 
|  80|0x00000001d3000000, 0x00000001d3000000, 0x00000001d3800000|  0%| F|  |TAMS 0x00000001d3000000, 0x00000001d3000000| Untracked 
|  81|0x00000001d3800000, 0x00000001d3800000, 0x00000001d4000000|  0%| F|  |TAMS 0x00000001d3800000, 0x00000001d3800000| Untracked 
|  82|0x00000001d4000000, 0x00000001d4000000, 0x00000001d4800000|  0%| F|  |TAMS 0x00000001d4000000, 0x00000001d4000000| Untracked 
|  83|0x00000001d4800000, 0x00000001d4800000, 0x00000001d5000000|  0%| F|  |TAMS 0x00000001d4800000, 0x00000001d4800000| Untracked 
|  84|0x00000001d5000000, 0x00000001d5000000, 0x00000001d5800000|  0%| F|  |TAMS 0x00000001d5000000, 0x00000001d5000000| Untracked 
|  85|0x00000001d5800000, 0x00000001d5800000, 0x00000001d6000000|  0%| F|  |TAMS 0x00000001d5800000, 0x00000001d5800000| Untracked 
|  86|0x00000001d6000000, 0x00000001d6000000, 0x00000001d6800000|  0%| F|  |TAMS 0x00000001d6000000, 0x00000001d6000000| Untracked 
|  87|0x00000001d6800000, 0x00000001d6800000, 0x00000001d7000000|  0%| F|  |TAMS 0x00000001d6800000, 0x00000001d6800000| Untracked 
|  88|0x00000001d7000000, 0x00000001d7000000, 0x00000001d7800000|  0%| F|  |TAMS 0x00000001d7000000, 0x00000001d7000000| Untracked 
|  89|0x00000001d7800000, 0x00000001d7800000, 0x00000001d8000000|  0%| F|  |TAMS 0x00000001d7800000, 0x00000001d7800000| Untracked 
|  90|0x00000001d8000000, 0x00000001d8000000, 0x00000001d8800000|  0%| F|  |TAMS 0x00000001d8000000, 0x00000001d8000000| Untracked 
|  91|0x00000001d8800000, 0x00000001d8800000, 0x00000001d9000000|  0%| F|  |TAMS 0x00000001d8800000, 0x00000001d8800000| Untracked 
|  92|0x00000001d9000000, 0x00000001d9000000, 0x00000001d9800000|  0%| F|  |TAMS 0x00000001d9000000, 0x00000001d9000000| Untracked 
|  93|0x00000001d9800000, 0x00000001d9800000, 0x00000001da000000|  0%| F|  |TAMS 0x00000001d9800000, 0x00000001d9800000| Untracked 
|  94|0x00000001da000000, 0x00000001da000000, 0x00000001da800000|  0%| F|  |TAMS 0x00000001da000000, 0x00000001da000000| Untracked 
|  95|0x00000001da800000, 0x00000001da800000, 0x00000001db000000|  0%| F|  |TAMS 0x00000001da800000, 0x00000001da800000| Untracked 
|  96|0x00000001db000000, 0x00000001db000000, 0x00000001db800000|  0%| F|  |TAMS 0x00000001db000000, 0x00000001db000000| Untracked 
|  97|0x00000001db800000, 0x00000001db800000, 0x00000001dc000000|  0%| F|  |TAMS 0x00000001db800000, 0x00000001db800000| Untracked 
|  98|0x00000001dc000000, 0x00000001dc000000, 0x00000001dc800000|  0%| F|  |TAMS 0x00000001dc000000, 0x00000001dc000000| Untracked 
|  99|0x00000001dc800000, 0x00000001dc800000, 0x00000001dd000000|  0%| F|  |TAMS 0x00000001dc800000, 0x00000001dc800000| Untracked 
| 100|0x00000001dd000000, 0x00000001dd000000, 0x00000001dd800000|  0%| F|  |TAMS 0x00000001dd000000, 0x00000001dd000000| Untracked 
| 101|0x00000001dd800000, 0x00000001dd800000, 0x00000001de000000|  0%| F|  |TAMS 0x00000001dd800000, 0x00000001dd800000| Untracked 
| 102|0x00000001de000000, 0x00000001de000000, 0x00000001de800000|  0%| F|  |TAMS 0x00000001de000000, 0x00000001de000000| Untracked 
| 103|0x00000001de800000, 0x00000001de800000, 0x00000001df000000|  0%| F|  |TAMS 0x00000001de800000, 0x00000001de800000| Untracked 
| 104|0x00000001df000000, 0x00000001df000000, 0x00000001df800000|  0%| F|  |TAMS 0x00000001df000000, 0x00000001df000000| Untracked 
| 105|0x00000001df800000, 0x00000001df800000, 0x00000001e0000000|  0%| F|  |TAMS 0x00000001df800000, 0x00000001df800000| Untracked 
| 106|0x00000001e0000000, 0x00000001e0000000, 0x00000001e0800000|  0%| F|  |TAMS 0x00000001e0000000, 0x00000001e0000000| Untracked 
| 107|0x00000001e0800000, 0x00000001e0800000, 0x00000001e1000000|  0%| F|  |TAMS 0x00000001e0800000, 0x00000001e0800000| Untracked 
| 108|0x00000001e1000000, 0x00000001e1000000, 0x00000001e1800000|  0%| F|  |TAMS 0x00000001e1000000, 0x00000001e1000000| Untracked 
| 109|0x00000001e1800000, 0x00000001e1800000, 0x00000001e2000000|  0%| F|  |TAMS 0x00000001e1800000, 0x00000001e1800000| Untracked 
| 110|0x00000001e2000000, 0x00000001e2000000, 0x00000001e2800000|  0%| F|  |TAMS 0x00000001e2000000, 0x00000001e2000000| Untracked 
| 111|0x00000001e2800000, 0x00000001e2800000, 0x00000001e3000000|  0%| F|  |TAMS 0x00000001e2800000, 0x00000001e2800000| Untracked 
| 112|0x00000001e3000000, 0x00000001e3000000, 0x00000001e3800000|  0%| F|  |TAMS 0x00000001e3000000, 0x00000001e3000000| Untracked 
| 113|0x00000001e3800000, 0x00000001e3800000, 0x00000001e4000000|  0%| F|  |TAMS 0x00000001e3800000, 0x00000001e3800000| Untracked 
| 114|0x00000001e4000000, 0x00000001e4000000, 0x00000001e4800000|  0%| F|  |TAMS 0x00000001e4000000, 0x00000001e4000000| Untracked 
| 115|0x00000001e4800000, 0x00000001e4800000, 0x00000001e5000000|  0%| F|  |TAMS 0x00000001e4800000, 0x00000001e4800000| Untracked 
| 116|0x00000001e5000000, 0x00000001e5000000, 0x00000001e5800000|  0%| F|  |TAMS 0x00000001e5000000, 0x00000001e5000000| Untracked 
| 117|0x00000001e5800000, 0x00000001e5800000, 0x00000001e6000000|  0%| F|  |TAMS 0x00000001e5800000, 0x00000001e5800000| Untracked 
| 118|0x00000001e6000000, 0x00000001e6000000, 0x00000001e6800000|  0%| F|  |TAMS 0x00000001e6000000, 0x00000001e6000000| Untracked 
| 119|0x00000001e6800000, 0x00000001e6800000, 0x00000001e7000000|  0%| F|  |TAMS 0x00000001e6800000, 0x00000001e6800000| Untracked 
| 120|0x00000001e7000000, 0x00000001e7000000, 0x00000001e7800000|  0%| F|  |TAMS 0x00000001e7000000, 0x00000001e7000000| Untracked 
| 121|0x00000001e7800000, 0x00000001e7800000, 0x00000001e8000000|  0%| F|  |TAMS 0x00000001e7800000, 0x00000001e7800000| Untracked 
| 122|0x00000001e8000000, 0x00000001e8000000, 0x00000001e8800000|  0%| F|  |TAMS 0x00000001e8000000, 0x00000001e8000000| Untracked 
| 123|0x00000001e8800000, 0x00000001e8800000, 0x00000001e9000000|  0%| F|  |TAMS 0x00000001e8800000, 0x00000001e8800000| Untracked 
| 124|0x00000001e9000000, 0x00000001e9000000, 0x00000001e9800000|  0%| F|  |TAMS 0x00000001e9000000, 0x00000001e9000000| Untracked 
| 125|0x00000001e9800000, 0x00000001e9800000, 0x00000001ea000000|  0%| F|  |TAMS 0x00000001e9800000, 0x00000001e9800000| Untracked 
| 126|0x00000001ea000000, 0x00000001ea000000, 0x00000001ea800000|  0%| F|  |TAMS 0x00000001ea000000, 0x00000001ea000000| Untracked 
| 127|0x00000001ea800000, 0x00000001eadc4a40, 0x00000001eb000000| 72%| E|  |TAMS 0x00000001ea800000, 0x00000001ea800000| Complete 

Card table byte_map: [0x0000016496870000,0x0000016498860000] _byte_map_base: 0x0000016495b18000

Marking Bits (Prev, Next): (CMBitMap*) 0x00000164fb00fe20, (CMBitMap*) 0x00000164fb00fe60
 Prev Bits: [0x000001649a850000, 0x00000164aa7d0000)
 Next Bits: [0x00000164aa7d0000, 0x00000164ba750000)

Polling page: 0x00000164f7de0000

Metaspace:

Usage:
  Non-class:      2.07 MB used.
      Class:    170.80 KB used.
       Both:      2.24 MB used.

Virtual space:
  Non-class space:       64.00 MB reserved,       2.19 MB (  3%) committed,  1 nodes.
      Class space:        1.00 GB reserved,     256.00 KB ( <1%) committed,  1 nodes.
             Both:        1.06 GB reserved,       2.44 MB ( <1%) committed. 

Chunk freelists:
   Non-Class:  3.17 MB
       Class:  3.67 MB
        Both:  6.84 MB

MaxMetaspaceSize: unlimited
CompressedClassSpaceSize: 1.00 GB
Initial GC threshold: 21.00 MB
Current GC threshold: 21.00 MB
CDS: on
MetaspaceReclaimPolicy: balanced
 - commit_granule_bytes: 65536.
 - commit_granule_words: 8192.
 - virtual_space_node_default_size: 8388608.
 - enlarge_chunks_in_place: 1.
 - new_chunks_are_fully_committed: 0.
 - uncommit_free_chunks: 1.
 - use_allocation_guard: 0.


Internal statistics:

num_allocs_failed_limit: 0.
num_arena_births: 62.
num_arena_deaths: 0.
num_vsnodes_births: 2.
num_vsnodes_deaths: 0.
num_space_committed: 39.
num_space_uncommitted: 0.
num_chunks_returned_to_freelist: 0.
num_chunks_taken_from_freelist: 110.
num_chunk_merges: 0.
num_chunk_splits: 71.
num_chunks_enlarged: 46.
num_inconsistent_stats: 0.

CodeHeap 'non-profiled nmethods': size=120000Kb used=124Kb max_used=124Kb free=119876Kb
 bounds [0x000001648f340000, 0x000001648f5b0000, 0x0000016496870000]
CodeHeap 'profiled nmethods': size=120000Kb used=576Kb max_used=576Kb free=119424Kb
 bounds [0x0000016487e10000, 0x0000016488080000, 0x000001648f340000]
CodeHeap 'non-nmethods': size=5760Kb used=1589Kb max_used=1603Kb free=4170Kb
 bounds [0x0000016487870000, 0x0000016487ae0000, 0x0000016487e10000]
 total_blobs=1388 nmethods=399 adapters=902
 compilation: enabled
              stopped_count=0, restarted_count=0
 full_count=0

Compilation events (20 events):
Event: 0.196 Thread 0x00000164fb266e90  390       3       java.lang.StringConcatHelper::newArray (26 bytes)
Event: 0.196 Thread 0x00000164fb266e90 nmethod 390 0x0000016487e9c110 code [0x0000016487e9c2c0, 0x0000016487e9c508]
Event: 0.196 Thread 0x00000164fb266e90  391       3       jdk.internal.misc.Unsafe::allocateUninitializedArray0 (90 bytes)
Event: 0.196 Thread 0x00000164fb266e90 nmethod 391 0x0000016487e9c610 code [0x0000016487e9c820, 0x0000016487e9d198]
Event: 0.197 Thread 0x00000164fb266e90  392       1       java.security.CodeSource::getLocationNoFragString (5 bytes)
Event: 0.197 Thread 0x00000164fb266e90 nmethod 392 0x000001648f35e710 code [0x000001648f35e8a0, 0x000001648f35e978]
Event: 0.199 Thread 0x00000164fb266e90  393       3       java.lang.String::checkBoundsOffCount (11 bytes)
Event: 0.199 Thread 0x00000164fb266e90 nmethod 393 0x0000016487e9d310 code [0x0000016487e9d4c0, 0x0000016487e9d6e8]
Event: 0.206 Thread 0x00000164fb266e90  394       3       java.io.WinNTFileSystem::normalize (143 bytes)
Event: 0.207 Thread 0x00000164fb266e90 nmethod 394 0x0000016487e9d810 code [0x0000016487e9da80, 0x0000016487e9e578]
Event: 0.207 Thread 0x00000164fb266e90  395       3       java.lang.StringLatin1::inflate (34 bytes)
Event: 0.207 Thread 0x00000164fb266e90 nmethod 395 0x0000016487e9e990 code [0x0000016487e9eb40, 0x0000016487e9ed58]
Event: 0.234 Thread 0x00000164fb266e90  396       1       java.net.URL::getFile (5 bytes)
Event: 0.234 Thread 0x00000164fb266e90 nmethod 396 0x000001648f35ea10 code [0x000001648f35eba0, 0x000001648f35ec78]
Event: 0.234 Thread 0x00000164fb266e90  397       3       java.lang.String::startsWith (138 bytes)
Event: 0.234 Thread 0x00000164fb25d880  399       4       java.lang.String::coder (15 bytes)
Event: 0.234 Thread 0x00000164fb266e90 nmethod 397 0x0000016487e9ef10 code [0x0000016487e9f120, 0x0000016487e9f9b8]
Event: 0.234 Thread 0x00000164fb266e90  398       3       java.lang.String::startsWith (7 bytes)
Event: 0.234 Thread 0x00000164fb25d880 nmethod 399 0x000001648f35ed10 code [0x000001648f35ee80, 0x000001648f35eef8]
Event: 0.234 Thread 0x00000164fb266e90 nmethod 398 0x0000016487e9fc90 code [0x0000016487e9fe20, 0x0000016487e9ff68]

GC Heap History (0 events):
No events

Deoptimization events (20 events):
Event: 0.142 Thread 0x00000164fabdc540 DEOPT PACKING pc=0x0000016487e748f2 sp=0x000000064dffde00
Event: 0.142 Thread 0x00000164fabdc540 DEOPT UNPACKING pc=0x00000164878c6763 sp=0x000000064dffd278 mode 0
Event: 0.142 Thread 0x00000164fabdc540 DEOPT PACKING pc=0x0000016487e748f2 sp=0x000000064dffde00
Event: 0.142 Thread 0x00000164fabdc540 DEOPT UNPACKING pc=0x00000164878c6763 sp=0x000000064dffd278 mode 0
Event: 0.142 Thread 0x00000164fabdc540 DEOPT PACKING pc=0x0000016487e748f2 sp=0x000000064dffde00
Event: 0.142 Thread 0x00000164fabdc540 DEOPT UNPACKING pc=0x00000164878c6763 sp=0x000000064dffd278 mode 0
Event: 0.142 Thread 0x00000164fabdc540 DEOPT PACKING pc=0x0000016487e748f2 sp=0x000000064dffde00
Event: 0.142 Thread 0x00000164fabdc540 DEOPT UNPACKING pc=0x00000164878c6763 sp=0x000000064dffd278 mode 0
Event: 0.142 Thread 0x00000164fabdc540 DEOPT PACKING pc=0x0000016487e748f2 sp=0x000000064dffde00
Event: 0.142 Thread 0x00000164fabdc540 DEOPT UNPACKING pc=0x00000164878c6763 sp=0x000000064dffd278 mode 0
Event: 0.142 Thread 0x00000164fabdc540 DEOPT PACKING pc=0x0000016487e748f2 sp=0x000000064dffde00
Event: 0.142 Thread 0x00000164fabdc540 DEOPT UNPACKING pc=0x00000164878c6763 sp=0x000000064dffd278 mode 0
Event: 0.143 Thread 0x00000164fabdc540 DEOPT PACKING pc=0x0000016487e748f2 sp=0x000000064dffde00
Event: 0.143 Thread 0x00000164fabdc540 DEOPT UNPACKING pc=0x00000164878c6763 sp=0x000000064dffd278 mode 0
Event: 0.143 Thread 0x00000164fabdc540 DEOPT PACKING pc=0x0000016487e748f2 sp=0x000000064dffde00
Event: 0.143 Thread 0x00000164fabdc540 DEOPT UNPACKING pc=0x00000164878c6763 sp=0x000000064dffd278 mode 0
Event: 0.143 Thread 0x00000164fabdc540 DEOPT PACKING pc=0x0000016487e748f2 sp=0x000000064dffde00
Event: 0.143 Thread 0x00000164fabdc540 DEOPT UNPACKING pc=0x00000164878c6763 sp=0x000000064dffd278 mode 0
Event: 0.143 Thread 0x00000164fabdc540 DEOPT PACKING pc=0x0000016487e748f2 sp=0x000000064dffde00
Event: 0.143 Thread 0x00000164fabdc540 DEOPT UNPACKING pc=0x00000164878c6763 sp=0x000000064dffd278 mode 0

Classes loaded (20 events):
Event: 0.131 Loading class java/nio/DirectCharBufferU
Event: 0.131 Loading class java/nio/DirectCharBufferU done
Event: 0.131 Loading class java/nio/DirectFloatBufferU
Event: 0.131 Loading class java/nio/DirectFloatBufferU done
Event: 0.131 Loading class java/nio/DirectDoubleBufferU
Event: 0.131 Loading class java/nio/DirectDoubleBufferU done
Event: 0.131 Loading class sun/misc/Unsafe
Event: 0.131 Loading class sun/misc/Unsafe done
Event: 0.131 Loading class java/lang/invoke/DirectMethodHandle$StaticAccessor
Event: 0.131 Loading class java/lang/invoke/DirectMethodHandle$StaticAccessor done
Event: 0.132 Loading class java/util/function/LongPredicate
Event: 0.132 Loading class java/util/function/LongPredicate done
Event: 0.133 Loading class jdk/internal/access/foreign/MemorySegmentProxy
Event: 0.134 Loading class jdk/internal/access/foreign/MemorySegmentProxy done
Event: 0.136 Loading class java/nio/InvalidMarkException
Event: 0.136 Loading class java/nio/InvalidMarkException done
Event: 0.136 Loading class java/nio/BufferUnderflowException
Event: 0.136 Loading class java/nio/BufferUnderflowException done
Event: 0.137 Loading class java/lang/IndexOutOfBoundsException
Event: 0.137 Loading class java/lang/IndexOutOfBoundsException done

Classes unloaded (0 events):
No events

Classes redefined (0 events):
No events

Internal exceptions (18 events):
Event: 0.074 Thread 0x00000164fabdc540 Exception <a 'java/lang/NoSuchMethodError'{0x00000001eab836f0}: 'void java.lang.invoke.DirectMethodHandle$Holder.invokeStatic(java.lang.Object, java.lang.Object)'> (0x00000001eab836f0) 
thrown [s\open\src\hotspot\share\interpreter\linkResolver.cpp, line 759]
Event: 0.074 Thread 0x00000164fabdc540 Exception <a 'java/lang/NoSuchMethodError'{0x00000001eab88f80}: 'void java.lang.System.load(java.lang.String, java.lang.Class)'> (0x00000001eab88f80) 
thrown [s\open\src\hotspot\share\interpreter\linkResolver.cpp, line 759]
Event: 0.074 Thread 0x00000164fabdc540 Exception <a 'java/lang/NoSuchMethodError'{0x00000001eab89bd8}: 'void java.lang.invoke.DirectMethodHandle$Holder.invokeSpecial(java.lang.Object, java.lang.Object, java.lang.Object)'> (0x00000001eab89bd8) 
thrown [s\open\src\hotspot\share\interpreter\linkResolver.cpp, line 759]
Event: 0.076 Thread 0x00000164fabdc540 Exception <a 'java/lang/NoSuchMethodError'{0x00000001eab9cf78}: 'java.lang.Object java.lang.invoke.DirectMethodHandle$Holder.invokeStatic(java.lang.Object, java.lang.Object, int)'> (0x00000001eab9cf78) 
thrown [s\open\src\hotspot\share\interpreter\linkResolver.cpp, line 759]
Event: 0.077 Thread 0x00000164fabdc540 Exception <a 'java/lang/NoSuchMethodError'{0x00000001eaba8d10}: 'void java.lang.invoke.DelegatingMethodHandle$Holder.delegate(java.lang.Object, java.lang.Object, int, java.lang.Object)'> (0x00000001eaba8d10) 
thrown [s\open\src\hotspot\share\interpreter\linkResolver.cpp, line 759]
Event: 0.077 Thread 0x00000164fabdc540 Exception <a 'java/lang/NoSuchMethodError'{0x00000001eabacf58}: 'int java.lang.invoke.DirectMethodHandle$Holder.invokeSpecial(java.lang.Object, java.lang.Object, java.lang.Object)'> (0x00000001eabacf58) 
thrown [s\open\src\hotspot\share\interpreter\linkResolver.cpp, line 759]
Event: 0.081 Thread 0x00000164fabdc540 Exception <a 'java/lang/NoSuchMethodError'{0x00000001eabc9268}: 'void java.lang.System.loadLibrary(java.lang.String, java.lang.Class)'> (0x00000001eabc9268) 
thrown [s\open\src\hotspot\share\interpreter\linkResolver.cpp, line 759]
Event: 0.097 Thread 0x00000164fabdc540 Exception <a 'sun/nio/fs/WindowsException'{0x00000001eabf5dc8}> (0x00000001eabf5dc8) 
thrown [s\open\src\hotspot\share\prims\jni.cpp, line 516]
Event: 0.097 Thread 0x00000164fabdc540 Exception <a 'sun/nio/fs/WindowsException'{0x00000001eabf6328}> (0x00000001eabf6328) 
thrown [s\open\src\hotspot\share\prims\jni.cpp, line 516]
Event: 0.126 Thread 0x00000164fabdc540 Exception <a 'sun/nio/fs/WindowsException'{0x00000001eac6a3a0}> (0x00000001eac6a3a0) 
thrown [s\open\src\hotspot\share\prims\jni.cpp, line 516]
Event: 0.126 Thread 0x00000164fabdc540 Exception <a 'sun/nio/fs/WindowsException'{0x00000001eac6a718}> (0x00000001eac6a718) 
thrown [s\open\src\hotspot\share\prims\jni.cpp, line 516]
Event: 0.129 Thread 0x00000164fabdc540 Exception <a 'java/lang/NoSuchMethodError'{0x00000001eac99b90}: 'java.lang.Object java.lang.invoke.DirectMethodHandle$Holder.invokeStaticInit(java.lang.Object)'> (0x00000001eac99b90) 
thrown [s\open\src\hotspot\share\interpreter\linkResolver.cpp, line 759]
Event: 0.133 Thread 0x00000164fabdc540 Exception <a 'java/lang/NoSuchMethodError'{0x00000001eacb9ec0}: 'int java.lang.invoke.DirectMethodHandle$Holder.invokeStaticInit(java.lang.Object, java.lang.Object, int, long)'> (0x00000001eacb9ec0) 
thrown [s\open\src\hotspot\share\interpreter\linkResolver.cpp, line 759]
Event: 0.133 Thread 0x00000164fabdc540 Exception <a 'java/lang/NoSuchMethodError'{0x00000001eacbf788}: 'java.lang.Object java.lang.invoke.DirectMethodHandle$Holder.newInvokeSpecial(java.lang.Object, java.lang.Object, int)'> (0x00000001eacbf788) 
thrown [s\open\src\hotspot\share\interpreter\linkResolver.cpp, line 759]
Event: 0.134 Thread 0x00000164fabdc540 Exception <a 'java/lang/NoSuchMethodError'{0x00000001eaccdbc0}: 'int java.lang.invoke.DirectMethodHandle$Holder.invokeStaticInit(java.lang.Object, java.lang.Object, long, long)'> (0x00000001eaccdbc0) 
thrown [s\open\src\hotspot\share\interpreter\linkResolver.cpp, line 759]
Event: 0.135 Thread 0x00000164fabdc540 Exception <a 'java/lang/NoSuchMethodError'{0x00000001eacd3f18}: 'java.lang.Object java.lang.invoke.DirectMethodHandle$Holder.newInvokeSpecial(java.lang.Object, java.lang.Object, long)'> (0x00000001eacd3f18) 
thrown [s\open\src\hotspot\share\interpreter\linkResolver.cpp, line 759]
Event: 0.135 Thread 0x00000164fabdc540 Exception <a 'java/lang/NoSuchMethodError'{0x00000001eacd7f70}: 'java.lang.Object java.lang.invoke.Invokers$Holder.linkToTargetMethod(java.lang.Object, long, java.lang.Object)'> (0x00000001eacd7f70) 
thrown [s\open\src\hotspot\share\interpreter\linkResolver.cpp, line 759]
Event: 0.136 Thread 0x00000164fabdc540 Exception <a 'java/lang/NoSuchMethodError'{0x00000001eacdf518}: 'int java.lang.invoke.DirectMethodHandle$Holder.invokeStaticInit(java.lang.Object, java.lang.Object, java.lang.Object, long)'> (0x00000001eacdf518) 
thrown [s\open\src\hotspot\share\interpreter\linkResolver.cpp, line 759]

VM Operations (2 events):
Event: 0.049 Executing VM operation: HandshakeAllThreads
Event: 0.049 Executing VM operation: HandshakeAllThreads done

Events (20 events):
Event: 0.020 Thread 0x00000164fabdc540 Thread added: 0x00000164fabdc540
Event: 0.022 Thread 0x00000164fb21a3b0 Thread added: 0x00000164fb21a3b0
Event: 0.022 Thread 0x00000164fb21ac80 Thread added: 0x00000164fb21ac80
Event: 0.026 Thread 0x00000164fb227bc0 Thread added: 0x00000164fb227bc0
Event: 0.026 Thread 0x00000164fb2380d0 Thread added: 0x00000164fb2380d0
Event: 0.026 Thread 0x00000164fb22a750 Thread added: 0x00000164fb22a750
Event: 0.026 Thread 0x00000164fb228a70 Thread added: 0x00000164fb228a70
Event: 0.026 Thread 0x00000164fb25d880 Thread added: 0x00000164fb25d880
Event: 0.026 Thread 0x00000164fb266e90 Thread added: 0x00000164fb266e90
Event: 0.026 Thread 0x00000164fb235b30 Thread added: 0x00000164fb235b30
Event: 0.035 Thread 0x00000164fb22b5c0 Thread added: 0x00000164fb22b5c0
Event: 0.037 Thread 0x00000164fb22ba90 Thread added: 0x00000164fb22ba90
Event: 0.040 Loaded shared library C:\Program Files\Java\jdk-18.0.2.1\bin\net.dll
Event: 0.043 Loaded shared library C:\Program Files\Java\jdk-18.0.2.1\bin\nio.dll
Event: 0.049 Loaded shared library C:\Program Files\Java\jdk-18.0.2.1\bin\zip.dll
Event: 0.082 Loaded shared library C:\Program Files\Java\jdk-18.0.2.1\bin\jimage.dll
Event: 0.099 Loaded shared library C:\Users\nik\AppData\Local\Temp\lwjgl_nik\3.3.3-snapshot\x64\lwjgl.dll
Event: 0.123 Thread 0x00000164fb5d5230 Thread added: 0x00000164fb5d5230
Event: 0.205 Loaded shared library C:\Users\nik\source\repos\kgfx\kgfx\java\kgfx.dll
Event: 0.215 Loaded shared library C:\Users\nik\source\repos\kgfx\kgfx\java\kgfx_java.dll


Dynamic libraries:
0x00007ff7c35f0000 - 0x00007ff7c3600000 	C:\Program Files\Java\jdk-18.0.2.1\bin\java.exe
0x00007ffd57730000 - 0x00007ffd57928000 	C:\Windows\SYSTEM32\ntdll.dll
0x00007ffd575f0000 - 0x00007ffd576ad000 	C:\Windows\System32\KERNEL32.DLL
0x00007ffd550d0000 - 0x00007ffd553c6000 	C:\Windows\System32\KERNELBASE.dll
0x00007ffd553d0000 - 0x00007ffd554d0000 	C:\Windows\System32\ucrtbase.dll
0x00007ffd2d530000 - 0x00007ffd2d548000 	C:\Program Files\Java\jdk-18.0.2.1\bin\jli.dll
0x00007ffd2d440000 - 0x00007ffd2d45a000 	C:\Program Files\Java\jdk-18.0.2.1\bin\VCRUNTIME140.dll
0x00007ffd56c00000 - 0x00007ffd56cb3000 	C:\Windows\System32\ADVAPI32.dll
0x00007ffd567a0000 - 0x00007ffd5683e000 	C:\Windows\System32\msvcrt.dll
0x00007ffd55c80000 - 0x00007ffd55d1f000 	C:\Windows\System32\sechost.dll
0x00007ffd55980000 - 0x00007ffd55aa6000 	C:\Windows\System32\RPCRT4.dll
0x00007ffd555f0000 - 0x00007ffd55617000 	C:\Windows\System32\bcrypt.dll
0x00007ffd55d30000 - 0x00007ffd55ece000 	C:\Windows\System32\USER32.dll
0x00007ffd45700000 - 0x00007ffd4599a000 	C:\Windows\WinSxS\amd64_microsoft.windows.common-controls_6595b64144ccf1df_6.0.19041.3636_none_60b6a03d71f818d5\COMCTL32.dll
0x00007ffd55690000 - 0x00007ffd556b2000 	C:\Windows\System32\win32u.dll
0x00007ffd55850000 - 0x00007ffd5587b000 	C:\Windows\System32\GDI32.dll
0x00007ffd554d0000 - 0x00007ffd555e7000 	C:\Windows\System32\gdi32full.dll
0x00007ffd54e40000 - 0x00007ffd54edd000 	C:\Windows\System32\msvcp_win.dll
0x00007ffd4e080000 - 0x00007ffd4e08a000 	C:\Windows\SYSTEM32\VERSION.dll
0x00007ffd576b0000 - 0x00007ffd576e2000 	C:\Windows\System32\IMM32.DLL
0x00007ffbf0770000 - 0x00007ffbf4c7b000 	C:\Program Files\RenderDoc\renderdoc.dll
0x00007ffd571e0000 - 0x00007ffd5724b000 	C:\Windows\System32\WS2_32.dll
0x00007ffd56ba0000 - 0x00007ffd56bf5000 	C:\Windows\System32\SHLWAPI.dll
0x00007ffd56d70000 - 0x00007ffd571de000 	C:\Windows\System32\SETUPAPI.dll
0x00007ffd54df0000 - 0x00007ffd54e3e000 	C:\Windows\System32\cfgmgr32.dll
0x00007ffd55ab0000 - 0x00007ffd55b8a000 	C:\Windows\System32\COMDLG32.dll
0x00007ffd56840000 - 0x00007ffd56b94000 	C:\Windows\System32\combase.dll
0x00007ffd57250000 - 0x00007ffd572fd000 	C:\Windows\System32\shcore.dll
0x00007ffd56050000 - 0x00007ffd56795000 	C:\Windows\System32\SHELL32.dll
0x00007ffd57300000 - 0x00007ffd5742b000 	C:\Windows\System32\ole32.dll
0x00007ffd55780000 - 0x00007ffd5584d000 	C:\Windows\System32\OLEAUT32.dll
0x00007ffd27e70000 - 0x00007ffd27efd000 	C:\Program Files\Java\jdk-18.0.2.1\bin\MSVCP140.dll
0x00007ffd4b7d0000 - 0x00007ffd4b7dc000 	C:\Program Files\Java\jdk-18.0.2.1\bin\VCRUNTIME140_1.dll
0x00007ffc6fd10000 - 0x00007ffc6fe80000 	C:\Program Files\RenderDoc\dbghelp.dll
0x00007ffd52e80000 - 0x00007ffd5361c000 	C:\Windows\SYSTEM32\windows.storage.dll
0x00007ffd54740000 - 0x00007ffd5476e000 	C:\Windows\SYSTEM32\Wldp.dll
0x00007ffd54d20000 - 0x00007ffd54d45000 	C:\Windows\SYSTEM32\profapi.dll
0x00007ffd54520000 - 0x00007ffd5458a000 	C:\Windows\system32\mswsock.dll
0x00007ffd51500000 - 0x00007ffd5195d000 	C:\Windows\SYSTEM32\d3dcompiler_47.dll
0x00007ffd54780000 - 0x00007ffd54798000 	C:\Windows\SYSTEM32\CRYPTSP.dll
0x00007ffccb990000 - 0x00007ffccbab5000 	C:\Windows\SYSTEM32\opengl32.dll
0x00007ffccb950000 - 0x00007ffccb97c000 	C:\Windows\SYSTEM32\GLU32.dll
0x00007ffc78910000 - 0x00007ffc79521000 	C:\Program Files\Java\jdk-18.0.2.1\bin\server\jvm.dll
0x00007ffd57430000 - 0x00007ffd57438000 	C:\Windows\System32\PSAPI.DLL
0x00007ffd46780000 - 0x00007ffd46789000 	C:\Windows\SYSTEM32\WSOCK32.dll
0x00007ffd47880000 - 0x00007ffd478a7000 	C:\Windows\SYSTEM32\WINMM.dll
0x00007ffd52ba0000 - 0x00007ffd52bb2000 	C:\Windows\SYSTEM32\kernel.appcore.dll
0x00007ffd43cd0000 - 0x00007ffd43cda000 	C:\Program Files\Java\jdk-18.0.2.1\bin\jimage.dll
0x00007ffd17590000 - 0x00007ffd175b5000 	C:\Program Files\Java\jdk-18.0.2.1\bin\java.dll
0x00007ffce4510000 - 0x00007ffce45e6000 	C:\Program Files\Java\jdk-18.0.2.1\bin\jsvml.dll
0x00007ffd28820000 - 0x00007ffd28833000 	C:\Program Files\Java\jdk-18.0.2.1\bin\net.dll
0x00007ffd4e120000 - 0x00007ffd4e22a000 	C:\Windows\SYSTEM32\WINHTTP.dll
0x00007ffd17570000 - 0x00007ffd17586000 	C:\Program Files\Java\jdk-18.0.2.1\bin\nio.dll
0x00007ffd17550000 - 0x00007ffd17568000 	C:\Program Files\Java\jdk-18.0.2.1\bin\zip.dll
0x00007ffcca410000 - 0x00007ffcca48b000 	C:\Users\nik\AppData\Local\Temp\lwjgl_nik\3.3.3-snapshot\x64\lwjgl.dll
0x00007ffcc2080000 - 0x00007ffcc2102000 	C:\Users\nik\AppData\Local\Temp\lwjgl_nik\3.3.3-snapshot\x64\glfw.dll
0x00007ffc9db40000 - 0x00007ffc9db85000 	C:\Windows\SYSTEM32\dinput8.dll
0x00007ffd485a0000 - 0x00007ffd486f2000 	C:\Windows\SYSTEM32\inputhost.dll
0x00007ffd52390000 - 0x00007ffd52482000 	C:\Windows\SYSTEM32\CoreMessaging.dll
0x00007ffd51960000 - 0x00007ffd51ab5000 	C:\Windows\SYSTEM32\wintypes.dll
0x00007ffd50920000 - 0x00007ffd50a16000 	C:\Windows\SYSTEM32\PROPSYS.dll
0x00007ffd54ee0000 - 0x00007ffd54f62000 	C:\Windows\System32\bcryptPrimitives.dll
0x00007ffd52030000 - 0x00007ffd5238b000 	C:\Windows\SYSTEM32\CoreUIComponents.dll
0x00007ffd53f40000 - 0x00007ffd53f73000 	C:\Windows\SYSTEM32\ntmarta.dll
0x00007ffd29b50000 - 0x00007ffd29b61000 	C:\Windows\SYSTEM32\xinput1_4.dll
0x00007ffd549b0000 - 0x00007ffd549e3000 	C:\Windows\SYSTEM32\DEVOBJ.dll
0x00007ffd52b70000 - 0x00007ffd52b9f000 	C:\Windows\SYSTEM32\dwmapi.dll
0x00007ffd52790000 - 0x00007ffd5282e000 	C:\Windows\system32\uxtheme.dll
0x00007ffd55ed0000 - 0x00007ffd55fe4000 	C:\Windows\System32\MSCTF.dll
0x00007ffd48700000 - 0x00007ffd487f9000 	C:\Windows\SYSTEM32\textinputframework.dll
0x00007ffcc4b50000 - 0x00007ffcc4bc4000 	C:\Users\nik\source\repos\kgfx\kgfx\java\kgfx.dll
0x00007ffcc6010000 - 0x00007ffcc603b000 	C:\Windows\SYSTEM32\VCRUNTIME140D.dll
0x00007ffcb18e0000 - 0x00007ffcb1905000 	C:\Windows\SYSTEM32\d3d12.dll
0x00007ffd53660000 - 0x00007ffd53753000 	C:\Windows\SYSTEM32\dxgi.dll
0x00007ffc70620000 - 0x00007ffc70701000 	C:\Windows\SYSTEM32\MSVCP140D.dll
0x00007ffd376e0000 - 0x00007ffd376ef000 	C:\Windows\SYSTEM32\VCRUNTIME140_1D.dll
0x00007ffc6de00000 - 0x00007ffc6e021000 	C:\Windows\SYSTEM32\ucrtbased.dll
0x00007ffd23d10000 - 0x00007ffd23d20000 	C:\Users\nik\source\repos\kgfx\kgfx\java\kgfx_java.dll
0x00007ffcc4010000 - 0x00007ffcc4067000 	C:\Windows\SYSTEM32\DXGIDebug.dll
0x00007ffcae450000 - 0x00007ffcae61d000 	C:\Windows\SYSTEM32\D3D12Core.dll
0x00007ffd53e00000 - 0x00007ffd53e34000 	C:\Windows\system32\rsaenh.dll
0x00007ffd546b0000 - 0x00007ffd546bc000 	C:\Windows\SYSTEM32\CRYPTBASE.dll

dbghelp: loaded successfully - version: 4.0.5 - missing functions: none
symbol engine: initialization error.

VM Arguments:
java_command: C:\Users\nik\source\repos\kgfx\kgfx\java\project.jar > C:\Users\nik\source\repos\kgfx\kgfx\java\test.lob
java_class_path (initial): C:\Users\nik\source\repos\kgfx\kgfx\java\project.jar
Launcher Type: SUN_STANDARD

[Global flags]
     intx CICompilerCount                          = 4                                         {product} {ergonomic}
     uint ConcGCThreads                            = 3                                         {product} {ergonomic}
     uint G1ConcRefinementThreads                  = 10                                        {product} {ergonomic}
   size_t G1HeapRegionSize                         = 8388608                                   {product} {ergonomic}
    uintx GCDrainStackTargetSize                   = 64                                        {product} {ergonomic}
   size_t InitialHeapSize                          = 1073741824                                {product} {ergonomic}
   size_t MarkStackSize                            = 4194304                                   {product} {ergonomic}
   size_t MaxHeapSize                              = 17146314752                               {product} {ergonomic}
   size_t MaxNewSize                               = 10284433408                               {product} {ergonomic}
   size_t MinHeapDeltaBytes                        = 8388608                                   {product} {ergonomic}
   size_t MinHeapSize                              = 8388608                                   {product} {ergonomic}
    uintx NonNMethodCodeHeapSize                   = 5839372                                {pd product} {ergonomic}
    uintx NonProfiledCodeHeapSize                  = 122909434                              {pd product} {ergonomic}
    uintx ProfiledCodeHeapSize                     = 122909434                              {pd product} {ergonomic}
    uintx ReservedCodeCacheSize                    = 251658240                              {pd product} {ergonomic}
     bool SegmentedCodeCache                       = true                                      {product} {ergonomic}
   size_t SoftMaxHeapSize                          = 17146314752                            {manageable} {ergonomic}
     bool UseCompressedClassPointers               = true                           {product lp64_product} {ergonomic}
     bool UseCompressedOops                        = true                           {product lp64_product} {ergonomic}
     bool UseG1GC                                  = true                                      {product} {ergonomic}
     bool UseLargePagesIndividualAllocation        = false                                  {pd product} {ergonomic}

Logging:
Log output configuration:
 #0: stdout all=warning uptime,level,tags foldmultilines=false
 #1: stderr all=off uptime,level,tags foldmultilines=false

Environment Variables:
PATH=C:\Program Files\Oculus\Support\oculus-runtime;C:\Program Files (x86)\Razer Chroma SDK\bin;C:\Program Files\Razer Chroma SDK\bin;C:\Program Files (x86)\Razer\ChromaBroadcast\bin;C:\Program Files\Razer\ChromaBroadcast\bin;C:\VulkanSDK\1.3.268.0\Bin;C:\VulkanSDK\1.3.250.1\Bin;C:\Program Files\Common Files\Oracle\Java\javapath;C:\Program Files (x86)\VMware\VMware Player\bin\;C:\Windows\system32;C:\Windows;C:\Windows\System32\Wbem;C:\Windows\System32\WindowsPowerShell\v1.0\;C:\Windows\System32\OpenSSH\;C:\Program Files\NVIDIA Corporation\NVIDIA NvDLISR;C:\Program Files\CMake\bin;C:\Program Files\Docker\Docker\resources\bin;C:\Program Files (x86)\NVIDIA Corporation\PhysX\Common;C:\Program Files (x86)\Windows Kits\10\Windows Performance Toolkit\;C:\Program Files\dotnet\;C:\Users\nik\AppData\Local\Microsoft\WindowsApps;C:\Users\nik\source\repos\SDL\SDL\lib\SDL2;C:\Program Files\JetBrains\IntelliJ IDEA Community Edition 2023.1.2\bin;C:\Program Files\JetBrains\IntelliJ IDEA 2023.1.2\bin;C:\Users\nik\AppData\Local\Programs\Microsoft VS Code\bin;C:\Program Files\JetBrains\CLion 2023.1.4\bin;C:\Users\nik\AppData\Local\GitHubDesktop\bin;C:\Windows\system32\config\systemprofile\AppData\Local\Microsoft\WindowsApps;C:\Users\nik\AppData\Local\Microsoft\WindowsApps;C:\Users\nik\source\repos\SDL\SDL\lib\SDL2;C:\Program Files\JetBrains\IntelliJ IDEA Community Edition 2023.1.2\bin;;C:\Program Files\JetBrains\IntelliJ IDEA 2023.3.3\bin;;C:\Users\nik\AppData\Local\Programs\Microsoft VS Code\bin;C:\Program Files\JetBrains\CLion 2023.1.4\bin;;C:\Users\nik\AppData\Local\GitHubDesktop\bin;C:\Users\nik\.dotnet\tools
USERNAME=nik
OS=Windows_NT
PROCESSOR_IDENTIFIER=Intel64 Family 6 Model 167 Stepping 1, GenuineIntel



---------------  S Y S T E M  ---------------

OS:
 Windows 10 , 64 bit Build 19041 (10.0.19041.3636)
OS uptime: 7 days 2:41 hours
Hyper-V role detected

CPU: total 12 (initial active 12) (6 cores per cpu, 2 threads per core) family 6 model 167 stepping 1 microcode 0x34, cx8, cmov, fxsr, ht, mmx, 3dnowpref, sse, sse2, sse3, ssse3, sse4.1, sse4.2, popcnt, lzcnt, tsc, tscinvbit, avx, avx2, aes, erms, clmul, bmi1, bmi2, adx, avx512f, avx512dq, avx512cd, avx512bw, avx512vl, sha, fma, vzeroupper, avx512_vpopcntdq, avx512_vpclmulqdq, avx512_vaes, avx512_vnni, clflush, clflushopt, avx512_vbmi2, avx512_vbmi, hv

Memory: 4k page, system-wide physical 65400M (32411M free)
TotalPageFile size 68327M (AvailPageFile size 19593M)
current process WorkingSet (physical memory assigned to process): 74M, peak: 78M
current process commit charge ("private bytes"): 1222M, peak: 1226M

vm_info: Java HotSpot(TM) 64-Bit Server VM (18.0.2.1+1-1) for windows-amd64 JRE (18.0.2.1+1-1), built on Aug 16 2022 01:46:33 by "mach5one" with MS VC++ 16.8 / 16.9 (VS2019)

END.
