#
# A fatal error has been detected by the Java Runtime Environment:
#
#  EXCEPTION_ACCESS_VIOLATION (0xc0000005) at pc=0x00007ffcc4b88a1d, pid=28804, tid=29448
#
# JRE version: Java(TM) SE Runtime Environment (18.0.2.1+1) (build 18.0.2.1+1-1)
# Java VM: Java HotSpot(TM) 64-Bit Server VM (18.0.2.1+1-1, mixed mode, sharing, tiered, compressed oops, compressed class ptrs, g1 gc, windows-amd64)
# Problematic frame:
# C  [kgfx.dll+0x38a1d]
#
# No core dump will be written. Minidumps are not enabled by default on client versions of Windows
#
# If you would like to submit a bug report, please visit:
#   https://bugreport.java.com/bugreport/crash.jsp
# The crash happened outside the Java Virtual Machine in native code.
# See problematic frame for where to report the bug.
#

---------------  S U M M A R Y ------------

Command Line: C:\Users\nik\source\repos\kgfx\kgfx\java\project.jar

Host: 11th Gen Intel(R) Core(TM) i5-11400F @ 2.60GHz, 12 cores, 63G,  Windows 10 , 64 bit Build 19041 (10.0.19041.3636)
Time: Wed Mar  6 21:37:42 2024 Eastern Standard Time elapsed time: 0.259354 seconds (0d 0h 0m 0s)

---------------  T H R E A D  ---------------

Current thread (0x000001e4175b0470):  JavaThread "main" [_thread_in_native, id=29448, stack(0x00000080b5100000,0x00000080b5200000)]

Stack: [0x00000080b5100000,0x00000080b5200000],  sp=0x00000080b51fdb00,  free space=1014k
Native frames: (J=compiled Java code, j=interpreted, Vv=VM code, C=native code)
C  [kgfx.dll+0x38a1d]

Java frames: (J=compiled Java code, j=interpreted, Vv=VM code)
j  com.krisvers.kgfx.KGFXjni.createPipeline(J[JLcom/krisvers/kgfx/KGFXpipelinelayout;IIII)J+0
j  Main.main([Ljava/lang/String;)V+265
v  ~StubRoutines::call_stub

siginfo: EXCEPTION_ACCESS_VIOLATION (0xc0000005), reading address 0x0000000000000000


Register to memory mapping:

RIP=0x00007ffcc4b88a1d kgfx.dll
RAX=0x00000080b51fe4a8 is pointing into the stack for thread: 0x000001e4175b0470
RBX=0x000001e4175b0700 points into unknown readable memory: 0x000001e41b32c6e0 | e0 c6 32 1b e4 01 00 00
RCX=0x0 is NULL
RDX=0x0 is NULL
RSP=0x00000080b51fdb00 is pointing into the stack for thread: 0x000001e4175b0470
RBP=0x00000080b51fdb40 is pointing into the stack for thread: 0x000001e4175b0470
RSI=0x00000080b51fec18 is pointing into the stack for thread: 0x000001e4175b0470
RDI=0x00000080b51fe438 is pointing into the stack for thread: 0x000001e4175b0470
R8 =0x00000080b51fd8b0 is pointing into the stack for thread: 0x000001e4175b0470
R9 =0x0 is NULL
R10=0x0 is NULL
R11=0x000001e41b16b930 points into unknown readable memory: 0x000001e41b1a18e0 | e0 18 1a 1b e4 01 00 00
R12=0x000001e41b16d3c0 points into unknown readable memory: 0x0000000000000000 | 00 00 00 00 00 00 00 00
R13=0x0 is NULL
R14=0x000001e41aceac68 points into unknown readable memory: 0x0000000441d57f68 | 68 7f d5 41 04 00 00 00
R15=0x00000080b51ff0a0 is pointing into the stack for thread: 0x000001e4175b0470


Registers:
RAX=0x00000080b51fe4a8, RBX=0x000001e4175b0700, RCX=0x0000000000000000, RDX=0x0000000000000000
RSP=0x00000080b51fdb00, RBP=0x00000080b51fdb40, RSI=0x00000080b51fec18, RDI=0x00000080b51fe438
R8 =0x00000080b51fd8b0, R9 =0x0000000000000000, R10=0x0000000000000000, R11=0x000001e41b16b930
R12=0x000001e41b16d3c0, R13=0x0000000000000000, R14=0x000001e41aceac68, R15=0x00000080b51ff0a0
RIP=0x00007ffcc4b88a1d, EFLAGS=0x0000000000010202

Top of Stack: (sp=0x00000080b51fdb00)
0x00000080b51fdb00:   00000080b51fe4a8 0000000000000000
0x00000080b51fdb10:   00000080b51fea24 00000080b51fdb50
0x00000080b51fdb20:   00000080b51fdb80 0000000000000000
0x00000080b51fdb30:   0000000000000001 00007ffd175b2390
0x00000080b51fdb40:   00000001cccccccc cccccccccccccccc
0x00000080b51fdb50:   cccccccccccccccc cccccccccccccccc
0x00000080b51fdb60:   00000008cccccccc cccccccccccccccc
0x00000080b51fdb70:   cccccccccccccccc cccccccccccccccc
0x00000080b51fdb80:   00000001cccccccc cccccccccccccccc
0x00000080b51fdb90:   cccccccccccccccc cccccccccccccccc
0x00000080b51fdba0:   00000001cccccccc cccccccccccccccc
0x00000080b51fdbb0:   cccccccccccccccc cccccccccccccccc
0x00000080b51fdbc0:   cccccccccccccccc 000001e41b19b770
0x00000080b51fdbd0:   000001e41b1a1460 000001e41b1a1480
0x00000080b51fdbe0:   000001e41b1a1480 cccccccccccccccc
0x00000080b51fdbf0:   cccccccccccccccc cccccccccccccccc 

Instructions: (pc=0x00007ffcc4b88a1d)
0x00007ffcc4b8891d:   b9 34 00 00 00 f3 a4 48 8d 8d 88 00 00 00 e8 3e
0x00007ffcc4b8892d:   fc fd ff 48 89 85 c8 10 00 00 48 8d 8d 88 00 00
0x00007ffcc4b8893d:   00 e8 4b ff fd ff 89 85 d0 10 00 00 48 8d 85 e8
0x00007ffcc4b8894d:   08 00 00 48 8d 8d c8 10 00 00 48 8b f8 48 8b f1
0x00007ffcc4b8895d:   b9 10 00 00 00 f3 a4 48 8b 85 08 12 00 00 83 78
0x00007ffcc4b8896d:   3c 00 75 0c c7 85 a4 11 00 00 01 00 00 00 eb 2f
0x00007ffcc4b8897d:   48 8b 85 08 12 00 00 83 78 3c 01 75 0c c7 85 a8
0x00007ffcc4b8898d:   11 00 00 02 00 00 00 eb 0a c7 85 a8 11 00 00 03
0x00007ffcc4b8899d:   00 00 00 8b 85 a8 11 00 00 89 85 a4 11 00 00 8b
0x00007ffcc4b889ad:   85 a4 11 00 00 89 85 fc 08 00 00 c7 85 00 09 00
0x00007ffcc4b889bd:   00 01 00 00 00 b8 04 00 00 00 48 6b c0 00 c7 84
0x00007ffcc4b889cd:   05 04 09 00 00 1c 00 00 00 c7 85 24 09 00 00 00
0x00007ffcc4b889dd:   00 00 00 c7 85 28 09 00 00 01 00 00 00 c7 85 2c
0x00007ffcc4b889ed:   09 00 00 00 00 00 00 48 8d 8d 68 09 00 00 e8 d7
0x00007ffcc4b889fd:   f6 fd ff 48 8b 8d 00 12 00 00 48 8b 49 28 48 8b
0x00007ffcc4b88a0d:   95 00 12 00 00 48 8b 52 28 48 89 95 a8 11 00 00
0x00007ffcc4b88a1d:   48 8b 09 48 89 8d b0 11 00 00 4c 8b c8 4c 8d 05
0x00007ffcc4b88a2d:   57 de 01 00 48 8d 95 c0 06 00 00 48 8b 85 a8 11
0x00007ffcc4b88a3d:   00 00 48 8b c8 48 8b 85 b0 11 00 00 ff 50 50 89
0x00007ffcc4b88a4d:   85 64 04 00 00 83 bd 64 04 00 00 00 0f 8d a9 00
0x00007ffcc4b88a5d:   00 00 48 8d 0d aa df 01 00 e8 45 27 00 00 48 8b
0x00007ffcc4b88a6d:   85 28 04 00 00 48 89 85 f8 10 00 00 48 83 bd f8
0x00007ffcc4b88a7d:   10 00 00 00 74 1a ba 01 00 00 00 48 8b 8d f8 10
0x00007ffcc4b88a8d:   00 00 e8 01 fc fd ff 48 89 85 a8 11 00 00 eb 0b
0x00007ffcc4b88a9d:   48 c7 85 a8 11 00 00 00 00 00 00 48 8b 85 00 12
0x00007ffcc4b88aad:   00 00 48 8b 40 68 48 39 85 48 04 00 00 74 29 48
0x00007ffcc4b88abd:   83 bd 48 04 00 00 00 74 1f 48 8b 85 48 04 00 00
0x00007ffcc4b88acd:   48 8b 00 48 8b 8d 48 04 00 00 ff 50 10 48 c7 85
0x00007ffcc4b88add:   48 04 00 00 00 00 00 00 48 c7 85 18 11 00 00 00
0x00007ffcc4b88aed:   00 00 00 48 8d 8d 88 00 00 00 e8 75 01 fe ff 48
0x00007ffcc4b88afd:   8b 85 18 11 00 00 e9 28 02 00 00 48 8d 8d 88 09
0x00007ffcc4b88b0d:   00 00 e8 c1 fc fd ff 48 8b 8d 00 12 00 00 48 8b 


Stack slot to memory mapping:
stack at sp + 0 slots: 0x00000080b51fe4a8 is pointing into the stack for thread: 0x000001e4175b0470
stack at sp + 1 slots: 0x0 is NULL
stack at sp + 2 slots: 0x00000080b51fea24 is pointing into the stack for thread: 0x000001e4175b0470
stack at sp + 3 slots: 0x00000080b51fdb50 is pointing into the stack for thread: 0x000001e4175b0470
stack at sp + 4 slots: 0x00000080b51fdb80 is pointing into the stack for thread: 0x000001e4175b0470
stack at sp + 5 slots: 0x0 is NULL
stack at sp + 6 slots: 0x0000000000000001 is an unknown value
stack at sp + 7 slots: 0x00007ffd175b2390 java.dll


---------------  P R O C E S S  ---------------

Threads class SMR info:
_java_thread_list=0x000001e41b045910, length=13, elements={
0x000001e4175b0470, 0x000001e41acec150, 0x000001e41aceeb20, 0x000001e41acfa9a0,
0x000001e41acfaf50, 0x000001e41acfb500, 0x000001e41acfbab0, 0x000001e41ad008e0,
0x000001e41ad16de0, 0x000001e41ad182f0, 0x000001e41ae7c4d0, 0x000001e41ae803f0,
0x000001e41b045b20
}

Java Threads: ( => current thread )
=>0x000001e4175b0470 JavaThread "main" [_thread_in_native, id=29448, stack(0x00000080b5100000,0x00000080b5200000)]
  0x000001e41acec150 JavaThread "Reference Handler" daemon [_thread_blocked, id=41824, stack(0x00000080b5d00000,0x00000080b5e00000)]
  0x000001e41aceeb20 JavaThread "Finalizer" daemon [_thread_blocked, id=3996, stack(0x00000080b5e00000,0x00000080b5f00000)]
  0x000001e41acfa9a0 JavaThread "Signal Dispatcher" daemon [_thread_blocked, id=29512, stack(0x00000080b5f00000,0x00000080b6000000)]
  0x000001e41acfaf50 JavaThread "Attach Listener" daemon [_thread_blocked, id=21164, stack(0x00000080b6000000,0x00000080b6100000)]
  0x000001e41acfb500 JavaThread "Service Thread" daemon [_thread_blocked, id=41696, stack(0x00000080b6100000,0x00000080b6200000)]
  0x000001e41acfbab0 JavaThread "Monitor Deflation Thread" daemon [_thread_blocked, id=29600, stack(0x00000080b6200000,0x00000080b6300000)]
  0x000001e41ad008e0 JavaThread "C2 CompilerThread0" daemon [_thread_blocked, id=5948, stack(0x00000080b6300000,0x00000080b6400000)]
  0x000001e41ad16de0 JavaThread "C1 CompilerThread0" daemon [_thread_blocked, id=42284, stack(0x00000080b6400000,0x00000080b6500000)]
  0x000001e41ad182f0 JavaThread "Sweeper thread" daemon [_thread_blocked, id=41664, stack(0x00000080b6500000,0x00000080b6600000)]
  0x000001e41ae7c4d0 JavaThread "Notification Thread" daemon [_thread_blocked, id=31516, stack(0x00000080b6600000,0x00000080b6700000)]
  0x000001e41ae803f0 JavaThread "Common-Cleaner" daemon [_thread_blocked, id=36728, stack(0x00000080b6800000,0x00000080b6900000)]
  0x000001e41b045b20 JavaThread "C2 CompilerThread1" daemon [_thread_blocked, id=24244, stack(0x00000080b6900000,0x00000080b6a00000)]

Other Threads:
  0x000001e41aae0120 VMThread "VM Thread" [stack: 0x00000080b5c00000,0x00000080b5d00000] [id=38556]
  0x000001e41ae7e9a0 WatcherThread "VM Periodic Task Thread" [stack: 0x00000080b6700000,0x00000080b6800000] [id=18664]
  0x000001e41aac1b00 WorkerThread "GC Thread#0" [stack: 0x00000080b5600000,0x00000080b5700000] [id=27916]
  0x000001e41aad27c0 ConcurrentGCThread "G1 Main Marker" [stack: 0x00000080b5700000,0x00000080b5800000] [id=18444]
  0x000001e41aad3770 WorkerThread "G1 Conc#0" [stack: 0x00000080b5800000,0x00000080b5900000] [id=12332]
  0x000001e41ab5eee0 ConcurrentGCThread "G1 Refine#0" [stack: 0x00000080b5900000,0x00000080b5a00000] [id=36348]
  0x000001e41ab605b0 ConcurrentGCThread "G1 Service" [stack: 0x00000080b5a00000,0x00000080b5b00000] [id=36512]

Threads with active compile tasks:

VM state: not at safepoint (normal execution)

VM Mutex/Monitor currently owned by a thread: None

Heap address: 0x0000000402000000, size: 16352 MB, Compressed Oops mode: Zero based, Oop shift amount: 3

CDS archive(s) mapped at: [0x0000000800000000-0x0000000800ba0000-0x0000000800ba0000), size 12189696, SharedBaseAddress: 0x0000000800000000, ArchiveRelocationMode: 0.
Compressed class space mapped at: 0x0000000800c00000-0x0000000840c00000, reserved size: 1073741824
Narrow klass base: 0x0000000800000000, Narrow klass shift: 0, Narrow klass range: 0x100000000

GC Precious Log:
 CardTable entry size: 512
 Card Set container configuration: InlinePtr #cards 4 size 8 Array Of Cards #cards 64 size 144 Howl #buckets 8 coarsen threshold 14745 Howl Bitmap #cards 2048 size 272 coarsen threshold 1843 Card regions per heap region 1 cards per card region 16384
 CPUs: 12 total, 12 available
 Memory: 65400M
 Large Page Support: Disabled
 NUMA Support: Disabled
 Compressed Oops: Enabled (Zero based)
 Heap Region Size: 8M
 Heap Min Capacity: 8M
 Heap Initial Capacity: 1G
 Heap Max Capacity: 16352M
 Pre-touch: Disabled
 Parallel Workers: 10
 Concurrent Workers: 3
 Concurrent Refinement Workers: 10
 Periodic GC: Disabled

Heap:
 garbage-first heap   total 1048576K, used 0K [0x0000000402000000, 0x0000000800000000)
  region size 8192K, 1 young (8192K), 0 survivors (0K)
 Metaspace       used 2299K, committed 2496K, reserved 1114112K
  class space    used 171K, committed 256K, reserved 1048576K

Heap Regions: E=young(eden), S=young(survivor), O=old, HS=humongous(starts), HC=humongous(continues), CS=collection set, F=free, OA=open archive, CA=closed archive, TAMS=top-at-mark-start (previous, next)
|   0|0x0000000402000000, 0x0000000402000000, 0x0000000402800000|  0%| F|  |TAMS 0x0000000402000000, 0x0000000402000000| Untracked 
|   1|0x0000000402800000, 0x0000000402800000, 0x0000000403000000|  0%| F|  |TAMS 0x0000000402800000, 0x0000000402800000| Untracked 
|   2|0x0000000403000000, 0x0000000403000000, 0x0000000403800000|  0%| F|  |TAMS 0x0000000403000000, 0x0000000403000000| Untracked 
|   3|0x0000000403800000, 0x0000000403800000, 0x0000000404000000|  0%| F|  |TAMS 0x0000000403800000, 0x0000000403800000| Untracked 
|   4|0x0000000404000000, 0x0000000404000000, 0x0000000404800000|  0%| F|  |TAMS 0x0000000404000000, 0x0000000404000000| Untracked 
|   5|0x0000000404800000, 0x0000000404800000, 0x0000000405000000|  0%| F|  |TAMS 0x0000000404800000, 0x0000000404800000| Untracked 
|   6|0x0000000405000000, 0x0000000405000000, 0x0000000405800000|  0%| F|  |TAMS 0x0000000405000000, 0x0000000405000000| Untracked 
|   7|0x0000000405800000, 0x0000000405800000, 0x0000000406000000|  0%| F|  |TAMS 0x0000000405800000, 0x0000000405800000| Untracked 
|   8|0x0000000406000000, 0x0000000406000000, 0x0000000406800000|  0%| F|  |TAMS 0x0000000406000000, 0x0000000406000000| Untracked 
|   9|0x0000000406800000, 0x0000000406800000, 0x0000000407000000|  0%| F|  |TAMS 0x0000000406800000, 0x0000000406800000| Untracked 
|  10|0x0000000407000000, 0x0000000407000000, 0x0000000407800000|  0%| F|  |TAMS 0x0000000407000000, 0x0000000407000000| Untracked 
|  11|0x0000000407800000, 0x0000000407800000, 0x0000000408000000|  0%| F|  |TAMS 0x0000000407800000, 0x0000000407800000| Untracked 
|  12|0x0000000408000000, 0x0000000408000000, 0x0000000408800000|  0%| F|  |TAMS 0x0000000408000000, 0x0000000408000000| Untracked 
|  13|0x0000000408800000, 0x0000000408800000, 0x0000000409000000|  0%| F|  |TAMS 0x0000000408800000, 0x0000000408800000| Untracked 
|  14|0x0000000409000000, 0x0000000409000000, 0x0000000409800000|  0%| F|  |TAMS 0x0000000409000000, 0x0000000409000000| Untracked 
|  15|0x0000000409800000, 0x0000000409800000, 0x000000040a000000|  0%| F|  |TAMS 0x0000000409800000, 0x0000000409800000| Untracked 
|  16|0x000000040a000000, 0x000000040a000000, 0x000000040a800000|  0%| F|  |TAMS 0x000000040a000000, 0x000000040a000000| Untracked 
|  17|0x000000040a800000, 0x000000040a800000, 0x000000040b000000|  0%| F|  |TAMS 0x000000040a800000, 0x000000040a800000| Untracked 
|  18|0x000000040b000000, 0x000000040b000000, 0x000000040b800000|  0%| F|  |TAMS 0x000000040b000000, 0x000000040b000000| Untracked 
|  19|0x000000040b800000, 0x000000040b800000, 0x000000040c000000|  0%| F|  |TAMS 0x000000040b800000, 0x000000040b800000| Untracked 
|  20|0x000000040c000000, 0x000000040c000000, 0x000000040c800000|  0%| F|  |TAMS 0x000000040c000000, 0x000000040c000000| Untracked 
|  21|0x000000040c800000, 0x000000040c800000, 0x000000040d000000|  0%| F|  |TAMS 0x000000040c800000, 0x000000040c800000| Untracked 
|  22|0x000000040d000000, 0x000000040d000000, 0x000000040d800000|  0%| F|  |TAMS 0x000000040d000000, 0x000000040d000000| Untracked 
|  23|0x000000040d800000, 0x000000040d800000, 0x000000040e000000|  0%| F|  |TAMS 0x000000040d800000, 0x000000040d800000| Untracked 
|  24|0x000000040e000000, 0x000000040e000000, 0x000000040e800000|  0%| F|  |TAMS 0x000000040e000000, 0x000000040e000000| Untracked 
|  25|0x000000040e800000, 0x000000040e800000, 0x000000040f000000|  0%| F|  |TAMS 0x000000040e800000, 0x000000040e800000| Untracked 
|  26|0x000000040f000000, 0x000000040f000000, 0x000000040f800000|  0%| F|  |TAMS 0x000000040f000000, 0x000000040f000000| Untracked 
|  27|0x000000040f800000, 0x000000040f800000, 0x0000000410000000|  0%| F|  |TAMS 0x000000040f800000, 0x000000040f800000| Untracked 
|  28|0x0000000410000000, 0x0000000410000000, 0x0000000410800000|  0%| F|  |TAMS 0x0000000410000000, 0x0000000410000000| Untracked 
|  29|0x0000000410800000, 0x0000000410800000, 0x0000000411000000|  0%| F|  |TAMS 0x0000000410800000, 0x0000000410800000| Untracked 
|  30|0x0000000411000000, 0x0000000411000000, 0x0000000411800000|  0%| F|  |TAMS 0x0000000411000000, 0x0000000411000000| Untracked 
|  31|0x0000000411800000, 0x0000000411800000, 0x0000000412000000|  0%| F|  |TAMS 0x0000000411800000, 0x0000000411800000| Untracked 
|  32|0x0000000412000000, 0x0000000412000000, 0x0000000412800000|  0%| F|  |TAMS 0x0000000412000000, 0x0000000412000000| Untracked 
|  33|0x0000000412800000, 0x0000000412800000, 0x0000000413000000|  0%| F|  |TAMS 0x0000000412800000, 0x0000000412800000| Untracked 
|  34|0x0000000413000000, 0x0000000413000000, 0x0000000413800000|  0%| F|  |TAMS 0x0000000413000000, 0x0000000413000000| Untracked 
|  35|0x0000000413800000, 0x0000000413800000, 0x0000000414000000|  0%| F|  |TAMS 0x0000000413800000, 0x0000000413800000| Untracked 
|  36|0x0000000414000000, 0x0000000414000000, 0x0000000414800000|  0%| F|  |TAMS 0x0000000414000000, 0x0000000414000000| Untracked 
|  37|0x0000000414800000, 0x0000000414800000, 0x0000000415000000|  0%| F|  |TAMS 0x0000000414800000, 0x0000000414800000| Untracked 
|  38|0x0000000415000000, 0x0000000415000000, 0x0000000415800000|  0%| F|  |TAMS 0x0000000415000000, 0x0000000415000000| Untracked 
|  39|0x0000000415800000, 0x0000000415800000, 0x0000000416000000|  0%| F|  |TAMS 0x0000000415800000, 0x0000000415800000| Untracked 
|  40|0x0000000416000000, 0x0000000416000000, 0x0000000416800000|  0%| F|  |TAMS 0x0000000416000000, 0x0000000416000000| Untracked 
|  41|0x0000000416800000, 0x0000000416800000, 0x0000000417000000|  0%| F|  |TAMS 0x0000000416800000, 0x0000000416800000| Untracked 
|  42|0x0000000417000000, 0x0000000417000000, 0x0000000417800000|  0%| F|  |TAMS 0x0000000417000000, 0x0000000417000000| Untracked 
|  43|0x0000000417800000, 0x0000000417800000, 0x0000000418000000|  0%| F|  |TAMS 0x0000000417800000, 0x0000000417800000| Untracked 
|  44|0x0000000418000000, 0x0000000418000000, 0x0000000418800000|  0%| F|  |TAMS 0x0000000418000000, 0x0000000418000000| Untracked 
|  45|0x0000000418800000, 0x0000000418800000, 0x0000000419000000|  0%| F|  |TAMS 0x0000000418800000, 0x0000000418800000| Untracked 
|  46|0x0000000419000000, 0x0000000419000000, 0x0000000419800000|  0%| F|  |TAMS 0x0000000419000000, 0x0000000419000000| Untracked 
|  47|0x0000000419800000, 0x0000000419800000, 0x000000041a000000|  0%| F|  |TAMS 0x0000000419800000, 0x0000000419800000| Untracked 
|  48|0x000000041a000000, 0x000000041a000000, 0x000000041a800000|  0%| F|  |TAMS 0x000000041a000000, 0x000000041a000000| Untracked 
|  49|0x000000041a800000, 0x000000041a800000, 0x000000041b000000|  0%| F|  |TAMS 0x000000041a800000, 0x000000041a800000| Untracked 
|  50|0x000000041b000000, 0x000000041b000000, 0x000000041b800000|  0%| F|  |TAMS 0x000000041b000000, 0x000000041b000000| Untracked 
|  51|0x000000041b800000, 0x000000041b800000, 0x000000041c000000|  0%| F|  |TAMS 0x000000041b800000, 0x000000041b800000| Untracked 
|  52|0x000000041c000000, 0x000000041c000000, 0x000000041c800000|  0%| F|  |TAMS 0x000000041c000000, 0x000000041c000000| Untracked 
|  53|0x000000041c800000, 0x000000041c800000, 0x000000041d000000|  0%| F|  |TAMS 0x000000041c800000, 0x000000041c800000| Untracked 
|  54|0x000000041d000000, 0x000000041d000000, 0x000000041d800000|  0%| F|  |TAMS 0x000000041d000000, 0x000000041d000000| Untracked 
|  55|0x000000041d800000, 0x000000041d800000, 0x000000041e000000|  0%| F|  |TAMS 0x000000041d800000, 0x000000041d800000| Untracked 
|  56|0x000000041e000000, 0x000000041e000000, 0x000000041e800000|  0%| F|  |TAMS 0x000000041e000000, 0x000000041e000000| Untracked 
|  57|0x000000041e800000, 0x000000041e800000, 0x000000041f000000|  0%| F|  |TAMS 0x000000041e800000, 0x000000041e800000| Untracked 
|  58|0x000000041f000000, 0x000000041f000000, 0x000000041f800000|  0%| F|  |TAMS 0x000000041f000000, 0x000000041f000000| Untracked 
|  59|0x000000041f800000, 0x000000041f800000, 0x0000000420000000|  0%| F|  |TAMS 0x000000041f800000, 0x000000041f800000| Untracked 
|  60|0x0000000420000000, 0x0000000420000000, 0x0000000420800000|  0%| F|  |TAMS 0x0000000420000000, 0x0000000420000000| Untracked 
|  61|0x0000000420800000, 0x0000000420800000, 0x0000000421000000|  0%| F|  |TAMS 0x0000000420800000, 0x0000000420800000| Untracked 
|  62|0x0000000421000000, 0x0000000421000000, 0x0000000421800000|  0%| F|  |TAMS 0x0000000421000000, 0x0000000421000000| Untracked 
|  63|0x0000000421800000, 0x0000000421800000, 0x0000000422000000|  0%| F|  |TAMS 0x0000000421800000, 0x0000000421800000| Untracked 
|  64|0x0000000422000000, 0x0000000422000000, 0x0000000422800000|  0%| F|  |TAMS 0x0000000422000000, 0x0000000422000000| Untracked 
|  65|0x0000000422800000, 0x0000000422800000, 0x0000000423000000|  0%| F|  |TAMS 0x0000000422800000, 0x0000000422800000| Untracked 
|  66|0x0000000423000000, 0x0000000423000000, 0x0000000423800000|  0%| F|  |TAMS 0x0000000423000000, 0x0000000423000000| Untracked 
|  67|0x0000000423800000, 0x0000000423800000, 0x0000000424000000|  0%| F|  |TAMS 0x0000000423800000, 0x0000000423800000| Untracked 
|  68|0x0000000424000000, 0x0000000424000000, 0x0000000424800000|  0%| F|  |TAMS 0x0000000424000000, 0x0000000424000000| Untracked 
|  69|0x0000000424800000, 0x0000000424800000, 0x0000000425000000|  0%| F|  |TAMS 0x0000000424800000, 0x0000000424800000| Untracked 
|  70|0x0000000425000000, 0x0000000425000000, 0x0000000425800000|  0%| F|  |TAMS 0x0000000425000000, 0x0000000425000000| Untracked 
|  71|0x0000000425800000, 0x0000000425800000, 0x0000000426000000|  0%| F|  |TAMS 0x0000000425800000, 0x0000000425800000| Untracked 
|  72|0x0000000426000000, 0x0000000426000000, 0x0000000426800000|  0%| F|  |TAMS 0x0000000426000000, 0x0000000426000000| Untracked 
|  73|0x0000000426800000, 0x0000000426800000, 0x0000000427000000|  0%| F|  |TAMS 0x0000000426800000, 0x0000000426800000| Untracked 
|  74|0x0000000427000000, 0x0000000427000000, 0x0000000427800000|  0%| F|  |TAMS 0x0000000427000000, 0x0000000427000000| Untracked 
|  75|0x0000000427800000, 0x0000000427800000, 0x0000000428000000|  0%| F|  |TAMS 0x0000000427800000, 0x0000000427800000| Untracked 
|  76|0x0000000428000000, 0x0000000428000000, 0x0000000428800000|  0%| F|  |TAMS 0x0000000428000000, 0x0000000428000000| Untracked 
|  77|0x0000000428800000, 0x0000000428800000, 0x0000000429000000|  0%| F|  |TAMS 0x0000000428800000, 0x0000000428800000| Untracked 
|  78|0x0000000429000000, 0x0000000429000000, 0x0000000429800000|  0%| F|  |TAMS 0x0000000429000000, 0x0000000429000000| Untracked 
|  79|0x0000000429800000, 0x0000000429800000, 0x000000042a000000|  0%| F|  |TAMS 0x0000000429800000, 0x0000000429800000| Untracked 
|  80|0x000000042a000000, 0x000000042a000000, 0x000000042a800000|  0%| F|  |TAMS 0x000000042a000000, 0x000000042a000000| Untracked 
|  81|0x000000042a800000, 0x000000042a800000, 0x000000042b000000|  0%| F|  |TAMS 0x000000042a800000, 0x000000042a800000| Untracked 
|  82|0x000000042b000000, 0x000000042b000000, 0x000000042b800000|  0%| F|  |TAMS 0x000000042b000000, 0x000000042b000000| Untracked 
|  83|0x000000042b800000, 0x000000042b800000, 0x000000042c000000|  0%| F|  |TAMS 0x000000042b800000, 0x000000042b800000| Untracked 
|  84|0x000000042c000000, 0x000000042c000000, 0x000000042c800000|  0%| F|  |TAMS 0x000000042c000000, 0x000000042c000000| Untracked 
|  85|0x000000042c800000, 0x000000042c800000, 0x000000042d000000|  0%| F|  |TAMS 0x000000042c800000, 0x000000042c800000| Untracked 
|  86|0x000000042d000000, 0x000000042d000000, 0x000000042d800000|  0%| F|  |TAMS 0x000000042d000000, 0x000000042d000000| Untracked 
|  87|0x000000042d800000, 0x000000042d800000, 0x000000042e000000|  0%| F|  |TAMS 0x000000042d800000, 0x000000042d800000| Untracked 
|  88|0x000000042e000000, 0x000000042e000000, 0x000000042e800000|  0%| F|  |TAMS 0x000000042e000000, 0x000000042e000000| Untracked 
|  89|0x000000042e800000, 0x000000042e800000, 0x000000042f000000|  0%| F|  |TAMS 0x000000042e800000, 0x000000042e800000| Untracked 
|  90|0x000000042f000000, 0x000000042f000000, 0x000000042f800000|  0%| F|  |TAMS 0x000000042f000000, 0x000000042f000000| Untracked 
|  91|0x000000042f800000, 0x000000042f800000, 0x0000000430000000|  0%| F|  |TAMS 0x000000042f800000, 0x000000042f800000| Untracked 
|  92|0x0000000430000000, 0x0000000430000000, 0x0000000430800000|  0%| F|  |TAMS 0x0000000430000000, 0x0000000430000000| Untracked 
|  93|0x0000000430800000, 0x0000000430800000, 0x0000000431000000|  0%| F|  |TAMS 0x0000000430800000, 0x0000000430800000| Untracked 
|  94|0x0000000431000000, 0x0000000431000000, 0x0000000431800000|  0%| F|  |TAMS 0x0000000431000000, 0x0000000431000000| Untracked 
|  95|0x0000000431800000, 0x0000000431800000, 0x0000000432000000|  0%| F|  |TAMS 0x0000000431800000, 0x0000000431800000| Untracked 
|  96|0x0000000432000000, 0x0000000432000000, 0x0000000432800000|  0%| F|  |TAMS 0x0000000432000000, 0x0000000432000000| Untracked 
|  97|0x0000000432800000, 0x0000000432800000, 0x0000000433000000|  0%| F|  |TAMS 0x0000000432800000, 0x0000000432800000| Untracked 
|  98|0x0000000433000000, 0x0000000433000000, 0x0000000433800000|  0%| F|  |TAMS 0x0000000433000000, 0x0000000433000000| Untracked 
|  99|0x0000000433800000, 0x0000000433800000, 0x0000000434000000|  0%| F|  |TAMS 0x0000000433800000, 0x0000000433800000| Untracked 
| 100|0x0000000434000000, 0x0000000434000000, 0x0000000434800000|  0%| F|  |TAMS 0x0000000434000000, 0x0000000434000000| Untracked 
| 101|0x0000000434800000, 0x0000000434800000, 0x0000000435000000|  0%| F|  |TAMS 0x0000000434800000, 0x0000000434800000| Untracked 
| 102|0x0000000435000000, 0x0000000435000000, 0x0000000435800000|  0%| F|  |TAMS 0x0000000435000000, 0x0000000435000000| Untracked 
| 103|0x0000000435800000, 0x0000000435800000, 0x0000000436000000|  0%| F|  |TAMS 0x0000000435800000, 0x0000000435800000| Untracked 
| 104|0x0000000436000000, 0x0000000436000000, 0x0000000436800000|  0%| F|  |TAMS 0x0000000436000000, 0x0000000436000000| Untracked 
| 105|0x0000000436800000, 0x0000000436800000, 0x0000000437000000|  0%| F|  |TAMS 0x0000000436800000, 0x0000000436800000| Untracked 
| 106|0x0000000437000000, 0x0000000437000000, 0x0000000437800000|  0%| F|  |TAMS 0x0000000437000000, 0x0000000437000000| Untracked 
| 107|0x0000000437800000, 0x0000000437800000, 0x0000000438000000|  0%| F|  |TAMS 0x0000000437800000, 0x0000000437800000| Untracked 
| 108|0x0000000438000000, 0x0000000438000000, 0x0000000438800000|  0%| F|  |TAMS 0x0000000438000000, 0x0000000438000000| Untracked 
| 109|0x0000000438800000, 0x0000000438800000, 0x0000000439000000|  0%| F|  |TAMS 0x0000000438800000, 0x0000000438800000| Untracked 
| 110|0x0000000439000000, 0x0000000439000000, 0x0000000439800000|  0%| F|  |TAMS 0x0000000439000000, 0x0000000439000000| Untracked 
| 111|0x0000000439800000, 0x0000000439800000, 0x000000043a000000|  0%| F|  |TAMS 0x0000000439800000, 0x0000000439800000| Untracked 
| 112|0x000000043a000000, 0x000000043a000000, 0x000000043a800000|  0%| F|  |TAMS 0x000000043a000000, 0x000000043a000000| Untracked 
| 113|0x000000043a800000, 0x000000043a800000, 0x000000043b000000|  0%| F|  |TAMS 0x000000043a800000, 0x000000043a800000| Untracked 
| 114|0x000000043b000000, 0x000000043b000000, 0x000000043b800000|  0%| F|  |TAMS 0x000000043b000000, 0x000000043b000000| Untracked 
| 115|0x000000043b800000, 0x000000043b800000, 0x000000043c000000|  0%| F|  |TAMS 0x000000043b800000, 0x000000043b800000| Untracked 
| 116|0x000000043c000000, 0x000000043c000000, 0x000000043c800000|  0%| F|  |TAMS 0x000000043c000000, 0x000000043c000000| Untracked 
| 117|0x000000043c800000, 0x000000043c800000, 0x000000043d000000|  0%| F|  |TAMS 0x000000043c800000, 0x000000043c800000| Untracked 
| 118|0x000000043d000000, 0x000000043d000000, 0x000000043d800000|  0%| F|  |TAMS 0x000000043d000000, 0x000000043d000000| Untracked 
| 119|0x000000043d800000, 0x000000043d800000, 0x000000043e000000|  0%| F|  |TAMS 0x000000043d800000, 0x000000043d800000| Untracked 
| 120|0x000000043e000000, 0x000000043e000000, 0x000000043e800000|  0%| F|  |TAMS 0x000000043e000000, 0x000000043e000000| Untracked 
| 121|0x000000043e800000, 0x000000043e800000, 0x000000043f000000|  0%| F|  |TAMS 0x000000043e800000, 0x000000043e800000| Untracked 
| 122|0x000000043f000000, 0x000000043f000000, 0x000000043f800000|  0%| F|  |TAMS 0x000000043f000000, 0x000000043f000000| Untracked 
| 123|0x000000043f800000, 0x000000043f800000, 0x0000000440000000|  0%| F|  |TAMS 0x000000043f800000, 0x000000043f800000| Untracked 
| 124|0x0000000440000000, 0x0000000440000000, 0x0000000440800000|  0%| F|  |TAMS 0x0000000440000000, 0x0000000440000000| Untracked 
| 125|0x0000000440800000, 0x0000000440800000, 0x0000000441000000|  0%| F|  |TAMS 0x0000000440800000, 0x0000000440800000| Untracked 
| 126|0x0000000441000000, 0x0000000441000000, 0x0000000441800000|  0%| F|  |TAMS 0x0000000441000000, 0x0000000441000000| Untracked 
| 127|0x0000000441800000, 0x0000000441dc5248, 0x0000000442000000| 72%| E|  |TAMS 0x0000000441800000, 0x0000000441800000| Complete 

Card table byte_map: [0x000001e4346f0000,0x000001e4366e0000] _byte_map_base: 0x000001e4326e0000

Marking Bits (Prev, Next): (CMBitMap*) 0x000001e41aac1f10, (CMBitMap*) 0x000001e41aac1f50
 Prev Bits: [0x000001e4386d0000, 0x000001e448650000)
 Next Bits: [0x000001e448650000, 0x000001e4585d0000)

Polling page: 0x000001e417850000

Metaspace:

Usage:
  Non-class:      2.08 MB used.
      Class:    171.27 KB used.
       Both:      2.25 MB used.

Virtual space:
  Non-class space:       64.00 MB reserved,       2.19 MB (  3%) committed,  1 nodes.
      Class space:        1.00 GB reserved,     256.00 KB ( <1%) committed,  1 nodes.
             Both:        1.06 GB reserved,       2.44 MB ( <1%) committed. 

Chunk freelists:
   Non-Class:  3.17 MB
       Class:  3.67 MB
        Both:  6.84 MB

MaxMetaspaceSize: unlimited
CompressedClassSpaceSize: 1.00 GB
Initial GC threshold: 21.00 MB
Current GC threshold: 21.00 MB
CDS: on
MetaspaceReclaimPolicy: balanced
 - commit_granule_bytes: 65536.
 - commit_granule_words: 8192.
 - virtual_space_node_default_size: 8388608.
 - enlarge_chunks_in_place: 1.
 - new_chunks_are_fully_committed: 0.
 - uncommit_free_chunks: 1.
 - use_allocation_guard: 0.


Internal statistics:

num_allocs_failed_limit: 0.
num_arena_births: 62.
num_arena_deaths: 0.
num_vsnodes_births: 2.
num_vsnodes_deaths: 0.
num_space_committed: 39.
num_space_uncommitted: 0.
num_chunks_returned_to_freelist: 0.
num_chunks_taken_from_freelist: 110.
num_chunk_merges: 0.
num_chunk_splits: 71.
num_chunks_enlarged: 46.
num_inconsistent_stats: 0.

CodeHeap 'non-profiled nmethods': size=120000Kb used=126Kb max_used=126Kb free=119873Kb
 bounds [0x000001e42a940000, 0x000001e42abb0000, 0x000001e431e70000]
CodeHeap 'profiled nmethods': size=120000Kb used=600Kb max_used=600Kb free=119399Kb
 bounds [0x000001e423410000, 0x000001e423680000, 0x000001e42a940000]
CodeHeap 'non-nmethods': size=5760Kb used=1589Kb max_used=1589Kb free=4170Kb
 bounds [0x000001e422e70000, 0x000001e4230e0000, 0x000001e423410000]
 total_blobs=1396 nmethods=407 adapters=902
 compilation: enabled
              stopped_count=0, restarted_count=0
 full_count=0

Compilation events (20 events):
Event: 0.219 Thread 0x000001e41ad16de0  398       1       java.lang.Class::getModule (5 bytes)
Event: 0.219 Thread 0x000001e41ad16de0 nmethod 398 0x000001e42a95f090 code [0x000001e42a95f220, 0x000001e42a95f2f8]
Event: 0.219 Thread 0x000001e41ad16de0  399       3       java.lang.StringConcatHelper::newArray (26 bytes)
Event: 0.220 Thread 0x000001e41ad16de0 nmethod 399 0x000001e4234a2490 code [0x000001e4234a2640, 0x000001e4234a2888]
Event: 0.220 Thread 0x000001e41ad16de0  400       3       jdk.internal.misc.Unsafe::allocateUninitializedArray0 (90 bytes)
Event: 0.220 Thread 0x000001e41ad16de0 nmethod 400 0x000001e4234a2990 code [0x000001e4234a2ba0, 0x000001e4234a3518]
Event: 0.220 Thread 0x000001e41ad16de0  401       1       java.security.CodeSource::getLocationNoFragString (5 bytes)
Event: 0.220 Thread 0x000001e41ad16de0 nmethod 401 0x000001e42a95f390 code [0x000001e42a95f520, 0x000001e42a95f5f8]
Event: 0.222 Thread 0x000001e41ad16de0  402       3       java.lang.String::checkBoundsOffCount (11 bytes)
Event: 0.222 Thread 0x000001e41ad16de0 nmethod 402 0x000001e4234a3690 code [0x000001e4234a3840, 0x000001e4234a3a68]
Event: 0.228 Thread 0x000001e41ad16de0  403       3       java.io.WinNTFileSystem::normalize (143 bytes)
Event: 0.228 Thread 0x000001e41ad16de0 nmethod 403 0x000001e4234a3b90 code [0x000001e4234a3e00, 0x000001e4234a48f8]
Event: 0.228 Thread 0x000001e41ad16de0  404       3       java.lang.StringLatin1::inflate (34 bytes)
Event: 0.228 Thread 0x000001e41ad16de0 nmethod 404 0x000001e4234a4d10 code [0x000001e4234a4ec0, 0x000001e4234a50d8]
Event: 0.251 Thread 0x000001e41ad16de0  405       1       java.net.URL::getFile (5 bytes)
Event: 0.252 Thread 0x000001e41ad16de0 nmethod 405 0x000001e42a95f690 code [0x000001e42a95f820, 0x000001e42a95f8f8]
Event: 0.252 Thread 0x000001e41ad16de0  406       3       java.lang.String::startsWith (138 bytes)
Event: 0.252 Thread 0x000001e41ad16de0 nmethod 406 0x000001e4234a5290 code [0x000001e4234a54a0, 0x000001e4234a5d38]
Event: 0.252 Thread 0x000001e41ad16de0  407       3       java.lang.String::startsWith (7 bytes)
Event: 0.252 Thread 0x000001e41ad16de0 nmethod 407 0x000001e4234a6010 code [0x000001e4234a61a0, 0x000001e4234a62e8]

GC Heap History (0 events):
No events

Deoptimization events (20 events):
Event: 0.155 Thread 0x000001e4175b0470 DEOPT PACKING pc=0x000001e423474a72 sp=0x00000080b51fde50
Event: 0.155 Thread 0x000001e4175b0470 DEOPT UNPACKING pc=0x000001e422ec6763 sp=0x00000080b51fd2c8 mode 0
Event: 0.155 Thread 0x000001e4175b0470 DEOPT PACKING pc=0x000001e423474a72 sp=0x00000080b51fde50
Event: 0.155 Thread 0x000001e4175b0470 DEOPT UNPACKING pc=0x000001e422ec6763 sp=0x00000080b51fd2c8 mode 0
Event: 0.156 Thread 0x000001e4175b0470 DEOPT PACKING pc=0x000001e423474a72 sp=0x00000080b51fde50
Event: 0.156 Thread 0x000001e4175b0470 DEOPT UNPACKING pc=0x000001e422ec6763 sp=0x00000080b51fd2c8 mode 0
Event: 0.156 Thread 0x000001e4175b0470 DEOPT PACKING pc=0x000001e423474a72 sp=0x00000080b51fde50
Event: 0.156 Thread 0x000001e4175b0470 DEOPT UNPACKING pc=0x000001e422ec6763 sp=0x00000080b51fd2c8 mode 0
Event: 0.156 Thread 0x000001e4175b0470 DEOPT PACKING pc=0x000001e423474a72 sp=0x00000080b51fde50
Event: 0.156 Thread 0x000001e4175b0470 DEOPT UNPACKING pc=0x000001e422ec6763 sp=0x00000080b51fd2c8 mode 0
Event: 0.156 Thread 0x000001e4175b0470 DEOPT PACKING pc=0x000001e423474a72 sp=0x00000080b51fde50
Event: 0.156 Thread 0x000001e4175b0470 DEOPT UNPACKING pc=0x000001e422ec6763 sp=0x00000080b51fd2c8 mode 0
Event: 0.156 Thread 0x000001e4175b0470 DEOPT PACKING pc=0x000001e423474a72 sp=0x00000080b51fde50
Event: 0.156 Thread 0x000001e4175b0470 DEOPT UNPACKING pc=0x000001e422ec6763 sp=0x00000080b51fd2c8 mode 0
Event: 0.156 Thread 0x000001e4175b0470 DEOPT PACKING pc=0x000001e423474a72 sp=0x00000080b51fde50
Event: 0.156 Thread 0x000001e4175b0470 DEOPT UNPACKING pc=0x000001e422ec6763 sp=0x00000080b51fd2c8 mode 0
Event: 0.156 Thread 0x000001e4175b0470 DEOPT PACKING pc=0x000001e423474a72 sp=0x00000080b51fde50
Event: 0.156 Thread 0x000001e4175b0470 DEOPT UNPACKING pc=0x000001e422ec6763 sp=0x00000080b51fd2c8 mode 0
Event: 0.156 Thread 0x000001e4175b0470 DEOPT PACKING pc=0x000001e423474a72 sp=0x00000080b51fde50
Event: 0.156 Thread 0x000001e4175b0470 DEOPT UNPACKING pc=0x000001e422ec6763 sp=0x00000080b51fd2c8 mode 0

Classes loaded (20 events):
Event: 0.140 Loading class java/nio/DirectFloatBufferU
Event: 0.140 Loading class java/nio/DirectFloatBufferU done
Event: 0.140 Loading class java/nio/DirectDoubleBufferU
Event: 0.140 Loading class java/nio/DirectDoubleBufferU done
Event: 0.140 Loading class sun/misc/Unsafe
Event: 0.140 Loading class sun/misc/Unsafe done
Event: 0.140 Loading class java/lang/invoke/DirectMethodHandle$StaticAccessor
Event: 0.141 Loading class java/lang/invoke/DirectMethodHandle$StaticAccessor done
Event: 0.142 Loading class java/util/function/LongPredicate
Event: 0.142 Loading class java/util/function/LongPredicate done
Event: 0.144 Loading class jdk/internal/access/foreign/MemorySegmentProxy
Event: 0.144 Loading class jdk/internal/access/foreign/MemorySegmentProxy done
Event: 0.148 Loading class java/nio/InvalidMarkException
Event: 0.148 Loading class java/nio/InvalidMarkException done
Event: 0.148 Loading class java/nio/BufferUnderflowException
Event: 0.148 Loading class java/nio/BufferUnderflowException done
Event: 0.150 Loading class java/lang/IndexOutOfBoundsException
Event: 0.150 Loading class java/lang/IndexOutOfBoundsException done
Event: 0.157 Loading class jdk/internal/misc/ScopedMemoryAccess$Scope
Event: 0.157 Loading class jdk/internal/misc/ScopedMemoryAccess$Scope done

Classes unloaded (0 events):
No events

Classes redefined (0 events):
No events

Internal exceptions (18 events):
Event: 0.067 Thread 0x000001e4175b0470 Exception <a 'java/lang/NoSuchMethodError'{0x0000000441b832b0}: 'void java.lang.invoke.DirectMethodHandle$Holder.invokeStatic(java.lang.Object, java.lang.Object)'> (0x0000000441b832b0) 
thrown [s\open\src\hotspot\share\interpreter\linkResolver.cpp, line 759]
Event: 0.067 Thread 0x000001e4175b0470 Exception <a 'java/lang/NoSuchMethodError'{0x0000000441b88b40}: 'void java.lang.System.load(java.lang.String, java.lang.Class)'> (0x0000000441b88b40) 
thrown [s\open\src\hotspot\share\interpreter\linkResolver.cpp, line 759]
Event: 0.068 Thread 0x000001e4175b0470 Exception <a 'java/lang/NoSuchMethodError'{0x0000000441b89798}: 'void java.lang.invoke.DirectMethodHandle$Holder.invokeSpecial(java.lang.Object, java.lang.Object, java.lang.Object)'> (0x0000000441b89798) 
thrown [s\open\src\hotspot\share\interpreter\linkResolver.cpp, line 759]
Event: 0.070 Thread 0x000001e4175b0470 Exception <a 'java/lang/NoSuchMethodError'{0x0000000441b9cb38}: 'java.lang.Object java.lang.invoke.DirectMethodHandle$Holder.invokeStatic(java.lang.Object, java.lang.Object, int)'> (0x0000000441b9cb38) 
thrown [s\open\src\hotspot\share\interpreter\linkResolver.cpp, line 759]
Event: 0.071 Thread 0x000001e4175b0470 Exception <a 'java/lang/NoSuchMethodError'{0x0000000441ba88d0}: 'void java.lang.invoke.DelegatingMethodHandle$Holder.delegate(java.lang.Object, java.lang.Object, int, java.lang.Object)'> (0x0000000441ba88d0) 
thrown [s\open\src\hotspot\share\interpreter\linkResolver.cpp, line 759]
Event: 0.072 Thread 0x000001e4175b0470 Exception <a 'java/lang/NoSuchMethodError'{0x0000000441bacb18}: 'int java.lang.invoke.DirectMethodHandle$Holder.invokeSpecial(java.lang.Object, java.lang.Object, java.lang.Object)'> (0x0000000441bacb18) 
thrown [s\open\src\hotspot\share\interpreter\linkResolver.cpp, line 759]
Event: 0.075 Thread 0x000001e4175b0470 Exception <a 'java/lang/NoSuchMethodError'{0x0000000441bc8e28}: 'void java.lang.System.loadLibrary(java.lang.String, java.lang.Class)'> (0x0000000441bc8e28) 
thrown [s\open\src\hotspot\share\interpreter\linkResolver.cpp, line 759]
Event: 0.100 Thread 0x000001e4175b0470 Exception <a 'sun/nio/fs/WindowsException'{0x0000000441bf65c8}> (0x0000000441bf65c8) 
thrown [s\open\src\hotspot\share\prims\jni.cpp, line 516]
Event: 0.101 Thread 0x000001e4175b0470 Exception <a 'sun/nio/fs/WindowsException'{0x0000000441bf6b28}> (0x0000000441bf6b28) 
thrown [s\open\src\hotspot\share\prims\jni.cpp, line 516]
Event: 0.134 Thread 0x000001e4175b0470 Exception <a 'sun/nio/fs/WindowsException'{0x0000000441c6abd0}> (0x0000000441c6abd0) 
thrown [s\open\src\hotspot\share\prims\jni.cpp, line 516]
Event: 0.134 Thread 0x000001e4175b0470 Exception <a 'sun/nio/fs/WindowsException'{0x0000000441c6af48}> (0x0000000441c6af48) 
thrown [s\open\src\hotspot\share\prims\jni.cpp, line 516]
Event: 0.138 Thread 0x000001e4175b0470 Exception <a 'java/lang/NoSuchMethodError'{0x0000000441c9a3c0}: 'java.lang.Object java.lang.invoke.DirectMethodHandle$Holder.invokeStaticInit(java.lang.Object)'> (0x0000000441c9a3c0) 
thrown [s\open\src\hotspot\share\interpreter\linkResolver.cpp, line 759]
Event: 0.143 Thread 0x000001e4175b0470 Exception <a 'java/lang/NoSuchMethodError'{0x0000000441cba6f0}: 'int java.lang.invoke.DirectMethodHandle$Holder.invokeStaticInit(java.lang.Object, java.lang.Object, int, long)'> (0x0000000441cba6f0) 
thrown [s\open\src\hotspot\share\interpreter\linkResolver.cpp, line 759]
Event: 0.143 Thread 0x000001e4175b0470 Exception <a 'java/lang/NoSuchMethodError'{0x0000000441cbffb8}: 'java.lang.Object java.lang.invoke.DirectMethodHandle$Holder.newInvokeSpecial(java.lang.Object, java.lang.Object, int)'> (0x0000000441cbffb8) 
thrown [s\open\src\hotspot\share\interpreter\linkResolver.cpp, line 759]
Event: 0.145 Thread 0x000001e4175b0470 Exception <a 'java/lang/NoSuchMethodError'{0x0000000441cce3f0}: 'int java.lang.invoke.DirectMethodHandle$Holder.invokeStaticInit(java.lang.Object, java.lang.Object, long, long)'> (0x0000000441cce3f0) 
thrown [s\open\src\hotspot\share\interpreter\linkResolver.cpp, line 759]
Event: 0.146 Thread 0x000001e4175b0470 Exception <a 'java/lang/NoSuchMethodError'{0x0000000441cd4750}: 'java.lang.Object java.lang.invoke.DirectMethodHandle$Holder.newInvokeSpecial(java.lang.Object, java.lang.Object, long)'> (0x0000000441cd4750) 
thrown [s\open\src\hotspot\share\interpreter\linkResolver.cpp, line 759]
Event: 0.146 Thread 0x000001e4175b0470 Exception <a 'java/lang/NoSuchMethodError'{0x0000000441cd87a8}: 'java.lang.Object java.lang.invoke.Invokers$Holder.linkToTargetMethod(java.lang.Object, long, java.lang.Object)'> (0x0000000441cd87a8) 
thrown [s\open\src\hotspot\share\interpreter\linkResolver.cpp, line 759]
Event: 0.147 Thread 0x000001e4175b0470 Exception <a 'java/lang/NoSuchMethodError'{0x0000000441cdfd50}: 'int java.lang.invoke.DirectMethodHandle$Holder.invokeStaticInit(java.lang.Object, java.lang.Object, java.lang.Object, long)'> (0x0000000441cdfd50) 
thrown [s\open\src\hotspot\share\interpreter\linkResolver.cpp, line 759]

VM Operations (2 events):
Event: 0.045 Executing VM operation: HandshakeAllThreads
Event: 0.045 Executing VM operation: HandshakeAllThreads done

Events (20 events):
Event: 0.014 Thread 0x000001e4175b0470 Thread added: 0x000001e4175b0470
Event: 0.016 Thread 0x000001e41acec150 Thread added: 0x000001e41acec150
Event: 0.016 Thread 0x000001e41aceeb20 Thread added: 0x000001e41aceeb20
Event: 0.021 Thread 0x000001e41acfa9a0 Thread added: 0x000001e41acfa9a0
Event: 0.021 Thread 0x000001e41acfaf50 Thread added: 0x000001e41acfaf50
Event: 0.021 Thread 0x000001e41acfb500 Thread added: 0x000001e41acfb500
Event: 0.021 Thread 0x000001e41acfbab0 Thread added: 0x000001e41acfbab0
Event: 0.021 Thread 0x000001e41ad008e0 Thread added: 0x000001e41ad008e0
Event: 0.021 Thread 0x000001e41ad16de0 Thread added: 0x000001e41ad16de0
Event: 0.021 Thread 0x000001e41ad182f0 Thread added: 0x000001e41ad182f0
Event: 0.032 Thread 0x000001e41ae7c4d0 Thread added: 0x000001e41ae7c4d0
Event: 0.033 Thread 0x000001e41ae803f0 Thread added: 0x000001e41ae803f0
Event: 0.037 Loaded shared library C:\Program Files\Java\jdk-18.0.2.1\bin\net.dll
Event: 0.039 Loaded shared library C:\Program Files\Java\jdk-18.0.2.1\bin\nio.dll
Event: 0.044 Loaded shared library C:\Program Files\Java\jdk-18.0.2.1\bin\zip.dll
Event: 0.077 Loaded shared library C:\Program Files\Java\jdk-18.0.2.1\bin\jimage.dll
Event: 0.103 Loaded shared library C:\Users\nik\AppData\Local\Temp\lwjgl_nik\3.3.3-snapshot\x64\lwjgl.dll
Event: 0.129 Thread 0x000001e41b045b20 Thread added: 0x000001e41b045b20
Event: 0.227 Loaded shared library C:\Users\nik\source\repos\kgfx\kgfx\java\kgfx.dll
Event: 0.232 Loaded shared library C:\Users\nik\source\repos\kgfx\kgfx\java\kgfx_java.dll


Dynamic libraries:
0x00007ff7c35f0000 - 0x00007ff7c3600000 	C:\Program Files\Java\jdk-18.0.2.1\bin\java.exe
0x00007ffd57730000 - 0x00007ffd57928000 	C:\Windows\SYSTEM32\ntdll.dll
0x00007ffd575f0000 - 0x00007ffd576ad000 	C:\Windows\System32\KERNEL32.DLL
0x00007ffd550d0000 - 0x00007ffd553c6000 	C:\Windows\System32\KERNELBASE.dll
0x00007ffd52610000 - 0x00007ffd526a0000 	C:\Windows\SYSTEM32\apphelp.dll
0x00007ffd553d0000 - 0x00007ffd554d0000 	C:\Windows\System32\ucrtbase.dll
0x00007ffd48c10000 - 0x00007ffd48c28000 	C:\Program Files\Java\jdk-18.0.2.1\bin\jli.dll
0x00007ffd48c90000 - 0x00007ffd48caa000 	C:\Program Files\Java\jdk-18.0.2.1\bin\VCRUNTIME140.dll
0x00007ffd56c00000 - 0x00007ffd56cb3000 	C:\Windows\System32\ADVAPI32.dll
0x00007ffd567a0000 - 0x00007ffd5683e000 	C:\Windows\System32\msvcrt.dll
0x00007ffd55c80000 - 0x00007ffd55d1f000 	C:\Windows\System32\sechost.dll
0x00007ffd55980000 - 0x00007ffd55aa6000 	C:\Windows\System32\RPCRT4.dll
0x00007ffd555f0000 - 0x00007ffd55617000 	C:\Windows\System32\bcrypt.dll
0x00007ffd55d30000 - 0x00007ffd55ece000 	C:\Windows\System32\USER32.dll
0x00007ffd55690000 - 0x00007ffd556b2000 	C:\Windows\System32\win32u.dll
0x00007ffd45700000 - 0x00007ffd4599a000 	C:\Windows\WinSxS\amd64_microsoft.windows.common-controls_6595b64144ccf1df_6.0.19041.3636_none_60b6a03d71f818d5\COMCTL32.dll
0x00007ffd55850000 - 0x00007ffd5587b000 	C:\Windows\System32\GDI32.dll
0x00007ffd554d0000 - 0x00007ffd555e7000 	C:\Windows\System32\gdi32full.dll
0x00007ffd54e40000 - 0x00007ffd54edd000 	C:\Windows\System32\msvcp_win.dll
0x00007ffd4e080000 - 0x00007ffd4e08a000 	C:\Windows\SYSTEM32\VERSION.dll
0x00007ffd576b0000 - 0x00007ffd576e2000 	C:\Windows\System32\IMM32.DLL
0x00007ffbf3e40000 - 0x00007ffbf844c000 	C:\Program Files\RenderDoc\renderdoc.dll
0x00007ffd571e0000 - 0x00007ffd5724b000 	C:\Windows\System32\WS2_32.dll
0x00007ffd56ba0000 - 0x00007ffd56bf5000 	C:\Windows\System32\SHLWAPI.dll
0x00007ffd56d70000 - 0x00007ffd571de000 	C:\Windows\System32\SETUPAPI.dll
0x00007ffd54df0000 - 0x00007ffd54e3e000 	C:\Windows\System32\cfgmgr32.dll
0x00007ffd55ab0000 - 0x00007ffd55b8a000 	C:\Windows\System32\COMDLG32.dll
0x00007ffd56840000 - 0x00007ffd56b94000 	C:\Windows\System32\combase.dll
0x00007ffd57250000 - 0x00007ffd572fd000 	C:\Windows\System32\shcore.dll
0x00007ffd56050000 - 0x00007ffd56795000 	C:\Windows\System32\SHELL32.dll
0x00007ffd57300000 - 0x00007ffd5742b000 	C:\Windows\System32\ole32.dll
0x00007ffd55780000 - 0x00007ffd5584d000 	C:\Windows\System32\OLEAUT32.dll
0x00007ffd27e70000 - 0x00007ffd27efd000 	C:\Program Files\Java\jdk-18.0.2.1\bin\MSVCP140.dll
0x00007ffd4b7d0000 - 0x00007ffd4b7dc000 	C:\Program Files\Java\jdk-18.0.2.1\bin\VCRUNTIME140_1.dll
0x00007ffc6f1d0000 - 0x00007ffc6f340000 	C:\Program Files\RenderDoc\dbghelp.dll
0x00007ffd54520000 - 0x00007ffd5458a000 	C:\Windows\system32\mswsock.dll
0x00007ffd52e80000 - 0x00007ffd5361c000 	C:\Windows\SYSTEM32\windows.storage.dll
0x00007ffd54740000 - 0x00007ffd5476e000 	C:\Windows\SYSTEM32\Wldp.dll
0x00007ffd51500000 - 0x00007ffd5195d000 	C:\Windows\SYSTEM32\d3dcompiler_47.dll
0x00007ffd54780000 - 0x00007ffd54798000 	C:\Windows\SYSTEM32\CRYPTSP.dll
0x00007ffccb990000 - 0x00007ffccbab5000 	C:\Windows\SYSTEM32\opengl32.dll
0x00007ffccb950000 - 0x00007ffccb97c000 	C:\Windows\SYSTEM32\GLU32.dll
0x00007ffc78910000 - 0x00007ffc79521000 	C:\Program Files\Java\jdk-18.0.2.1\bin\server\jvm.dll
0x00007ffd57430000 - 0x00007ffd57438000 	C:\Windows\System32\PSAPI.DLL
0x00007ffd46780000 - 0x00007ffd46789000 	C:\Windows\SYSTEM32\WSOCK32.dll
0x00007ffd47880000 - 0x00007ffd478a7000 	C:\Windows\SYSTEM32\WINMM.dll
0x00007ffd52ba0000 - 0x00007ffd52bb2000 	C:\Windows\SYSTEM32\kernel.appcore.dll
0x00007ffd43cd0000 - 0x00007ffd43cda000 	C:\Program Files\Java\jdk-18.0.2.1\bin\jimage.dll
0x00007ffd17590000 - 0x00007ffd175b5000 	C:\Program Files\Java\jdk-18.0.2.1\bin\java.dll
0x00007ffce4510000 - 0x00007ffce45e6000 	C:\Program Files\Java\jdk-18.0.2.1\bin\jsvml.dll
0x00007ffd54d20000 - 0x00007ffd54d45000 	C:\Windows\SYSTEM32\profapi.dll
0x00007ffd2d530000 - 0x00007ffd2d543000 	C:\Program Files\Java\jdk-18.0.2.1\bin\net.dll
0x00007ffd4e120000 - 0x00007ffd4e22a000 	C:\Windows\SYSTEM32\WINHTTP.dll
0x00007ffd2d440000 - 0x00007ffd2d456000 	C:\Program Files\Java\jdk-18.0.2.1\bin\nio.dll
0x00007ffd28820000 - 0x00007ffd28838000 	C:\Program Files\Java\jdk-18.0.2.1\bin\zip.dll
0x00007ffcca450000 - 0x00007ffcca4cb000 	C:\Users\nik\AppData\Local\Temp\lwjgl_nik\3.3.3-snapshot\x64\lwjgl.dll
0x00007ffcc2930000 - 0x00007ffcc29b2000 	C:\Users\nik\AppData\Local\Temp\lwjgl_nik\3.3.3-snapshot\x64\glfw.dll
0x00007ffc9db40000 - 0x00007ffc9db85000 	C:\Windows\SYSTEM32\dinput8.dll
0x00007ffd485a0000 - 0x00007ffd486f2000 	C:\Windows\SYSTEM32\inputhost.dll
0x00007ffd51960000 - 0x00007ffd51ab5000 	C:\Windows\SYSTEM32\wintypes.dll
0x00007ffd52390000 - 0x00007ffd52482000 	C:\Windows\SYSTEM32\CoreMessaging.dll
0x00007ffd52030000 - 0x00007ffd5238b000 	C:\Windows\SYSTEM32\CoreUIComponents.dll
0x00007ffd50920000 - 0x00007ffd50a16000 	C:\Windows\SYSTEM32\PROPSYS.dll
0x00007ffd54ee0000 - 0x00007ffd54f62000 	C:\Windows\System32\bcryptPrimitives.dll
0x00007ffd53f40000 - 0x00007ffd53f73000 	C:\Windows\SYSTEM32\ntmarta.dll
0x00007ffd29b50000 - 0x00007ffd29b61000 	C:\Windows\SYSTEM32\xinput1_4.dll
0x00007ffd549b0000 - 0x00007ffd549e3000 	C:\Windows\SYSTEM32\DEVOBJ.dll
0x00007ffd52b70000 - 0x00007ffd52b9f000 	C:\Windows\SYSTEM32\dwmapi.dll
0x00007ffd52790000 - 0x00007ffd5282e000 	C:\Windows\system32\uxtheme.dll
0x00007ffd55ed0000 - 0x00007ffd55fe4000 	C:\Windows\System32\MSCTF.dll
0x00007ffd48700000 - 0x00007ffd487f9000 	C:\Windows\SYSTEM32\textinputframework.dll
0x00007ffcc4b50000 - 0x00007ffcc4bc4000 	C:\Users\nik\source\repos\kgfx\kgfx\java\kgfx.dll
0x00007ffceb4d0000 - 0x00007ffceb4fb000 	C:\Windows\SYSTEM32\VCRUNTIME140D.dll
0x00007ffd53660000 - 0x00007ffd53753000 	C:\Windows\SYSTEM32\dxgi.dll
0x00007ffcb18e0000 - 0x00007ffcb1905000 	C:\Windows\SYSTEM32\d3d12.dll
0x00007ffcc2020000 - 0x00007ffcc2101000 	C:\Windows\SYSTEM32\MSVCP140D.dll
0x00007ffd23d10000 - 0x00007ffd23d1f000 	C:\Windows\SYSTEM32\VCRUNTIME140_1D.dll
0x00007ffc6b220000 - 0x00007ffc6b441000 	C:\Windows\SYSTEM32\ucrtbased.dll
0x00007ffd239c0000 - 0x00007ffd239d0000 	C:\Users\nik\source\repos\kgfx\kgfx\java\kgfx_java.dll
0x00007ffce3a50000 - 0x00007ffce3aa7000 	C:\Windows\SYSTEM32\DXGIDebug.dll
0x00007ffcae450000 - 0x00007ffcae61d000 	C:\Windows\SYSTEM32\D3D12Core.dll
0x00007ffd53e00000 - 0x00007ffd53e34000 	C:\Windows\system32\rsaenh.dll
0x00007ffd546b0000 - 0x00007ffd546bc000 	C:\Windows\SYSTEM32\CRYPTBASE.dll

dbghelp: loaded successfully - version: 4.0.5 - missing functions: none
symbol engine: initialization error.

VM Arguments:
java_command: C:\Users\nik\source\repos\kgfx\kgfx\java\project.jar
java_class_path (initial): C:\Users\nik\source\repos\kgfx\kgfx\java\project.jar
Launcher Type: SUN_STANDARD

[Global flags]
     intx CICompilerCount                          = 4                                         {product} {ergonomic}
     uint ConcGCThreads                            = 3                                         {product} {ergonomic}
     uint G1ConcRefinementThreads                  = 10                                        {product} {ergonomic}
   size_t G1HeapRegionSize                         = 8388608                                   {product} {ergonomic}
    uintx GCDrainStackTargetSize                   = 64                                        {product} {ergonomic}
   size_t InitialHeapSize                          = 1073741824                                {product} {ergonomic}
   size_t MarkStackSize                            = 4194304                                   {product} {ergonomic}
   size_t MaxHeapSize                              = 17146314752                               {product} {ergonomic}
   size_t MaxNewSize                               = 10284433408                               {product} {ergonomic}
   size_t MinHeapDeltaBytes                        = 8388608                                   {product} {ergonomic}
   size_t MinHeapSize                              = 8388608                                   {product} {ergonomic}
    uintx NonNMethodCodeHeapSize                   = 5839372                                {pd product} {ergonomic}
    uintx NonProfiledCodeHeapSize                  = 122909434                              {pd product} {ergonomic}
    uintx ProfiledCodeHeapSize                     = 122909434                              {pd product} {ergonomic}
    uintx ReservedCodeCacheSize                    = 251658240                              {pd product} {ergonomic}
     bool SegmentedCodeCache                       = true                                      {product} {ergonomic}
   size_t SoftMaxHeapSize                          = 17146314752                            {manageable} {ergonomic}
     bool UseCompressedClassPointers               = true                           {product lp64_product} {ergonomic}
     bool UseCompressedOops                        = true                           {product lp64_product} {ergonomic}
     bool UseG1GC                                  = true                                      {product} {ergonomic}
     bool UseLargePagesIndividualAllocation        = false                                  {pd product} {ergonomic}

Logging:
Log output configuration:
 #0: stdout all=warning uptime,level,tags foldmultilines=false
 #1: stderr all=off uptime,level,tags foldmultilines=false

Environment Variables:
PATH=C:\Program Files\Oculus\Support\oculus-runtime;C:\Program Files (x86)\Razer Chroma SDK\bin;C:\Program Files\Razer Chroma SDK\bin;C:\Program Files (x86)\Razer\ChromaBroadcast\bin;C:\Program Files\Razer\ChromaBroadcast\bin;C:\VulkanSDK\1.3.268.0\Bin;C:\VulkanSDK\1.3.250.1\Bin;C:\Program Files\Common Files\Oracle\Java\javapath;C:\Program Files (x86)\VMware\VMware Player\bin\;C:\Windows\system32;C:\Windows;C:\Windows\System32\Wbem;C:\Windows\System32\WindowsPowerShell\v1.0\;C:\Windows\System32\OpenSSH\;C:\Program Files\NVIDIA Corporation\NVIDIA NvDLISR;C:\Program Files\CMake\bin;C:\Program Files\Docker\Docker\resources\bin;C:\Program Files (x86)\NVIDIA Corporation\PhysX\Common;C:\Program Files (x86)\Windows Kits\10\Windows Performance Toolkit\;C:\Program Files\dotnet\;C:\Users\nik\AppData\Local\Microsoft\WindowsApps;C:\Users\nik\source\repos\SDL\SDL\lib\SDL2;C:\Program Files\JetBrains\IntelliJ IDEA Community Edition 2023.1.2\bin;C:\Program Files\JetBrains\IntelliJ IDEA 2023.1.2\bin;C:\Users\nik\AppData\Local\Programs\Microsoft VS Code\bin;C:\Program Files\JetBrains\CLion 2023.1.4\bin;C:\Users\nik\AppData\Local\GitHubDesktop\bin;C:\Windows\system32\config\systemprofile\AppData\Local\Microsoft\WindowsApps;C:\Program Files\JetBrains\IntelliJ IDEA 2023.3.3\bin;C:\Users\nik\.dotnet\tools
USERNAME=nik
OS=Windows_NT
PROCESSOR_IDENTIFIER=Intel64 Family 6 Model 167 Stepping 1, GenuineIntel



---------------  S Y S T E M  ---------------

OS:
 Windows 10 , 64 bit Build 19041 (10.0.19041.3636)
OS uptime: 7 days 2:48 hours
Hyper-V role detected

CPU: total 12 (initial active 12) (6 cores per cpu, 2 threads per core) family 6 model 167 stepping 1 microcode 0x34, cx8, cmov, fxsr, ht, mmx, 3dnowpref, sse, sse2, sse3, ssse3, sse4.1, sse4.2, popcnt, lzcnt, tsc, tscinvbit, avx, avx2, aes, erms, clmul, bmi1, bmi2, adx, avx512f, avx512dq, avx512cd, avx512bw, avx512vl, sha, fma, vzeroupper, avx512_vpopcntdq, avx512_vpclmulqdq, avx512_vaes, avx512_vnni, clflush, clflushopt, avx512_vbmi2, avx512_vbmi, hv

Memory: 4k page, system-wide physical 65400M (34434M free)
TotalPageFile size 68327M (AvailPageFile size 19141M)
current process WorkingSet (physical memory assigned to process): 77M, peak: 81M
current process commit charge ("private bytes"): 1223M, peak: 1227M

vm_info: Java HotSpot(TM) 64-Bit Server VM (18.0.2.1+1-1) for windows-amd64 JRE (18.0.2.1+1-1), built on Aug 16 2022 01:46:33 by "mach5one" with MS VC++ 16.8 / 16.9 (VS2019)

END.
